[2024-11-08T13:41:02.622+0000] {processor.py:186} INFO - Started process (PID=113) to work on /home/airflow/.local/lib/python3.12/site-packages/airflow/example_dags/example_short_circuit_operator.py
[2024-11-08T13:41:02.623+0000] {processor.py:914} INFO - Processing file /home/airflow/.local/lib/python3.12/site-packages/airflow/example_dags/example_short_circuit_operator.py for tasks to queue
[2024-11-08T13:41:02.624+0000] {logging_mixin.py:190} INFO - [2024-11-08T13:41:02.624+0000] {dagbag.py:588} INFO - Filling up the DagBag from /home/airflow/.local/lib/python3.12/site-packages/airflow/example_dags/example_short_circuit_operator.py
[2024-11-08T13:41:02.631+0000] {processor.py:925} INFO - DAG(s) 'example_short_circuit_operator' retrieved from /home/airflow/.local/lib/python3.12/site-packages/airflow/example_dags/example_short_circuit_operator.py
[2024-11-08T13:41:02.709+0000] {logging_mixin.py:190} INFO - [2024-11-08T13:41:02.709+0000] {override.py:1911} INFO - Created Permission View: can read on DAG:example_short_circuit_operator
[2024-11-08T13:41:02.720+0000] {logging_mixin.py:190} INFO - [2024-11-08T13:41:02.719+0000] {override.py:1911} INFO - Created Permission View: can edit on DAG:example_short_circuit_operator
[2024-11-08T13:41:02.726+0000] {logging_mixin.py:190} INFO - [2024-11-08T13:41:02.726+0000] {override.py:1911} INFO - Created Permission View: can delete on DAG:example_short_circuit_operator
[2024-11-08T13:41:02.740+0000] {logging_mixin.py:190} INFO - [2024-11-08T13:41:02.739+0000] {override.py:1911} INFO - Created Permission View: can read on DAG Run:example_short_circuit_operator
[2024-11-08T13:41:02.747+0000] {logging_mixin.py:190} INFO - [2024-11-08T13:41:02.747+0000] {override.py:1911} INFO - Created Permission View: can create on DAG Run:example_short_circuit_operator
[2024-11-08T13:41:02.755+0000] {logging_mixin.py:190} INFO - [2024-11-08T13:41:02.754+0000] {override.py:1911} INFO - Created Permission View: can delete on DAG Run:example_short_circuit_operator
[2024-11-08T13:41:02.763+0000] {logging_mixin.py:190} INFO - [2024-11-08T13:41:02.763+0000] {override.py:1911} INFO - Created Permission View: menu access on DAG Run:example_short_circuit_operator
[2024-11-08T13:41:02.763+0000] {logging_mixin.py:190} INFO - [2024-11-08T13:41:02.763+0000] {dag.py:3239} INFO - Sync 1 DAGs
[2024-11-08T13:41:02.774+0000] {logging_mixin.py:190} INFO - [2024-11-08T13:41:02.774+0000] {dag.py:3262} INFO - Creating ORM DAG for example_short_circuit_operator
[2024-11-08T13:41:02.775+0000] {logging_mixin.py:190} INFO - [2024-11-08T13:41:02.775+0000] {dag.py:4180} INFO - Setting next_dagrun for example_short_circuit_operator to None, run_after=None
[2024-11-08T13:41:02.790+0000] {processor.py:208} INFO - Processing /home/airflow/.local/lib/python3.12/site-packages/airflow/example_dags/example_short_circuit_operator.py took 0.172 seconds
[2024-11-08T13:41:33.021+0000] {processor.py:186} INFO - Started process (PID=175) to work on /home/airflow/.local/lib/python3.12/site-packages/airflow/example_dags/example_short_circuit_operator.py
[2024-11-08T13:41:33.022+0000] {processor.py:914} INFO - Processing file /home/airflow/.local/lib/python3.12/site-packages/airflow/example_dags/example_short_circuit_operator.py for tasks to queue
[2024-11-08T13:41:33.023+0000] {logging_mixin.py:190} INFO - [2024-11-08T13:41:33.023+0000] {dagbag.py:588} INFO - Filling up the DagBag from /home/airflow/.local/lib/python3.12/site-packages/airflow/example_dags/example_short_circuit_operator.py
[2024-11-08T13:41:33.029+0000] {processor.py:925} INFO - DAG(s) 'example_short_circuit_operator' retrieved from /home/airflow/.local/lib/python3.12/site-packages/airflow/example_dags/example_short_circuit_operator.py
[2024-11-08T13:41:33.045+0000] {logging_mixin.py:190} INFO - [2024-11-08T13:41:33.045+0000] {dag.py:3239} INFO - Sync 1 DAGs
[2024-11-08T13:41:33.055+0000] {logging_mixin.py:190} INFO - [2024-11-08T13:41:33.055+0000] {dag.py:4180} INFO - Setting next_dagrun for example_short_circuit_operator to None, run_after=None
[2024-11-08T13:41:33.071+0000] {processor.py:208} INFO - Processing /home/airflow/.local/lib/python3.12/site-packages/airflow/example_dags/example_short_circuit_operator.py took 0.054 seconds
[2024-11-08T13:42:04.433+0000] {processor.py:186} INFO - Started process (PID=238) to work on /home/airflow/.local/lib/python3.12/site-packages/airflow/example_dags/example_short_circuit_operator.py
[2024-11-08T13:42:04.434+0000] {processor.py:914} INFO - Processing file /home/airflow/.local/lib/python3.12/site-packages/airflow/example_dags/example_short_circuit_operator.py for tasks to queue
[2024-11-08T13:42:04.436+0000] {logging_mixin.py:190} INFO - [2024-11-08T13:42:04.435+0000] {dagbag.py:588} INFO - Filling up the DagBag from /home/airflow/.local/lib/python3.12/site-packages/airflow/example_dags/example_short_circuit_operator.py
[2024-11-08T13:42:04.441+0000] {processor.py:925} INFO - DAG(s) 'example_short_circuit_operator' retrieved from /home/airflow/.local/lib/python3.12/site-packages/airflow/example_dags/example_short_circuit_operator.py
[2024-11-08T13:42:04.457+0000] {logging_mixin.py:190} INFO - [2024-11-08T13:42:04.457+0000] {dag.py:3239} INFO - Sync 1 DAGs
[2024-11-08T13:42:04.468+0000] {logging_mixin.py:190} INFO - [2024-11-08T13:42:04.468+0000] {dag.py:4180} INFO - Setting next_dagrun for example_short_circuit_operator to None, run_after=None
[2024-11-08T13:42:04.485+0000] {processor.py:208} INFO - Processing /home/airflow/.local/lib/python3.12/site-packages/airflow/example_dags/example_short_circuit_operator.py took 0.055 seconds
[2024-11-08T13:42:35.733+0000] {processor.py:186} INFO - Started process (PID=301) to work on /home/airflow/.local/lib/python3.12/site-packages/airflow/example_dags/example_short_circuit_operator.py
[2024-11-08T13:42:35.734+0000] {processor.py:914} INFO - Processing file /home/airflow/.local/lib/python3.12/site-packages/airflow/example_dags/example_short_circuit_operator.py for tasks to queue
[2024-11-08T13:42:35.736+0000] {logging_mixin.py:190} INFO - [2024-11-08T13:42:35.735+0000] {dagbag.py:588} INFO - Filling up the DagBag from /home/airflow/.local/lib/python3.12/site-packages/airflow/example_dags/example_short_circuit_operator.py
[2024-11-08T13:42:35.741+0000] {processor.py:925} INFO - DAG(s) 'example_short_circuit_operator' retrieved from /home/airflow/.local/lib/python3.12/site-packages/airflow/example_dags/example_short_circuit_operator.py
[2024-11-08T13:42:35.757+0000] {logging_mixin.py:190} INFO - [2024-11-08T13:42:35.757+0000] {dag.py:3239} INFO - Sync 1 DAGs
[2024-11-08T13:42:35.767+0000] {logging_mixin.py:190} INFO - [2024-11-08T13:42:35.767+0000] {dag.py:4180} INFO - Setting next_dagrun for example_short_circuit_operator to None, run_after=None
[2024-11-08T13:42:35.784+0000] {processor.py:208} INFO - Processing /home/airflow/.local/lib/python3.12/site-packages/airflow/example_dags/example_short_circuit_operator.py took 0.054 seconds
[2024-11-08T13:43:06.880+0000] {processor.py:186} INFO - Started process (PID=364) to work on /home/airflow/.local/lib/python3.12/site-packages/airflow/example_dags/example_short_circuit_operator.py
[2024-11-08T13:43:06.880+0000] {processor.py:914} INFO - Processing file /home/airflow/.local/lib/python3.12/site-packages/airflow/example_dags/example_short_circuit_operator.py for tasks to queue
[2024-11-08T13:43:06.882+0000] {logging_mixin.py:190} INFO - [2024-11-08T13:43:06.882+0000] {dagbag.py:588} INFO - Filling up the DagBag from /home/airflow/.local/lib/python3.12/site-packages/airflow/example_dags/example_short_circuit_operator.py
[2024-11-08T13:43:06.888+0000] {processor.py:925} INFO - DAG(s) 'example_short_circuit_operator' retrieved from /home/airflow/.local/lib/python3.12/site-packages/airflow/example_dags/example_short_circuit_operator.py
[2024-11-08T13:43:06.905+0000] {logging_mixin.py:190} INFO - [2024-11-08T13:43:06.904+0000] {dag.py:3239} INFO - Sync 1 DAGs
[2024-11-08T13:43:06.915+0000] {logging_mixin.py:190} INFO - [2024-11-08T13:43:06.915+0000] {dag.py:4180} INFO - Setting next_dagrun for example_short_circuit_operator to None, run_after=None
[2024-11-08T13:43:06.929+0000] {processor.py:208} INFO - Processing /home/airflow/.local/lib/python3.12/site-packages/airflow/example_dags/example_short_circuit_operator.py took 0.053 seconds
[2024-11-08T13:43:37.508+0000] {processor.py:186} INFO - Started process (PID=427) to work on /home/airflow/.local/lib/python3.12/site-packages/airflow/example_dags/example_short_circuit_operator.py
[2024-11-08T13:43:37.509+0000] {processor.py:914} INFO - Processing file /home/airflow/.local/lib/python3.12/site-packages/airflow/example_dags/example_short_circuit_operator.py for tasks to queue
[2024-11-08T13:43:37.510+0000] {logging_mixin.py:190} INFO - [2024-11-08T13:43:37.510+0000] {dagbag.py:588} INFO - Filling up the DagBag from /home/airflow/.local/lib/python3.12/site-packages/airflow/example_dags/example_short_circuit_operator.py
[2024-11-08T13:43:37.516+0000] {processor.py:925} INFO - DAG(s) 'example_short_circuit_operator' retrieved from /home/airflow/.local/lib/python3.12/site-packages/airflow/example_dags/example_short_circuit_operator.py
[2024-11-08T13:43:37.533+0000] {logging_mixin.py:190} INFO - [2024-11-08T13:43:37.532+0000] {dag.py:3239} INFO - Sync 1 DAGs
[2024-11-08T13:43:37.543+0000] {logging_mixin.py:190} INFO - [2024-11-08T13:43:37.543+0000] {dag.py:4180} INFO - Setting next_dagrun for example_short_circuit_operator to None, run_after=None
[2024-11-08T13:43:37.558+0000] {processor.py:208} INFO - Processing /home/airflow/.local/lib/python3.12/site-packages/airflow/example_dags/example_short_circuit_operator.py took 0.054 seconds
[2024-11-08T13:44:08.150+0000] {processor.py:186} INFO - Started process (PID=490) to work on /home/airflow/.local/lib/python3.12/site-packages/airflow/example_dags/example_short_circuit_operator.py
[2024-11-08T13:44:08.151+0000] {processor.py:914} INFO - Processing file /home/airflow/.local/lib/python3.12/site-packages/airflow/example_dags/example_short_circuit_operator.py for tasks to queue
[2024-11-08T13:44:08.153+0000] {logging_mixin.py:190} INFO - [2024-11-08T13:44:08.153+0000] {dagbag.py:588} INFO - Filling up the DagBag from /home/airflow/.local/lib/python3.12/site-packages/airflow/example_dags/example_short_circuit_operator.py
[2024-11-08T13:44:08.158+0000] {processor.py:925} INFO - DAG(s) 'example_short_circuit_operator' retrieved from /home/airflow/.local/lib/python3.12/site-packages/airflow/example_dags/example_short_circuit_operator.py
[2024-11-08T13:44:08.174+0000] {logging_mixin.py:190} INFO - [2024-11-08T13:44:08.174+0000] {dag.py:3239} INFO - Sync 1 DAGs
[2024-11-08T13:44:08.185+0000] {logging_mixin.py:190} INFO - [2024-11-08T13:44:08.185+0000] {dag.py:4180} INFO - Setting next_dagrun for example_short_circuit_operator to None, run_after=None
[2024-11-08T13:44:08.200+0000] {processor.py:208} INFO - Processing /home/airflow/.local/lib/python3.12/site-packages/airflow/example_dags/example_short_circuit_operator.py took 0.054 seconds
[2024-11-08T13:44:39.694+0000] {processor.py:186} INFO - Started process (PID=553) to work on /home/airflow/.local/lib/python3.12/site-packages/airflow/example_dags/example_short_circuit_operator.py
[2024-11-08T13:44:39.695+0000] {processor.py:914} INFO - Processing file /home/airflow/.local/lib/python3.12/site-packages/airflow/example_dags/example_short_circuit_operator.py for tasks to queue
[2024-11-08T13:44:39.696+0000] {logging_mixin.py:190} INFO - [2024-11-08T13:44:39.696+0000] {dagbag.py:588} INFO - Filling up the DagBag from /home/airflow/.local/lib/python3.12/site-packages/airflow/example_dags/example_short_circuit_operator.py
[2024-11-08T13:44:39.703+0000] {processor.py:925} INFO - DAG(s) 'example_short_circuit_operator' retrieved from /home/airflow/.local/lib/python3.12/site-packages/airflow/example_dags/example_short_circuit_operator.py
[2024-11-08T13:44:39.721+0000] {logging_mixin.py:190} INFO - [2024-11-08T13:44:39.720+0000] {dag.py:3239} INFO - Sync 1 DAGs
[2024-11-08T13:44:39.731+0000] {logging_mixin.py:190} INFO - [2024-11-08T13:44:39.731+0000] {dag.py:4180} INFO - Setting next_dagrun for example_short_circuit_operator to None, run_after=None
[2024-11-08T13:44:39.747+0000] {processor.py:208} INFO - Processing /home/airflow/.local/lib/python3.12/site-packages/airflow/example_dags/example_short_circuit_operator.py took 0.057 seconds
[2024-11-08T13:45:11.114+0000] {processor.py:186} INFO - Started process (PID=616) to work on /home/airflow/.local/lib/python3.12/site-packages/airflow/example_dags/example_short_circuit_operator.py
[2024-11-08T13:45:11.115+0000] {processor.py:914} INFO - Processing file /home/airflow/.local/lib/python3.12/site-packages/airflow/example_dags/example_short_circuit_operator.py for tasks to queue
[2024-11-08T13:45:11.117+0000] {logging_mixin.py:190} INFO - [2024-11-08T13:45:11.116+0000] {dagbag.py:588} INFO - Filling up the DagBag from /home/airflow/.local/lib/python3.12/site-packages/airflow/example_dags/example_short_circuit_operator.py
[2024-11-08T13:45:11.122+0000] {processor.py:925} INFO - DAG(s) 'example_short_circuit_operator' retrieved from /home/airflow/.local/lib/python3.12/site-packages/airflow/example_dags/example_short_circuit_operator.py
[2024-11-08T13:45:11.139+0000] {logging_mixin.py:190} INFO - [2024-11-08T13:45:11.138+0000] {dag.py:3239} INFO - Sync 1 DAGs
[2024-11-08T13:45:11.149+0000] {logging_mixin.py:190} INFO - [2024-11-08T13:45:11.149+0000] {dag.py:4180} INFO - Setting next_dagrun for example_short_circuit_operator to None, run_after=None
[2024-11-08T13:45:11.167+0000] {processor.py:208} INFO - Processing /home/airflow/.local/lib/python3.12/site-packages/airflow/example_dags/example_short_circuit_operator.py took 0.057 seconds
[2024-11-08T13:45:42.162+0000] {processor.py:186} INFO - Started process (PID=679) to work on /home/airflow/.local/lib/python3.12/site-packages/airflow/example_dags/example_short_circuit_operator.py
[2024-11-08T13:45:42.163+0000] {processor.py:914} INFO - Processing file /home/airflow/.local/lib/python3.12/site-packages/airflow/example_dags/example_short_circuit_operator.py for tasks to queue
[2024-11-08T13:45:42.165+0000] {logging_mixin.py:190} INFO - [2024-11-08T13:45:42.165+0000] {dagbag.py:588} INFO - Filling up the DagBag from /home/airflow/.local/lib/python3.12/site-packages/airflow/example_dags/example_short_circuit_operator.py
[2024-11-08T13:45:42.170+0000] {processor.py:925} INFO - DAG(s) 'example_short_circuit_operator' retrieved from /home/airflow/.local/lib/python3.12/site-packages/airflow/example_dags/example_short_circuit_operator.py
[2024-11-08T13:45:42.187+0000] {logging_mixin.py:190} INFO - [2024-11-08T13:45:42.187+0000] {dag.py:3239} INFO - Sync 1 DAGs
[2024-11-08T13:45:42.199+0000] {logging_mixin.py:190} INFO - [2024-11-08T13:45:42.199+0000] {dag.py:4180} INFO - Setting next_dagrun for example_short_circuit_operator to None, run_after=None
[2024-11-08T13:45:42.217+0000] {processor.py:208} INFO - Processing /home/airflow/.local/lib/python3.12/site-packages/airflow/example_dags/example_short_circuit_operator.py took 0.059 seconds
[2024-11-08T13:46:12.967+0000] {processor.py:186} INFO - Started process (PID=743) to work on /home/airflow/.local/lib/python3.12/site-packages/airflow/example_dags/example_short_circuit_operator.py
[2024-11-08T13:46:12.968+0000] {processor.py:914} INFO - Processing file /home/airflow/.local/lib/python3.12/site-packages/airflow/example_dags/example_short_circuit_operator.py for tasks to queue
[2024-11-08T13:46:12.969+0000] {logging_mixin.py:190} INFO - [2024-11-08T13:46:12.969+0000] {dagbag.py:588} INFO - Filling up the DagBag from /home/airflow/.local/lib/python3.12/site-packages/airflow/example_dags/example_short_circuit_operator.py
[2024-11-08T13:46:12.975+0000] {processor.py:925} INFO - DAG(s) 'example_short_circuit_operator' retrieved from /home/airflow/.local/lib/python3.12/site-packages/airflow/example_dags/example_short_circuit_operator.py
[2024-11-08T13:46:12.993+0000] {logging_mixin.py:190} INFO - [2024-11-08T13:46:12.993+0000] {dag.py:3239} INFO - Sync 1 DAGs
[2024-11-08T13:46:13.008+0000] {logging_mixin.py:190} INFO - [2024-11-08T13:46:13.008+0000] {dag.py:4180} INFO - Setting next_dagrun for example_short_circuit_operator to None, run_after=None
[2024-11-08T13:46:13.029+0000] {processor.py:208} INFO - Processing /home/airflow/.local/lib/python3.12/site-packages/airflow/example_dags/example_short_circuit_operator.py took 0.066 seconds
[2024-11-08T13:46:43.523+0000] {processor.py:186} INFO - Started process (PID=807) to work on /home/airflow/.local/lib/python3.12/site-packages/airflow/example_dags/example_short_circuit_operator.py
[2024-11-08T13:46:43.524+0000] {processor.py:914} INFO - Processing file /home/airflow/.local/lib/python3.12/site-packages/airflow/example_dags/example_short_circuit_operator.py for tasks to queue
[2024-11-08T13:46:43.525+0000] {logging_mixin.py:190} INFO - [2024-11-08T13:46:43.525+0000] {dagbag.py:588} INFO - Filling up the DagBag from /home/airflow/.local/lib/python3.12/site-packages/airflow/example_dags/example_short_circuit_operator.py
[2024-11-08T13:46:43.531+0000] {processor.py:925} INFO - DAG(s) 'example_short_circuit_operator' retrieved from /home/airflow/.local/lib/python3.12/site-packages/airflow/example_dags/example_short_circuit_operator.py
[2024-11-08T13:46:43.547+0000] {logging_mixin.py:190} INFO - [2024-11-08T13:46:43.546+0000] {dag.py:3239} INFO - Sync 1 DAGs
[2024-11-08T13:46:43.557+0000] {logging_mixin.py:190} INFO - [2024-11-08T13:46:43.557+0000] {dag.py:4180} INFO - Setting next_dagrun for example_short_circuit_operator to None, run_after=None
[2024-11-08T13:46:43.574+0000] {processor.py:208} INFO - Processing /home/airflow/.local/lib/python3.12/site-packages/airflow/example_dags/example_short_circuit_operator.py took 0.055 seconds
[2024-11-08T13:47:14.853+0000] {processor.py:186} INFO - Started process (PID=871) to work on /home/airflow/.local/lib/python3.12/site-packages/airflow/example_dags/example_short_circuit_operator.py
[2024-11-08T13:47:14.853+0000] {processor.py:914} INFO - Processing file /home/airflow/.local/lib/python3.12/site-packages/airflow/example_dags/example_short_circuit_operator.py for tasks to queue
[2024-11-08T13:47:14.855+0000] {logging_mixin.py:190} INFO - [2024-11-08T13:47:14.855+0000] {dagbag.py:588} INFO - Filling up the DagBag from /home/airflow/.local/lib/python3.12/site-packages/airflow/example_dags/example_short_circuit_operator.py
[2024-11-08T13:47:14.861+0000] {processor.py:925} INFO - DAG(s) 'example_short_circuit_operator' retrieved from /home/airflow/.local/lib/python3.12/site-packages/airflow/example_dags/example_short_circuit_operator.py
[2024-11-08T13:47:14.877+0000] {logging_mixin.py:190} INFO - [2024-11-08T13:47:14.876+0000] {dag.py:3239} INFO - Sync 1 DAGs
[2024-11-08T13:47:14.887+0000] {logging_mixin.py:190} INFO - [2024-11-08T13:47:14.887+0000] {dag.py:4180} INFO - Setting next_dagrun for example_short_circuit_operator to None, run_after=None
[2024-11-08T13:47:14.904+0000] {processor.py:208} INFO - Processing /home/airflow/.local/lib/python3.12/site-packages/airflow/example_dags/example_short_circuit_operator.py took 0.055 seconds
[2024-11-08T13:47:45.773+0000] {processor.py:186} INFO - Started process (PID=935) to work on /home/airflow/.local/lib/python3.12/site-packages/airflow/example_dags/example_short_circuit_operator.py
[2024-11-08T13:47:45.773+0000] {processor.py:914} INFO - Processing file /home/airflow/.local/lib/python3.12/site-packages/airflow/example_dags/example_short_circuit_operator.py for tasks to queue
[2024-11-08T13:47:45.775+0000] {logging_mixin.py:190} INFO - [2024-11-08T13:47:45.775+0000] {dagbag.py:588} INFO - Filling up the DagBag from /home/airflow/.local/lib/python3.12/site-packages/airflow/example_dags/example_short_circuit_operator.py
[2024-11-08T13:47:45.781+0000] {processor.py:925} INFO - DAG(s) 'example_short_circuit_operator' retrieved from /home/airflow/.local/lib/python3.12/site-packages/airflow/example_dags/example_short_circuit_operator.py
[2024-11-08T13:47:45.797+0000] {logging_mixin.py:190} INFO - [2024-11-08T13:47:45.797+0000] {dag.py:3239} INFO - Sync 1 DAGs
[2024-11-08T13:47:45.807+0000] {logging_mixin.py:190} INFO - [2024-11-08T13:47:45.807+0000] {dag.py:4180} INFO - Setting next_dagrun for example_short_circuit_operator to None, run_after=None
[2024-11-08T13:47:45.823+0000] {processor.py:208} INFO - Processing /home/airflow/.local/lib/python3.12/site-packages/airflow/example_dags/example_short_circuit_operator.py took 0.054 seconds
[2024-11-08T13:48:17.071+0000] {processor.py:186} INFO - Started process (PID=999) to work on /home/airflow/.local/lib/python3.12/site-packages/airflow/example_dags/example_short_circuit_operator.py
[2024-11-08T13:48:17.072+0000] {processor.py:914} INFO - Processing file /home/airflow/.local/lib/python3.12/site-packages/airflow/example_dags/example_short_circuit_operator.py for tasks to queue
[2024-11-08T13:48:17.073+0000] {logging_mixin.py:190} INFO - [2024-11-08T13:48:17.073+0000] {dagbag.py:588} INFO - Filling up the DagBag from /home/airflow/.local/lib/python3.12/site-packages/airflow/example_dags/example_short_circuit_operator.py
[2024-11-08T13:48:17.079+0000] {processor.py:925} INFO - DAG(s) 'example_short_circuit_operator' retrieved from /home/airflow/.local/lib/python3.12/site-packages/airflow/example_dags/example_short_circuit_operator.py
[2024-11-08T13:48:17.094+0000] {logging_mixin.py:190} INFO - [2024-11-08T13:48:17.094+0000] {dag.py:3239} INFO - Sync 1 DAGs
[2024-11-08T13:48:17.105+0000] {logging_mixin.py:190} INFO - [2024-11-08T13:48:17.104+0000] {dag.py:4180} INFO - Setting next_dagrun for example_short_circuit_operator to None, run_after=None
[2024-11-08T13:48:17.121+0000] {processor.py:208} INFO - Processing /home/airflow/.local/lib/python3.12/site-packages/airflow/example_dags/example_short_circuit_operator.py took 0.054 seconds
