[2024-11-08T13:41:00.379+0000] {processor.py:186} INFO - Started process (PID=99) to work on /home/airflow/.local/lib/python3.12/site-packages/airflow/example_dags/example_dataset_alias_with_no_taskflow.py
[2024-11-08T13:41:00.380+0000] {processor.py:914} INFO - Processing file /home/airflow/.local/lib/python3.12/site-packages/airflow/example_dags/example_dataset_alias_with_no_taskflow.py for tasks to queue
[2024-11-08T13:41:00.381+0000] {logging_mixin.py:190} INFO - [2024-11-08T13:41:00.381+0000] {dagbag.py:588} INFO - Filling up the DagBag from /home/airflow/.local/lib/python3.12/site-packages/airflow/example_dags/example_dataset_alias_with_no_taskflow.py
[2024-11-08T13:41:00.860+0000] {processor.py:925} INFO - DAG(s) 'dataset_alias_example_alias_consumer_with_no_taskflow', 'dataset_s3_bucket_producer_with_no_taskflow', 'dataset_s3_bucket_consumer_with_no_taskflow', 'dataset_alias_example_alias_producer_with_no_taskflow' retrieved from /home/airflow/.local/lib/python3.12/site-packages/airflow/example_dags/example_dataset_alias_with_no_taskflow.py
[2024-11-08T13:41:00.928+0000] {logging_mixin.py:190} INFO - [2024-11-08T13:41:00.928+0000] {override.py:1911} INFO - Created Permission View: can read on DAG:dataset_alias_example_alias_consumer_with_no_taskflow
[2024-11-08T13:41:00.939+0000] {logging_mixin.py:190} INFO - [2024-11-08T13:41:00.939+0000] {override.py:1911} INFO - Created Permission View: can edit on DAG:dataset_alias_example_alias_consumer_with_no_taskflow
[2024-11-08T13:41:00.949+0000] {logging_mixin.py:190} INFO - [2024-11-08T13:41:00.949+0000] {override.py:1911} INFO - Created Permission View: can delete on DAG:dataset_alias_example_alias_consumer_with_no_taskflow
[2024-11-08T13:41:00.959+0000] {logging_mixin.py:190} INFO - [2024-11-08T13:41:00.959+0000] {override.py:1911} INFO - Created Permission View: can read on DAG Run:dataset_alias_example_alias_consumer_with_no_taskflow
[2024-11-08T13:41:00.967+0000] {logging_mixin.py:190} INFO - [2024-11-08T13:41:00.966+0000] {override.py:1911} INFO - Created Permission View: can create on DAG Run:dataset_alias_example_alias_consumer_with_no_taskflow
[2024-11-08T13:41:00.975+0000] {logging_mixin.py:190} INFO - [2024-11-08T13:41:00.974+0000] {override.py:1911} INFO - Created Permission View: can delete on DAG Run:dataset_alias_example_alias_consumer_with_no_taskflow
[2024-11-08T13:41:00.985+0000] {logging_mixin.py:190} INFO - [2024-11-08T13:41:00.984+0000] {override.py:1911} INFO - Created Permission View: menu access on DAG Run:dataset_alias_example_alias_consumer_with_no_taskflow
[2024-11-08T13:41:00.999+0000] {logging_mixin.py:190} INFO - [2024-11-08T13:41:00.999+0000] {override.py:1911} INFO - Created Permission View: can read on DAG:dataset_s3_bucket_producer_with_no_taskflow
[2024-11-08T13:41:01.010+0000] {logging_mixin.py:190} INFO - [2024-11-08T13:41:01.009+0000] {override.py:1911} INFO - Created Permission View: can edit on DAG:dataset_s3_bucket_producer_with_no_taskflow
[2024-11-08T13:41:01.016+0000] {logging_mixin.py:190} INFO - [2024-11-08T13:41:01.015+0000] {override.py:1911} INFO - Created Permission View: can delete on DAG:dataset_s3_bucket_producer_with_no_taskflow
[2024-11-08T13:41:01.025+0000] {logging_mixin.py:190} INFO - [2024-11-08T13:41:01.024+0000] {override.py:1911} INFO - Created Permission View: can read on DAG Run:dataset_s3_bucket_producer_with_no_taskflow
[2024-11-08T13:41:01.031+0000] {logging_mixin.py:190} INFO - [2024-11-08T13:41:01.031+0000] {override.py:1911} INFO - Created Permission View: can create on DAG Run:dataset_s3_bucket_producer_with_no_taskflow
[2024-11-08T13:41:01.040+0000] {logging_mixin.py:190} INFO - [2024-11-08T13:41:01.039+0000] {override.py:1911} INFO - Created Permission View: can delete on DAG Run:dataset_s3_bucket_producer_with_no_taskflow
[2024-11-08T13:41:01.049+0000] {logging_mixin.py:190} INFO - [2024-11-08T13:41:01.049+0000] {override.py:1911} INFO - Created Permission View: menu access on DAG Run:dataset_s3_bucket_producer_with_no_taskflow
[2024-11-08T13:41:01.064+0000] {logging_mixin.py:190} INFO - [2024-11-08T13:41:01.064+0000] {override.py:1911} INFO - Created Permission View: can read on DAG:dataset_s3_bucket_consumer_with_no_taskflow
[2024-11-08T13:41:01.073+0000] {logging_mixin.py:190} INFO - [2024-11-08T13:41:01.072+0000] {override.py:1911} INFO - Created Permission View: can edit on DAG:dataset_s3_bucket_consumer_with_no_taskflow
[2024-11-08T13:41:01.079+0000] {logging_mixin.py:190} INFO - [2024-11-08T13:41:01.079+0000] {override.py:1911} INFO - Created Permission View: can delete on DAG:dataset_s3_bucket_consumer_with_no_taskflow
[2024-11-08T13:41:01.090+0000] {logging_mixin.py:190} INFO - [2024-11-08T13:41:01.089+0000] {override.py:1911} INFO - Created Permission View: can read on DAG Run:dataset_s3_bucket_consumer_with_no_taskflow
[2024-11-08T13:41:01.098+0000] {logging_mixin.py:190} INFO - [2024-11-08T13:41:01.098+0000] {override.py:1911} INFO - Created Permission View: can create on DAG Run:dataset_s3_bucket_consumer_with_no_taskflow
[2024-11-08T13:41:01.105+0000] {logging_mixin.py:190} INFO - [2024-11-08T13:41:01.104+0000] {override.py:1911} INFO - Created Permission View: can delete on DAG Run:dataset_s3_bucket_consumer_with_no_taskflow
[2024-11-08T13:41:01.113+0000] {logging_mixin.py:190} INFO - [2024-11-08T13:41:01.113+0000] {override.py:1911} INFO - Created Permission View: menu access on DAG Run:dataset_s3_bucket_consumer_with_no_taskflow
[2024-11-08T13:41:01.129+0000] {logging_mixin.py:190} INFO - [2024-11-08T13:41:01.129+0000] {override.py:1911} INFO - Created Permission View: can read on DAG:dataset_alias_example_alias_producer_with_no_taskflow
[2024-11-08T13:41:01.139+0000] {logging_mixin.py:190} INFO - [2024-11-08T13:41:01.139+0000] {override.py:1911} INFO - Created Permission View: can edit on DAG:dataset_alias_example_alias_producer_with_no_taskflow
[2024-11-08T13:41:01.150+0000] {logging_mixin.py:190} INFO - [2024-11-08T13:41:01.149+0000] {override.py:1911} INFO - Created Permission View: can delete on DAG:dataset_alias_example_alias_producer_with_no_taskflow
[2024-11-08T13:41:01.157+0000] {logging_mixin.py:190} INFO - [2024-11-08T13:41:01.157+0000] {override.py:1911} INFO - Created Permission View: can read on DAG Run:dataset_alias_example_alias_producer_with_no_taskflow
[2024-11-08T13:41:01.165+0000] {logging_mixin.py:190} INFO - [2024-11-08T13:41:01.164+0000] {override.py:1911} INFO - Created Permission View: can create on DAG Run:dataset_alias_example_alias_producer_with_no_taskflow
[2024-11-08T13:41:01.174+0000] {logging_mixin.py:190} INFO - [2024-11-08T13:41:01.174+0000] {override.py:1911} INFO - Created Permission View: can delete on DAG Run:dataset_alias_example_alias_producer_with_no_taskflow
[2024-11-08T13:41:01.181+0000] {logging_mixin.py:190} INFO - [2024-11-08T13:41:01.180+0000] {override.py:1911} INFO - Created Permission View: menu access on DAG Run:dataset_alias_example_alias_producer_with_no_taskflow
[2024-11-08T13:41:01.181+0000] {logging_mixin.py:190} INFO - [2024-11-08T13:41:01.181+0000] {dag.py:3239} INFO - Sync 4 DAGs
[2024-11-08T13:41:01.191+0000] {logging_mixin.py:190} INFO - [2024-11-08T13:41:01.191+0000] {dag.py:3262} INFO - Creating ORM DAG for dataset_alias_example_alias_consumer_with_no_taskflow
[2024-11-08T13:41:01.192+0000] {logging_mixin.py:190} INFO - [2024-11-08T13:41:01.192+0000] {dag.py:3262} INFO - Creating ORM DAG for dataset_s3_bucket_consumer_with_no_taskflow
[2024-11-08T13:41:01.192+0000] {logging_mixin.py:190} INFO - [2024-11-08T13:41:01.192+0000] {dag.py:3262} INFO - Creating ORM DAG for dataset_alias_example_alias_producer_with_no_taskflow
[2024-11-08T13:41:01.193+0000] {logging_mixin.py:190} INFO - [2024-11-08T13:41:01.193+0000] {dag.py:3262} INFO - Creating ORM DAG for dataset_s3_bucket_producer_with_no_taskflow
[2024-11-08T13:41:01.200+0000] {logging_mixin.py:190} INFO - [2024-11-08T13:41:01.200+0000] {dag.py:4180} INFO - Setting next_dagrun for dataset_alias_example_alias_consumer_with_no_taskflow to None, run_after=None
[2024-11-08T13:41:01.200+0000] {logging_mixin.py:190} INFO - [2024-11-08T13:41:01.200+0000] {dag.py:4180} INFO - Setting next_dagrun for dataset_alias_example_alias_producer_with_no_taskflow to None, run_after=None
[2024-11-08T13:41:01.201+0000] {logging_mixin.py:190} INFO - [2024-11-08T13:41:01.201+0000] {dag.py:4180} INFO - Setting next_dagrun for dataset_s3_bucket_consumer_with_no_taskflow to None, run_after=None
[2024-11-08T13:41:01.202+0000] {logging_mixin.py:190} INFO - [2024-11-08T13:41:01.201+0000] {dag.py:4180} INFO - Setting next_dagrun for dataset_s3_bucket_producer_with_no_taskflow to None, run_after=None
[2024-11-08T13:41:01.225+0000] {processor.py:208} INFO - Processing /home/airflow/.local/lib/python3.12/site-packages/airflow/example_dags/example_dataset_alias_with_no_taskflow.py took 0.850 seconds
[2024-11-08T13:41:32.117+0000] {processor.py:186} INFO - Started process (PID=163) to work on /home/airflow/.local/lib/python3.12/site-packages/airflow/example_dags/example_dataset_alias_with_no_taskflow.py
[2024-11-08T13:41:32.117+0000] {processor.py:914} INFO - Processing file /home/airflow/.local/lib/python3.12/site-packages/airflow/example_dags/example_dataset_alias_with_no_taskflow.py for tasks to queue
[2024-11-08T13:41:32.119+0000] {logging_mixin.py:190} INFO - [2024-11-08T13:41:32.119+0000] {dagbag.py:588} INFO - Filling up the DagBag from /home/airflow/.local/lib/python3.12/site-packages/airflow/example_dags/example_dataset_alias_with_no_taskflow.py
[2024-11-08T13:41:32.559+0000] {processor.py:925} INFO - DAG(s) 'dataset_s3_bucket_consumer_with_no_taskflow', 'dataset_alias_example_alias_producer_with_no_taskflow', 'dataset_s3_bucket_producer_with_no_taskflow', 'dataset_alias_example_alias_consumer_with_no_taskflow' retrieved from /home/airflow/.local/lib/python3.12/site-packages/airflow/example_dags/example_dataset_alias_with_no_taskflow.py
[2024-11-08T13:41:32.575+0000] {logging_mixin.py:190} INFO - [2024-11-08T13:41:32.575+0000] {dag.py:3239} INFO - Sync 4 DAGs
[2024-11-08T13:41:32.591+0000] {logging_mixin.py:190} INFO - [2024-11-08T13:41:32.591+0000] {dag.py:4180} INFO - Setting next_dagrun for dataset_alias_example_alias_consumer_with_no_taskflow to None, run_after=None
[2024-11-08T13:41:32.593+0000] {logging_mixin.py:190} INFO - [2024-11-08T13:41:32.593+0000] {dag.py:4180} INFO - Setting next_dagrun for dataset_alias_example_alias_producer_with_no_taskflow to None, run_after=None
[2024-11-08T13:41:32.594+0000] {logging_mixin.py:190} INFO - [2024-11-08T13:41:32.594+0000] {dag.py:4180} INFO - Setting next_dagrun for dataset_s3_bucket_consumer_with_no_taskflow to None, run_after=None
[2024-11-08T13:41:32.595+0000] {logging_mixin.py:190} INFO - [2024-11-08T13:41:32.595+0000] {dag.py:4180} INFO - Setting next_dagrun for dataset_s3_bucket_producer_with_no_taskflow to None, run_after=None
[2024-11-08T13:41:32.612+0000] {processor.py:208} INFO - Processing /home/airflow/.local/lib/python3.12/site-packages/airflow/example_dags/example_dataset_alias_with_no_taskflow.py took 0.499 seconds
[2024-11-08T13:42:03.502+0000] {processor.py:186} INFO - Started process (PID=226) to work on /home/airflow/.local/lib/python3.12/site-packages/airflow/example_dags/example_dataset_alias_with_no_taskflow.py
[2024-11-08T13:42:03.503+0000] {processor.py:914} INFO - Processing file /home/airflow/.local/lib/python3.12/site-packages/airflow/example_dags/example_dataset_alias_with_no_taskflow.py for tasks to queue
[2024-11-08T13:42:03.504+0000] {logging_mixin.py:190} INFO - [2024-11-08T13:42:03.504+0000] {dagbag.py:588} INFO - Filling up the DagBag from /home/airflow/.local/lib/python3.12/site-packages/airflow/example_dags/example_dataset_alias_with_no_taskflow.py
[2024-11-08T13:42:03.957+0000] {processor.py:925} INFO - DAG(s) 'dataset_s3_bucket_consumer_with_no_taskflow', 'dataset_s3_bucket_producer_with_no_taskflow', 'dataset_alias_example_alias_producer_with_no_taskflow', 'dataset_alias_example_alias_consumer_with_no_taskflow' retrieved from /home/airflow/.local/lib/python3.12/site-packages/airflow/example_dags/example_dataset_alias_with_no_taskflow.py
[2024-11-08T13:42:03.975+0000] {logging_mixin.py:190} INFO - [2024-11-08T13:42:03.974+0000] {dag.py:3239} INFO - Sync 4 DAGs
[2024-11-08T13:42:03.993+0000] {logging_mixin.py:190} INFO - [2024-11-08T13:42:03.993+0000] {dag.py:4180} INFO - Setting next_dagrun for dataset_alias_example_alias_consumer_with_no_taskflow to None, run_after=None
[2024-11-08T13:42:03.995+0000] {logging_mixin.py:190} INFO - [2024-11-08T13:42:03.995+0000] {dag.py:4180} INFO - Setting next_dagrun for dataset_alias_example_alias_producer_with_no_taskflow to None, run_after=None
[2024-11-08T13:42:03.997+0000] {logging_mixin.py:190} INFO - [2024-11-08T13:42:03.997+0000] {dag.py:4180} INFO - Setting next_dagrun for dataset_s3_bucket_consumer_with_no_taskflow to None, run_after=None
[2024-11-08T13:42:03.998+0000] {logging_mixin.py:190} INFO - [2024-11-08T13:42:03.998+0000] {dag.py:4180} INFO - Setting next_dagrun for dataset_s3_bucket_producer_with_no_taskflow to None, run_after=None
[2024-11-08T13:42:04.016+0000] {processor.py:208} INFO - Processing /home/airflow/.local/lib/python3.12/site-packages/airflow/example_dags/example_dataset_alias_with_no_taskflow.py took 0.517 seconds
[2024-11-08T13:42:34.805+0000] {processor.py:186} INFO - Started process (PID=289) to work on /home/airflow/.local/lib/python3.12/site-packages/airflow/example_dags/example_dataset_alias_with_no_taskflow.py
[2024-11-08T13:42:34.806+0000] {processor.py:914} INFO - Processing file /home/airflow/.local/lib/python3.12/site-packages/airflow/example_dags/example_dataset_alias_with_no_taskflow.py for tasks to queue
[2024-11-08T13:42:34.808+0000] {logging_mixin.py:190} INFO - [2024-11-08T13:42:34.807+0000] {dagbag.py:588} INFO - Filling up the DagBag from /home/airflow/.local/lib/python3.12/site-packages/airflow/example_dags/example_dataset_alias_with_no_taskflow.py
[2024-11-08T13:42:35.254+0000] {processor.py:925} INFO - DAG(s) 'dataset_alias_example_alias_consumer_with_no_taskflow', 'dataset_s3_bucket_producer_with_no_taskflow', 'dataset_alias_example_alias_producer_with_no_taskflow', 'dataset_s3_bucket_consumer_with_no_taskflow' retrieved from /home/airflow/.local/lib/python3.12/site-packages/airflow/example_dags/example_dataset_alias_with_no_taskflow.py
[2024-11-08T13:42:35.269+0000] {logging_mixin.py:190} INFO - [2024-11-08T13:42:35.269+0000] {dag.py:3239} INFO - Sync 4 DAGs
[2024-11-08T13:42:35.285+0000] {logging_mixin.py:190} INFO - [2024-11-08T13:42:35.285+0000] {dag.py:4180} INFO - Setting next_dagrun for dataset_alias_example_alias_consumer_with_no_taskflow to None, run_after=None
[2024-11-08T13:42:35.287+0000] {logging_mixin.py:190} INFO - [2024-11-08T13:42:35.287+0000] {dag.py:4180} INFO - Setting next_dagrun for dataset_alias_example_alias_producer_with_no_taskflow to None, run_after=None
[2024-11-08T13:42:35.288+0000] {logging_mixin.py:190} INFO - [2024-11-08T13:42:35.288+0000] {dag.py:4180} INFO - Setting next_dagrun for dataset_s3_bucket_consumer_with_no_taskflow to None, run_after=None
[2024-11-08T13:42:35.289+0000] {logging_mixin.py:190} INFO - [2024-11-08T13:42:35.289+0000] {dag.py:4180} INFO - Setting next_dagrun for dataset_s3_bucket_producer_with_no_taskflow to None, run_after=None
[2024-11-08T13:42:35.308+0000] {processor.py:208} INFO - Processing /home/airflow/.local/lib/python3.12/site-packages/airflow/example_dags/example_dataset_alias_with_no_taskflow.py took 0.507 seconds
[2024-11-08T13:43:05.925+0000] {processor.py:186} INFO - Started process (PID=352) to work on /home/airflow/.local/lib/python3.12/site-packages/airflow/example_dags/example_dataset_alias_with_no_taskflow.py
[2024-11-08T13:43:05.926+0000] {processor.py:914} INFO - Processing file /home/airflow/.local/lib/python3.12/site-packages/airflow/example_dags/example_dataset_alias_with_no_taskflow.py for tasks to queue
[2024-11-08T13:43:05.927+0000] {logging_mixin.py:190} INFO - [2024-11-08T13:43:05.927+0000] {dagbag.py:588} INFO - Filling up the DagBag from /home/airflow/.local/lib/python3.12/site-packages/airflow/example_dags/example_dataset_alias_with_no_taskflow.py
[2024-11-08T13:43:06.381+0000] {processor.py:925} INFO - DAG(s) 'dataset_alias_example_alias_producer_with_no_taskflow', 'dataset_s3_bucket_producer_with_no_taskflow', 'dataset_alias_example_alias_consumer_with_no_taskflow', 'dataset_s3_bucket_consumer_with_no_taskflow' retrieved from /home/airflow/.local/lib/python3.12/site-packages/airflow/example_dags/example_dataset_alias_with_no_taskflow.py
[2024-11-08T13:43:06.398+0000] {logging_mixin.py:190} INFO - [2024-11-08T13:43:06.397+0000] {dag.py:3239} INFO - Sync 4 DAGs
[2024-11-08T13:43:06.415+0000] {logging_mixin.py:190} INFO - [2024-11-08T13:43:06.415+0000] {dag.py:4180} INFO - Setting next_dagrun for dataset_alias_example_alias_consumer_with_no_taskflow to None, run_after=None
[2024-11-08T13:43:06.417+0000] {logging_mixin.py:190} INFO - [2024-11-08T13:43:06.417+0000] {dag.py:4180} INFO - Setting next_dagrun for dataset_alias_example_alias_producer_with_no_taskflow to None, run_after=None
[2024-11-08T13:43:06.418+0000] {logging_mixin.py:190} INFO - [2024-11-08T13:43:06.418+0000] {dag.py:4180} INFO - Setting next_dagrun for dataset_s3_bucket_consumer_with_no_taskflow to None, run_after=None
[2024-11-08T13:43:06.419+0000] {logging_mixin.py:190} INFO - [2024-11-08T13:43:06.419+0000] {dag.py:4180} INFO - Setting next_dagrun for dataset_s3_bucket_producer_with_no_taskflow to None, run_after=None
[2024-11-08T13:43:06.439+0000] {processor.py:208} INFO - Processing /home/airflow/.local/lib/python3.12/site-packages/airflow/example_dags/example_dataset_alias_with_no_taskflow.py took 0.518 seconds
[2024-11-08T13:43:36.576+0000] {processor.py:186} INFO - Started process (PID=415) to work on /home/airflow/.local/lib/python3.12/site-packages/airflow/example_dags/example_dataset_alias_with_no_taskflow.py
[2024-11-08T13:43:36.577+0000] {processor.py:914} INFO - Processing file /home/airflow/.local/lib/python3.12/site-packages/airflow/example_dags/example_dataset_alias_with_no_taskflow.py for tasks to queue
[2024-11-08T13:43:36.579+0000] {logging_mixin.py:190} INFO - [2024-11-08T13:43:36.578+0000] {dagbag.py:588} INFO - Filling up the DagBag from /home/airflow/.local/lib/python3.12/site-packages/airflow/example_dags/example_dataset_alias_with_no_taskflow.py
[2024-11-08T13:43:37.048+0000] {processor.py:925} INFO - DAG(s) 'dataset_alias_example_alias_consumer_with_no_taskflow', 'dataset_alias_example_alias_producer_with_no_taskflow', 'dataset_s3_bucket_consumer_with_no_taskflow', 'dataset_s3_bucket_producer_with_no_taskflow' retrieved from /home/airflow/.local/lib/python3.12/site-packages/airflow/example_dags/example_dataset_alias_with_no_taskflow.py
[2024-11-08T13:43:37.064+0000] {logging_mixin.py:190} INFO - [2024-11-08T13:43:37.064+0000] {dag.py:3239} INFO - Sync 4 DAGs
[2024-11-08T13:43:37.081+0000] {logging_mixin.py:190} INFO - [2024-11-08T13:43:37.081+0000] {dag.py:4180} INFO - Setting next_dagrun for dataset_alias_example_alias_consumer_with_no_taskflow to None, run_after=None
[2024-11-08T13:43:37.083+0000] {logging_mixin.py:190} INFO - [2024-11-08T13:43:37.083+0000] {dag.py:4180} INFO - Setting next_dagrun for dataset_alias_example_alias_producer_with_no_taskflow to None, run_after=None
[2024-11-08T13:43:37.084+0000] {logging_mixin.py:190} INFO - [2024-11-08T13:43:37.084+0000] {dag.py:4180} INFO - Setting next_dagrun for dataset_s3_bucket_consumer_with_no_taskflow to None, run_after=None
[2024-11-08T13:43:37.085+0000] {logging_mixin.py:190} INFO - [2024-11-08T13:43:37.085+0000] {dag.py:4180} INFO - Setting next_dagrun for dataset_s3_bucket_producer_with_no_taskflow to None, run_after=None
[2024-11-08T13:43:37.102+0000] {processor.py:208} INFO - Processing /home/airflow/.local/lib/python3.12/site-packages/airflow/example_dags/example_dataset_alias_with_no_taskflow.py took 0.529 seconds
[2024-11-08T13:44:07.218+0000] {processor.py:186} INFO - Started process (PID=478) to work on /home/airflow/.local/lib/python3.12/site-packages/airflow/example_dags/example_dataset_alias_with_no_taskflow.py
[2024-11-08T13:44:07.219+0000] {processor.py:914} INFO - Processing file /home/airflow/.local/lib/python3.12/site-packages/airflow/example_dags/example_dataset_alias_with_no_taskflow.py for tasks to queue
[2024-11-08T13:44:07.220+0000] {logging_mixin.py:190} INFO - [2024-11-08T13:44:07.220+0000] {dagbag.py:588} INFO - Filling up the DagBag from /home/airflow/.local/lib/python3.12/site-packages/airflow/example_dags/example_dataset_alias_with_no_taskflow.py
[2024-11-08T13:44:07.679+0000] {processor.py:925} INFO - DAG(s) 'dataset_s3_bucket_consumer_with_no_taskflow', 'dataset_alias_example_alias_consumer_with_no_taskflow', 'dataset_s3_bucket_producer_with_no_taskflow', 'dataset_alias_example_alias_producer_with_no_taskflow' retrieved from /home/airflow/.local/lib/python3.12/site-packages/airflow/example_dags/example_dataset_alias_with_no_taskflow.py
[2024-11-08T13:44:07.696+0000] {logging_mixin.py:190} INFO - [2024-11-08T13:44:07.695+0000] {dag.py:3239} INFO - Sync 4 DAGs
[2024-11-08T13:44:07.713+0000] {logging_mixin.py:190} INFO - [2024-11-08T13:44:07.713+0000] {dag.py:4180} INFO - Setting next_dagrun for dataset_alias_example_alias_consumer_with_no_taskflow to None, run_after=None
[2024-11-08T13:44:07.715+0000] {logging_mixin.py:190} INFO - [2024-11-08T13:44:07.715+0000] {dag.py:4180} INFO - Setting next_dagrun for dataset_alias_example_alias_producer_with_no_taskflow to None, run_after=None
[2024-11-08T13:44:07.716+0000] {logging_mixin.py:190} INFO - [2024-11-08T13:44:07.716+0000] {dag.py:4180} INFO - Setting next_dagrun for dataset_s3_bucket_consumer_with_no_taskflow to None, run_after=None
[2024-11-08T13:44:07.717+0000] {logging_mixin.py:190} INFO - [2024-11-08T13:44:07.717+0000] {dag.py:4180} INFO - Setting next_dagrun for dataset_s3_bucket_producer_with_no_taskflow to None, run_after=None
[2024-11-08T13:44:07.736+0000] {processor.py:208} INFO - Processing /home/airflow/.local/lib/python3.12/site-packages/airflow/example_dags/example_dataset_alias_with_no_taskflow.py took 0.522 seconds
[2024-11-08T13:44:38.687+0000] {processor.py:186} INFO - Started process (PID=541) to work on /home/airflow/.local/lib/python3.12/site-packages/airflow/example_dags/example_dataset_alias_with_no_taskflow.py
[2024-11-08T13:44:38.688+0000] {processor.py:914} INFO - Processing file /home/airflow/.local/lib/python3.12/site-packages/airflow/example_dags/example_dataset_alias_with_no_taskflow.py for tasks to queue
[2024-11-08T13:44:38.689+0000] {logging_mixin.py:190} INFO - [2024-11-08T13:44:38.689+0000] {dagbag.py:588} INFO - Filling up the DagBag from /home/airflow/.local/lib/python3.12/site-packages/airflow/example_dags/example_dataset_alias_with_no_taskflow.py
[2024-11-08T13:44:39.147+0000] {processor.py:925} INFO - DAG(s) 'dataset_s3_bucket_consumer_with_no_taskflow', 'dataset_alias_example_alias_consumer_with_no_taskflow', 'dataset_s3_bucket_producer_with_no_taskflow', 'dataset_alias_example_alias_producer_with_no_taskflow' retrieved from /home/airflow/.local/lib/python3.12/site-packages/airflow/example_dags/example_dataset_alias_with_no_taskflow.py
[2024-11-08T13:44:39.163+0000] {logging_mixin.py:190} INFO - [2024-11-08T13:44:39.162+0000] {dag.py:3239} INFO - Sync 4 DAGs
[2024-11-08T13:44:39.180+0000] {logging_mixin.py:190} INFO - [2024-11-08T13:44:39.180+0000] {dag.py:4180} INFO - Setting next_dagrun for dataset_alias_example_alias_consumer_with_no_taskflow to None, run_after=None
[2024-11-08T13:44:39.182+0000] {logging_mixin.py:190} INFO - [2024-11-08T13:44:39.182+0000] {dag.py:4180} INFO - Setting next_dagrun for dataset_alias_example_alias_producer_with_no_taskflow to None, run_after=None
[2024-11-08T13:44:39.183+0000] {logging_mixin.py:190} INFO - [2024-11-08T13:44:39.183+0000] {dag.py:4180} INFO - Setting next_dagrun for dataset_s3_bucket_consumer_with_no_taskflow to None, run_after=None
[2024-11-08T13:44:39.184+0000] {logging_mixin.py:190} INFO - [2024-11-08T13:44:39.184+0000] {dag.py:4180} INFO - Setting next_dagrun for dataset_s3_bucket_producer_with_no_taskflow to None, run_after=None
[2024-11-08T13:44:39.201+0000] {processor.py:208} INFO - Processing /home/airflow/.local/lib/python3.12/site-packages/airflow/example_dags/example_dataset_alias_with_no_taskflow.py took 0.518 seconds
[2024-11-08T13:45:10.165+0000] {processor.py:186} INFO - Started process (PID=604) to work on /home/airflow/.local/lib/python3.12/site-packages/airflow/example_dags/example_dataset_alias_with_no_taskflow.py
[2024-11-08T13:45:10.165+0000] {processor.py:914} INFO - Processing file /home/airflow/.local/lib/python3.12/site-packages/airflow/example_dags/example_dataset_alias_with_no_taskflow.py for tasks to queue
[2024-11-08T13:45:10.167+0000] {logging_mixin.py:190} INFO - [2024-11-08T13:45:10.167+0000] {dagbag.py:588} INFO - Filling up the DagBag from /home/airflow/.local/lib/python3.12/site-packages/airflow/example_dags/example_dataset_alias_with_no_taskflow.py
[2024-11-08T13:45:10.609+0000] {processor.py:925} INFO - DAG(s) 'dataset_alias_example_alias_consumer_with_no_taskflow', 'dataset_s3_bucket_consumer_with_no_taskflow', 'dataset_s3_bucket_producer_with_no_taskflow', 'dataset_alias_example_alias_producer_with_no_taskflow' retrieved from /home/airflow/.local/lib/python3.12/site-packages/airflow/example_dags/example_dataset_alias_with_no_taskflow.py
[2024-11-08T13:45:10.624+0000] {logging_mixin.py:190} INFO - [2024-11-08T13:45:10.624+0000] {dag.py:3239} INFO - Sync 4 DAGs
[2024-11-08T13:45:10.643+0000] {logging_mixin.py:190} INFO - [2024-11-08T13:45:10.642+0000] {dag.py:4180} INFO - Setting next_dagrun for dataset_alias_example_alias_consumer_with_no_taskflow to None, run_after=None
[2024-11-08T13:45:10.645+0000] {logging_mixin.py:190} INFO - [2024-11-08T13:45:10.645+0000] {dag.py:4180} INFO - Setting next_dagrun for dataset_alias_example_alias_producer_with_no_taskflow to None, run_after=None
[2024-11-08T13:45:10.646+0000] {logging_mixin.py:190} INFO - [2024-11-08T13:45:10.646+0000] {dag.py:4180} INFO - Setting next_dagrun for dataset_s3_bucket_consumer_with_no_taskflow to None, run_after=None
[2024-11-08T13:45:10.647+0000] {logging_mixin.py:190} INFO - [2024-11-08T13:45:10.647+0000] {dag.py:4180} INFO - Setting next_dagrun for dataset_s3_bucket_producer_with_no_taskflow to None, run_after=None
[2024-11-08T13:45:10.667+0000] {processor.py:208} INFO - Processing /home/airflow/.local/lib/python3.12/site-packages/airflow/example_dags/example_dataset_alias_with_no_taskflow.py took 0.506 seconds
[2024-11-08T13:45:41.231+0000] {processor.py:186} INFO - Started process (PID=667) to work on /home/airflow/.local/lib/python3.12/site-packages/airflow/example_dags/example_dataset_alias_with_no_taskflow.py
[2024-11-08T13:45:41.232+0000] {processor.py:914} INFO - Processing file /home/airflow/.local/lib/python3.12/site-packages/airflow/example_dags/example_dataset_alias_with_no_taskflow.py for tasks to queue
[2024-11-08T13:45:41.233+0000] {logging_mixin.py:190} INFO - [2024-11-08T13:45:41.233+0000] {dagbag.py:588} INFO - Filling up the DagBag from /home/airflow/.local/lib/python3.12/site-packages/airflow/example_dags/example_dataset_alias_with_no_taskflow.py
[2024-11-08T13:45:41.666+0000] {processor.py:925} INFO - DAG(s) 'dataset_alias_example_alias_producer_with_no_taskflow', 'dataset_s3_bucket_consumer_with_no_taskflow', 'dataset_alias_example_alias_consumer_with_no_taskflow', 'dataset_s3_bucket_producer_with_no_taskflow' retrieved from /home/airflow/.local/lib/python3.12/site-packages/airflow/example_dags/example_dataset_alias_with_no_taskflow.py
[2024-11-08T13:45:41.681+0000] {logging_mixin.py:190} INFO - [2024-11-08T13:45:41.680+0000] {dag.py:3239} INFO - Sync 4 DAGs
[2024-11-08T13:45:41.698+0000] {logging_mixin.py:190} INFO - [2024-11-08T13:45:41.698+0000] {dag.py:4180} INFO - Setting next_dagrun for dataset_alias_example_alias_consumer_with_no_taskflow to None, run_after=None
[2024-11-08T13:45:41.700+0000] {logging_mixin.py:190} INFO - [2024-11-08T13:45:41.700+0000] {dag.py:4180} INFO - Setting next_dagrun for dataset_alias_example_alias_producer_with_no_taskflow to None, run_after=None
[2024-11-08T13:45:41.701+0000] {logging_mixin.py:190} INFO - [2024-11-08T13:45:41.701+0000] {dag.py:4180} INFO - Setting next_dagrun for dataset_s3_bucket_consumer_with_no_taskflow to None, run_after=None
[2024-11-08T13:45:41.702+0000] {logging_mixin.py:190} INFO - [2024-11-08T13:45:41.702+0000] {dag.py:4180} INFO - Setting next_dagrun for dataset_s3_bucket_producer_with_no_taskflow to None, run_after=None
[2024-11-08T13:45:41.722+0000] {processor.py:208} INFO - Processing /home/airflow/.local/lib/python3.12/site-packages/airflow/example_dags/example_dataset_alias_with_no_taskflow.py took 0.495 seconds
[2024-11-08T13:46:11.973+0000] {processor.py:186} INFO - Started process (PID=731) to work on /home/airflow/.local/lib/python3.12/site-packages/airflow/example_dags/example_dataset_alias_with_no_taskflow.py
[2024-11-08T13:46:11.974+0000] {processor.py:914} INFO - Processing file /home/airflow/.local/lib/python3.12/site-packages/airflow/example_dags/example_dataset_alias_with_no_taskflow.py for tasks to queue
[2024-11-08T13:46:11.976+0000] {logging_mixin.py:190} INFO - [2024-11-08T13:46:11.976+0000] {dagbag.py:588} INFO - Filling up the DagBag from /home/airflow/.local/lib/python3.12/site-packages/airflow/example_dags/example_dataset_alias_with_no_taskflow.py
[2024-11-08T13:46:12.463+0000] {processor.py:925} INFO - DAG(s) 'dataset_s3_bucket_producer_with_no_taskflow', 'dataset_alias_example_alias_producer_with_no_taskflow', 'dataset_alias_example_alias_consumer_with_no_taskflow', 'dataset_s3_bucket_consumer_with_no_taskflow' retrieved from /home/airflow/.local/lib/python3.12/site-packages/airflow/example_dags/example_dataset_alias_with_no_taskflow.py
[2024-11-08T13:46:12.481+0000] {logging_mixin.py:190} INFO - [2024-11-08T13:46:12.480+0000] {dag.py:3239} INFO - Sync 4 DAGs
[2024-11-08T13:46:12.499+0000] {logging_mixin.py:190} INFO - [2024-11-08T13:46:12.499+0000] {dag.py:4180} INFO - Setting next_dagrun for dataset_alias_example_alias_consumer_with_no_taskflow to None, run_after=None
[2024-11-08T13:46:12.501+0000] {logging_mixin.py:190} INFO - [2024-11-08T13:46:12.501+0000] {dag.py:4180} INFO - Setting next_dagrun for dataset_alias_example_alias_producer_with_no_taskflow to None, run_after=None
[2024-11-08T13:46:12.502+0000] {logging_mixin.py:190} INFO - [2024-11-08T13:46:12.502+0000] {dag.py:4180} INFO - Setting next_dagrun for dataset_s3_bucket_consumer_with_no_taskflow to None, run_after=None
[2024-11-08T13:46:12.503+0000] {logging_mixin.py:190} INFO - [2024-11-08T13:46:12.503+0000] {dag.py:4180} INFO - Setting next_dagrun for dataset_s3_bucket_producer_with_no_taskflow to None, run_after=None
[2024-11-08T13:46:12.521+0000] {processor.py:208} INFO - Processing /home/airflow/.local/lib/python3.12/site-packages/airflow/example_dags/example_dataset_alias_with_no_taskflow.py took 0.552 seconds
[2024-11-08T13:46:42.621+0000] {processor.py:186} INFO - Started process (PID=795) to work on /home/airflow/.local/lib/python3.12/site-packages/airflow/example_dags/example_dataset_alias_with_no_taskflow.py
[2024-11-08T13:46:42.622+0000] {processor.py:914} INFO - Processing file /home/airflow/.local/lib/python3.12/site-packages/airflow/example_dags/example_dataset_alias_with_no_taskflow.py for tasks to queue
[2024-11-08T13:46:42.623+0000] {logging_mixin.py:190} INFO - [2024-11-08T13:46:42.623+0000] {dagbag.py:588} INFO - Filling up the DagBag from /home/airflow/.local/lib/python3.12/site-packages/airflow/example_dags/example_dataset_alias_with_no_taskflow.py
[2024-11-08T13:46:43.089+0000] {processor.py:925} INFO - DAG(s) 'dataset_alias_example_alias_producer_with_no_taskflow', 'dataset_alias_example_alias_consumer_with_no_taskflow', 'dataset_s3_bucket_consumer_with_no_taskflow', 'dataset_s3_bucket_producer_with_no_taskflow' retrieved from /home/airflow/.local/lib/python3.12/site-packages/airflow/example_dags/example_dataset_alias_with_no_taskflow.py
[2024-11-08T13:46:43.104+0000] {logging_mixin.py:190} INFO - [2024-11-08T13:46:43.104+0000] {dag.py:3239} INFO - Sync 4 DAGs
[2024-11-08T13:46:43.121+0000] {logging_mixin.py:190} INFO - [2024-11-08T13:46:43.121+0000] {dag.py:4180} INFO - Setting next_dagrun for dataset_alias_example_alias_consumer_with_no_taskflow to None, run_after=None
[2024-11-08T13:46:43.123+0000] {logging_mixin.py:190} INFO - [2024-11-08T13:46:43.123+0000] {dag.py:4180} INFO - Setting next_dagrun for dataset_alias_example_alias_producer_with_no_taskflow to None, run_after=None
[2024-11-08T13:46:43.124+0000] {logging_mixin.py:190} INFO - [2024-11-08T13:46:43.124+0000] {dag.py:4180} INFO - Setting next_dagrun for dataset_s3_bucket_consumer_with_no_taskflow to None, run_after=None
[2024-11-08T13:46:43.125+0000] {logging_mixin.py:190} INFO - [2024-11-08T13:46:43.125+0000] {dag.py:4180} INFO - Setting next_dagrun for dataset_s3_bucket_producer_with_no_taskflow to None, run_after=None
[2024-11-08T13:46:43.145+0000] {processor.py:208} INFO - Processing /home/airflow/.local/lib/python3.12/site-packages/airflow/example_dags/example_dataset_alias_with_no_taskflow.py took 0.527 seconds
[2024-11-08T13:47:13.911+0000] {processor.py:186} INFO - Started process (PID=859) to work on /home/airflow/.local/lib/python3.12/site-packages/airflow/example_dags/example_dataset_alias_with_no_taskflow.py
[2024-11-08T13:47:13.911+0000] {processor.py:914} INFO - Processing file /home/airflow/.local/lib/python3.12/site-packages/airflow/example_dags/example_dataset_alias_with_no_taskflow.py for tasks to queue
[2024-11-08T13:47:13.913+0000] {logging_mixin.py:190} INFO - [2024-11-08T13:47:13.912+0000] {dagbag.py:588} INFO - Filling up the DagBag from /home/airflow/.local/lib/python3.12/site-packages/airflow/example_dags/example_dataset_alias_with_no_taskflow.py
[2024-11-08T13:47:14.360+0000] {processor.py:925} INFO - DAG(s) 'dataset_alias_example_alias_producer_with_no_taskflow', 'dataset_alias_example_alias_consumer_with_no_taskflow', 'dataset_s3_bucket_producer_with_no_taskflow', 'dataset_s3_bucket_consumer_with_no_taskflow' retrieved from /home/airflow/.local/lib/python3.12/site-packages/airflow/example_dags/example_dataset_alias_with_no_taskflow.py
[2024-11-08T13:47:14.374+0000] {logging_mixin.py:190} INFO - [2024-11-08T13:47:14.374+0000] {dag.py:3239} INFO - Sync 4 DAGs
[2024-11-08T13:47:14.392+0000] {logging_mixin.py:190} INFO - [2024-11-08T13:47:14.392+0000] {dag.py:4180} INFO - Setting next_dagrun for dataset_alias_example_alias_consumer_with_no_taskflow to None, run_after=None
[2024-11-08T13:47:14.394+0000] {logging_mixin.py:190} INFO - [2024-11-08T13:47:14.393+0000] {dag.py:4180} INFO - Setting next_dagrun for dataset_alias_example_alias_producer_with_no_taskflow to None, run_after=None
[2024-11-08T13:47:14.395+0000] {logging_mixin.py:190} INFO - [2024-11-08T13:47:14.395+0000] {dag.py:4180} INFO - Setting next_dagrun for dataset_s3_bucket_consumer_with_no_taskflow to None, run_after=None
[2024-11-08T13:47:14.396+0000] {logging_mixin.py:190} INFO - [2024-11-08T13:47:14.396+0000] {dag.py:4180} INFO - Setting next_dagrun for dataset_s3_bucket_producer_with_no_taskflow to None, run_after=None
[2024-11-08T13:47:14.421+0000] {processor.py:208} INFO - Processing /home/airflow/.local/lib/python3.12/site-packages/airflow/example_dags/example_dataset_alias_with_no_taskflow.py took 0.514 seconds
[2024-11-08T13:47:44.863+0000] {processor.py:186} INFO - Started process (PID=923) to work on /home/airflow/.local/lib/python3.12/site-packages/airflow/example_dags/example_dataset_alias_with_no_taskflow.py
[2024-11-08T13:47:44.864+0000] {processor.py:914} INFO - Processing file /home/airflow/.local/lib/python3.12/site-packages/airflow/example_dags/example_dataset_alias_with_no_taskflow.py for tasks to queue
[2024-11-08T13:47:44.865+0000] {logging_mixin.py:190} INFO - [2024-11-08T13:47:44.865+0000] {dagbag.py:588} INFO - Filling up the DagBag from /home/airflow/.local/lib/python3.12/site-packages/airflow/example_dags/example_dataset_alias_with_no_taskflow.py
[2024-11-08T13:47:45.300+0000] {processor.py:925} INFO - DAG(s) 'dataset_s3_bucket_producer_with_no_taskflow', 'dataset_alias_example_alias_consumer_with_no_taskflow', 'dataset_alias_example_alias_producer_with_no_taskflow', 'dataset_s3_bucket_consumer_with_no_taskflow' retrieved from /home/airflow/.local/lib/python3.12/site-packages/airflow/example_dags/example_dataset_alias_with_no_taskflow.py
[2024-11-08T13:47:45.316+0000] {logging_mixin.py:190} INFO - [2024-11-08T13:47:45.315+0000] {dag.py:3239} INFO - Sync 4 DAGs
[2024-11-08T13:47:45.332+0000] {logging_mixin.py:190} INFO - [2024-11-08T13:47:45.332+0000] {dag.py:4180} INFO - Setting next_dagrun for dataset_alias_example_alias_consumer_with_no_taskflow to None, run_after=None
[2024-11-08T13:47:45.334+0000] {logging_mixin.py:190} INFO - [2024-11-08T13:47:45.334+0000] {dag.py:4180} INFO - Setting next_dagrun for dataset_alias_example_alias_producer_with_no_taskflow to None, run_after=None
[2024-11-08T13:47:45.336+0000] {logging_mixin.py:190} INFO - [2024-11-08T13:47:45.335+0000] {dag.py:4180} INFO - Setting next_dagrun for dataset_s3_bucket_consumer_with_no_taskflow to None, run_after=None
[2024-11-08T13:47:45.337+0000] {logging_mixin.py:190} INFO - [2024-11-08T13:47:45.336+0000] {dag.py:4180} INFO - Setting next_dagrun for dataset_s3_bucket_producer_with_no_taskflow to None, run_after=None
[2024-11-08T13:47:45.353+0000] {processor.py:208} INFO - Processing /home/airflow/.local/lib/python3.12/site-packages/airflow/example_dags/example_dataset_alias_with_no_taskflow.py took 0.494 seconds
[2024-11-08T13:48:16.132+0000] {processor.py:186} INFO - Started process (PID=987) to work on /home/airflow/.local/lib/python3.12/site-packages/airflow/example_dags/example_dataset_alias_with_no_taskflow.py
[2024-11-08T13:48:16.133+0000] {processor.py:914} INFO - Processing file /home/airflow/.local/lib/python3.12/site-packages/airflow/example_dags/example_dataset_alias_with_no_taskflow.py for tasks to queue
[2024-11-08T13:48:16.134+0000] {logging_mixin.py:190} INFO - [2024-11-08T13:48:16.134+0000] {dagbag.py:588} INFO - Filling up the DagBag from /home/airflow/.local/lib/python3.12/site-packages/airflow/example_dags/example_dataset_alias_with_no_taskflow.py
[2024-11-08T13:48:16.573+0000] {processor.py:925} INFO - DAG(s) 'dataset_alias_example_alias_consumer_with_no_taskflow', 'dataset_alias_example_alias_producer_with_no_taskflow', 'dataset_s3_bucket_consumer_with_no_taskflow', 'dataset_s3_bucket_producer_with_no_taskflow' retrieved from /home/airflow/.local/lib/python3.12/site-packages/airflow/example_dags/example_dataset_alias_with_no_taskflow.py
[2024-11-08T13:48:16.588+0000] {logging_mixin.py:190} INFO - [2024-11-08T13:48:16.588+0000] {dag.py:3239} INFO - Sync 4 DAGs
[2024-11-08T13:48:16.604+0000] {logging_mixin.py:190} INFO - [2024-11-08T13:48:16.604+0000] {dag.py:4180} INFO - Setting next_dagrun for dataset_alias_example_alias_consumer_with_no_taskflow to None, run_after=None
[2024-11-08T13:48:16.606+0000] {logging_mixin.py:190} INFO - [2024-11-08T13:48:16.606+0000] {dag.py:4180} INFO - Setting next_dagrun for dataset_alias_example_alias_producer_with_no_taskflow to None, run_after=None
[2024-11-08T13:48:16.607+0000] {logging_mixin.py:190} INFO - [2024-11-08T13:48:16.607+0000] {dag.py:4180} INFO - Setting next_dagrun for dataset_s3_bucket_consumer_with_no_taskflow to None, run_after=None
[2024-11-08T13:48:16.608+0000] {logging_mixin.py:190} INFO - [2024-11-08T13:48:16.608+0000] {dag.py:4180} INFO - Setting next_dagrun for dataset_s3_bucket_producer_with_no_taskflow to None, run_after=None
[2024-11-08T13:48:16.630+0000] {processor.py:208} INFO - Processing /home/airflow/.local/lib/python3.12/site-packages/airflow/example_dags/example_dataset_alias_with_no_taskflow.py took 0.502 seconds
[2024-11-08T13:48:47.117+0000] {processor.py:186} INFO - Started process (PID=1051) to work on /home/airflow/.local/lib/python3.12/site-packages/airflow/example_dags/example_dataset_alias_with_no_taskflow.py
[2024-11-08T13:48:47.118+0000] {processor.py:914} INFO - Processing file /home/airflow/.local/lib/python3.12/site-packages/airflow/example_dags/example_dataset_alias_with_no_taskflow.py for tasks to queue
[2024-11-08T13:48:47.120+0000] {logging_mixin.py:190} INFO - [2024-11-08T13:48:47.120+0000] {dagbag.py:588} INFO - Filling up the DagBag from /home/airflow/.local/lib/python3.12/site-packages/airflow/example_dags/example_dataset_alias_with_no_taskflow.py
[2024-11-08T13:48:47.655+0000] {processor.py:925} INFO - DAG(s) 'dataset_alias_example_alias_producer_with_no_taskflow', 'dataset_s3_bucket_consumer_with_no_taskflow', 'dataset_alias_example_alias_consumer_with_no_taskflow', 'dataset_s3_bucket_producer_with_no_taskflow' retrieved from /home/airflow/.local/lib/python3.12/site-packages/airflow/example_dags/example_dataset_alias_with_no_taskflow.py
[2024-11-08T13:48:47.675+0000] {logging_mixin.py:190} INFO - [2024-11-08T13:48:47.674+0000] {dag.py:3239} INFO - Sync 4 DAGs
