[2024-11-08T13:40:56.218+0000] {processor.py:186} INFO - Started process (PID=66) to work on /home/airflow/.local/lib/python3.12/site-packages/airflow/example_dags/example_branch_labels.py
[2024-11-08T13:40:56.219+0000] {processor.py:914} INFO - Processing file /home/airflow/.local/lib/python3.12/site-packages/airflow/example_dags/example_branch_labels.py for tasks to queue
[2024-11-08T13:40:56.220+0000] {logging_mixin.py:190} INFO - [2024-11-08T13:40:56.220+0000] {dagbag.py:588} INFO - Filling up the DagBag from /home/airflow/.local/lib/python3.12/site-packages/airflow/example_dags/example_branch_labels.py
[2024-11-08T13:40:56.228+0000] {processor.py:925} INFO - DAG(s) 'example_branch_labels' retrieved from /home/airflow/.local/lib/python3.12/site-packages/airflow/example_dags/example_branch_labels.py
[2024-11-08T13:40:56.312+0000] {logging_mixin.py:190} INFO - [2024-11-08T13:40:56.311+0000] {override.py:1911} INFO - Created Permission View: can read on DAG:example_branch_labels
[2024-11-08T13:40:56.322+0000] {logging_mixin.py:190} INFO - [2024-11-08T13:40:56.322+0000] {override.py:1911} INFO - Created Permission View: can edit on DAG:example_branch_labels
[2024-11-08T13:40:56.330+0000] {logging_mixin.py:190} INFO - [2024-11-08T13:40:56.329+0000] {override.py:1911} INFO - Created Permission View: can delete on DAG:example_branch_labels
[2024-11-08T13:40:56.339+0000] {logging_mixin.py:190} INFO - [2024-11-08T13:40:56.339+0000] {override.py:1911} INFO - Created Permission View: can read on DAG Run:example_branch_labels
[2024-11-08T13:40:56.350+0000] {logging_mixin.py:190} INFO - [2024-11-08T13:40:56.349+0000] {override.py:1911} INFO - Created Permission View: can create on DAG Run:example_branch_labels
[2024-11-08T13:40:56.360+0000] {logging_mixin.py:190} INFO - [2024-11-08T13:40:56.359+0000] {override.py:1911} INFO - Created Permission View: can delete on DAG Run:example_branch_labels
[2024-11-08T13:40:56.370+0000] {logging_mixin.py:190} INFO - [2024-11-08T13:40:56.369+0000] {override.py:1911} INFO - Created Permission View: menu access on DAG Run:example_branch_labels
[2024-11-08T13:40:56.370+0000] {logging_mixin.py:190} INFO - [2024-11-08T13:40:56.370+0000] {dag.py:3239} INFO - Sync 1 DAGs
[2024-11-08T13:40:56.381+0000] {logging_mixin.py:190} INFO - [2024-11-08T13:40:56.380+0000] {dag.py:3262} INFO - Creating ORM DAG for example_branch_labels
[2024-11-08T13:40:56.389+0000] {logging_mixin.py:190} INFO - [2024-11-08T13:40:56.389+0000] {dag.py:4180} INFO - Setting next_dagrun for example_branch_labels to 2024-11-07 00:00:00+00:00, run_after=2024-11-08 00:00:00+00:00
[2024-11-08T13:40:56.405+0000] {processor.py:208} INFO - Processing /home/airflow/.local/lib/python3.12/site-packages/airflow/example_dags/example_branch_labels.py took 0.190 seconds
[2024-11-08T13:41:27.197+0000] {processor.py:186} INFO - Started process (PID=135) to work on /home/airflow/.local/lib/python3.12/site-packages/airflow/example_dags/example_branch_labels.py
[2024-11-08T13:41:27.197+0000] {processor.py:914} INFO - Processing file /home/airflow/.local/lib/python3.12/site-packages/airflow/example_dags/example_branch_labels.py for tasks to queue
[2024-11-08T13:41:27.199+0000] {logging_mixin.py:190} INFO - [2024-11-08T13:41:27.198+0000] {dagbag.py:588} INFO - Filling up the DagBag from /home/airflow/.local/lib/python3.12/site-packages/airflow/example_dags/example_branch_labels.py
[2024-11-08T13:41:27.205+0000] {processor.py:925} INFO - DAG(s) 'example_branch_labels' retrieved from /home/airflow/.local/lib/python3.12/site-packages/airflow/example_dags/example_branch_labels.py
[2024-11-08T13:41:27.219+0000] {logging_mixin.py:190} INFO - [2024-11-08T13:41:27.219+0000] {dag.py:3239} INFO - Sync 1 DAGs
[2024-11-08T13:41:27.236+0000] {logging_mixin.py:190} INFO - [2024-11-08T13:41:27.235+0000] {dag.py:4180} INFO - Setting next_dagrun for example_branch_labels to 2024-11-07 00:00:00+00:00, run_after=2024-11-08 00:00:00+00:00
[2024-11-08T13:41:27.252+0000] {processor.py:208} INFO - Processing /home/airflow/.local/lib/python3.12/site-packages/airflow/example_dags/example_branch_labels.py took 0.060 seconds
[2024-11-08T13:41:57.943+0000] {processor.py:186} INFO - Started process (PID=198) to work on /home/airflow/.local/lib/python3.12/site-packages/airflow/example_dags/example_branch_labels.py
[2024-11-08T13:41:57.944+0000] {processor.py:914} INFO - Processing file /home/airflow/.local/lib/python3.12/site-packages/airflow/example_dags/example_branch_labels.py for tasks to queue
[2024-11-08T13:41:57.945+0000] {logging_mixin.py:190} INFO - [2024-11-08T13:41:57.945+0000] {dagbag.py:588} INFO - Filling up the DagBag from /home/airflow/.local/lib/python3.12/site-packages/airflow/example_dags/example_branch_labels.py
[2024-11-08T13:41:57.952+0000] {processor.py:925} INFO - DAG(s) 'example_branch_labels' retrieved from /home/airflow/.local/lib/python3.12/site-packages/airflow/example_dags/example_branch_labels.py
[2024-11-08T13:41:57.967+0000] {logging_mixin.py:190} INFO - [2024-11-08T13:41:57.966+0000] {dag.py:3239} INFO - Sync 1 DAGs
[2024-11-08T13:41:57.984+0000] {logging_mixin.py:190} INFO - [2024-11-08T13:41:57.984+0000] {dag.py:4180} INFO - Setting next_dagrun for example_branch_labels to 2024-11-07 00:00:00+00:00, run_after=2024-11-08 00:00:00+00:00
[2024-11-08T13:41:58.001+0000] {processor.py:208} INFO - Processing /home/airflow/.local/lib/python3.12/site-packages/airflow/example_dags/example_branch_labels.py took 0.061 seconds
[2024-11-08T13:42:28.176+0000] {processor.py:186} INFO - Started process (PID=261) to work on /home/airflow/.local/lib/python3.12/site-packages/airflow/example_dags/example_branch_labels.py
[2024-11-08T13:42:28.177+0000] {processor.py:914} INFO - Processing file /home/airflow/.local/lib/python3.12/site-packages/airflow/example_dags/example_branch_labels.py for tasks to queue
[2024-11-08T13:42:28.179+0000] {logging_mixin.py:190} INFO - [2024-11-08T13:42:28.178+0000] {dagbag.py:588} INFO - Filling up the DagBag from /home/airflow/.local/lib/python3.12/site-packages/airflow/example_dags/example_branch_labels.py
[2024-11-08T13:42:28.185+0000] {processor.py:925} INFO - DAG(s) 'example_branch_labels' retrieved from /home/airflow/.local/lib/python3.12/site-packages/airflow/example_dags/example_branch_labels.py
[2024-11-08T13:42:28.200+0000] {logging_mixin.py:190} INFO - [2024-11-08T13:42:28.200+0000] {dag.py:3239} INFO - Sync 1 DAGs
[2024-11-08T13:42:28.219+0000] {logging_mixin.py:190} INFO - [2024-11-08T13:42:28.218+0000] {dag.py:4180} INFO - Setting next_dagrun for example_branch_labels to 2024-11-07 00:00:00+00:00, run_after=2024-11-08 00:00:00+00:00
[2024-11-08T13:42:28.238+0000] {processor.py:208} INFO - Processing /home/airflow/.local/lib/python3.12/site-packages/airflow/example_dags/example_branch_labels.py took 0.065 seconds
[2024-11-08T13:42:58.513+0000] {processor.py:186} INFO - Started process (PID=324) to work on /home/airflow/.local/lib/python3.12/site-packages/airflow/example_dags/example_branch_labels.py
[2024-11-08T13:42:58.514+0000] {processor.py:914} INFO - Processing file /home/airflow/.local/lib/python3.12/site-packages/airflow/example_dags/example_branch_labels.py for tasks to queue
[2024-11-08T13:42:58.515+0000] {logging_mixin.py:190} INFO - [2024-11-08T13:42:58.515+0000] {dagbag.py:588} INFO - Filling up the DagBag from /home/airflow/.local/lib/python3.12/site-packages/airflow/example_dags/example_branch_labels.py
[2024-11-08T13:42:58.522+0000] {processor.py:925} INFO - DAG(s) 'example_branch_labels' retrieved from /home/airflow/.local/lib/python3.12/site-packages/airflow/example_dags/example_branch_labels.py
[2024-11-08T13:42:58.536+0000] {logging_mixin.py:190} INFO - [2024-11-08T13:42:58.536+0000] {dag.py:3239} INFO - Sync 1 DAGs
[2024-11-08T13:42:58.553+0000] {logging_mixin.py:190} INFO - [2024-11-08T13:42:58.552+0000] {dag.py:4180} INFO - Setting next_dagrun for example_branch_labels to 2024-11-07 00:00:00+00:00, run_after=2024-11-08 00:00:00+00:00
[2024-11-08T13:42:58.570+0000] {processor.py:208} INFO - Processing /home/airflow/.local/lib/python3.12/site-packages/airflow/example_dags/example_branch_labels.py took 0.061 seconds
[2024-11-08T13:43:28.775+0000] {processor.py:186} INFO - Started process (PID=387) to work on /home/airflow/.local/lib/python3.12/site-packages/airflow/example_dags/example_branch_labels.py
[2024-11-08T13:43:28.776+0000] {processor.py:914} INFO - Processing file /home/airflow/.local/lib/python3.12/site-packages/airflow/example_dags/example_branch_labels.py for tasks to queue
[2024-11-08T13:43:28.777+0000] {logging_mixin.py:190} INFO - [2024-11-08T13:43:28.777+0000] {dagbag.py:588} INFO - Filling up the DagBag from /home/airflow/.local/lib/python3.12/site-packages/airflow/example_dags/example_branch_labels.py
[2024-11-08T13:43:28.784+0000] {processor.py:925} INFO - DAG(s) 'example_branch_labels' retrieved from /home/airflow/.local/lib/python3.12/site-packages/airflow/example_dags/example_branch_labels.py
[2024-11-08T13:43:28.798+0000] {logging_mixin.py:190} INFO - [2024-11-08T13:43:28.798+0000] {dag.py:3239} INFO - Sync 1 DAGs
[2024-11-08T13:43:28.815+0000] {logging_mixin.py:190} INFO - [2024-11-08T13:43:28.815+0000] {dag.py:4180} INFO - Setting next_dagrun for example_branch_labels to 2024-11-07 00:00:00+00:00, run_after=2024-11-08 00:00:00+00:00
[2024-11-08T13:43:28.830+0000] {processor.py:208} INFO - Processing /home/airflow/.local/lib/python3.12/site-packages/airflow/example_dags/example_branch_labels.py took 0.059 seconds
[2024-11-08T13:43:59.433+0000] {processor.py:186} INFO - Started process (PID=450) to work on /home/airflow/.local/lib/python3.12/site-packages/airflow/example_dags/example_branch_labels.py
[2024-11-08T13:43:59.434+0000] {processor.py:914} INFO - Processing file /home/airflow/.local/lib/python3.12/site-packages/airflow/example_dags/example_branch_labels.py for tasks to queue
[2024-11-08T13:43:59.435+0000] {logging_mixin.py:190} INFO - [2024-11-08T13:43:59.435+0000] {dagbag.py:588} INFO - Filling up the DagBag from /home/airflow/.local/lib/python3.12/site-packages/airflow/example_dags/example_branch_labels.py
[2024-11-08T13:43:59.443+0000] {processor.py:925} INFO - DAG(s) 'example_branch_labels' retrieved from /home/airflow/.local/lib/python3.12/site-packages/airflow/example_dags/example_branch_labels.py
[2024-11-08T13:43:59.459+0000] {logging_mixin.py:190} INFO - [2024-11-08T13:43:59.459+0000] {dag.py:3239} INFO - Sync 1 DAGs
[2024-11-08T13:43:59.478+0000] {logging_mixin.py:190} INFO - [2024-11-08T13:43:59.478+0000] {dag.py:4180} INFO - Setting next_dagrun for example_branch_labels to 2024-11-07 00:00:00+00:00, run_after=2024-11-08 00:00:00+00:00
[2024-11-08T13:43:59.495+0000] {processor.py:208} INFO - Processing /home/airflow/.local/lib/python3.12/site-packages/airflow/example_dags/example_branch_labels.py took 0.067 seconds
[2024-11-08T13:44:29.994+0000] {processor.py:186} INFO - Started process (PID=513) to work on /home/airflow/.local/lib/python3.12/site-packages/airflow/example_dags/example_branch_labels.py
[2024-11-08T13:44:29.995+0000] {processor.py:914} INFO - Processing file /home/airflow/.local/lib/python3.12/site-packages/airflow/example_dags/example_branch_labels.py for tasks to queue
[2024-11-08T13:44:29.996+0000] {logging_mixin.py:190} INFO - [2024-11-08T13:44:29.996+0000] {dagbag.py:588} INFO - Filling up the DagBag from /home/airflow/.local/lib/python3.12/site-packages/airflow/example_dags/example_branch_labels.py
[2024-11-08T13:44:30.003+0000] {processor.py:925} INFO - DAG(s) 'example_branch_labels' retrieved from /home/airflow/.local/lib/python3.12/site-packages/airflow/example_dags/example_branch_labels.py
[2024-11-08T13:44:30.017+0000] {logging_mixin.py:190} INFO - [2024-11-08T13:44:30.017+0000] {dag.py:3239} INFO - Sync 1 DAGs
[2024-11-08T13:44:30.034+0000] {logging_mixin.py:190} INFO - [2024-11-08T13:44:30.033+0000] {dag.py:4180} INFO - Setting next_dagrun for example_branch_labels to 2024-11-07 00:00:00+00:00, run_after=2024-11-08 00:00:00+00:00
[2024-11-08T13:44:30.049+0000] {processor.py:208} INFO - Processing /home/airflow/.local/lib/python3.12/site-packages/airflow/example_dags/example_branch_labels.py took 0.060 seconds
[2024-11-08T13:45:00.480+0000] {processor.py:186} INFO - Started process (PID=576) to work on /home/airflow/.local/lib/python3.12/site-packages/airflow/example_dags/example_branch_labels.py
[2024-11-08T13:45:00.481+0000] {processor.py:914} INFO - Processing file /home/airflow/.local/lib/python3.12/site-packages/airflow/example_dags/example_branch_labels.py for tasks to queue
[2024-11-08T13:45:00.483+0000] {logging_mixin.py:190} INFO - [2024-11-08T13:45:00.482+0000] {dagbag.py:588} INFO - Filling up the DagBag from /home/airflow/.local/lib/python3.12/site-packages/airflow/example_dags/example_branch_labels.py
[2024-11-08T13:45:00.489+0000] {processor.py:925} INFO - DAG(s) 'example_branch_labels' retrieved from /home/airflow/.local/lib/python3.12/site-packages/airflow/example_dags/example_branch_labels.py
[2024-11-08T13:45:00.504+0000] {logging_mixin.py:190} INFO - [2024-11-08T13:45:00.503+0000] {dag.py:3239} INFO - Sync 1 DAGs
[2024-11-08T13:45:00.520+0000] {logging_mixin.py:190} INFO - [2024-11-08T13:45:00.520+0000] {dag.py:4180} INFO - Setting next_dagrun for example_branch_labels to 2024-11-07 00:00:00+00:00, run_after=2024-11-08 00:00:00+00:00
[2024-11-08T13:45:00.536+0000] {processor.py:208} INFO - Processing /home/airflow/.local/lib/python3.12/site-packages/airflow/example_dags/example_branch_labels.py took 0.059 seconds
[2024-11-08T13:45:31.436+0000] {processor.py:186} INFO - Started process (PID=639) to work on /home/airflow/.local/lib/python3.12/site-packages/airflow/example_dags/example_branch_labels.py
[2024-11-08T13:45:31.437+0000] {processor.py:914} INFO - Processing file /home/airflow/.local/lib/python3.12/site-packages/airflow/example_dags/example_branch_labels.py for tasks to queue
[2024-11-08T13:45:31.439+0000] {logging_mixin.py:190} INFO - [2024-11-08T13:45:31.439+0000] {dagbag.py:588} INFO - Filling up the DagBag from /home/airflow/.local/lib/python3.12/site-packages/airflow/example_dags/example_branch_labels.py
[2024-11-08T13:45:31.446+0000] {processor.py:925} INFO - DAG(s) 'example_branch_labels' retrieved from /home/airflow/.local/lib/python3.12/site-packages/airflow/example_dags/example_branch_labels.py
[2024-11-08T13:45:31.461+0000] {logging_mixin.py:190} INFO - [2024-11-08T13:45:31.461+0000] {dag.py:3239} INFO - Sync 1 DAGs
[2024-11-08T13:45:31.480+0000] {logging_mixin.py:190} INFO - [2024-11-08T13:45:31.480+0000] {dag.py:4180} INFO - Setting next_dagrun for example_branch_labels to 2024-11-07 00:00:00+00:00, run_after=2024-11-08 00:00:00+00:00
[2024-11-08T13:45:31.496+0000] {processor.py:208} INFO - Processing /home/airflow/.local/lib/python3.12/site-packages/airflow/example_dags/example_branch_labels.py took 0.064 seconds
[2024-11-08T13:46:02.176+0000] {processor.py:186} INFO - Started process (PID=703) to work on /home/airflow/.local/lib/python3.12/site-packages/airflow/example_dags/example_branch_labels.py
[2024-11-08T13:46:02.176+0000] {processor.py:914} INFO - Processing file /home/airflow/.local/lib/python3.12/site-packages/airflow/example_dags/example_branch_labels.py for tasks to queue
[2024-11-08T13:46:02.178+0000] {logging_mixin.py:190} INFO - [2024-11-08T13:46:02.178+0000] {dagbag.py:588} INFO - Filling up the DagBag from /home/airflow/.local/lib/python3.12/site-packages/airflow/example_dags/example_branch_labels.py
[2024-11-08T13:46:02.185+0000] {processor.py:925} INFO - DAG(s) 'example_branch_labels' retrieved from /home/airflow/.local/lib/python3.12/site-packages/airflow/example_dags/example_branch_labels.py
[2024-11-08T13:46:02.200+0000] {logging_mixin.py:190} INFO - [2024-11-08T13:46:02.199+0000] {dag.py:3239} INFO - Sync 1 DAGs
[2024-11-08T13:46:02.216+0000] {logging_mixin.py:190} INFO - [2024-11-08T13:46:02.216+0000] {dag.py:4180} INFO - Setting next_dagrun for example_branch_labels to 2024-11-07 00:00:00+00:00, run_after=2024-11-08 00:00:00+00:00
[2024-11-08T13:46:02.233+0000] {processor.py:208} INFO - Processing /home/airflow/.local/lib/python3.12/site-packages/airflow/example_dags/example_branch_labels.py took 0.061 seconds
[2024-11-08T13:46:32.853+0000] {processor.py:186} INFO - Started process (PID=767) to work on /home/airflow/.local/lib/python3.12/site-packages/airflow/example_dags/example_branch_labels.py
[2024-11-08T13:46:32.854+0000] {processor.py:914} INFO - Processing file /home/airflow/.local/lib/python3.12/site-packages/airflow/example_dags/example_branch_labels.py for tasks to queue
[2024-11-08T13:46:32.856+0000] {logging_mixin.py:190} INFO - [2024-11-08T13:46:32.855+0000] {dagbag.py:588} INFO - Filling up the DagBag from /home/airflow/.local/lib/python3.12/site-packages/airflow/example_dags/example_branch_labels.py
[2024-11-08T13:46:32.864+0000] {processor.py:925} INFO - DAG(s) 'example_branch_labels' retrieved from /home/airflow/.local/lib/python3.12/site-packages/airflow/example_dags/example_branch_labels.py
[2024-11-08T13:46:32.880+0000] {logging_mixin.py:190} INFO - [2024-11-08T13:46:32.879+0000] {dag.py:3239} INFO - Sync 1 DAGs
[2024-11-08T13:46:32.899+0000] {logging_mixin.py:190} INFO - [2024-11-08T13:46:32.898+0000] {dag.py:4180} INFO - Setting next_dagrun for example_branch_labels to 2024-11-07 00:00:00+00:00, run_after=2024-11-08 00:00:00+00:00
[2024-11-08T13:46:32.918+0000] {processor.py:208} INFO - Processing /home/airflow/.local/lib/python3.12/site-packages/airflow/example_dags/example_branch_labels.py took 0.068 seconds
[2024-11-08T13:47:03.199+0000] {processor.py:186} INFO - Started process (PID=831) to work on /home/airflow/.local/lib/python3.12/site-packages/airflow/example_dags/example_branch_labels.py
[2024-11-08T13:47:03.200+0000] {processor.py:914} INFO - Processing file /home/airflow/.local/lib/python3.12/site-packages/airflow/example_dags/example_branch_labels.py for tasks to queue
[2024-11-08T13:47:03.201+0000] {logging_mixin.py:190} INFO - [2024-11-08T13:47:03.201+0000] {dagbag.py:588} INFO - Filling up the DagBag from /home/airflow/.local/lib/python3.12/site-packages/airflow/example_dags/example_branch_labels.py
[2024-11-08T13:47:03.208+0000] {processor.py:925} INFO - DAG(s) 'example_branch_labels' retrieved from /home/airflow/.local/lib/python3.12/site-packages/airflow/example_dags/example_branch_labels.py
[2024-11-08T13:47:03.221+0000] {logging_mixin.py:190} INFO - [2024-11-08T13:47:03.221+0000] {dag.py:3239} INFO - Sync 1 DAGs
[2024-11-08T13:47:03.237+0000] {logging_mixin.py:190} INFO - [2024-11-08T13:47:03.237+0000] {dag.py:4180} INFO - Setting next_dagrun for example_branch_labels to 2024-11-07 00:00:00+00:00, run_after=2024-11-08 00:00:00+00:00
[2024-11-08T13:47:03.250+0000] {processor.py:208} INFO - Processing /home/airflow/.local/lib/python3.12/site-packages/airflow/example_dags/example_branch_labels.py took 0.056 seconds
[2024-11-08T13:47:34.152+0000] {processor.py:186} INFO - Started process (PID=895) to work on /home/airflow/.local/lib/python3.12/site-packages/airflow/example_dags/example_branch_labels.py
[2024-11-08T13:47:34.153+0000] {processor.py:914} INFO - Processing file /home/airflow/.local/lib/python3.12/site-packages/airflow/example_dags/example_branch_labels.py for tasks to queue
[2024-11-08T13:47:34.155+0000] {logging_mixin.py:190} INFO - [2024-11-08T13:47:34.154+0000] {dagbag.py:588} INFO - Filling up the DagBag from /home/airflow/.local/lib/python3.12/site-packages/airflow/example_dags/example_branch_labels.py
[2024-11-08T13:47:34.164+0000] {processor.py:925} INFO - DAG(s) 'example_branch_labels' retrieved from /home/airflow/.local/lib/python3.12/site-packages/airflow/example_dags/example_branch_labels.py
[2024-11-08T13:47:34.181+0000] {logging_mixin.py:190} INFO - [2024-11-08T13:47:34.181+0000] {dag.py:3239} INFO - Sync 1 DAGs
[2024-11-08T13:47:34.200+0000] {logging_mixin.py:190} INFO - [2024-11-08T13:47:34.199+0000] {dag.py:4180} INFO - Setting next_dagrun for example_branch_labels to 2024-11-07 00:00:00+00:00, run_after=2024-11-08 00:00:00+00:00
[2024-11-08T13:47:34.219+0000] {processor.py:208} INFO - Processing /home/airflow/.local/lib/python3.12/site-packages/airflow/example_dags/example_branch_labels.py took 0.072 seconds
[2024-11-08T13:48:04.473+0000] {processor.py:186} INFO - Started process (PID=959) to work on /home/airflow/.local/lib/python3.12/site-packages/airflow/example_dags/example_branch_labels.py
[2024-11-08T13:48:04.474+0000] {processor.py:914} INFO - Processing file /home/airflow/.local/lib/python3.12/site-packages/airflow/example_dags/example_branch_labels.py for tasks to queue
[2024-11-08T13:48:04.475+0000] {logging_mixin.py:190} INFO - [2024-11-08T13:48:04.475+0000] {dagbag.py:588} INFO - Filling up the DagBag from /home/airflow/.local/lib/python3.12/site-packages/airflow/example_dags/example_branch_labels.py
[2024-11-08T13:48:04.482+0000] {processor.py:925} INFO - DAG(s) 'example_branch_labels' retrieved from /home/airflow/.local/lib/python3.12/site-packages/airflow/example_dags/example_branch_labels.py
[2024-11-08T13:48:04.497+0000] {logging_mixin.py:190} INFO - [2024-11-08T13:48:04.497+0000] {dag.py:3239} INFO - Sync 1 DAGs
[2024-11-08T13:48:04.514+0000] {logging_mixin.py:190} INFO - [2024-11-08T13:48:04.514+0000] {dag.py:4180} INFO - Setting next_dagrun for example_branch_labels to 2024-11-07 00:00:00+00:00, run_after=2024-11-08 00:00:00+00:00
[2024-11-08T13:48:04.528+0000] {processor.py:208} INFO - Processing /home/airflow/.local/lib/python3.12/site-packages/airflow/example_dags/example_branch_labels.py took 0.059 seconds
[2024-11-08T13:48:35.376+0000] {processor.py:186} INFO - Started process (PID=1023) to work on /home/airflow/.local/lib/python3.12/site-packages/airflow/example_dags/example_branch_labels.py
[2024-11-08T13:48:35.377+0000] {processor.py:914} INFO - Processing file /home/airflow/.local/lib/python3.12/site-packages/airflow/example_dags/example_branch_labels.py for tasks to queue
[2024-11-08T13:48:35.379+0000] {logging_mixin.py:190} INFO - [2024-11-08T13:48:35.378+0000] {dagbag.py:588} INFO - Filling up the DagBag from /home/airflow/.local/lib/python3.12/site-packages/airflow/example_dags/example_branch_labels.py
[2024-11-08T13:48:35.385+0000] {processor.py:925} INFO - DAG(s) 'example_branch_labels' retrieved from /home/airflow/.local/lib/python3.12/site-packages/airflow/example_dags/example_branch_labels.py
[2024-11-08T13:48:35.399+0000] {logging_mixin.py:190} INFO - [2024-11-08T13:48:35.399+0000] {dag.py:3239} INFO - Sync 1 DAGs
[2024-11-08T13:48:35.415+0000] {logging_mixin.py:190} INFO - [2024-11-08T13:48:35.415+0000] {dag.py:4180} INFO - Setting next_dagrun for example_branch_labels to 2024-11-07 00:00:00+00:00, run_after=2024-11-08 00:00:00+00:00
[2024-11-08T13:48:35.430+0000] {processor.py:208} INFO - Processing /home/airflow/.local/lib/python3.12/site-packages/airflow/example_dags/example_branch_labels.py took 0.057 seconds
