[2024-11-08T13:41:01.683+0000] {processor.py:186} INFO - Started process (PID=105) to work on /home/airflow/.local/lib/python3.12/site-packages/airflow/example_dags/example_latest_only.py
[2024-11-08T13:41:01.684+0000] {processor.py:914} INFO - Processing file /home/airflow/.local/lib/python3.12/site-packages/airflow/example_dags/example_latest_only.py for tasks to queue
[2024-11-08T13:41:01.686+0000] {logging_mixin.py:190} INFO - [2024-11-08T13:41:01.686+0000] {dagbag.py:588} INFO - Filling up the DagBag from /home/airflow/.local/lib/python3.12/site-packages/airflow/example_dags/example_latest_only.py
[2024-11-08T13:41:01.691+0000] {processor.py:925} INFO - DAG(s) 'latest_only' retrieved from /home/airflow/.local/lib/python3.12/site-packages/airflow/example_dags/example_latest_only.py
[2024-11-08T13:41:01.770+0000] {logging_mixin.py:190} INFO - [2024-11-08T13:41:01.769+0000] {override.py:1911} INFO - Created Permission View: can read on DAG:latest_only
[2024-11-08T13:41:01.778+0000] {logging_mixin.py:190} INFO - [2024-11-08T13:41:01.778+0000] {override.py:1911} INFO - Created Permission View: can edit on DAG:latest_only
[2024-11-08T13:41:01.784+0000] {logging_mixin.py:190} INFO - [2024-11-08T13:41:01.784+0000] {override.py:1911} INFO - Created Permission View: can delete on DAG:latest_only
[2024-11-08T13:41:01.793+0000] {logging_mixin.py:190} INFO - [2024-11-08T13:41:01.793+0000] {override.py:1911} INFO - Created Permission View: can read on DAG Run:latest_only
[2024-11-08T13:41:01.799+0000] {logging_mixin.py:190} INFO - [2024-11-08T13:41:01.799+0000] {override.py:1911} INFO - Created Permission View: can create on DAG Run:latest_only
[2024-11-08T13:41:01.806+0000] {logging_mixin.py:190} INFO - [2024-11-08T13:41:01.806+0000] {override.py:1911} INFO - Created Permission View: can delete on DAG Run:latest_only
[2024-11-08T13:41:01.814+0000] {logging_mixin.py:190} INFO - [2024-11-08T13:41:01.813+0000] {override.py:1911} INFO - Created Permission View: menu access on DAG Run:latest_only
[2024-11-08T13:41:01.814+0000] {logging_mixin.py:190} INFO - [2024-11-08T13:41:01.814+0000] {dag.py:3239} INFO - Sync 1 DAGs
[2024-11-08T13:41:01.824+0000] {logging_mixin.py:190} INFO - [2024-11-08T13:41:01.824+0000] {dag.py:3262} INFO - Creating ORM DAG for latest_only
[2024-11-08T13:41:01.832+0000] {logging_mixin.py:190} INFO - [2024-11-08T13:41:01.832+0000] {dag.py:4180} INFO - Setting next_dagrun for latest_only to 2024-11-08 08:00:00+00:00, run_after=2024-11-08 12:00:00+00:00
[2024-11-08T13:41:01.850+0000] {processor.py:208} INFO - Processing /home/airflow/.local/lib/python3.12/site-packages/airflow/example_dags/example_latest_only.py took 0.170 seconds
[2024-11-08T13:41:32.759+0000] {processor.py:186} INFO - Started process (PID=168) to work on /home/airflow/.local/lib/python3.12/site-packages/airflow/example_dags/example_latest_only.py
[2024-11-08T13:41:32.760+0000] {processor.py:914} INFO - Processing file /home/airflow/.local/lib/python3.12/site-packages/airflow/example_dags/example_latest_only.py for tasks to queue
[2024-11-08T13:41:32.761+0000] {logging_mixin.py:190} INFO - [2024-11-08T13:41:32.761+0000] {dagbag.py:588} INFO - Filling up the DagBag from /home/airflow/.local/lib/python3.12/site-packages/airflow/example_dags/example_latest_only.py
[2024-11-08T13:41:32.766+0000] {processor.py:925} INFO - DAG(s) 'latest_only' retrieved from /home/airflow/.local/lib/python3.12/site-packages/airflow/example_dags/example_latest_only.py
[2024-11-08T13:41:32.778+0000] {logging_mixin.py:190} INFO - [2024-11-08T13:41:32.778+0000] {dag.py:3239} INFO - Sync 1 DAGs
[2024-11-08T13:41:32.794+0000] {logging_mixin.py:190} INFO - [2024-11-08T13:41:32.794+0000] {dag.py:4180} INFO - Setting next_dagrun for latest_only to 2024-11-08 08:00:00+00:00, run_after=2024-11-08 12:00:00+00:00
[2024-11-08T13:41:32.810+0000] {processor.py:208} INFO - Processing /home/airflow/.local/lib/python3.12/site-packages/airflow/example_dags/example_latest_only.py took 0.054 seconds
[2024-11-08T13:42:04.156+0000] {processor.py:186} INFO - Started process (PID=231) to work on /home/airflow/.local/lib/python3.12/site-packages/airflow/example_dags/example_latest_only.py
[2024-11-08T13:42:04.157+0000] {processor.py:914} INFO - Processing file /home/airflow/.local/lib/python3.12/site-packages/airflow/example_dags/example_latest_only.py for tasks to queue
[2024-11-08T13:42:04.158+0000] {logging_mixin.py:190} INFO - [2024-11-08T13:42:04.158+0000] {dagbag.py:588} INFO - Filling up the DagBag from /home/airflow/.local/lib/python3.12/site-packages/airflow/example_dags/example_latest_only.py
[2024-11-08T13:42:04.163+0000] {processor.py:925} INFO - DAG(s) 'latest_only' retrieved from /home/airflow/.local/lib/python3.12/site-packages/airflow/example_dags/example_latest_only.py
[2024-11-08T13:42:04.177+0000] {logging_mixin.py:190} INFO - [2024-11-08T13:42:04.177+0000] {dag.py:3239} INFO - Sync 1 DAGs
[2024-11-08T13:42:04.196+0000] {logging_mixin.py:190} INFO - [2024-11-08T13:42:04.196+0000] {dag.py:4180} INFO - Setting next_dagrun for latest_only to 2024-11-08 08:00:00+00:00, run_after=2024-11-08 12:00:00+00:00
[2024-11-08T13:42:04.215+0000] {processor.py:208} INFO - Processing /home/airflow/.local/lib/python3.12/site-packages/airflow/example_dags/example_latest_only.py took 0.062 seconds
[2024-11-08T13:42:35.487+0000] {processor.py:186} INFO - Started process (PID=294) to work on /home/airflow/.local/lib/python3.12/site-packages/airflow/example_dags/example_latest_only.py
[2024-11-08T13:42:35.488+0000] {processor.py:914} INFO - Processing file /home/airflow/.local/lib/python3.12/site-packages/airflow/example_dags/example_latest_only.py for tasks to queue
[2024-11-08T13:42:35.489+0000] {logging_mixin.py:190} INFO - [2024-11-08T13:42:35.489+0000] {dagbag.py:588} INFO - Filling up the DagBag from /home/airflow/.local/lib/python3.12/site-packages/airflow/example_dags/example_latest_only.py
[2024-11-08T13:42:35.493+0000] {processor.py:925} INFO - DAG(s) 'latest_only' retrieved from /home/airflow/.local/lib/python3.12/site-packages/airflow/example_dags/example_latest_only.py
[2024-11-08T13:42:35.506+0000] {logging_mixin.py:190} INFO - [2024-11-08T13:42:35.506+0000] {dag.py:3239} INFO - Sync 1 DAGs
[2024-11-08T13:42:35.522+0000] {logging_mixin.py:190} INFO - [2024-11-08T13:42:35.522+0000] {dag.py:4180} INFO - Setting next_dagrun for latest_only to 2024-11-08 08:00:00+00:00, run_after=2024-11-08 12:00:00+00:00
[2024-11-08T13:42:35.538+0000] {processor.py:208} INFO - Processing /home/airflow/.local/lib/python3.12/site-packages/airflow/example_dags/example_latest_only.py took 0.055 seconds
[2024-11-08T13:43:06.596+0000] {processor.py:186} INFO - Started process (PID=357) to work on /home/airflow/.local/lib/python3.12/site-packages/airflow/example_dags/example_latest_only.py
[2024-11-08T13:43:06.597+0000] {processor.py:914} INFO - Processing file /home/airflow/.local/lib/python3.12/site-packages/airflow/example_dags/example_latest_only.py for tasks to queue
[2024-11-08T13:43:06.599+0000] {logging_mixin.py:190} INFO - [2024-11-08T13:43:06.598+0000] {dagbag.py:588} INFO - Filling up the DagBag from /home/airflow/.local/lib/python3.12/site-packages/airflow/example_dags/example_latest_only.py
[2024-11-08T13:43:06.603+0000] {processor.py:925} INFO - DAG(s) 'latest_only' retrieved from /home/airflow/.local/lib/python3.12/site-packages/airflow/example_dags/example_latest_only.py
[2024-11-08T13:43:06.619+0000] {logging_mixin.py:190} INFO - [2024-11-08T13:43:06.619+0000] {dag.py:3239} INFO - Sync 1 DAGs
[2024-11-08T13:43:06.638+0000] {logging_mixin.py:190} INFO - [2024-11-08T13:43:06.638+0000] {dag.py:4180} INFO - Setting next_dagrun for latest_only to 2024-11-08 08:00:00+00:00, run_after=2024-11-08 12:00:00+00:00
[2024-11-08T13:43:06.654+0000] {processor.py:208} INFO - Processing /home/airflow/.local/lib/python3.12/site-packages/airflow/example_dags/example_latest_only.py took 0.062 seconds
[2024-11-08T13:43:37.228+0000] {processor.py:186} INFO - Started process (PID=420) to work on /home/airflow/.local/lib/python3.12/site-packages/airflow/example_dags/example_latest_only.py
[2024-11-08T13:43:37.228+0000] {processor.py:914} INFO - Processing file /home/airflow/.local/lib/python3.12/site-packages/airflow/example_dags/example_latest_only.py for tasks to queue
[2024-11-08T13:43:37.230+0000] {logging_mixin.py:190} INFO - [2024-11-08T13:43:37.230+0000] {dagbag.py:588} INFO - Filling up the DagBag from /home/airflow/.local/lib/python3.12/site-packages/airflow/example_dags/example_latest_only.py
[2024-11-08T13:43:37.234+0000] {processor.py:925} INFO - DAG(s) 'latest_only' retrieved from /home/airflow/.local/lib/python3.12/site-packages/airflow/example_dags/example_latest_only.py
[2024-11-08T13:43:37.248+0000] {logging_mixin.py:190} INFO - [2024-11-08T13:43:37.248+0000] {dag.py:3239} INFO - Sync 1 DAGs
[2024-11-08T13:43:37.265+0000] {logging_mixin.py:190} INFO - [2024-11-08T13:43:37.265+0000] {dag.py:4180} INFO - Setting next_dagrun for latest_only to 2024-11-08 08:00:00+00:00, run_after=2024-11-08 12:00:00+00:00
[2024-11-08T13:43:37.283+0000] {processor.py:208} INFO - Processing /home/airflow/.local/lib/python3.12/site-packages/airflow/example_dags/example_latest_only.py took 0.059 seconds
[2024-11-08T13:44:07.876+0000] {processor.py:186} INFO - Started process (PID=483) to work on /home/airflow/.local/lib/python3.12/site-packages/airflow/example_dags/example_latest_only.py
[2024-11-08T13:44:07.877+0000] {processor.py:914} INFO - Processing file /home/airflow/.local/lib/python3.12/site-packages/airflow/example_dags/example_latest_only.py for tasks to queue
[2024-11-08T13:44:07.878+0000] {logging_mixin.py:190} INFO - [2024-11-08T13:44:07.878+0000] {dagbag.py:588} INFO - Filling up the DagBag from /home/airflow/.local/lib/python3.12/site-packages/airflow/example_dags/example_latest_only.py
[2024-11-08T13:44:07.883+0000] {processor.py:925} INFO - DAG(s) 'latest_only' retrieved from /home/airflow/.local/lib/python3.12/site-packages/airflow/example_dags/example_latest_only.py
[2024-11-08T13:44:07.896+0000] {logging_mixin.py:190} INFO - [2024-11-08T13:44:07.896+0000] {dag.py:3239} INFO - Sync 1 DAGs
[2024-11-08T13:44:07.913+0000] {logging_mixin.py:190} INFO - [2024-11-08T13:44:07.913+0000] {dag.py:4180} INFO - Setting next_dagrun for latest_only to 2024-11-08 08:00:00+00:00, run_after=2024-11-08 12:00:00+00:00
[2024-11-08T13:44:07.930+0000] {processor.py:208} INFO - Processing /home/airflow/.local/lib/python3.12/site-packages/airflow/example_dags/example_latest_only.py took 0.058 seconds
[2024-11-08T13:44:39.399+0000] {processor.py:186} INFO - Started process (PID=546) to work on /home/airflow/.local/lib/python3.12/site-packages/airflow/example_dags/example_latest_only.py
[2024-11-08T13:44:39.400+0000] {processor.py:914} INFO - Processing file /home/airflow/.local/lib/python3.12/site-packages/airflow/example_dags/example_latest_only.py for tasks to queue
[2024-11-08T13:44:39.402+0000] {logging_mixin.py:190} INFO - [2024-11-08T13:44:39.401+0000] {dagbag.py:588} INFO - Filling up the DagBag from /home/airflow/.local/lib/python3.12/site-packages/airflow/example_dags/example_latest_only.py
[2024-11-08T13:44:39.407+0000] {processor.py:925} INFO - DAG(s) 'latest_only' retrieved from /home/airflow/.local/lib/python3.12/site-packages/airflow/example_dags/example_latest_only.py
[2024-11-08T13:44:39.422+0000] {logging_mixin.py:190} INFO - [2024-11-08T13:44:39.422+0000] {dag.py:3239} INFO - Sync 1 DAGs
[2024-11-08T13:44:39.442+0000] {logging_mixin.py:190} INFO - [2024-11-08T13:44:39.442+0000] {dag.py:4180} INFO - Setting next_dagrun for latest_only to 2024-11-08 08:00:00+00:00, run_after=2024-11-08 12:00:00+00:00
[2024-11-08T13:44:39.459+0000] {processor.py:208} INFO - Processing /home/airflow/.local/lib/python3.12/site-packages/airflow/example_dags/example_latest_only.py took 0.064 seconds
[2024-11-08T13:45:10.852+0000] {processor.py:186} INFO - Started process (PID=609) to work on /home/airflow/.local/lib/python3.12/site-packages/airflow/example_dags/example_latest_only.py
[2024-11-08T13:45:10.853+0000] {processor.py:914} INFO - Processing file /home/airflow/.local/lib/python3.12/site-packages/airflow/example_dags/example_latest_only.py for tasks to queue
[2024-11-08T13:45:10.854+0000] {logging_mixin.py:190} INFO - [2024-11-08T13:45:10.854+0000] {dagbag.py:588} INFO - Filling up the DagBag from /home/airflow/.local/lib/python3.12/site-packages/airflow/example_dags/example_latest_only.py
[2024-11-08T13:45:10.859+0000] {processor.py:925} INFO - DAG(s) 'latest_only' retrieved from /home/airflow/.local/lib/python3.12/site-packages/airflow/example_dags/example_latest_only.py
[2024-11-08T13:45:10.873+0000] {logging_mixin.py:190} INFO - [2024-11-08T13:45:10.872+0000] {dag.py:3239} INFO - Sync 1 DAGs
[2024-11-08T13:45:10.889+0000] {logging_mixin.py:190} INFO - [2024-11-08T13:45:10.889+0000] {dag.py:4180} INFO - Setting next_dagrun for latest_only to 2024-11-08 08:00:00+00:00, run_after=2024-11-08 12:00:00+00:00
[2024-11-08T13:45:10.906+0000] {processor.py:208} INFO - Processing /home/airflow/.local/lib/python3.12/site-packages/airflow/example_dags/example_latest_only.py took 0.058 seconds
[2024-11-08T13:45:41.903+0000] {processor.py:186} INFO - Started process (PID=672) to work on /home/airflow/.local/lib/python3.12/site-packages/airflow/example_dags/example_latest_only.py
[2024-11-08T13:45:41.903+0000] {processor.py:914} INFO - Processing file /home/airflow/.local/lib/python3.12/site-packages/airflow/example_dags/example_latest_only.py for tasks to queue
[2024-11-08T13:45:41.905+0000] {logging_mixin.py:190} INFO - [2024-11-08T13:45:41.905+0000] {dagbag.py:588} INFO - Filling up the DagBag from /home/airflow/.local/lib/python3.12/site-packages/airflow/example_dags/example_latest_only.py
[2024-11-08T13:45:41.910+0000] {processor.py:925} INFO - DAG(s) 'latest_only' retrieved from /home/airflow/.local/lib/python3.12/site-packages/airflow/example_dags/example_latest_only.py
[2024-11-08T13:45:41.923+0000] {logging_mixin.py:190} INFO - [2024-11-08T13:45:41.923+0000] {dag.py:3239} INFO - Sync 1 DAGs
[2024-11-08T13:45:41.939+0000] {logging_mixin.py:190} INFO - [2024-11-08T13:45:41.939+0000] {dag.py:4180} INFO - Setting next_dagrun for latest_only to 2024-11-08 08:00:00+00:00, run_after=2024-11-08 12:00:00+00:00
[2024-11-08T13:45:41.957+0000] {processor.py:208} INFO - Processing /home/airflow/.local/lib/python3.12/site-packages/airflow/example_dags/example_latest_only.py took 0.058 seconds
[2024-11-08T13:46:12.654+0000] {processor.py:186} INFO - Started process (PID=736) to work on /home/airflow/.local/lib/python3.12/site-packages/airflow/example_dags/example_latest_only.py
[2024-11-08T13:46:12.655+0000] {processor.py:914} INFO - Processing file /home/airflow/.local/lib/python3.12/site-packages/airflow/example_dags/example_latest_only.py for tasks to queue
[2024-11-08T13:46:12.656+0000] {logging_mixin.py:190} INFO - [2024-11-08T13:46:12.656+0000] {dagbag.py:588} INFO - Filling up the DagBag from /home/airflow/.local/lib/python3.12/site-packages/airflow/example_dags/example_latest_only.py
[2024-11-08T13:46:12.662+0000] {processor.py:925} INFO - DAG(s) 'latest_only' retrieved from /home/airflow/.local/lib/python3.12/site-packages/airflow/example_dags/example_latest_only.py
[2024-11-08T13:46:12.678+0000] {logging_mixin.py:190} INFO - [2024-11-08T13:46:12.678+0000] {dag.py:3239} INFO - Sync 1 DAGs
[2024-11-08T13:46:12.696+0000] {logging_mixin.py:190} INFO - [2024-11-08T13:46:12.696+0000] {dag.py:4180} INFO - Setting next_dagrun for latest_only to 2024-11-08 08:00:00+00:00, run_after=2024-11-08 12:00:00+00:00
[2024-11-08T13:46:12.715+0000] {processor.py:208} INFO - Processing /home/airflow/.local/lib/python3.12/site-packages/airflow/example_dags/example_latest_only.py took 0.065 seconds
[2024-11-08T13:46:43.269+0000] {processor.py:186} INFO - Started process (PID=800) to work on /home/airflow/.local/lib/python3.12/site-packages/airflow/example_dags/example_latest_only.py
[2024-11-08T13:46:43.270+0000] {processor.py:914} INFO - Processing file /home/airflow/.local/lib/python3.12/site-packages/airflow/example_dags/example_latest_only.py for tasks to queue
[2024-11-08T13:46:43.271+0000] {logging_mixin.py:190} INFO - [2024-11-08T13:46:43.271+0000] {dagbag.py:588} INFO - Filling up the DagBag from /home/airflow/.local/lib/python3.12/site-packages/airflow/example_dags/example_latest_only.py
[2024-11-08T13:46:43.277+0000] {processor.py:925} INFO - DAG(s) 'latest_only' retrieved from /home/airflow/.local/lib/python3.12/site-packages/airflow/example_dags/example_latest_only.py
[2024-11-08T13:46:43.289+0000] {logging_mixin.py:190} INFO - [2024-11-08T13:46:43.289+0000] {dag.py:3239} INFO - Sync 1 DAGs
[2024-11-08T13:46:43.306+0000] {logging_mixin.py:190} INFO - [2024-11-08T13:46:43.305+0000] {dag.py:4180} INFO - Setting next_dagrun for latest_only to 2024-11-08 08:00:00+00:00, run_after=2024-11-08 12:00:00+00:00
[2024-11-08T13:46:43.319+0000] {processor.py:208} INFO - Processing /home/airflow/.local/lib/python3.12/site-packages/airflow/example_dags/example_latest_only.py took 0.053 seconds
[2024-11-08T13:47:14.606+0000] {processor.py:186} INFO - Started process (PID=864) to work on /home/airflow/.local/lib/python3.12/site-packages/airflow/example_dags/example_latest_only.py
[2024-11-08T13:47:14.607+0000] {processor.py:914} INFO - Processing file /home/airflow/.local/lib/python3.12/site-packages/airflow/example_dags/example_latest_only.py for tasks to queue
[2024-11-08T13:47:14.608+0000] {logging_mixin.py:190} INFO - [2024-11-08T13:47:14.608+0000] {dagbag.py:588} INFO - Filling up the DagBag from /home/airflow/.local/lib/python3.12/site-packages/airflow/example_dags/example_latest_only.py
[2024-11-08T13:47:14.613+0000] {processor.py:925} INFO - DAG(s) 'latest_only' retrieved from /home/airflow/.local/lib/python3.12/site-packages/airflow/example_dags/example_latest_only.py
[2024-11-08T13:47:14.627+0000] {logging_mixin.py:190} INFO - [2024-11-08T13:47:14.626+0000] {dag.py:3239} INFO - Sync 1 DAGs
[2024-11-08T13:47:14.643+0000] {logging_mixin.py:190} INFO - [2024-11-08T13:47:14.643+0000] {dag.py:4180} INFO - Setting next_dagrun for latest_only to 2024-11-08 08:00:00+00:00, run_after=2024-11-08 12:00:00+00:00
[2024-11-08T13:47:14.660+0000] {processor.py:208} INFO - Processing /home/airflow/.local/lib/python3.12/site-packages/airflow/example_dags/example_latest_only.py took 0.058 seconds
[2024-11-08T13:47:45.492+0000] {processor.py:186} INFO - Started process (PID=928) to work on /home/airflow/.local/lib/python3.12/site-packages/airflow/example_dags/example_latest_only.py
[2024-11-08T13:47:45.493+0000] {processor.py:914} INFO - Processing file /home/airflow/.local/lib/python3.12/site-packages/airflow/example_dags/example_latest_only.py for tasks to queue
[2024-11-08T13:47:45.495+0000] {logging_mixin.py:190} INFO - [2024-11-08T13:47:45.494+0000] {dagbag.py:588} INFO - Filling up the DagBag from /home/airflow/.local/lib/python3.12/site-packages/airflow/example_dags/example_latest_only.py
[2024-11-08T13:47:45.499+0000] {processor.py:925} INFO - DAG(s) 'latest_only' retrieved from /home/airflow/.local/lib/python3.12/site-packages/airflow/example_dags/example_latest_only.py
[2024-11-08T13:47:45.512+0000] {logging_mixin.py:190} INFO - [2024-11-08T13:47:45.512+0000] {dag.py:3239} INFO - Sync 1 DAGs
[2024-11-08T13:47:45.529+0000] {logging_mixin.py:190} INFO - [2024-11-08T13:47:45.528+0000] {dag.py:4180} INFO - Setting next_dagrun for latest_only to 2024-11-08 08:00:00+00:00, run_after=2024-11-08 12:00:00+00:00
[2024-11-08T13:47:45.544+0000] {processor.py:208} INFO - Processing /home/airflow/.local/lib/python3.12/site-packages/airflow/example_dags/example_latest_only.py took 0.056 seconds
[2024-11-08T13:48:16.819+0000] {processor.py:186} INFO - Started process (PID=992) to work on /home/airflow/.local/lib/python3.12/site-packages/airflow/example_dags/example_latest_only.py
[2024-11-08T13:48:16.820+0000] {processor.py:914} INFO - Processing file /home/airflow/.local/lib/python3.12/site-packages/airflow/example_dags/example_latest_only.py for tasks to queue
[2024-11-08T13:48:16.821+0000] {logging_mixin.py:190} INFO - [2024-11-08T13:48:16.821+0000] {dagbag.py:588} INFO - Filling up the DagBag from /home/airflow/.local/lib/python3.12/site-packages/airflow/example_dags/example_latest_only.py
[2024-11-08T13:48:16.826+0000] {processor.py:925} INFO - DAG(s) 'latest_only' retrieved from /home/airflow/.local/lib/python3.12/site-packages/airflow/example_dags/example_latest_only.py
[2024-11-08T13:48:16.838+0000] {logging_mixin.py:190} INFO - [2024-11-08T13:48:16.838+0000] {dag.py:3239} INFO - Sync 1 DAGs
[2024-11-08T13:48:16.854+0000] {logging_mixin.py:190} INFO - [2024-11-08T13:48:16.854+0000] {dag.py:4180} INFO - Setting next_dagrun for latest_only to 2024-11-08 08:00:00+00:00, run_after=2024-11-08 12:00:00+00:00
[2024-11-08T13:48:16.870+0000] {processor.py:208} INFO - Processing /home/airflow/.local/lib/python3.12/site-packages/airflow/example_dags/example_latest_only.py took 0.055 seconds
