[2024-11-08T13:41:02.211+0000] {processor.py:186} INFO - Started process (PID=110) to work on /home/airflow/.local/lib/python3.12/site-packages/airflow/example_dags/example_sla_dag.py
[2024-11-08T13:41:02.212+0000] {processor.py:914} INFO - Processing file /home/airflow/.local/lib/python3.12/site-packages/airflow/example_dags/example_sla_dag.py for tasks to queue
[2024-11-08T13:41:02.213+0000] {logging_mixin.py:190} INFO - [2024-11-08T13:41:02.213+0000] {dagbag.py:588} INFO - Filling up the DagBag from /home/airflow/.local/lib/python3.12/site-packages/airflow/example_dags/example_sla_dag.py
[2024-11-08T13:41:02.221+0000] {processor.py:925} INFO - DAG(s) 'example_sla_dag' retrieved from /home/airflow/.local/lib/python3.12/site-packages/airflow/example_dags/example_sla_dag.py
[2024-11-08T13:41:02.300+0000] {logging_mixin.py:190} INFO - [2024-11-08T13:41:02.299+0000] {override.py:1911} INFO - Created Permission View: can read on DAG:example_sla_dag
[2024-11-08T13:41:02.308+0000] {logging_mixin.py:190} INFO - [2024-11-08T13:41:02.308+0000] {override.py:1911} INFO - Created Permission View: can edit on DAG:example_sla_dag
[2024-11-08T13:41:02.314+0000] {logging_mixin.py:190} INFO - [2024-11-08T13:41:02.314+0000] {override.py:1911} INFO - Created Permission View: can delete on DAG:example_sla_dag
[2024-11-08T13:41:02.325+0000] {logging_mixin.py:190} INFO - [2024-11-08T13:41:02.325+0000] {override.py:1911} INFO - Created Permission View: can read on DAG Run:example_sla_dag
[2024-11-08T13:41:02.334+0000] {logging_mixin.py:190} INFO - [2024-11-08T13:41:02.334+0000] {override.py:1911} INFO - Created Permission View: can create on DAG Run:example_sla_dag
[2024-11-08T13:41:02.344+0000] {logging_mixin.py:190} INFO - [2024-11-08T13:41:02.344+0000] {override.py:1911} INFO - Created Permission View: can delete on DAG Run:example_sla_dag
[2024-11-08T13:41:02.351+0000] {logging_mixin.py:190} INFO - [2024-11-08T13:41:02.351+0000] {override.py:1911} INFO - Created Permission View: menu access on DAG Run:example_sla_dag
[2024-11-08T13:41:02.352+0000] {logging_mixin.py:190} INFO - [2024-11-08T13:41:02.351+0000] {dag.py:3239} INFO - Sync 1 DAGs
[2024-11-08T13:41:02.363+0000] {logging_mixin.py:190} INFO - [2024-11-08T13:41:02.363+0000] {dag.py:3262} INFO - Creating ORM DAG for example_sla_dag
[2024-11-08T13:41:02.373+0000] {logging_mixin.py:190} INFO - [2024-11-08T13:41:02.373+0000] {dag.py:4180} INFO - Setting next_dagrun for example_sla_dag to 2024-11-08 13:38:00+00:00, run_after=2024-11-08 13:40:00+00:00
[2024-11-08T13:41:02.386+0000] {processor.py:208} INFO - Processing /home/airflow/.local/lib/python3.12/site-packages/airflow/example_dags/example_sla_dag.py took 0.180 seconds
[2024-11-08T13:41:32.939+0000] {processor.py:186} INFO - Started process (PID=173) to work on /home/airflow/.local/lib/python3.12/site-packages/airflow/example_dags/example_sla_dag.py
[2024-11-08T13:41:32.940+0000] {processor.py:914} INFO - Processing file /home/airflow/.local/lib/python3.12/site-packages/airflow/example_dags/example_sla_dag.py for tasks to queue
[2024-11-08T13:41:32.942+0000] {logging_mixin.py:190} INFO - [2024-11-08T13:41:32.941+0000] {dagbag.py:588} INFO - Filling up the DagBag from /home/airflow/.local/lib/python3.12/site-packages/airflow/example_dags/example_sla_dag.py
[2024-11-08T13:41:32.948+0000] {processor.py:925} INFO - DAG(s) 'example_sla_dag' retrieved from /home/airflow/.local/lib/python3.12/site-packages/airflow/example_dags/example_sla_dag.py
[2024-11-08T13:41:32.961+0000] {logging_mixin.py:190} INFO - [2024-11-08T13:41:32.961+0000] {dag.py:3239} INFO - Sync 1 DAGs
[2024-11-08T13:41:32.979+0000] {logging_mixin.py:190} INFO - [2024-11-08T13:41:32.979+0000] {dag.py:4180} INFO - Setting next_dagrun for example_sla_dag to 2024-11-08 13:38:00+00:00, run_after=2024-11-08 13:40:00+00:00
[2024-11-08T13:41:32.996+0000] {processor.py:208} INFO - Processing /home/airflow/.local/lib/python3.12/site-packages/airflow/example_dags/example_sla_dag.py took 0.060 seconds
[2024-11-08T13:42:04.350+0000] {processor.py:186} INFO - Started process (PID=236) to work on /home/airflow/.local/lib/python3.12/site-packages/airflow/example_dags/example_sla_dag.py
[2024-11-08T13:42:04.351+0000] {processor.py:914} INFO - Processing file /home/airflow/.local/lib/python3.12/site-packages/airflow/example_dags/example_sla_dag.py for tasks to queue
[2024-11-08T13:42:04.353+0000] {logging_mixin.py:190} INFO - [2024-11-08T13:42:04.352+0000] {dagbag.py:588} INFO - Filling up the DagBag from /home/airflow/.local/lib/python3.12/site-packages/airflow/example_dags/example_sla_dag.py
[2024-11-08T13:42:04.359+0000] {processor.py:925} INFO - DAG(s) 'example_sla_dag' retrieved from /home/airflow/.local/lib/python3.12/site-packages/airflow/example_dags/example_sla_dag.py
[2024-11-08T13:42:04.372+0000] {logging_mixin.py:190} INFO - [2024-11-08T13:42:04.372+0000] {dag.py:3239} INFO - Sync 1 DAGs
[2024-11-08T13:42:04.391+0000] {logging_mixin.py:190} INFO - [2024-11-08T13:42:04.391+0000] {dag.py:4180} INFO - Setting next_dagrun for example_sla_dag to 2024-11-08 13:40:00+00:00, run_after=2024-11-08 13:42:00+00:00
[2024-11-08T13:42:04.409+0000] {processor.py:208} INFO - Processing /home/airflow/.local/lib/python3.12/site-packages/airflow/example_dags/example_sla_dag.py took 0.063 seconds
[2024-11-08T13:42:35.654+0000] {processor.py:186} INFO - Started process (PID=299) to work on /home/airflow/.local/lib/python3.12/site-packages/airflow/example_dags/example_sla_dag.py
[2024-11-08T13:42:35.655+0000] {processor.py:914} INFO - Processing file /home/airflow/.local/lib/python3.12/site-packages/airflow/example_dags/example_sla_dag.py for tasks to queue
[2024-11-08T13:42:35.656+0000] {logging_mixin.py:190} INFO - [2024-11-08T13:42:35.656+0000] {dagbag.py:588} INFO - Filling up the DagBag from /home/airflow/.local/lib/python3.12/site-packages/airflow/example_dags/example_sla_dag.py
[2024-11-08T13:42:35.663+0000] {processor.py:925} INFO - DAG(s) 'example_sla_dag' retrieved from /home/airflow/.local/lib/python3.12/site-packages/airflow/example_dags/example_sla_dag.py
[2024-11-08T13:42:35.675+0000] {logging_mixin.py:190} INFO - [2024-11-08T13:42:35.675+0000] {dag.py:3239} INFO - Sync 1 DAGs
[2024-11-08T13:42:35.693+0000] {logging_mixin.py:190} INFO - [2024-11-08T13:42:35.693+0000] {dag.py:4180} INFO - Setting next_dagrun for example_sla_dag to 2024-11-08 13:40:00+00:00, run_after=2024-11-08 13:42:00+00:00
[2024-11-08T13:42:35.709+0000] {processor.py:208} INFO - Processing /home/airflow/.local/lib/python3.12/site-packages/airflow/example_dags/example_sla_dag.py took 0.058 seconds
[2024-11-08T13:43:06.795+0000] {processor.py:186} INFO - Started process (PID=362) to work on /home/airflow/.local/lib/python3.12/site-packages/airflow/example_dags/example_sla_dag.py
[2024-11-08T13:43:06.795+0000] {processor.py:914} INFO - Processing file /home/airflow/.local/lib/python3.12/site-packages/airflow/example_dags/example_sla_dag.py for tasks to queue
[2024-11-08T13:43:06.797+0000] {logging_mixin.py:190} INFO - [2024-11-08T13:43:06.797+0000] {dagbag.py:588} INFO - Filling up the DagBag from /home/airflow/.local/lib/python3.12/site-packages/airflow/example_dags/example_sla_dag.py
[2024-11-08T13:43:06.804+0000] {processor.py:925} INFO - DAG(s) 'example_sla_dag' retrieved from /home/airflow/.local/lib/python3.12/site-packages/airflow/example_dags/example_sla_dag.py
[2024-11-08T13:43:06.818+0000] {logging_mixin.py:190} INFO - [2024-11-08T13:43:06.818+0000] {dag.py:3239} INFO - Sync 1 DAGs
[2024-11-08T13:43:06.839+0000] {logging_mixin.py:190} INFO - [2024-11-08T13:43:06.839+0000] {dag.py:4180} INFO - Setting next_dagrun for example_sla_dag to 2024-11-08 13:40:00+00:00, run_after=2024-11-08 13:42:00+00:00
[2024-11-08T13:43:06.854+0000] {processor.py:208} INFO - Processing /home/airflow/.local/lib/python3.12/site-packages/airflow/example_dags/example_sla_dag.py took 0.063 seconds
[2024-11-08T13:43:37.428+0000] {processor.py:186} INFO - Started process (PID=425) to work on /home/airflow/.local/lib/python3.12/site-packages/airflow/example_dags/example_sla_dag.py
[2024-11-08T13:43:37.429+0000] {processor.py:914} INFO - Processing file /home/airflow/.local/lib/python3.12/site-packages/airflow/example_dags/example_sla_dag.py for tasks to queue
[2024-11-08T13:43:37.431+0000] {logging_mixin.py:190} INFO - [2024-11-08T13:43:37.430+0000] {dagbag.py:588} INFO - Filling up the DagBag from /home/airflow/.local/lib/python3.12/site-packages/airflow/example_dags/example_sla_dag.py
[2024-11-08T13:43:37.437+0000] {processor.py:925} INFO - DAG(s) 'example_sla_dag' retrieved from /home/airflow/.local/lib/python3.12/site-packages/airflow/example_dags/example_sla_dag.py
[2024-11-08T13:43:37.450+0000] {logging_mixin.py:190} INFO - [2024-11-08T13:43:37.450+0000] {dag.py:3239} INFO - Sync 1 DAGs
[2024-11-08T13:43:37.469+0000] {logging_mixin.py:190} INFO - [2024-11-08T13:43:37.469+0000] {dag.py:4180} INFO - Setting next_dagrun for example_sla_dag to 2024-11-08 13:40:00+00:00, run_after=2024-11-08 13:42:00+00:00
[2024-11-08T13:43:37.482+0000] {processor.py:208} INFO - Processing /home/airflow/.local/lib/python3.12/site-packages/airflow/example_dags/example_sla_dag.py took 0.058 seconds
[2024-11-08T13:44:08.064+0000] {processor.py:186} INFO - Started process (PID=488) to work on /home/airflow/.local/lib/python3.12/site-packages/airflow/example_dags/example_sla_dag.py
[2024-11-08T13:44:08.065+0000] {processor.py:914} INFO - Processing file /home/airflow/.local/lib/python3.12/site-packages/airflow/example_dags/example_sla_dag.py for tasks to queue
[2024-11-08T13:44:08.067+0000] {logging_mixin.py:190} INFO - [2024-11-08T13:44:08.066+0000] {dagbag.py:588} INFO - Filling up the DagBag from /home/airflow/.local/lib/python3.12/site-packages/airflow/example_dags/example_sla_dag.py
[2024-11-08T13:44:08.073+0000] {processor.py:925} INFO - DAG(s) 'example_sla_dag' retrieved from /home/airflow/.local/lib/python3.12/site-packages/airflow/example_dags/example_sla_dag.py
[2024-11-08T13:44:08.086+0000] {logging_mixin.py:190} INFO - [2024-11-08T13:44:08.086+0000] {dag.py:3239} INFO - Sync 1 DAGs
[2024-11-08T13:44:08.105+0000] {logging_mixin.py:190} INFO - [2024-11-08T13:44:08.105+0000] {dag.py:4180} INFO - Setting next_dagrun for example_sla_dag to 2024-11-08 13:42:00+00:00, run_after=2024-11-08 13:44:00+00:00
[2024-11-08T13:44:08.126+0000] {processor.py:208} INFO - Processing /home/airflow/.local/lib/python3.12/site-packages/airflow/example_dags/example_sla_dag.py took 0.065 seconds
[2024-11-08T13:44:39.606+0000] {processor.py:186} INFO - Started process (PID=551) to work on /home/airflow/.local/lib/python3.12/site-packages/airflow/example_dags/example_sla_dag.py
[2024-11-08T13:44:39.607+0000] {processor.py:914} INFO - Processing file /home/airflow/.local/lib/python3.12/site-packages/airflow/example_dags/example_sla_dag.py for tasks to queue
[2024-11-08T13:44:39.609+0000] {logging_mixin.py:190} INFO - [2024-11-08T13:44:39.608+0000] {dagbag.py:588} INFO - Filling up the DagBag from /home/airflow/.local/lib/python3.12/site-packages/airflow/example_dags/example_sla_dag.py
[2024-11-08T13:44:39.616+0000] {processor.py:925} INFO - DAG(s) 'example_sla_dag' retrieved from /home/airflow/.local/lib/python3.12/site-packages/airflow/example_dags/example_sla_dag.py
[2024-11-08T13:44:39.630+0000] {logging_mixin.py:190} INFO - [2024-11-08T13:44:39.630+0000] {dag.py:3239} INFO - Sync 1 DAGs
[2024-11-08T13:44:39.649+0000] {logging_mixin.py:190} INFO - [2024-11-08T13:44:39.649+0000] {dag.py:4180} INFO - Setting next_dagrun for example_sla_dag to 2024-11-08 13:42:00+00:00, run_after=2024-11-08 13:44:00+00:00
[2024-11-08T13:44:39.668+0000] {processor.py:208} INFO - Processing /home/airflow/.local/lib/python3.12/site-packages/airflow/example_dags/example_sla_dag.py took 0.065 seconds
[2024-11-08T13:45:11.029+0000] {processor.py:186} INFO - Started process (PID=614) to work on /home/airflow/.local/lib/python3.12/site-packages/airflow/example_dags/example_sla_dag.py
[2024-11-08T13:45:11.030+0000] {processor.py:914} INFO - Processing file /home/airflow/.local/lib/python3.12/site-packages/airflow/example_dags/example_sla_dag.py for tasks to queue
[2024-11-08T13:45:11.032+0000] {logging_mixin.py:190} INFO - [2024-11-08T13:45:11.031+0000] {dagbag.py:588} INFO - Filling up the DagBag from /home/airflow/.local/lib/python3.12/site-packages/airflow/example_dags/example_sla_dag.py
[2024-11-08T13:45:11.038+0000] {processor.py:925} INFO - DAG(s) 'example_sla_dag' retrieved from /home/airflow/.local/lib/python3.12/site-packages/airflow/example_dags/example_sla_dag.py
[2024-11-08T13:45:11.052+0000] {logging_mixin.py:190} INFO - [2024-11-08T13:45:11.052+0000] {dag.py:3239} INFO - Sync 1 DAGs
[2024-11-08T13:45:11.071+0000] {logging_mixin.py:190} INFO - [2024-11-08T13:45:11.070+0000] {dag.py:4180} INFO - Setting next_dagrun for example_sla_dag to 2024-11-08 13:42:00+00:00, run_after=2024-11-08 13:44:00+00:00
[2024-11-08T13:45:11.087+0000] {processor.py:208} INFO - Processing /home/airflow/.local/lib/python3.12/site-packages/airflow/example_dags/example_sla_dag.py took 0.062 seconds
[2024-11-08T13:45:42.079+0000] {processor.py:186} INFO - Started process (PID=677) to work on /home/airflow/.local/lib/python3.12/site-packages/airflow/example_dags/example_sla_dag.py
[2024-11-08T13:45:42.080+0000] {processor.py:914} INFO - Processing file /home/airflow/.local/lib/python3.12/site-packages/airflow/example_dags/example_sla_dag.py for tasks to queue
[2024-11-08T13:45:42.082+0000] {logging_mixin.py:190} INFO - [2024-11-08T13:45:42.082+0000] {dagbag.py:588} INFO - Filling up the DagBag from /home/airflow/.local/lib/python3.12/site-packages/airflow/example_dags/example_sla_dag.py
[2024-11-08T13:45:42.088+0000] {processor.py:925} INFO - DAG(s) 'example_sla_dag' retrieved from /home/airflow/.local/lib/python3.12/site-packages/airflow/example_dags/example_sla_dag.py
[2024-11-08T13:45:42.102+0000] {logging_mixin.py:190} INFO - [2024-11-08T13:45:42.102+0000] {dag.py:3239} INFO - Sync 1 DAGs
[2024-11-08T13:45:42.120+0000] {logging_mixin.py:190} INFO - [2024-11-08T13:45:42.120+0000] {dag.py:4180} INFO - Setting next_dagrun for example_sla_dag to 2024-11-08 13:42:00+00:00, run_after=2024-11-08 13:44:00+00:00
[2024-11-08T13:45:42.137+0000] {processor.py:208} INFO - Processing /home/airflow/.local/lib/python3.12/site-packages/airflow/example_dags/example_sla_dag.py took 0.062 seconds
[2024-11-08T13:46:12.875+0000] {processor.py:186} INFO - Started process (PID=741) to work on /home/airflow/.local/lib/python3.12/site-packages/airflow/example_dags/example_sla_dag.py
[2024-11-08T13:46:12.876+0000] {processor.py:914} INFO - Processing file /home/airflow/.local/lib/python3.12/site-packages/airflow/example_dags/example_sla_dag.py for tasks to queue
[2024-11-08T13:46:12.878+0000] {logging_mixin.py:190} INFO - [2024-11-08T13:46:12.878+0000] {dagbag.py:588} INFO - Filling up the DagBag from /home/airflow/.local/lib/python3.12/site-packages/airflow/example_dags/example_sla_dag.py
[2024-11-08T13:46:12.886+0000] {processor.py:925} INFO - DAG(s) 'example_sla_dag' retrieved from /home/airflow/.local/lib/python3.12/site-packages/airflow/example_dags/example_sla_dag.py
[2024-11-08T13:46:12.901+0000] {logging_mixin.py:190} INFO - [2024-11-08T13:46:12.900+0000] {dag.py:3239} INFO - Sync 1 DAGs
[2024-11-08T13:46:12.921+0000] {logging_mixin.py:190} INFO - [2024-11-08T13:46:12.921+0000] {dag.py:4180} INFO - Setting next_dagrun for example_sla_dag to 2024-11-08 13:44:00+00:00, run_after=2024-11-08 13:46:00+00:00
[2024-11-08T13:46:12.939+0000] {processor.py:208} INFO - Processing /home/airflow/.local/lib/python3.12/site-packages/airflow/example_dags/example_sla_dag.py took 0.069 seconds
[2024-11-08T13:46:43.444+0000] {processor.py:186} INFO - Started process (PID=805) to work on /home/airflow/.local/lib/python3.12/site-packages/airflow/example_dags/example_sla_dag.py
[2024-11-08T13:46:43.445+0000] {processor.py:914} INFO - Processing file /home/airflow/.local/lib/python3.12/site-packages/airflow/example_dags/example_sla_dag.py for tasks to queue
[2024-11-08T13:46:43.446+0000] {logging_mixin.py:190} INFO - [2024-11-08T13:46:43.446+0000] {dagbag.py:588} INFO - Filling up the DagBag from /home/airflow/.local/lib/python3.12/site-packages/airflow/example_dags/example_sla_dag.py
[2024-11-08T13:46:43.453+0000] {processor.py:925} INFO - DAG(s) 'example_sla_dag' retrieved from /home/airflow/.local/lib/python3.12/site-packages/airflow/example_dags/example_sla_dag.py
[2024-11-08T13:46:43.467+0000] {logging_mixin.py:190} INFO - [2024-11-08T13:46:43.466+0000] {dag.py:3239} INFO - Sync 1 DAGs
[2024-11-08T13:46:43.486+0000] {logging_mixin.py:190} INFO - [2024-11-08T13:46:43.485+0000] {dag.py:4180} INFO - Setting next_dagrun for example_sla_dag to 2024-11-08 13:44:00+00:00, run_after=2024-11-08 13:46:00+00:00
[2024-11-08T13:46:43.499+0000] {processor.py:208} INFO - Processing /home/airflow/.local/lib/python3.12/site-packages/airflow/example_dags/example_sla_dag.py took 0.059 seconds
[2024-11-08T13:47:14.771+0000] {processor.py:186} INFO - Started process (PID=869) to work on /home/airflow/.local/lib/python3.12/site-packages/airflow/example_dags/example_sla_dag.py
[2024-11-08T13:47:14.772+0000] {processor.py:914} INFO - Processing file /home/airflow/.local/lib/python3.12/site-packages/airflow/example_dags/example_sla_dag.py for tasks to queue
[2024-11-08T13:47:14.774+0000] {logging_mixin.py:190} INFO - [2024-11-08T13:47:14.774+0000] {dagbag.py:588} INFO - Filling up the DagBag from /home/airflow/.local/lib/python3.12/site-packages/airflow/example_dags/example_sla_dag.py
[2024-11-08T13:47:14.780+0000] {processor.py:925} INFO - DAG(s) 'example_sla_dag' retrieved from /home/airflow/.local/lib/python3.12/site-packages/airflow/example_dags/example_sla_dag.py
[2024-11-08T13:47:14.793+0000] {logging_mixin.py:190} INFO - [2024-11-08T13:47:14.793+0000] {dag.py:3239} INFO - Sync 1 DAGs
[2024-11-08T13:47:14.812+0000] {logging_mixin.py:190} INFO - [2024-11-08T13:47:14.812+0000] {dag.py:4180} INFO - Setting next_dagrun for example_sla_dag to 2024-11-08 13:44:00+00:00, run_after=2024-11-08 13:46:00+00:00
[2024-11-08T13:47:14.827+0000] {processor.py:208} INFO - Processing /home/airflow/.local/lib/python3.12/site-packages/airflow/example_dags/example_sla_dag.py took 0.060 seconds
[2024-11-08T13:47:45.688+0000] {processor.py:186} INFO - Started process (PID=933) to work on /home/airflow/.local/lib/python3.12/site-packages/airflow/example_dags/example_sla_dag.py
[2024-11-08T13:47:45.689+0000] {processor.py:914} INFO - Processing file /home/airflow/.local/lib/python3.12/site-packages/airflow/example_dags/example_sla_dag.py for tasks to queue
[2024-11-08T13:47:45.691+0000] {logging_mixin.py:190} INFO - [2024-11-08T13:47:45.690+0000] {dagbag.py:588} INFO - Filling up the DagBag from /home/airflow/.local/lib/python3.12/site-packages/airflow/example_dags/example_sla_dag.py
[2024-11-08T13:47:45.697+0000] {processor.py:925} INFO - DAG(s) 'example_sla_dag' retrieved from /home/airflow/.local/lib/python3.12/site-packages/airflow/example_dags/example_sla_dag.py
[2024-11-08T13:47:45.711+0000] {logging_mixin.py:190} INFO - [2024-11-08T13:47:45.711+0000] {dag.py:3239} INFO - Sync 1 DAGs
[2024-11-08T13:47:45.730+0000] {logging_mixin.py:190} INFO - [2024-11-08T13:47:45.730+0000] {dag.py:4180} INFO - Setting next_dagrun for example_sla_dag to 2024-11-08 13:44:00+00:00, run_after=2024-11-08 13:46:00+00:00
[2024-11-08T13:47:45.748+0000] {processor.py:208} INFO - Processing /home/airflow/.local/lib/python3.12/site-packages/airflow/example_dags/example_sla_dag.py took 0.064 seconds
[2024-11-08T13:48:16.992+0000] {processor.py:186} INFO - Started process (PID=997) to work on /home/airflow/.local/lib/python3.12/site-packages/airflow/example_dags/example_sla_dag.py
[2024-11-08T13:48:16.992+0000] {processor.py:914} INFO - Processing file /home/airflow/.local/lib/python3.12/site-packages/airflow/example_dags/example_sla_dag.py for tasks to queue
[2024-11-08T13:48:16.994+0000] {logging_mixin.py:190} INFO - [2024-11-08T13:48:16.994+0000] {dagbag.py:588} INFO - Filling up the DagBag from /home/airflow/.local/lib/python3.12/site-packages/airflow/example_dags/example_sla_dag.py
[2024-11-08T13:48:17.001+0000] {processor.py:925} INFO - DAG(s) 'example_sla_dag' retrieved from /home/airflow/.local/lib/python3.12/site-packages/airflow/example_dags/example_sla_dag.py
[2024-11-08T13:48:17.014+0000] {logging_mixin.py:190} INFO - [2024-11-08T13:48:17.014+0000] {dag.py:3239} INFO - Sync 1 DAGs
[2024-11-08T13:48:17.032+0000] {logging_mixin.py:190} INFO - [2024-11-08T13:48:17.032+0000] {dag.py:4180} INFO - Setting next_dagrun for example_sla_dag to 2024-11-08 13:46:00+00:00, run_after=2024-11-08 13:48:00+00:00
[2024-11-08T13:48:17.046+0000] {processor.py:208} INFO - Processing /home/airflow/.local/lib/python3.12/site-packages/airflow/example_dags/example_sla_dag.py took 0.058 seconds
