[2024-11-08T13:41:02.283+0000] {processor.py:186} INFO - Started process (PID=111) to work on /home/airflow/.local/lib/python3.12/site-packages/airflow/example_dags/example_datasets.py
[2024-11-08T13:41:02.283+0000] {processor.py:914} INFO - Processing file /home/airflow/.local/lib/python3.12/site-packages/airflow/example_dags/example_datasets.py for tasks to queue
[2024-11-08T13:41:02.285+0000] {logging_mixin.py:190} INFO - [2024-11-08T13:41:02.285+0000] {dagbag.py:588} INFO - Filling up the DagBag from /home/airflow/.local/lib/python3.12/site-packages/airflow/example_dags/example_datasets.py
[2024-11-08T13:41:02.748+0000] {processor.py:925} INFO - DAG(s) 'dataset_consumes_unknown_never_scheduled', 'consume_1_or_2_with_dataset_expressions', 'conditional_dataset_and_time_based_timetable', 'dataset_consumes_1', 'dataset_consumes_1_and_2', 'dataset_produces_1', 'dataset_produces_2', 'consume_1_or_both_2_and_3_with_dataset_expressions', 'consume_1_and_2_with_dataset_expressions', 'dataset_consumes_1_never_scheduled' retrieved from /home/airflow/.local/lib/python3.12/site-packages/airflow/example_dags/example_datasets.py
[2024-11-08T13:41:02.825+0000] {logging_mixin.py:190} INFO - [2024-11-08T13:41:02.824+0000] {override.py:1911} INFO - Created Permission View: can read on DAG:dataset_consumes_unknown_never_scheduled
[2024-11-08T13:41:02.834+0000] {logging_mixin.py:190} INFO - [2024-11-08T13:41:02.834+0000] {override.py:1911} INFO - Created Permission View: can edit on DAG:dataset_consumes_unknown_never_scheduled
[2024-11-08T13:41:02.850+0000] {logging_mixin.py:190} INFO - [2024-11-08T13:41:02.849+0000] {override.py:1911} INFO - Created Permission View: can delete on DAG:dataset_consumes_unknown_never_scheduled
[2024-11-08T13:41:02.859+0000] {logging_mixin.py:190} INFO - [2024-11-08T13:41:02.859+0000] {override.py:1911} INFO - Created Permission View: can read on DAG Run:dataset_consumes_unknown_never_scheduled
[2024-11-08T13:41:02.870+0000] {logging_mixin.py:190} INFO - [2024-11-08T13:41:02.869+0000] {override.py:1911} INFO - Created Permission View: can create on DAG Run:dataset_consumes_unknown_never_scheduled
[2024-11-08T13:41:02.879+0000] {logging_mixin.py:190} INFO - [2024-11-08T13:41:02.879+0000] {override.py:1911} INFO - Created Permission View: can delete on DAG Run:dataset_consumes_unknown_never_scheduled
[2024-11-08T13:41:02.890+0000] {logging_mixin.py:190} INFO - [2024-11-08T13:41:02.889+0000] {override.py:1911} INFO - Created Permission View: menu access on DAG Run:dataset_consumes_unknown_never_scheduled
[2024-11-08T13:41:02.905+0000] {logging_mixin.py:190} INFO - [2024-11-08T13:41:02.904+0000] {override.py:1911} INFO - Created Permission View: can read on DAG:consume_1_or_2_with_dataset_expressions
[2024-11-08T13:41:02.915+0000] {logging_mixin.py:190} INFO - [2024-11-08T13:41:02.914+0000] {override.py:1911} INFO - Created Permission View: can edit on DAG:consume_1_or_2_with_dataset_expressions
[2024-11-08T13:41:02.924+0000] {logging_mixin.py:190} INFO - [2024-11-08T13:41:02.924+0000] {override.py:1911} INFO - Created Permission View: can delete on DAG:consume_1_or_2_with_dataset_expressions
[2024-11-08T13:41:02.945+0000] {logging_mixin.py:190} INFO - [2024-11-08T13:41:02.944+0000] {override.py:1911} INFO - Created Permission View: can read on DAG Run:consume_1_or_2_with_dataset_expressions
[2024-11-08T13:41:02.955+0000] {logging_mixin.py:190} INFO - [2024-11-08T13:41:02.954+0000] {override.py:1911} INFO - Created Permission View: can create on DAG Run:consume_1_or_2_with_dataset_expressions
[2024-11-08T13:41:02.965+0000] {logging_mixin.py:190} INFO - [2024-11-08T13:41:02.964+0000] {override.py:1911} INFO - Created Permission View: can delete on DAG Run:consume_1_or_2_with_dataset_expressions
[2024-11-08T13:41:02.975+0000] {logging_mixin.py:190} INFO - [2024-11-08T13:41:02.974+0000] {override.py:1911} INFO - Created Permission View: menu access on DAG Run:consume_1_or_2_with_dataset_expressions
[2024-11-08T13:41:02.994+0000] {logging_mixin.py:190} INFO - [2024-11-08T13:41:02.994+0000] {override.py:1911} INFO - Created Permission View: can read on DAG:conditional_dataset_and_time_based_timetable
[2024-11-08T13:41:03.005+0000] {logging_mixin.py:190} INFO - [2024-11-08T13:41:03.004+0000] {override.py:1911} INFO - Created Permission View: can edit on DAG:conditional_dataset_and_time_based_timetable
[2024-11-08T13:41:03.015+0000] {logging_mixin.py:190} INFO - [2024-11-08T13:41:03.014+0000] {override.py:1911} INFO - Created Permission View: can delete on DAG:conditional_dataset_and_time_based_timetable
[2024-11-08T13:41:03.025+0000] {logging_mixin.py:190} INFO - [2024-11-08T13:41:03.024+0000] {override.py:1911} INFO - Created Permission View: can read on DAG Run:conditional_dataset_and_time_based_timetable
[2024-11-08T13:41:03.034+0000] {logging_mixin.py:190} INFO - [2024-11-08T13:41:03.034+0000] {override.py:1911} INFO - Created Permission View: can create on DAG Run:conditional_dataset_and_time_based_timetable
[2024-11-08T13:41:03.045+0000] {logging_mixin.py:190} INFO - [2024-11-08T13:41:03.044+0000] {override.py:1911} INFO - Created Permission View: can delete on DAG Run:conditional_dataset_and_time_based_timetable
[2024-11-08T13:41:03.055+0000] {logging_mixin.py:190} INFO - [2024-11-08T13:41:03.054+0000] {override.py:1911} INFO - Created Permission View: menu access on DAG Run:conditional_dataset_and_time_based_timetable
[2024-11-08T13:41:03.070+0000] {logging_mixin.py:190} INFO - [2024-11-08T13:41:03.069+0000] {override.py:1911} INFO - Created Permission View: can read on DAG:dataset_consumes_1
[2024-11-08T13:41:03.079+0000] {logging_mixin.py:190} INFO - [2024-11-08T13:41:03.079+0000] {override.py:1911} INFO - Created Permission View: can edit on DAG:dataset_consumes_1
[2024-11-08T13:41:03.090+0000] {logging_mixin.py:190} INFO - [2024-11-08T13:41:03.089+0000] {override.py:1911} INFO - Created Permission View: can delete on DAG:dataset_consumes_1
[2024-11-08T13:41:03.099+0000] {logging_mixin.py:190} INFO - [2024-11-08T13:41:03.099+0000] {override.py:1911} INFO - Created Permission View: can read on DAG Run:dataset_consumes_1
[2024-11-08T13:41:03.110+0000] {logging_mixin.py:190} INFO - [2024-11-08T13:41:03.109+0000] {override.py:1911} INFO - Created Permission View: can create on DAG Run:dataset_consumes_1
[2024-11-08T13:41:03.119+0000] {logging_mixin.py:190} INFO - [2024-11-08T13:41:03.119+0000] {override.py:1911} INFO - Created Permission View: can delete on DAG Run:dataset_consumes_1
[2024-11-08T13:41:03.129+0000] {logging_mixin.py:190} INFO - [2024-11-08T13:41:03.129+0000] {override.py:1911} INFO - Created Permission View: menu access on DAG Run:dataset_consumes_1
[2024-11-08T13:41:03.144+0000] {logging_mixin.py:190} INFO - [2024-11-08T13:41:03.144+0000] {override.py:1911} INFO - Created Permission View: can read on DAG:dataset_consumes_1_and_2
[2024-11-08T13:41:03.158+0000] {logging_mixin.py:190} INFO - [2024-11-08T13:41:03.157+0000] {override.py:1911} INFO - Created Permission View: can edit on DAG:dataset_consumes_1_and_2
[2024-11-08T13:41:03.165+0000] {logging_mixin.py:190} INFO - [2024-11-08T13:41:03.164+0000] {override.py:1911} INFO - Created Permission View: can delete on DAG:dataset_consumes_1_and_2
[2024-11-08T13:41:03.178+0000] {logging_mixin.py:190} INFO - [2024-11-08T13:41:03.178+0000] {override.py:1911} INFO - Created Permission View: can read on DAG Run:dataset_consumes_1_and_2
[2024-11-08T13:41:03.189+0000] {logging_mixin.py:190} INFO - [2024-11-08T13:41:03.189+0000] {override.py:1911} INFO - Created Permission View: can create on DAG Run:dataset_consumes_1_and_2
[2024-11-08T13:41:03.200+0000] {logging_mixin.py:190} INFO - [2024-11-08T13:41:03.199+0000] {override.py:1911} INFO - Created Permission View: can delete on DAG Run:dataset_consumes_1_and_2
[2024-11-08T13:41:03.209+0000] {logging_mixin.py:190} INFO - [2024-11-08T13:41:03.209+0000] {override.py:1911} INFO - Created Permission View: menu access on DAG Run:dataset_consumes_1_and_2
[2024-11-08T13:41:03.228+0000] {logging_mixin.py:190} INFO - [2024-11-08T13:41:03.228+0000] {override.py:1911} INFO - Created Permission View: can read on DAG:dataset_produces_1
[2024-11-08T13:41:03.234+0000] {logging_mixin.py:190} INFO - [2024-11-08T13:41:03.234+0000] {override.py:1911} INFO - Created Permission View: can edit on DAG:dataset_produces_1
[2024-11-08T13:41:03.245+0000] {logging_mixin.py:190} INFO - [2024-11-08T13:41:03.244+0000] {override.py:1911} INFO - Created Permission View: can delete on DAG:dataset_produces_1
[2024-11-08T13:41:03.256+0000] {logging_mixin.py:190} INFO - [2024-11-08T13:41:03.256+0000] {override.py:1911} INFO - Created Permission View: can read on DAG Run:dataset_produces_1
[2024-11-08T13:41:03.265+0000] {logging_mixin.py:190} INFO - [2024-11-08T13:41:03.264+0000] {override.py:1911} INFO - Created Permission View: can create on DAG Run:dataset_produces_1
[2024-11-08T13:41:03.275+0000] {logging_mixin.py:190} INFO - [2024-11-08T13:41:03.274+0000] {override.py:1911} INFO - Created Permission View: can delete on DAG Run:dataset_produces_1
[2024-11-08T13:41:03.285+0000] {logging_mixin.py:190} INFO - [2024-11-08T13:41:03.284+0000] {override.py:1911} INFO - Created Permission View: menu access on DAG Run:dataset_produces_1
[2024-11-08T13:41:03.299+0000] {logging_mixin.py:190} INFO - [2024-11-08T13:41:03.299+0000] {override.py:1911} INFO - Created Permission View: can read on DAG:dataset_produces_2
[2024-11-08T13:41:03.308+0000] {logging_mixin.py:190} INFO - [2024-11-08T13:41:03.307+0000] {override.py:1911} INFO - Created Permission View: can edit on DAG:dataset_produces_2
[2024-11-08T13:41:03.314+0000] {logging_mixin.py:190} INFO - [2024-11-08T13:41:03.314+0000] {override.py:1911} INFO - Created Permission View: can delete on DAG:dataset_produces_2
[2024-11-08T13:41:03.325+0000] {logging_mixin.py:190} INFO - [2024-11-08T13:41:03.324+0000] {override.py:1911} INFO - Created Permission View: can read on DAG Run:dataset_produces_2
[2024-11-08T13:41:03.330+0000] {logging_mixin.py:190} INFO - [2024-11-08T13:41:03.330+0000] {override.py:1911} INFO - Created Permission View: can create on DAG Run:dataset_produces_2
[2024-11-08T13:41:03.337+0000] {logging_mixin.py:190} INFO - [2024-11-08T13:41:03.336+0000] {override.py:1911} INFO - Created Permission View: can delete on DAG Run:dataset_produces_2
[2024-11-08T13:41:03.345+0000] {logging_mixin.py:190} INFO - [2024-11-08T13:41:03.344+0000] {override.py:1911} INFO - Created Permission View: menu access on DAG Run:dataset_produces_2
[2024-11-08T13:41:03.359+0000] {logging_mixin.py:190} INFO - [2024-11-08T13:41:03.359+0000] {override.py:1911} INFO - Created Permission View: can read on DAG:consume_1_or_both_2_and_3_with_dataset_expressions
[2024-11-08T13:41:03.369+0000] {logging_mixin.py:190} INFO - [2024-11-08T13:41:03.369+0000] {override.py:1911} INFO - Created Permission View: can edit on DAG:consume_1_or_both_2_and_3_with_dataset_expressions
[2024-11-08T13:41:03.379+0000] {logging_mixin.py:190} INFO - [2024-11-08T13:41:03.379+0000] {override.py:1911} INFO - Created Permission View: can delete on DAG:consume_1_or_both_2_and_3_with_dataset_expressions
[2024-11-08T13:41:03.395+0000] {logging_mixin.py:190} INFO - [2024-11-08T13:41:03.394+0000] {override.py:1911} INFO - Created Permission View: can read on DAG Run:consume_1_or_both_2_and_3_with_dataset_expressions
[2024-11-08T13:41:03.404+0000] {logging_mixin.py:190} INFO - [2024-11-08T13:41:03.403+0000] {override.py:1911} INFO - Created Permission View: can create on DAG Run:consume_1_or_both_2_and_3_with_dataset_expressions
[2024-11-08T13:41:03.409+0000] {logging_mixin.py:190} INFO - [2024-11-08T13:41:03.409+0000] {override.py:1911} INFO - Created Permission View: can delete on DAG Run:consume_1_or_both_2_and_3_with_dataset_expressions
[2024-11-08T13:41:03.420+0000] {logging_mixin.py:190} INFO - [2024-11-08T13:41:03.419+0000] {override.py:1911} INFO - Created Permission View: menu access on DAG Run:consume_1_or_both_2_and_3_with_dataset_expressions
[2024-11-08T13:41:03.445+0000] {logging_mixin.py:190} INFO - [2024-11-08T13:41:03.444+0000] {override.py:1911} INFO - Created Permission View: can read on DAG:consume_1_and_2_with_dataset_expressions
[2024-11-08T13:41:03.450+0000] {logging_mixin.py:190} INFO - [2024-11-08T13:41:03.450+0000] {override.py:1911} INFO - Created Permission View: can edit on DAG:consume_1_and_2_with_dataset_expressions
[2024-11-08T13:41:03.459+0000] {logging_mixin.py:190} INFO - [2024-11-08T13:41:03.459+0000] {override.py:1911} INFO - Created Permission View: can delete on DAG:consume_1_and_2_with_dataset_expressions
[2024-11-08T13:41:03.469+0000] {logging_mixin.py:190} INFO - [2024-11-08T13:41:03.469+0000] {override.py:1911} INFO - Created Permission View: can read on DAG Run:consume_1_and_2_with_dataset_expressions
[2024-11-08T13:41:03.480+0000] {logging_mixin.py:190} INFO - [2024-11-08T13:41:03.479+0000] {override.py:1911} INFO - Created Permission View: can create on DAG Run:consume_1_and_2_with_dataset_expressions
[2024-11-08T13:41:03.489+0000] {logging_mixin.py:190} INFO - [2024-11-08T13:41:03.489+0000] {override.py:1911} INFO - Created Permission View: can delete on DAG Run:consume_1_and_2_with_dataset_expressions
[2024-11-08T13:41:03.499+0000] {logging_mixin.py:190} INFO - [2024-11-08T13:41:03.499+0000] {override.py:1911} INFO - Created Permission View: menu access on DAG Run:consume_1_and_2_with_dataset_expressions
[2024-11-08T13:41:03.514+0000] {logging_mixin.py:190} INFO - [2024-11-08T13:41:03.514+0000] {override.py:1911} INFO - Created Permission View: can read on DAG:dataset_consumes_1_never_scheduled
[2024-11-08T13:41:03.525+0000] {logging_mixin.py:190} INFO - [2024-11-08T13:41:03.524+0000] {override.py:1911} INFO - Created Permission View: can edit on DAG:dataset_consumes_1_never_scheduled
[2024-11-08T13:41:03.535+0000] {logging_mixin.py:190} INFO - [2024-11-08T13:41:03.534+0000] {override.py:1911} INFO - Created Permission View: can delete on DAG:dataset_consumes_1_never_scheduled
[2024-11-08T13:41:03.544+0000] {logging_mixin.py:190} INFO - [2024-11-08T13:41:03.544+0000] {override.py:1911} INFO - Created Permission View: can read on DAG Run:dataset_consumes_1_never_scheduled
[2024-11-08T13:41:03.554+0000] {logging_mixin.py:190} INFO - [2024-11-08T13:41:03.554+0000] {override.py:1911} INFO - Created Permission View: can create on DAG Run:dataset_consumes_1_never_scheduled
[2024-11-08T13:41:03.564+0000] {logging_mixin.py:190} INFO - [2024-11-08T13:41:03.564+0000] {override.py:1911} INFO - Created Permission View: can delete on DAG Run:dataset_consumes_1_never_scheduled
[2024-11-08T13:41:03.575+0000] {logging_mixin.py:190} INFO - [2024-11-08T13:41:03.574+0000] {override.py:1911} INFO - Created Permission View: menu access on DAG Run:dataset_consumes_1_never_scheduled
[2024-11-08T13:41:03.575+0000] {logging_mixin.py:190} INFO - [2024-11-08T13:41:03.575+0000] {dag.py:3239} INFO - Sync 10 DAGs
[2024-11-08T13:41:03.585+0000] {logging_mixin.py:190} INFO - [2024-11-08T13:41:03.585+0000] {dag.py:3262} INFO - Creating ORM DAG for dataset_consumes_unknown_never_scheduled
[2024-11-08T13:41:03.586+0000] {logging_mixin.py:190} INFO - [2024-11-08T13:41:03.586+0000] {dag.py:3262} INFO - Creating ORM DAG for conditional_dataset_and_time_based_timetable
[2024-11-08T13:41:03.587+0000] {logging_mixin.py:190} INFO - [2024-11-08T13:41:03.586+0000] {dag.py:3262} INFO - Creating ORM DAG for dataset_consumes_1
[2024-11-08T13:41:03.587+0000] {logging_mixin.py:190} INFO - [2024-11-08T13:41:03.587+0000] {dag.py:3262} INFO - Creating ORM DAG for consume_1_or_both_2_and_3_with_dataset_expressions
[2024-11-08T13:41:03.588+0000] {logging_mixin.py:190} INFO - [2024-11-08T13:41:03.588+0000] {dag.py:3262} INFO - Creating ORM DAG for dataset_consumes_1_never_scheduled
[2024-11-08T13:41:03.588+0000] {logging_mixin.py:190} INFO - [2024-11-08T13:41:03.588+0000] {dag.py:3262} INFO - Creating ORM DAG for dataset_consumes_1_and_2
[2024-11-08T13:41:03.589+0000] {logging_mixin.py:190} INFO - [2024-11-08T13:41:03.589+0000] {dag.py:3262} INFO - Creating ORM DAG for consume_1_or_2_with_dataset_expressions
[2024-11-08T13:41:03.590+0000] {logging_mixin.py:190} INFO - [2024-11-08T13:41:03.589+0000] {dag.py:3262} INFO - Creating ORM DAG for dataset_produces_1
[2024-11-08T13:41:03.590+0000] {logging_mixin.py:190} INFO - [2024-11-08T13:41:03.590+0000] {dag.py:3262} INFO - Creating ORM DAG for consume_1_and_2_with_dataset_expressions
[2024-11-08T13:41:03.591+0000] {logging_mixin.py:190} INFO - [2024-11-08T13:41:03.591+0000] {dag.py:3262} INFO - Creating ORM DAG for dataset_produces_2
[2024-11-08T13:41:03.599+0000] {logging_mixin.py:190} INFO - [2024-11-08T13:41:03.599+0000] {dag.py:4180} INFO - Setting next_dagrun for conditional_dataset_and_time_based_timetable to 2024-11-06 01:00:00+00:00, run_after=2024-11-06 01:00:00+00:00
[2024-11-08T13:41:03.600+0000] {logging_mixin.py:190} INFO - [2024-11-08T13:41:03.599+0000] {dag.py:4180} INFO - Setting next_dagrun for consume_1_and_2_with_dataset_expressions to None, run_after=None
[2024-11-08T13:41:03.600+0000] {logging_mixin.py:190} INFO - [2024-11-08T13:41:03.600+0000] {dag.py:4180} INFO - Setting next_dagrun for consume_1_or_2_with_dataset_expressions to None, run_after=None
[2024-11-08T13:41:03.600+0000] {logging_mixin.py:190} INFO - [2024-11-08T13:41:03.600+0000] {dag.py:4180} INFO - Setting next_dagrun for consume_1_or_both_2_and_3_with_dataset_expressions to None, run_after=None
[2024-11-08T13:41:03.601+0000] {logging_mixin.py:190} INFO - [2024-11-08T13:41:03.601+0000] {dag.py:4180} INFO - Setting next_dagrun for dataset_consumes_1 to None, run_after=None
[2024-11-08T13:41:03.601+0000] {logging_mixin.py:190} INFO - [2024-11-08T13:41:03.601+0000] {dag.py:4180} INFO - Setting next_dagrun for dataset_consumes_1_and_2 to None, run_after=None
[2024-11-08T13:41:03.602+0000] {logging_mixin.py:190} INFO - [2024-11-08T13:41:03.602+0000] {dag.py:4180} INFO - Setting next_dagrun for dataset_consumes_1_never_scheduled to None, run_after=None
[2024-11-08T13:41:03.602+0000] {logging_mixin.py:190} INFO - [2024-11-08T13:41:03.602+0000] {dag.py:4180} INFO - Setting next_dagrun for dataset_consumes_unknown_never_scheduled to None, run_after=None
[2024-11-08T13:41:03.604+0000] {logging_mixin.py:190} INFO - [2024-11-08T13:41:03.604+0000] {dag.py:4180} INFO - Setting next_dagrun for dataset_produces_1 to 2024-11-07 00:00:00+00:00, run_after=2024-11-08 00:00:00+00:00
[2024-11-08T13:41:03.605+0000] {logging_mixin.py:190} INFO - [2024-11-08T13:41:03.605+0000] {dag.py:4180} INFO - Setting next_dagrun for dataset_produces_2 to None, run_after=None
[2024-11-08T13:41:03.645+0000] {processor.py:208} INFO - Processing /home/airflow/.local/lib/python3.12/site-packages/airflow/example_dags/example_datasets.py took 1.366 seconds
[2024-11-08T13:41:34.110+0000] {processor.py:186} INFO - Started process (PID=177) to work on /home/airflow/.local/lib/python3.12/site-packages/airflow/example_dags/example_datasets.py
[2024-11-08T13:41:34.111+0000] {processor.py:914} INFO - Processing file /home/airflow/.local/lib/python3.12/site-packages/airflow/example_dags/example_datasets.py for tasks to queue
[2024-11-08T13:41:34.112+0000] {logging_mixin.py:190} INFO - [2024-11-08T13:41:34.112+0000] {dagbag.py:588} INFO - Filling up the DagBag from /home/airflow/.local/lib/python3.12/site-packages/airflow/example_dags/example_datasets.py
[2024-11-08T13:41:34.551+0000] {processor.py:925} INFO - DAG(s) 'consume_1_or_2_with_dataset_expressions', 'dataset_consumes_1_never_scheduled', 'dataset_produces_2', 'dataset_consumes_unknown_never_scheduled', 'conditional_dataset_and_time_based_timetable', 'dataset_consumes_1', 'consume_1_and_2_with_dataset_expressions', 'dataset_consumes_1_and_2', 'consume_1_or_both_2_and_3_with_dataset_expressions', 'dataset_produces_1' retrieved from /home/airflow/.local/lib/python3.12/site-packages/airflow/example_dags/example_datasets.py
[2024-11-08T13:41:34.580+0000] {logging_mixin.py:190} INFO - [2024-11-08T13:41:34.580+0000] {dag.py:3239} INFO - Sync 10 DAGs
[2024-11-08T13:41:34.601+0000] {logging_mixin.py:190} INFO - [2024-11-08T13:41:34.601+0000] {dag.py:4180} INFO - Setting next_dagrun for conditional_dataset_and_time_based_timetable to 2024-11-06 01:00:00+00:00, run_after=2024-11-06 01:00:00+00:00
[2024-11-08T13:41:34.607+0000] {logging_mixin.py:190} INFO - [2024-11-08T13:41:34.606+0000] {dag.py:4180} INFO - Setting next_dagrun for consume_1_and_2_with_dataset_expressions to None, run_after=None
[2024-11-08T13:41:34.608+0000] {logging_mixin.py:190} INFO - [2024-11-08T13:41:34.608+0000] {dag.py:4180} INFO - Setting next_dagrun for consume_1_or_2_with_dataset_expressions to None, run_after=None
[2024-11-08T13:41:34.609+0000] {logging_mixin.py:190} INFO - [2024-11-08T13:41:34.609+0000] {dag.py:4180} INFO - Setting next_dagrun for consume_1_or_both_2_and_3_with_dataset_expressions to None, run_after=None
[2024-11-08T13:41:34.610+0000] {logging_mixin.py:190} INFO - [2024-11-08T13:41:34.610+0000] {dag.py:4180} INFO - Setting next_dagrun for dataset_consumes_1 to None, run_after=None
[2024-11-08T13:41:34.612+0000] {logging_mixin.py:190} INFO - [2024-11-08T13:41:34.612+0000] {dag.py:4180} INFO - Setting next_dagrun for dataset_consumes_1_and_2 to None, run_after=None
[2024-11-08T13:41:34.613+0000] {logging_mixin.py:190} INFO - [2024-11-08T13:41:34.613+0000] {dag.py:4180} INFO - Setting next_dagrun for dataset_consumes_1_never_scheduled to None, run_after=None
[2024-11-08T13:41:34.614+0000] {logging_mixin.py:190} INFO - [2024-11-08T13:41:34.614+0000] {dag.py:4180} INFO - Setting next_dagrun for dataset_consumes_unknown_never_scheduled to None, run_after=None
[2024-11-08T13:41:34.616+0000] {logging_mixin.py:190} INFO - [2024-11-08T13:41:34.616+0000] {dag.py:4180} INFO - Setting next_dagrun for dataset_produces_1 to 2024-11-07 00:00:00+00:00, run_after=2024-11-08 00:00:00+00:00
[2024-11-08T13:41:34.617+0000] {logging_mixin.py:190} INFO - [2024-11-08T13:41:34.617+0000] {dag.py:4180} INFO - Setting next_dagrun for dataset_produces_2 to None, run_after=None
[2024-11-08T13:41:34.646+0000] {processor.py:208} INFO - Processing /home/airflow/.local/lib/python3.12/site-packages/airflow/example_dags/example_datasets.py took 0.540 seconds
[2024-11-08T13:42:04.714+0000] {processor.py:186} INFO - Started process (PID=245) to work on /home/airflow/.local/lib/python3.12/site-packages/airflow/example_dags/example_datasets.py
[2024-11-08T13:42:04.715+0000] {processor.py:914} INFO - Processing file /home/airflow/.local/lib/python3.12/site-packages/airflow/example_dags/example_datasets.py for tasks to queue
[2024-11-08T13:42:04.717+0000] {logging_mixin.py:190} INFO - [2024-11-08T13:42:04.717+0000] {dagbag.py:588} INFO - Filling up the DagBag from /home/airflow/.local/lib/python3.12/site-packages/airflow/example_dags/example_datasets.py
[2024-11-08T13:42:05.175+0000] {processor.py:925} INFO - DAG(s) 'consume_1_or_both_2_and_3_with_dataset_expressions', 'consume_1_or_2_with_dataset_expressions', 'dataset_produces_1', 'consume_1_and_2_with_dataset_expressions', 'dataset_produces_2', 'dataset_consumes_1_and_2', 'dataset_consumes_1_never_scheduled', 'dataset_consumes_1', 'conditional_dataset_and_time_based_timetable', 'dataset_consumes_unknown_never_scheduled' retrieved from /home/airflow/.local/lib/python3.12/site-packages/airflow/example_dags/example_datasets.py
[2024-11-08T13:42:05.210+0000] {logging_mixin.py:190} INFO - [2024-11-08T13:42:05.210+0000] {dag.py:3239} INFO - Sync 10 DAGs
[2024-11-08T13:42:05.229+0000] {logging_mixin.py:190} INFO - [2024-11-08T13:42:05.229+0000] {dag.py:4180} INFO - Setting next_dagrun for conditional_dataset_and_time_based_timetable to 2024-11-06 01:00:00+00:00, run_after=2024-11-06 01:00:00+00:00
[2024-11-08T13:42:05.234+0000] {logging_mixin.py:190} INFO - [2024-11-08T13:42:05.234+0000] {dag.py:4180} INFO - Setting next_dagrun for consume_1_and_2_with_dataset_expressions to None, run_after=None
[2024-11-08T13:42:05.235+0000] {logging_mixin.py:190} INFO - [2024-11-08T13:42:05.235+0000] {dag.py:4180} INFO - Setting next_dagrun for consume_1_or_2_with_dataset_expressions to None, run_after=None
[2024-11-08T13:42:05.236+0000] {logging_mixin.py:190} INFO - [2024-11-08T13:42:05.236+0000] {dag.py:4180} INFO - Setting next_dagrun for consume_1_or_both_2_and_3_with_dataset_expressions to None, run_after=None
[2024-11-08T13:42:05.237+0000] {logging_mixin.py:190} INFO - [2024-11-08T13:42:05.237+0000] {dag.py:4180} INFO - Setting next_dagrun for dataset_consumes_1 to None, run_after=None
[2024-11-08T13:42:05.238+0000] {logging_mixin.py:190} INFO - [2024-11-08T13:42:05.237+0000] {dag.py:4180} INFO - Setting next_dagrun for dataset_consumes_1_and_2 to None, run_after=None
[2024-11-08T13:42:05.238+0000] {logging_mixin.py:190} INFO - [2024-11-08T13:42:05.238+0000] {dag.py:4180} INFO - Setting next_dagrun for dataset_consumes_1_never_scheduled to None, run_after=None
[2024-11-08T13:42:05.239+0000] {logging_mixin.py:190} INFO - [2024-11-08T13:42:05.239+0000] {dag.py:4180} INFO - Setting next_dagrun for dataset_consumes_unknown_never_scheduled to None, run_after=None
[2024-11-08T13:42:05.241+0000] {logging_mixin.py:190} INFO - [2024-11-08T13:42:05.241+0000] {dag.py:4180} INFO - Setting next_dagrun for dataset_produces_1 to 2024-11-07 00:00:00+00:00, run_after=2024-11-08 00:00:00+00:00
[2024-11-08T13:42:05.242+0000] {logging_mixin.py:190} INFO - [2024-11-08T13:42:05.242+0000] {dag.py:4180} INFO - Setting next_dagrun for dataset_produces_2 to None, run_after=None
[2024-11-08T13:42:05.271+0000] {processor.py:208} INFO - Processing /home/airflow/.local/lib/python3.12/site-packages/airflow/example_dags/example_datasets.py took 0.561 seconds
[2024-11-08T13:42:36.121+0000] {processor.py:186} INFO - Started process (PID=309) to work on /home/airflow/.local/lib/python3.12/site-packages/airflow/example_dags/example_datasets.py
[2024-11-08T13:42:36.122+0000] {processor.py:914} INFO - Processing file /home/airflow/.local/lib/python3.12/site-packages/airflow/example_dags/example_datasets.py for tasks to queue
[2024-11-08T13:42:36.123+0000] {logging_mixin.py:190} INFO - [2024-11-08T13:42:36.123+0000] {dagbag.py:588} INFO - Filling up the DagBag from /home/airflow/.local/lib/python3.12/site-packages/airflow/example_dags/example_datasets.py
[2024-11-08T13:42:36.563+0000] {processor.py:925} INFO - DAG(s) 'dataset_consumes_1_and_2', 'dataset_consumes_unknown_never_scheduled', 'consume_1_or_2_with_dataset_expressions', 'dataset_produces_2', 'dataset_produces_1', 'consume_1_or_both_2_and_3_with_dataset_expressions', 'dataset_consumes_1', 'consume_1_and_2_with_dataset_expressions', 'conditional_dataset_and_time_based_timetable', 'dataset_consumes_1_never_scheduled' retrieved from /home/airflow/.local/lib/python3.12/site-packages/airflow/example_dags/example_datasets.py
[2024-11-08T13:42:36.593+0000] {logging_mixin.py:190} INFO - [2024-11-08T13:42:36.593+0000] {dag.py:3239} INFO - Sync 10 DAGs
[2024-11-08T13:42:36.614+0000] {logging_mixin.py:190} INFO - [2024-11-08T13:42:36.614+0000] {dag.py:4180} INFO - Setting next_dagrun for conditional_dataset_and_time_based_timetable to 2024-11-06 01:00:00+00:00, run_after=2024-11-06 01:00:00+00:00
[2024-11-08T13:42:36.618+0000] {logging_mixin.py:190} INFO - [2024-11-08T13:42:36.618+0000] {dag.py:4180} INFO - Setting next_dagrun for consume_1_and_2_with_dataset_expressions to None, run_after=None
[2024-11-08T13:42:36.619+0000] {logging_mixin.py:190} INFO - [2024-11-08T13:42:36.619+0000] {dag.py:4180} INFO - Setting next_dagrun for consume_1_or_2_with_dataset_expressions to None, run_after=None
[2024-11-08T13:42:36.620+0000] {logging_mixin.py:190} INFO - [2024-11-08T13:42:36.620+0000] {dag.py:4180} INFO - Setting next_dagrun for consume_1_or_both_2_and_3_with_dataset_expressions to None, run_after=None
[2024-11-08T13:42:36.621+0000] {logging_mixin.py:190} INFO - [2024-11-08T13:42:36.621+0000] {dag.py:4180} INFO - Setting next_dagrun for dataset_consumes_1 to None, run_after=None
[2024-11-08T13:42:36.622+0000] {logging_mixin.py:190} INFO - [2024-11-08T13:42:36.622+0000] {dag.py:4180} INFO - Setting next_dagrun for dataset_consumes_1_and_2 to None, run_after=None
[2024-11-08T13:42:36.623+0000] {logging_mixin.py:190} INFO - [2024-11-08T13:42:36.623+0000] {dag.py:4180} INFO - Setting next_dagrun for dataset_consumes_1_never_scheduled to None, run_after=None
[2024-11-08T13:42:36.624+0000] {logging_mixin.py:190} INFO - [2024-11-08T13:42:36.624+0000] {dag.py:4180} INFO - Setting next_dagrun for dataset_consumes_unknown_never_scheduled to None, run_after=None
[2024-11-08T13:42:36.626+0000] {logging_mixin.py:190} INFO - [2024-11-08T13:42:36.626+0000] {dag.py:4180} INFO - Setting next_dagrun for dataset_produces_1 to 2024-11-07 00:00:00+00:00, run_after=2024-11-08 00:00:00+00:00
[2024-11-08T13:42:36.627+0000] {logging_mixin.py:190} INFO - [2024-11-08T13:42:36.627+0000] {dag.py:4180} INFO - Setting next_dagrun for dataset_produces_2 to None, run_after=None
[2024-11-08T13:42:36.659+0000] {processor.py:208} INFO - Processing /home/airflow/.local/lib/python3.12/site-packages/airflow/example_dags/example_datasets.py took 0.541 seconds
[2024-11-08T13:43:07.011+0000] {processor.py:186} INFO - Started process (PID=367) to work on /home/airflow/.local/lib/python3.12/site-packages/airflow/example_dags/example_datasets.py
[2024-11-08T13:43:07.012+0000] {processor.py:914} INFO - Processing file /home/airflow/.local/lib/python3.12/site-packages/airflow/example_dags/example_datasets.py for tasks to queue
[2024-11-08T13:43:07.013+0000] {logging_mixin.py:190} INFO - [2024-11-08T13:43:07.013+0000] {dagbag.py:588} INFO - Filling up the DagBag from /home/airflow/.local/lib/python3.12/site-packages/airflow/example_dags/example_datasets.py
[2024-11-08T13:43:07.482+0000] {processor.py:925} INFO - DAG(s) 'consume_1_or_2_with_dataset_expressions', 'consume_1_or_both_2_and_3_with_dataset_expressions', 'dataset_consumes_unknown_never_scheduled', 'dataset_produces_1', 'conditional_dataset_and_time_based_timetable', 'consume_1_and_2_with_dataset_expressions', 'dataset_consumes_1_and_2', 'dataset_consumes_1', 'dataset_consumes_1_never_scheduled', 'dataset_produces_2' retrieved from /home/airflow/.local/lib/python3.12/site-packages/airflow/example_dags/example_datasets.py
[2024-11-08T13:43:07.511+0000] {logging_mixin.py:190} INFO - [2024-11-08T13:43:07.511+0000] {dag.py:3239} INFO - Sync 10 DAGs
[2024-11-08T13:43:07.530+0000] {logging_mixin.py:190} INFO - [2024-11-08T13:43:07.529+0000] {dag.py:4180} INFO - Setting next_dagrun for conditional_dataset_and_time_based_timetable to 2024-11-06 01:00:00+00:00, run_after=2024-11-06 01:00:00+00:00
[2024-11-08T13:43:07.532+0000] {logging_mixin.py:190} INFO - [2024-11-08T13:43:07.532+0000] {dag.py:4180} INFO - Setting next_dagrun for consume_1_and_2_with_dataset_expressions to None, run_after=None
[2024-11-08T13:43:07.533+0000] {logging_mixin.py:190} INFO - [2024-11-08T13:43:07.533+0000] {dag.py:4180} INFO - Setting next_dagrun for consume_1_or_2_with_dataset_expressions to None, run_after=None
[2024-11-08T13:43:07.534+0000] {logging_mixin.py:190} INFO - [2024-11-08T13:43:07.534+0000] {dag.py:4180} INFO - Setting next_dagrun for consume_1_or_both_2_and_3_with_dataset_expressions to None, run_after=None
[2024-11-08T13:43:07.535+0000] {logging_mixin.py:190} INFO - [2024-11-08T13:43:07.535+0000] {dag.py:4180} INFO - Setting next_dagrun for dataset_consumes_1 to None, run_after=None
[2024-11-08T13:43:07.536+0000] {logging_mixin.py:190} INFO - [2024-11-08T13:43:07.536+0000] {dag.py:4180} INFO - Setting next_dagrun for dataset_consumes_1_and_2 to None, run_after=None
[2024-11-08T13:43:07.537+0000] {logging_mixin.py:190} INFO - [2024-11-08T13:43:07.536+0000] {dag.py:4180} INFO - Setting next_dagrun for dataset_consumes_1_never_scheduled to None, run_after=None
[2024-11-08T13:43:07.537+0000] {logging_mixin.py:190} INFO - [2024-11-08T13:43:07.537+0000] {dag.py:4180} INFO - Setting next_dagrun for dataset_consumes_unknown_never_scheduled to None, run_after=None
[2024-11-08T13:43:07.539+0000] {logging_mixin.py:190} INFO - [2024-11-08T13:43:07.539+0000] {dag.py:4180} INFO - Setting next_dagrun for dataset_produces_1 to 2024-11-07 00:00:00+00:00, run_after=2024-11-08 00:00:00+00:00
[2024-11-08T13:43:07.540+0000] {logging_mixin.py:190} INFO - [2024-11-08T13:43:07.540+0000] {dag.py:4180} INFO - Setting next_dagrun for dataset_produces_2 to None, run_after=None
[2024-11-08T13:43:07.574+0000] {processor.py:208} INFO - Processing /home/airflow/.local/lib/python3.12/site-packages/airflow/example_dags/example_datasets.py took 0.568 seconds
[2024-11-08T13:43:37.664+0000] {processor.py:186} INFO - Started process (PID=431) to work on /home/airflow/.local/lib/python3.12/site-packages/airflow/example_dags/example_datasets.py
[2024-11-08T13:43:37.665+0000] {processor.py:914} INFO - Processing file /home/airflow/.local/lib/python3.12/site-packages/airflow/example_dags/example_datasets.py for tasks to queue
[2024-11-08T13:43:37.666+0000] {logging_mixin.py:190} INFO - [2024-11-08T13:43:37.666+0000] {dagbag.py:588} INFO - Filling up the DagBag from /home/airflow/.local/lib/python3.12/site-packages/airflow/example_dags/example_datasets.py
[2024-11-08T13:43:38.152+0000] {processor.py:925} INFO - DAG(s) 'dataset_produces_1', 'conditional_dataset_and_time_based_timetable', 'dataset_consumes_1_and_2', 'consume_1_or_2_with_dataset_expressions', 'consume_1_or_both_2_and_3_with_dataset_expressions', 'dataset_consumes_unknown_never_scheduled', 'dataset_consumes_1_never_scheduled', 'dataset_produces_2', 'dataset_consumes_1', 'consume_1_and_2_with_dataset_expressions' retrieved from /home/airflow/.local/lib/python3.12/site-packages/airflow/example_dags/example_datasets.py
[2024-11-08T13:43:38.183+0000] {logging_mixin.py:190} INFO - [2024-11-08T13:43:38.183+0000] {dag.py:3239} INFO - Sync 10 DAGs
[2024-11-08T13:43:38.203+0000] {logging_mixin.py:190} INFO - [2024-11-08T13:43:38.202+0000] {dag.py:4180} INFO - Setting next_dagrun for conditional_dataset_and_time_based_timetable to 2024-11-06 01:00:00+00:00, run_after=2024-11-06 01:00:00+00:00
[2024-11-08T13:43:38.206+0000] {logging_mixin.py:190} INFO - [2024-11-08T13:43:38.205+0000] {dag.py:4180} INFO - Setting next_dagrun for consume_1_and_2_with_dataset_expressions to None, run_after=None
[2024-11-08T13:43:38.207+0000] {logging_mixin.py:190} INFO - [2024-11-08T13:43:38.207+0000] {dag.py:4180} INFO - Setting next_dagrun for consume_1_or_2_with_dataset_expressions to None, run_after=None
[2024-11-08T13:43:38.208+0000] {logging_mixin.py:190} INFO - [2024-11-08T13:43:38.208+0000] {dag.py:4180} INFO - Setting next_dagrun for consume_1_or_both_2_and_3_with_dataset_expressions to None, run_after=None
[2024-11-08T13:43:38.209+0000] {logging_mixin.py:190} INFO - [2024-11-08T13:43:38.209+0000] {dag.py:4180} INFO - Setting next_dagrun for dataset_consumes_1 to None, run_after=None
[2024-11-08T13:43:38.210+0000] {logging_mixin.py:190} INFO - [2024-11-08T13:43:38.210+0000] {dag.py:4180} INFO - Setting next_dagrun for dataset_consumes_1_and_2 to None, run_after=None
[2024-11-08T13:43:38.211+0000] {logging_mixin.py:190} INFO - [2024-11-08T13:43:38.211+0000] {dag.py:4180} INFO - Setting next_dagrun for dataset_consumes_1_never_scheduled to None, run_after=None
[2024-11-08T13:43:38.212+0000] {logging_mixin.py:190} INFO - [2024-11-08T13:43:38.212+0000] {dag.py:4180} INFO - Setting next_dagrun for dataset_consumes_unknown_never_scheduled to None, run_after=None
[2024-11-08T13:43:38.213+0000] {logging_mixin.py:190} INFO - [2024-11-08T13:43:38.213+0000] {dag.py:4180} INFO - Setting next_dagrun for dataset_produces_1 to 2024-11-07 00:00:00+00:00, run_after=2024-11-08 00:00:00+00:00
[2024-11-08T13:43:38.215+0000] {logging_mixin.py:190} INFO - [2024-11-08T13:43:38.215+0000] {dag.py:4180} INFO - Setting next_dagrun for dataset_produces_2 to None, run_after=None
[2024-11-08T13:43:38.246+0000] {processor.py:208} INFO - Processing /home/airflow/.local/lib/python3.12/site-packages/airflow/example_dags/example_datasets.py took 0.586 seconds
[2024-11-08T13:44:08.306+0000] {processor.py:186} INFO - Started process (PID=494) to work on /home/airflow/.local/lib/python3.12/site-packages/airflow/example_dags/example_datasets.py
[2024-11-08T13:44:08.307+0000] {processor.py:914} INFO - Processing file /home/airflow/.local/lib/python3.12/site-packages/airflow/example_dags/example_datasets.py for tasks to queue
[2024-11-08T13:44:08.308+0000] {logging_mixin.py:190} INFO - [2024-11-08T13:44:08.308+0000] {dagbag.py:588} INFO - Filling up the DagBag from /home/airflow/.local/lib/python3.12/site-packages/airflow/example_dags/example_datasets.py
[2024-11-08T13:44:08.767+0000] {processor.py:925} INFO - DAG(s) 'dataset_produces_2', 'consume_1_or_2_with_dataset_expressions', 'consume_1_and_2_with_dataset_expressions', 'consume_1_or_both_2_and_3_with_dataset_expressions', 'dataset_produces_1', 'dataset_consumes_unknown_never_scheduled', 'dataset_consumes_1_and_2', 'conditional_dataset_and_time_based_timetable', 'dataset_consumes_1', 'dataset_consumes_1_never_scheduled' retrieved from /home/airflow/.local/lib/python3.12/site-packages/airflow/example_dags/example_datasets.py
[2024-11-08T13:44:08.796+0000] {logging_mixin.py:190} INFO - [2024-11-08T13:44:08.796+0000] {dag.py:3239} INFO - Sync 10 DAGs
[2024-11-08T13:44:08.814+0000] {logging_mixin.py:190} INFO - [2024-11-08T13:44:08.814+0000] {dag.py:4180} INFO - Setting next_dagrun for conditional_dataset_and_time_based_timetable to 2024-11-06 01:00:00+00:00, run_after=2024-11-06 01:00:00+00:00
[2024-11-08T13:44:08.817+0000] {logging_mixin.py:190} INFO - [2024-11-08T13:44:08.817+0000] {dag.py:4180} INFO - Setting next_dagrun for consume_1_and_2_with_dataset_expressions to None, run_after=None
[2024-11-08T13:44:08.818+0000] {logging_mixin.py:190} INFO - [2024-11-08T13:44:08.818+0000] {dag.py:4180} INFO - Setting next_dagrun for consume_1_or_2_with_dataset_expressions to None, run_after=None
[2024-11-08T13:44:08.819+0000] {logging_mixin.py:190} INFO - [2024-11-08T13:44:08.819+0000] {dag.py:4180} INFO - Setting next_dagrun for consume_1_or_both_2_and_3_with_dataset_expressions to None, run_after=None
[2024-11-08T13:44:08.820+0000] {logging_mixin.py:190} INFO - [2024-11-08T13:44:08.820+0000] {dag.py:4180} INFO - Setting next_dagrun for dataset_consumes_1 to None, run_after=None
[2024-11-08T13:44:08.821+0000] {logging_mixin.py:190} INFO - [2024-11-08T13:44:08.821+0000] {dag.py:4180} INFO - Setting next_dagrun for dataset_consumes_1_and_2 to None, run_after=None
[2024-11-08T13:44:08.822+0000] {logging_mixin.py:190} INFO - [2024-11-08T13:44:08.821+0000] {dag.py:4180} INFO - Setting next_dagrun for dataset_consumes_1_never_scheduled to None, run_after=None
[2024-11-08T13:44:08.822+0000] {logging_mixin.py:190} INFO - [2024-11-08T13:44:08.822+0000] {dag.py:4180} INFO - Setting next_dagrun for dataset_consumes_unknown_never_scheduled to None, run_after=None
[2024-11-08T13:44:08.824+0000] {logging_mixin.py:190} INFO - [2024-11-08T13:44:08.824+0000] {dag.py:4180} INFO - Setting next_dagrun for dataset_produces_1 to 2024-11-07 00:00:00+00:00, run_after=2024-11-08 00:00:00+00:00
[2024-11-08T13:44:08.825+0000] {logging_mixin.py:190} INFO - [2024-11-08T13:44:08.825+0000] {dag.py:4180} INFO - Setting next_dagrun for dataset_produces_2 to None, run_after=None
[2024-11-08T13:44:08.852+0000] {processor.py:208} INFO - Processing /home/airflow/.local/lib/python3.12/site-packages/airflow/example_dags/example_datasets.py took 0.550 seconds
[2024-11-08T13:44:40.131+0000] {processor.py:186} INFO - Started process (PID=562) to work on /home/airflow/.local/lib/python3.12/site-packages/airflow/example_dags/example_datasets.py
[2024-11-08T13:44:40.131+0000] {processor.py:914} INFO - Processing file /home/airflow/.local/lib/python3.12/site-packages/airflow/example_dags/example_datasets.py for tasks to queue
[2024-11-08T13:44:40.133+0000] {logging_mixin.py:190} INFO - [2024-11-08T13:44:40.133+0000] {dagbag.py:588} INFO - Filling up the DagBag from /home/airflow/.local/lib/python3.12/site-packages/airflow/example_dags/example_datasets.py
[2024-11-08T13:44:40.575+0000] {processor.py:925} INFO - DAG(s) 'consume_1_or_both_2_and_3_with_dataset_expressions', 'dataset_consumes_1_and_2', 'dataset_consumes_1_never_scheduled', 'conditional_dataset_and_time_based_timetable', 'consume_1_and_2_with_dataset_expressions', 'consume_1_or_2_with_dataset_expressions', 'dataset_produces_1', 'dataset_produces_2', 'dataset_consumes_1', 'dataset_consumes_unknown_never_scheduled' retrieved from /home/airflow/.local/lib/python3.12/site-packages/airflow/example_dags/example_datasets.py
[2024-11-08T13:44:40.606+0000] {logging_mixin.py:190} INFO - [2024-11-08T13:44:40.606+0000] {dag.py:3239} INFO - Sync 10 DAGs
[2024-11-08T13:44:40.625+0000] {logging_mixin.py:190} INFO - [2024-11-08T13:44:40.624+0000] {dag.py:4180} INFO - Setting next_dagrun for conditional_dataset_and_time_based_timetable to 2024-11-06 01:00:00+00:00, run_after=2024-11-06 01:00:00+00:00
[2024-11-08T13:44:40.628+0000] {logging_mixin.py:190} INFO - [2024-11-08T13:44:40.628+0000] {dag.py:4180} INFO - Setting next_dagrun for consume_1_and_2_with_dataset_expressions to None, run_after=None
[2024-11-08T13:44:40.629+0000] {logging_mixin.py:190} INFO - [2024-11-08T13:44:40.629+0000] {dag.py:4180} INFO - Setting next_dagrun for consume_1_or_2_with_dataset_expressions to None, run_after=None
[2024-11-08T13:44:40.630+0000] {logging_mixin.py:190} INFO - [2024-11-08T13:44:40.629+0000] {dag.py:4180} INFO - Setting next_dagrun for consume_1_or_both_2_and_3_with_dataset_expressions to None, run_after=None
[2024-11-08T13:44:40.630+0000] {logging_mixin.py:190} INFO - [2024-11-08T13:44:40.630+0000] {dag.py:4180} INFO - Setting next_dagrun for dataset_consumes_1 to None, run_after=None
[2024-11-08T13:44:40.631+0000] {logging_mixin.py:190} INFO - [2024-11-08T13:44:40.631+0000] {dag.py:4180} INFO - Setting next_dagrun for dataset_consumes_1_and_2 to None, run_after=None
[2024-11-08T13:44:40.632+0000] {logging_mixin.py:190} INFO - [2024-11-08T13:44:40.632+0000] {dag.py:4180} INFO - Setting next_dagrun for dataset_consumes_1_never_scheduled to None, run_after=None
[2024-11-08T13:44:40.633+0000] {logging_mixin.py:190} INFO - [2024-11-08T13:44:40.633+0000] {dag.py:4180} INFO - Setting next_dagrun for dataset_consumes_unknown_never_scheduled to None, run_after=None
[2024-11-08T13:44:40.635+0000] {logging_mixin.py:190} INFO - [2024-11-08T13:44:40.635+0000] {dag.py:4180} INFO - Setting next_dagrun for dataset_produces_1 to 2024-11-07 00:00:00+00:00, run_after=2024-11-08 00:00:00+00:00
[2024-11-08T13:44:40.636+0000] {logging_mixin.py:190} INFO - [2024-11-08T13:44:40.636+0000] {dag.py:4180} INFO - Setting next_dagrun for dataset_produces_2 to None, run_after=None
[2024-11-08T13:44:40.665+0000] {processor.py:208} INFO - Processing /home/airflow/.local/lib/python3.12/site-packages/airflow/example_dags/example_datasets.py took 0.538 seconds
[2024-11-08T13:45:11.550+0000] {processor.py:186} INFO - Started process (PID=625) to work on /home/airflow/.local/lib/python3.12/site-packages/airflow/example_dags/example_datasets.py
[2024-11-08T13:45:11.551+0000] {processor.py:914} INFO - Processing file /home/airflow/.local/lib/python3.12/site-packages/airflow/example_dags/example_datasets.py for tasks to queue
[2024-11-08T13:45:11.553+0000] {logging_mixin.py:190} INFO - [2024-11-08T13:45:11.553+0000] {dagbag.py:588} INFO - Filling up the DagBag from /home/airflow/.local/lib/python3.12/site-packages/airflow/example_dags/example_datasets.py
[2024-11-08T13:45:12.015+0000] {processor.py:925} INFO - DAG(s) 'dataset_consumes_1', 'dataset_consumes_unknown_never_scheduled', 'dataset_consumes_1_and_2', 'consume_1_and_2_with_dataset_expressions', 'consume_1_or_both_2_and_3_with_dataset_expressions', 'dataset_produces_2', 'consume_1_or_2_with_dataset_expressions', 'conditional_dataset_and_time_based_timetable', 'dataset_produces_1', 'dataset_consumes_1_never_scheduled' retrieved from /home/airflow/.local/lib/python3.12/site-packages/airflow/example_dags/example_datasets.py
[2024-11-08T13:45:12.046+0000] {logging_mixin.py:190} INFO - [2024-11-08T13:45:12.046+0000] {dag.py:3239} INFO - Sync 10 DAGs
[2024-11-08T13:45:12.065+0000] {logging_mixin.py:190} INFO - [2024-11-08T13:45:12.065+0000] {dag.py:4180} INFO - Setting next_dagrun for conditional_dataset_and_time_based_timetable to 2024-11-06 01:00:00+00:00, run_after=2024-11-06 01:00:00+00:00
[2024-11-08T13:45:12.068+0000] {logging_mixin.py:190} INFO - [2024-11-08T13:45:12.068+0000] {dag.py:4180} INFO - Setting next_dagrun for consume_1_and_2_with_dataset_expressions to None, run_after=None
[2024-11-08T13:45:12.069+0000] {logging_mixin.py:190} INFO - [2024-11-08T13:45:12.069+0000] {dag.py:4180} INFO - Setting next_dagrun for consume_1_or_2_with_dataset_expressions to None, run_after=None
[2024-11-08T13:45:12.070+0000] {logging_mixin.py:190} INFO - [2024-11-08T13:45:12.070+0000] {dag.py:4180} INFO - Setting next_dagrun for consume_1_or_both_2_and_3_with_dataset_expressions to None, run_after=None
[2024-11-08T13:45:12.071+0000] {logging_mixin.py:190} INFO - [2024-11-08T13:45:12.071+0000] {dag.py:4180} INFO - Setting next_dagrun for dataset_consumes_1 to None, run_after=None
[2024-11-08T13:45:12.072+0000] {logging_mixin.py:190} INFO - [2024-11-08T13:45:12.072+0000] {dag.py:4180} INFO - Setting next_dagrun for dataset_consumes_1_and_2 to None, run_after=None
[2024-11-08T13:45:12.073+0000] {logging_mixin.py:190} INFO - [2024-11-08T13:45:12.073+0000] {dag.py:4180} INFO - Setting next_dagrun for dataset_consumes_1_never_scheduled to None, run_after=None
[2024-11-08T13:45:12.074+0000] {logging_mixin.py:190} INFO - [2024-11-08T13:45:12.073+0000] {dag.py:4180} INFO - Setting next_dagrun for dataset_consumes_unknown_never_scheduled to None, run_after=None
[2024-11-08T13:45:12.075+0000] {logging_mixin.py:190} INFO - [2024-11-08T13:45:12.075+0000] {dag.py:4180} INFO - Setting next_dagrun for dataset_produces_1 to 2024-11-07 00:00:00+00:00, run_after=2024-11-08 00:00:00+00:00
[2024-11-08T13:45:12.076+0000] {logging_mixin.py:190} INFO - [2024-11-08T13:45:12.076+0000] {dag.py:4180} INFO - Setting next_dagrun for dataset_produces_2 to None, run_after=None
[2024-11-08T13:45:12.102+0000] {processor.py:208} INFO - Processing /home/airflow/.local/lib/python3.12/site-packages/airflow/example_dags/example_datasets.py took 0.557 seconds
[2024-11-08T13:45:42.204+0000] {processor.py:186} INFO - Started process (PID=680) to work on /home/airflow/.local/lib/python3.12/site-packages/airflow/example_dags/example_datasets.py
[2024-11-08T13:45:42.204+0000] {processor.py:914} INFO - Processing file /home/airflow/.local/lib/python3.12/site-packages/airflow/example_dags/example_datasets.py for tasks to queue
[2024-11-08T13:45:42.206+0000] {logging_mixin.py:190} INFO - [2024-11-08T13:45:42.206+0000] {dagbag.py:588} INFO - Filling up the DagBag from /home/airflow/.local/lib/python3.12/site-packages/airflow/example_dags/example_datasets.py
[2024-11-08T13:45:42.670+0000] {processor.py:925} INFO - DAG(s) 'dataset_consumes_1_and_2', 'consume_1_or_both_2_and_3_with_dataset_expressions', 'consume_1_and_2_with_dataset_expressions', 'dataset_produces_1', 'consume_1_or_2_with_dataset_expressions', 'dataset_produces_2', 'conditional_dataset_and_time_based_timetable', 'dataset_consumes_1', 'dataset_consumes_1_never_scheduled', 'dataset_consumes_unknown_never_scheduled' retrieved from /home/airflow/.local/lib/python3.12/site-packages/airflow/example_dags/example_datasets.py
[2024-11-08T13:45:42.702+0000] {logging_mixin.py:190} INFO - [2024-11-08T13:45:42.701+0000] {dag.py:3239} INFO - Sync 10 DAGs
[2024-11-08T13:45:42.722+0000] {logging_mixin.py:190} INFO - [2024-11-08T13:45:42.722+0000] {dag.py:4180} INFO - Setting next_dagrun for conditional_dataset_and_time_based_timetable to 2024-11-06 01:00:00+00:00, run_after=2024-11-06 01:00:00+00:00
[2024-11-08T13:45:42.725+0000] {logging_mixin.py:190} INFO - [2024-11-08T13:45:42.725+0000] {dag.py:4180} INFO - Setting next_dagrun for consume_1_and_2_with_dataset_expressions to None, run_after=None
[2024-11-08T13:45:42.726+0000] {logging_mixin.py:190} INFO - [2024-11-08T13:45:42.725+0000] {dag.py:4180} INFO - Setting next_dagrun for consume_1_or_2_with_dataset_expressions to None, run_after=None
[2024-11-08T13:45:42.727+0000] {logging_mixin.py:190} INFO - [2024-11-08T13:45:42.726+0000] {dag.py:4180} INFO - Setting next_dagrun for consume_1_or_both_2_and_3_with_dataset_expressions to None, run_after=None
[2024-11-08T13:45:42.727+0000] {logging_mixin.py:190} INFO - [2024-11-08T13:45:42.727+0000] {dag.py:4180} INFO - Setting next_dagrun for dataset_consumes_1 to None, run_after=None
[2024-11-08T13:45:42.728+0000] {logging_mixin.py:190} INFO - [2024-11-08T13:45:42.728+0000] {dag.py:4180} INFO - Setting next_dagrun for dataset_consumes_1_and_2 to None, run_after=None
[2024-11-08T13:45:42.729+0000] {logging_mixin.py:190} INFO - [2024-11-08T13:45:42.729+0000] {dag.py:4180} INFO - Setting next_dagrun for dataset_consumes_1_never_scheduled to None, run_after=None
[2024-11-08T13:45:42.730+0000] {logging_mixin.py:190} INFO - [2024-11-08T13:45:42.730+0000] {dag.py:4180} INFO - Setting next_dagrun for dataset_consumes_unknown_never_scheduled to None, run_after=None
[2024-11-08T13:45:42.732+0000] {logging_mixin.py:190} INFO - [2024-11-08T13:45:42.732+0000] {dag.py:4180} INFO - Setting next_dagrun for dataset_produces_1 to 2024-11-07 00:00:00+00:00, run_after=2024-11-08 00:00:00+00:00
[2024-11-08T13:45:42.733+0000] {logging_mixin.py:190} INFO - [2024-11-08T13:45:42.733+0000] {dag.py:4180} INFO - Setting next_dagrun for dataset_produces_2 to None, run_after=None
[2024-11-08T13:45:42.758+0000] {processor.py:208} INFO - Processing /home/airflow/.local/lib/python3.12/site-packages/airflow/example_dags/example_datasets.py took 0.558 seconds
[2024-11-08T13:46:13.218+0000] {processor.py:186} INFO - Started process (PID=748) to work on /home/airflow/.local/lib/python3.12/site-packages/airflow/example_dags/example_datasets.py
[2024-11-08T13:46:13.218+0000] {processor.py:914} INFO - Processing file /home/airflow/.local/lib/python3.12/site-packages/airflow/example_dags/example_datasets.py for tasks to queue
[2024-11-08T13:46:13.220+0000] {logging_mixin.py:190} INFO - [2024-11-08T13:46:13.220+0000] {dagbag.py:588} INFO - Filling up the DagBag from /home/airflow/.local/lib/python3.12/site-packages/airflow/example_dags/example_datasets.py
[2024-11-08T13:46:13.697+0000] {processor.py:925} INFO - DAG(s) 'dataset_produces_1', 'dataset_consumes_1_and_2', 'dataset_consumes_unknown_never_scheduled', 'consume_1_and_2_with_dataset_expressions', 'consume_1_or_2_with_dataset_expressions', 'dataset_consumes_1_never_scheduled', 'consume_1_or_both_2_and_3_with_dataset_expressions', 'dataset_produces_2', 'dataset_consumes_1', 'conditional_dataset_and_time_based_timetable' retrieved from /home/airflow/.local/lib/python3.12/site-packages/airflow/example_dags/example_datasets.py
[2024-11-08T13:46:13.730+0000] {logging_mixin.py:190} INFO - [2024-11-08T13:46:13.730+0000] {dag.py:3239} INFO - Sync 10 DAGs
[2024-11-08T13:46:13.753+0000] {logging_mixin.py:190} INFO - [2024-11-08T13:46:13.752+0000] {dag.py:4180} INFO - Setting next_dagrun for conditional_dataset_and_time_based_timetable to 2024-11-06 01:00:00+00:00, run_after=2024-11-06 01:00:00+00:00
[2024-11-08T13:46:13.756+0000] {logging_mixin.py:190} INFO - [2024-11-08T13:46:13.756+0000] {dag.py:4180} INFO - Setting next_dagrun for consume_1_and_2_with_dataset_expressions to None, run_after=None
[2024-11-08T13:46:13.757+0000] {logging_mixin.py:190} INFO - [2024-11-08T13:46:13.757+0000] {dag.py:4180} INFO - Setting next_dagrun for consume_1_or_2_with_dataset_expressions to None, run_after=None
[2024-11-08T13:46:13.758+0000] {logging_mixin.py:190} INFO - [2024-11-08T13:46:13.758+0000] {dag.py:4180} INFO - Setting next_dagrun for consume_1_or_both_2_and_3_with_dataset_expressions to None, run_after=None
[2024-11-08T13:46:13.759+0000] {logging_mixin.py:190} INFO - [2024-11-08T13:46:13.759+0000] {dag.py:4180} INFO - Setting next_dagrun for dataset_consumes_1 to None, run_after=None
[2024-11-08T13:46:13.760+0000] {logging_mixin.py:190} INFO - [2024-11-08T13:46:13.760+0000] {dag.py:4180} INFO - Setting next_dagrun for dataset_consumes_1_and_2 to None, run_after=None
[2024-11-08T13:46:13.761+0000] {logging_mixin.py:190} INFO - [2024-11-08T13:46:13.761+0000] {dag.py:4180} INFO - Setting next_dagrun for dataset_consumes_1_never_scheduled to None, run_after=None
[2024-11-08T13:46:13.762+0000] {logging_mixin.py:190} INFO - [2024-11-08T13:46:13.762+0000] {dag.py:4180} INFO - Setting next_dagrun for dataset_consumes_unknown_never_scheduled to None, run_after=None
[2024-11-08T13:46:13.764+0000] {logging_mixin.py:190} INFO - [2024-11-08T13:46:13.764+0000] {dag.py:4180} INFO - Setting next_dagrun for dataset_produces_1 to 2024-11-07 00:00:00+00:00, run_after=2024-11-08 00:00:00+00:00
[2024-11-08T13:46:13.765+0000] {logging_mixin.py:190} INFO - [2024-11-08T13:46:13.765+0000] {dag.py:4180} INFO - Setting next_dagrun for dataset_produces_2 to None, run_after=None
[2024-11-08T13:46:13.793+0000] {processor.py:208} INFO - Processing /home/airflow/.local/lib/python3.12/site-packages/airflow/example_dags/example_datasets.py took 0.579 seconds
[2024-11-08T13:46:43.918+0000] {processor.py:186} INFO - Started process (PID=818) to work on /home/airflow/.local/lib/python3.12/site-packages/airflow/example_dags/example_datasets.py
[2024-11-08T13:46:43.919+0000] {processor.py:914} INFO - Processing file /home/airflow/.local/lib/python3.12/site-packages/airflow/example_dags/example_datasets.py for tasks to queue
[2024-11-08T13:46:43.920+0000] {logging_mixin.py:190} INFO - [2024-11-08T13:46:43.920+0000] {dagbag.py:588} INFO - Filling up the DagBag from /home/airflow/.local/lib/python3.12/site-packages/airflow/example_dags/example_datasets.py
[2024-11-08T13:46:44.368+0000] {processor.py:925} INFO - DAG(s) 'dataset_consumes_1', 'dataset_consumes_1_and_2', 'consume_1_or_2_with_dataset_expressions', 'consume_1_or_both_2_and_3_with_dataset_expressions', 'dataset_consumes_unknown_never_scheduled', 'dataset_consumes_1_never_scheduled', 'dataset_produces_2', 'consume_1_and_2_with_dataset_expressions', 'conditional_dataset_and_time_based_timetable', 'dataset_produces_1' retrieved from /home/airflow/.local/lib/python3.12/site-packages/airflow/example_dags/example_datasets.py
[2024-11-08T13:46:44.397+0000] {logging_mixin.py:190} INFO - [2024-11-08T13:46:44.397+0000] {dag.py:3239} INFO - Sync 10 DAGs
[2024-11-08T13:46:44.418+0000] {logging_mixin.py:190} INFO - [2024-11-08T13:46:44.418+0000] {dag.py:4180} INFO - Setting next_dagrun for conditional_dataset_and_time_based_timetable to 2024-11-06 01:00:00+00:00, run_after=2024-11-06 01:00:00+00:00
[2024-11-08T13:46:44.421+0000] {logging_mixin.py:190} INFO - [2024-11-08T13:46:44.421+0000] {dag.py:4180} INFO - Setting next_dagrun for consume_1_and_2_with_dataset_expressions to None, run_after=None
[2024-11-08T13:46:44.422+0000] {logging_mixin.py:190} INFO - [2024-11-08T13:46:44.422+0000] {dag.py:4180} INFO - Setting next_dagrun for consume_1_or_2_with_dataset_expressions to None, run_after=None
[2024-11-08T13:46:44.422+0000] {logging_mixin.py:190} INFO - [2024-11-08T13:46:44.422+0000] {dag.py:4180} INFO - Setting next_dagrun for consume_1_or_both_2_and_3_with_dataset_expressions to None, run_after=None
[2024-11-08T13:46:44.423+0000] {logging_mixin.py:190} INFO - [2024-11-08T13:46:44.423+0000] {dag.py:4180} INFO - Setting next_dagrun for dataset_consumes_1 to None, run_after=None
[2024-11-08T13:46:44.424+0000] {logging_mixin.py:190} INFO - [2024-11-08T13:46:44.424+0000] {dag.py:4180} INFO - Setting next_dagrun for dataset_consumes_1_and_2 to None, run_after=None
[2024-11-08T13:46:44.425+0000] {logging_mixin.py:190} INFO - [2024-11-08T13:46:44.425+0000] {dag.py:4180} INFO - Setting next_dagrun for dataset_consumes_1_never_scheduled to None, run_after=None
[2024-11-08T13:46:44.426+0000] {logging_mixin.py:190} INFO - [2024-11-08T13:46:44.426+0000] {dag.py:4180} INFO - Setting next_dagrun for dataset_consumes_unknown_never_scheduled to None, run_after=None
[2024-11-08T13:46:44.428+0000] {logging_mixin.py:190} INFO - [2024-11-08T13:46:44.428+0000] {dag.py:4180} INFO - Setting next_dagrun for dataset_produces_1 to 2024-11-07 00:00:00+00:00, run_after=2024-11-08 00:00:00+00:00
[2024-11-08T13:46:44.429+0000] {logging_mixin.py:190} INFO - [2024-11-08T13:46:44.429+0000] {dag.py:4180} INFO - Setting next_dagrun for dataset_produces_2 to None, run_after=None
[2024-11-08T13:46:44.459+0000] {processor.py:208} INFO - Processing /home/airflow/.local/lib/python3.12/site-packages/airflow/example_dags/example_datasets.py took 0.544 seconds
[2024-11-08T13:47:15.284+0000] {processor.py:186} INFO - Started process (PID=880) to work on /home/airflow/.local/lib/python3.12/site-packages/airflow/example_dags/example_datasets.py
[2024-11-08T13:47:15.285+0000] {processor.py:914} INFO - Processing file /home/airflow/.local/lib/python3.12/site-packages/airflow/example_dags/example_datasets.py for tasks to queue
[2024-11-08T13:47:15.286+0000] {logging_mixin.py:190} INFO - [2024-11-08T13:47:15.286+0000] {dagbag.py:588} INFO - Filling up the DagBag from /home/airflow/.local/lib/python3.12/site-packages/airflow/example_dags/example_datasets.py
[2024-11-08T13:47:15.715+0000] {processor.py:925} INFO - DAG(s) 'dataset_produces_1', 'dataset_produces_2', 'dataset_consumes_1', 'consume_1_or_2_with_dataset_expressions', 'dataset_consumes_unknown_never_scheduled', 'dataset_consumes_1_never_scheduled', 'consume_1_and_2_with_dataset_expressions', 'conditional_dataset_and_time_based_timetable', 'consume_1_or_both_2_and_3_with_dataset_expressions', 'dataset_consumes_1_and_2' retrieved from /home/airflow/.local/lib/python3.12/site-packages/airflow/example_dags/example_datasets.py
[2024-11-08T13:47:15.745+0000] {logging_mixin.py:190} INFO - [2024-11-08T13:47:15.745+0000] {dag.py:3239} INFO - Sync 10 DAGs
[2024-11-08T13:47:15.764+0000] {logging_mixin.py:190} INFO - [2024-11-08T13:47:15.764+0000] {dag.py:4180} INFO - Setting next_dagrun for conditional_dataset_and_time_based_timetable to 2024-11-06 01:00:00+00:00, run_after=2024-11-06 01:00:00+00:00
[2024-11-08T13:47:15.767+0000] {logging_mixin.py:190} INFO - [2024-11-08T13:47:15.766+0000] {dag.py:4180} INFO - Setting next_dagrun for consume_1_and_2_with_dataset_expressions to None, run_after=None
[2024-11-08T13:47:15.768+0000] {logging_mixin.py:190} INFO - [2024-11-08T13:47:15.767+0000] {dag.py:4180} INFO - Setting next_dagrun for consume_1_or_2_with_dataset_expressions to None, run_after=None
[2024-11-08T13:47:15.768+0000] {logging_mixin.py:190} INFO - [2024-11-08T13:47:15.768+0000] {dag.py:4180} INFO - Setting next_dagrun for consume_1_or_both_2_and_3_with_dataset_expressions to None, run_after=None
[2024-11-08T13:47:15.769+0000] {logging_mixin.py:190} INFO - [2024-11-08T13:47:15.769+0000] {dag.py:4180} INFO - Setting next_dagrun for dataset_consumes_1 to None, run_after=None
[2024-11-08T13:47:15.770+0000] {logging_mixin.py:190} INFO - [2024-11-08T13:47:15.770+0000] {dag.py:4180} INFO - Setting next_dagrun for dataset_consumes_1_and_2 to None, run_after=None
[2024-11-08T13:47:15.771+0000] {logging_mixin.py:190} INFO - [2024-11-08T13:47:15.771+0000] {dag.py:4180} INFO - Setting next_dagrun for dataset_consumes_1_never_scheduled to None, run_after=None
[2024-11-08T13:47:15.772+0000] {logging_mixin.py:190} INFO - [2024-11-08T13:47:15.772+0000] {dag.py:4180} INFO - Setting next_dagrun for dataset_consumes_unknown_never_scheduled to None, run_after=None
[2024-11-08T13:47:15.773+0000] {logging_mixin.py:190} INFO - [2024-11-08T13:47:15.773+0000] {dag.py:4180} INFO - Setting next_dagrun for dataset_produces_1 to 2024-11-07 00:00:00+00:00, run_after=2024-11-08 00:00:00+00:00
[2024-11-08T13:47:15.774+0000] {logging_mixin.py:190} INFO - [2024-11-08T13:47:15.774+0000] {dag.py:4180} INFO - Setting next_dagrun for dataset_produces_2 to None, run_after=None
[2024-11-08T13:47:15.804+0000] {processor.py:208} INFO - Processing /home/airflow/.local/lib/python3.12/site-packages/airflow/example_dags/example_datasets.py took 0.524 seconds
[2024-11-08T13:47:46.089+0000] {processor.py:186} INFO - Started process (PID=944) to work on /home/airflow/.local/lib/python3.12/site-packages/airflow/example_dags/example_datasets.py
[2024-11-08T13:47:46.090+0000] {processor.py:914} INFO - Processing file /home/airflow/.local/lib/python3.12/site-packages/airflow/example_dags/example_datasets.py for tasks to queue
[2024-11-08T13:47:46.091+0000] {logging_mixin.py:190} INFO - [2024-11-08T13:47:46.091+0000] {dagbag.py:588} INFO - Filling up the DagBag from /home/airflow/.local/lib/python3.12/site-packages/airflow/example_dags/example_datasets.py
[2024-11-08T13:47:46.525+0000] {processor.py:925} INFO - DAG(s) 'consume_1_and_2_with_dataset_expressions', 'dataset_consumes_1', 'consume_1_or_2_with_dataset_expressions', 'dataset_produces_1', 'conditional_dataset_and_time_based_timetable', 'dataset_produces_2', 'dataset_consumes_unknown_never_scheduled', 'consume_1_or_both_2_and_3_with_dataset_expressions', 'dataset_consumes_1_never_scheduled', 'dataset_consumes_1_and_2' retrieved from /home/airflow/.local/lib/python3.12/site-packages/airflow/example_dags/example_datasets.py
[2024-11-08T13:47:46.556+0000] {logging_mixin.py:190} INFO - [2024-11-08T13:47:46.555+0000] {dag.py:3239} INFO - Sync 10 DAGs
[2024-11-08T13:47:46.576+0000] {logging_mixin.py:190} INFO - [2024-11-08T13:47:46.576+0000] {dag.py:4180} INFO - Setting next_dagrun for conditional_dataset_and_time_based_timetable to 2024-11-06 01:00:00+00:00, run_after=2024-11-06 01:00:00+00:00
[2024-11-08T13:47:46.579+0000] {logging_mixin.py:190} INFO - [2024-11-08T13:47:46.579+0000] {dag.py:4180} INFO - Setting next_dagrun for consume_1_and_2_with_dataset_expressions to None, run_after=None
[2024-11-08T13:47:46.581+0000] {logging_mixin.py:190} INFO - [2024-11-08T13:47:46.581+0000] {dag.py:4180} INFO - Setting next_dagrun for consume_1_or_2_with_dataset_expressions to None, run_after=None
[2024-11-08T13:47:46.583+0000] {logging_mixin.py:190} INFO - [2024-11-08T13:47:46.583+0000] {dag.py:4180} INFO - Setting next_dagrun for consume_1_or_both_2_and_3_with_dataset_expressions to None, run_after=None
[2024-11-08T13:47:46.584+0000] {logging_mixin.py:190} INFO - [2024-11-08T13:47:46.584+0000] {dag.py:4180} INFO - Setting next_dagrun for dataset_consumes_1 to None, run_after=None
[2024-11-08T13:47:46.585+0000] {logging_mixin.py:190} INFO - [2024-11-08T13:47:46.585+0000] {dag.py:4180} INFO - Setting next_dagrun for dataset_consumes_1_and_2 to None, run_after=None
[2024-11-08T13:47:46.586+0000] {logging_mixin.py:190} INFO - [2024-11-08T13:47:46.586+0000] {dag.py:4180} INFO - Setting next_dagrun for dataset_consumes_1_never_scheduled to None, run_after=None
[2024-11-08T13:47:46.587+0000] {logging_mixin.py:190} INFO - [2024-11-08T13:47:46.587+0000] {dag.py:4180} INFO - Setting next_dagrun for dataset_consumes_unknown_never_scheduled to None, run_after=None
[2024-11-08T13:47:46.589+0000] {logging_mixin.py:190} INFO - [2024-11-08T13:47:46.589+0000] {dag.py:4180} INFO - Setting next_dagrun for dataset_produces_1 to 2024-11-07 00:00:00+00:00, run_after=2024-11-08 00:00:00+00:00
[2024-11-08T13:47:46.590+0000] {logging_mixin.py:190} INFO - [2024-11-08T13:47:46.590+0000] {dag.py:4180} INFO - Setting next_dagrun for dataset_produces_2 to None, run_after=None
[2024-11-08T13:47:46.619+0000] {processor.py:208} INFO - Processing /home/airflow/.local/lib/python3.12/site-packages/airflow/example_dags/example_datasets.py took 0.533 seconds
[2024-11-08T13:48:17.511+0000] {processor.py:186} INFO - Started process (PID=1008) to work on /home/airflow/.local/lib/python3.12/site-packages/airflow/example_dags/example_datasets.py
[2024-11-08T13:48:17.512+0000] {processor.py:914} INFO - Processing file /home/airflow/.local/lib/python3.12/site-packages/airflow/example_dags/example_datasets.py for tasks to queue
[2024-11-08T13:48:17.514+0000] {logging_mixin.py:190} INFO - [2024-11-08T13:48:17.513+0000] {dagbag.py:588} INFO - Filling up the DagBag from /home/airflow/.local/lib/python3.12/site-packages/airflow/example_dags/example_datasets.py
[2024-11-08T13:48:17.955+0000] {processor.py:925} INFO - DAG(s) 'consume_1_and_2_with_dataset_expressions', 'dataset_consumes_1', 'dataset_consumes_unknown_never_scheduled', 'consume_1_or_2_with_dataset_expressions', 'dataset_consumes_1_and_2', 'dataset_produces_2', 'dataset_consumes_1_never_scheduled', 'conditional_dataset_and_time_based_timetable', 'consume_1_or_both_2_and_3_with_dataset_expressions', 'dataset_produces_1' retrieved from /home/airflow/.local/lib/python3.12/site-packages/airflow/example_dags/example_datasets.py
[2024-11-08T13:48:17.986+0000] {logging_mixin.py:190} INFO - [2024-11-08T13:48:17.986+0000] {dag.py:3239} INFO - Sync 10 DAGs
[2024-11-08T13:48:18.005+0000] {logging_mixin.py:190} INFO - [2024-11-08T13:48:18.005+0000] {dag.py:4180} INFO - Setting next_dagrun for conditional_dataset_and_time_based_timetable to 2024-11-06 01:00:00+00:00, run_after=2024-11-06 01:00:00+00:00
[2024-11-08T13:48:18.010+0000] {logging_mixin.py:190} INFO - [2024-11-08T13:48:18.010+0000] {dag.py:4180} INFO - Setting next_dagrun for consume_1_and_2_with_dataset_expressions to None, run_after=None
[2024-11-08T13:48:18.011+0000] {logging_mixin.py:190} INFO - [2024-11-08T13:48:18.011+0000] {dag.py:4180} INFO - Setting next_dagrun for consume_1_or_2_with_dataset_expressions to None, run_after=None
[2024-11-08T13:48:18.012+0000] {logging_mixin.py:190} INFO - [2024-11-08T13:48:18.012+0000] {dag.py:4180} INFO - Setting next_dagrun for consume_1_or_both_2_and_3_with_dataset_expressions to None, run_after=None
[2024-11-08T13:48:18.013+0000] {logging_mixin.py:190} INFO - [2024-11-08T13:48:18.013+0000] {dag.py:4180} INFO - Setting next_dagrun for dataset_consumes_1 to None, run_after=None
[2024-11-08T13:48:18.014+0000] {logging_mixin.py:190} INFO - [2024-11-08T13:48:18.014+0000] {dag.py:4180} INFO - Setting next_dagrun for dataset_consumes_1_and_2 to None, run_after=None
[2024-11-08T13:48:18.015+0000] {logging_mixin.py:190} INFO - [2024-11-08T13:48:18.015+0000] {dag.py:4180} INFO - Setting next_dagrun for dataset_consumes_1_never_scheduled to None, run_after=None
[2024-11-08T13:48:18.016+0000] {logging_mixin.py:190} INFO - [2024-11-08T13:48:18.016+0000] {dag.py:4180} INFO - Setting next_dagrun for dataset_consumes_unknown_never_scheduled to None, run_after=None
[2024-11-08T13:48:18.018+0000] {logging_mixin.py:190} INFO - [2024-11-08T13:48:18.017+0000] {dag.py:4180} INFO - Setting next_dagrun for dataset_produces_1 to 2024-11-07 00:00:00+00:00, run_after=2024-11-08 00:00:00+00:00
[2024-11-08T13:48:18.018+0000] {logging_mixin.py:190} INFO - [2024-11-08T13:48:18.018+0000] {dag.py:4180} INFO - Setting next_dagrun for dataset_produces_2 to None, run_after=None
[2024-11-08T13:48:18.042+0000] {processor.py:208} INFO - Processing /home/airflow/.local/lib/python3.12/site-packages/airflow/example_dags/example_datasets.py took 0.535 seconds
