[2024-11-08T13:40:59.659+0000] {processor.py:186} INFO - Started process (PID=92) to work on /home/airflow/.local/lib/python3.12/site-packages/airflow/example_dags/example_dag_decorator.py
[2024-11-08T13:40:59.659+0000] {processor.py:914} INFO - Processing file /home/airflow/.local/lib/python3.12/site-packages/airflow/example_dags/example_dag_decorator.py for tasks to queue
[2024-11-08T13:40:59.662+0000] {logging_mixin.py:190} INFO - [2024-11-08T13:40:59.661+0000] {dagbag.py:588} INFO - Filling up the DagBag from /home/airflow/.local/lib/python3.12/site-packages/airflow/example_dags/example_dag_decorator.py
[2024-11-08T13:40:59.670+0000] {processor.py:925} INFO - DAG(s) 'example_dag_decorator' retrieved from /home/airflow/.local/lib/python3.12/site-packages/airflow/example_dags/example_dag_decorator.py
[2024-11-08T13:40:59.750+0000] {logging_mixin.py:190} INFO - [2024-11-08T13:40:59.749+0000] {override.py:1911} INFO - Created Permission View: can read on DAG:example_dag_decorator
[2024-11-08T13:40:59.757+0000] {logging_mixin.py:190} INFO - [2024-11-08T13:40:59.757+0000] {override.py:1911} INFO - Created Permission View: can edit on DAG:example_dag_decorator
[2024-11-08T13:40:59.766+0000] {logging_mixin.py:190} INFO - [2024-11-08T13:40:59.766+0000] {override.py:1911} INFO - Created Permission View: can delete on DAG:example_dag_decorator
[2024-11-08T13:40:59.783+0000] {logging_mixin.py:190} INFO - [2024-11-08T13:40:59.783+0000] {override.py:1911} INFO - Created Permission View: can read on DAG Run:example_dag_decorator
[2024-11-08T13:40:59.793+0000] {logging_mixin.py:190} INFO - [2024-11-08T13:40:59.793+0000] {override.py:1911} INFO - Created Permission View: can create on DAG Run:example_dag_decorator
[2024-11-08T13:40:59.801+0000] {logging_mixin.py:190} INFO - [2024-11-08T13:40:59.801+0000] {override.py:1911} INFO - Created Permission View: can delete on DAG Run:example_dag_decorator
[2024-11-08T13:40:59.813+0000] {logging_mixin.py:190} INFO - [2024-11-08T13:40:59.812+0000] {override.py:1911} INFO - Created Permission View: menu access on DAG Run:example_dag_decorator
[2024-11-08T13:40:59.813+0000] {logging_mixin.py:190} INFO - [2024-11-08T13:40:59.813+0000] {dag.py:3239} INFO - Sync 1 DAGs
[2024-11-08T13:40:59.823+0000] {logging_mixin.py:190} INFO - [2024-11-08T13:40:59.823+0000] {dag.py:3262} INFO - Creating ORM DAG for example_dag_decorator
[2024-11-08T13:40:59.824+0000] {logging_mixin.py:190} INFO - [2024-11-08T13:40:59.823+0000] {dag.py:4180} INFO - Setting next_dagrun for example_dag_decorator to None, run_after=None
[2024-11-08T13:40:59.836+0000] {processor.py:208} INFO - Processing /home/airflow/.local/lib/python3.12/site-packages/airflow/example_dags/example_dag_decorator.py took 0.182 seconds
[2024-11-08T13:41:30.770+0000] {processor.py:186} INFO - Started process (PID=155) to work on /home/airflow/.local/lib/python3.12/site-packages/airflow/example_dags/example_dag_decorator.py
[2024-11-08T13:41:30.770+0000] {processor.py:914} INFO - Processing file /home/airflow/.local/lib/python3.12/site-packages/airflow/example_dags/example_dag_decorator.py for tasks to queue
[2024-11-08T13:41:30.772+0000] {logging_mixin.py:190} INFO - [2024-11-08T13:41:30.771+0000] {dagbag.py:588} INFO - Filling up the DagBag from /home/airflow/.local/lib/python3.12/site-packages/airflow/example_dags/example_dag_decorator.py
[2024-11-08T13:41:30.779+0000] {processor.py:925} INFO - DAG(s) 'example_dag_decorator' retrieved from /home/airflow/.local/lib/python3.12/site-packages/airflow/example_dags/example_dag_decorator.py
[2024-11-08T13:41:30.795+0000] {logging_mixin.py:190} INFO - [2024-11-08T13:41:30.794+0000] {dag.py:3239} INFO - Sync 1 DAGs
[2024-11-08T13:41:30.804+0000] {logging_mixin.py:190} INFO - [2024-11-08T13:41:30.804+0000] {dag.py:4180} INFO - Setting next_dagrun for example_dag_decorator to None, run_after=None
[2024-11-08T13:41:30.823+0000] {processor.py:208} INFO - Processing /home/airflow/.local/lib/python3.12/site-packages/airflow/example_dags/example_dag_decorator.py took 0.057 seconds
[2024-11-08T13:42:01.135+0000] {processor.py:186} INFO - Started process (PID=218) to work on /home/airflow/.local/lib/python3.12/site-packages/airflow/example_dags/example_dag_decorator.py
[2024-11-08T13:42:01.135+0000] {processor.py:914} INFO - Processing file /home/airflow/.local/lib/python3.12/site-packages/airflow/example_dags/example_dag_decorator.py for tasks to queue
[2024-11-08T13:42:01.137+0000] {logging_mixin.py:190} INFO - [2024-11-08T13:42:01.137+0000] {dagbag.py:588} INFO - Filling up the DagBag from /home/airflow/.local/lib/python3.12/site-packages/airflow/example_dags/example_dag_decorator.py
[2024-11-08T13:42:01.144+0000] {processor.py:925} INFO - DAG(s) 'example_dag_decorator' retrieved from /home/airflow/.local/lib/python3.12/site-packages/airflow/example_dags/example_dag_decorator.py
[2024-11-08T13:42:01.160+0000] {logging_mixin.py:190} INFO - [2024-11-08T13:42:01.160+0000] {dag.py:3239} INFO - Sync 1 DAGs
[2024-11-08T13:42:01.171+0000] {logging_mixin.py:190} INFO - [2024-11-08T13:42:01.170+0000] {dag.py:4180} INFO - Setting next_dagrun for example_dag_decorator to None, run_after=None
[2024-11-08T13:42:01.192+0000] {processor.py:208} INFO - Processing /home/airflow/.local/lib/python3.12/site-packages/airflow/example_dags/example_dag_decorator.py took 0.061 seconds
[2024-11-08T13:42:31.337+0000] {processor.py:186} INFO - Started process (PID=281) to work on /home/airflow/.local/lib/python3.12/site-packages/airflow/example_dags/example_dag_decorator.py
[2024-11-08T13:42:31.338+0000] {processor.py:914} INFO - Processing file /home/airflow/.local/lib/python3.12/site-packages/airflow/example_dags/example_dag_decorator.py for tasks to queue
[2024-11-08T13:42:31.339+0000] {logging_mixin.py:190} INFO - [2024-11-08T13:42:31.339+0000] {dagbag.py:588} INFO - Filling up the DagBag from /home/airflow/.local/lib/python3.12/site-packages/airflow/example_dags/example_dag_decorator.py
[2024-11-08T13:42:31.347+0000] {processor.py:925} INFO - DAG(s) 'example_dag_decorator' retrieved from /home/airflow/.local/lib/python3.12/site-packages/airflow/example_dags/example_dag_decorator.py
[2024-11-08T13:42:31.363+0000] {logging_mixin.py:190} INFO - [2024-11-08T13:42:31.363+0000] {dag.py:3239} INFO - Sync 1 DAGs
[2024-11-08T13:42:31.373+0000] {logging_mixin.py:190} INFO - [2024-11-08T13:42:31.372+0000] {dag.py:4180} INFO - Setting next_dagrun for example_dag_decorator to None, run_after=None
[2024-11-08T13:42:31.390+0000] {processor.py:208} INFO - Processing /home/airflow/.local/lib/python3.12/site-packages/airflow/example_dags/example_dag_decorator.py took 0.057 seconds
[2024-11-08T13:43:01.488+0000] {processor.py:186} INFO - Started process (PID=344) to work on /home/airflow/.local/lib/python3.12/site-packages/airflow/example_dags/example_dag_decorator.py
[2024-11-08T13:43:01.489+0000] {processor.py:914} INFO - Processing file /home/airflow/.local/lib/python3.12/site-packages/airflow/example_dags/example_dag_decorator.py for tasks to queue
[2024-11-08T13:43:01.491+0000] {logging_mixin.py:190} INFO - [2024-11-08T13:43:01.490+0000] {dagbag.py:588} INFO - Filling up the DagBag from /home/airflow/.local/lib/python3.12/site-packages/airflow/example_dags/example_dag_decorator.py
[2024-11-08T13:43:01.499+0000] {processor.py:925} INFO - DAG(s) 'example_dag_decorator' retrieved from /home/airflow/.local/lib/python3.12/site-packages/airflow/example_dags/example_dag_decorator.py
[2024-11-08T13:43:01.576+0000] {logging_mixin.py:190} INFO - [2024-11-08T13:43:01.576+0000] {dag.py:3239} INFO - Sync 1 DAGs
[2024-11-08T13:43:01.586+0000] {logging_mixin.py:190} INFO - [2024-11-08T13:43:01.585+0000] {dag.py:4180} INFO - Setting next_dagrun for example_dag_decorator to None, run_after=None
[2024-11-08T13:43:01.601+0000] {processor.py:208} INFO - Processing /home/airflow/.local/lib/python3.12/site-packages/airflow/example_dags/example_dag_decorator.py took 0.116 seconds
[2024-11-08T13:43:32.242+0000] {processor.py:186} INFO - Started process (PID=408) to work on /home/airflow/.local/lib/python3.12/site-packages/airflow/example_dags/example_dag_decorator.py
[2024-11-08T13:43:32.243+0000] {processor.py:914} INFO - Processing file /home/airflow/.local/lib/python3.12/site-packages/airflow/example_dags/example_dag_decorator.py for tasks to queue
[2024-11-08T13:43:32.245+0000] {logging_mixin.py:190} INFO - [2024-11-08T13:43:32.245+0000] {dagbag.py:588} INFO - Filling up the DagBag from /home/airflow/.local/lib/python3.12/site-packages/airflow/example_dags/example_dag_decorator.py
[2024-11-08T13:43:32.252+0000] {processor.py:925} INFO - DAG(s) 'example_dag_decorator' retrieved from /home/airflow/.local/lib/python3.12/site-packages/airflow/example_dags/example_dag_decorator.py
[2024-11-08T13:43:32.330+0000] {logging_mixin.py:190} INFO - [2024-11-08T13:43:32.330+0000] {dag.py:3239} INFO - Sync 1 DAGs
[2024-11-08T13:43:32.339+0000] {logging_mixin.py:190} INFO - [2024-11-08T13:43:32.339+0000] {dag.py:4180} INFO - Setting next_dagrun for example_dag_decorator to None, run_after=None
[2024-11-08T13:43:32.358+0000] {processor.py:208} INFO - Processing /home/airflow/.local/lib/python3.12/site-packages/airflow/example_dags/example_dag_decorator.py took 0.119 seconds
[2024-11-08T13:44:02.889+0000] {processor.py:186} INFO - Started process (PID=471) to work on /home/airflow/.local/lib/python3.12/site-packages/airflow/example_dags/example_dag_decorator.py
[2024-11-08T13:44:02.889+0000] {processor.py:914} INFO - Processing file /home/airflow/.local/lib/python3.12/site-packages/airflow/example_dags/example_dag_decorator.py for tasks to queue
[2024-11-08T13:44:02.891+0000] {logging_mixin.py:190} INFO - [2024-11-08T13:44:02.891+0000] {dagbag.py:588} INFO - Filling up the DagBag from /home/airflow/.local/lib/python3.12/site-packages/airflow/example_dags/example_dag_decorator.py
[2024-11-08T13:44:02.899+0000] {processor.py:925} INFO - DAG(s) 'example_dag_decorator' retrieved from /home/airflow/.local/lib/python3.12/site-packages/airflow/example_dags/example_dag_decorator.py
[2024-11-08T13:44:02.976+0000] {logging_mixin.py:190} INFO - [2024-11-08T13:44:02.976+0000] {dag.py:3239} INFO - Sync 1 DAGs
[2024-11-08T13:44:02.986+0000] {logging_mixin.py:190} INFO - [2024-11-08T13:44:02.985+0000] {dag.py:4180} INFO - Setting next_dagrun for example_dag_decorator to None, run_after=None
[2024-11-08T13:44:03.003+0000] {processor.py:208} INFO - Processing /home/airflow/.local/lib/python3.12/site-packages/airflow/example_dags/example_dag_decorator.py took 0.117 seconds
[2024-11-08T13:44:34.313+0000] {processor.py:186} INFO - Started process (PID=533) to work on /home/airflow/.local/lib/python3.12/site-packages/airflow/example_dags/example_dag_decorator.py
[2024-11-08T13:44:34.313+0000] {processor.py:914} INFO - Processing file /home/airflow/.local/lib/python3.12/site-packages/airflow/example_dags/example_dag_decorator.py for tasks to queue
[2024-11-08T13:44:34.315+0000] {logging_mixin.py:190} INFO - [2024-11-08T13:44:34.315+0000] {dagbag.py:588} INFO - Filling up the DagBag from /home/airflow/.local/lib/python3.12/site-packages/airflow/example_dags/example_dag_decorator.py
[2024-11-08T13:44:34.322+0000] {processor.py:925} INFO - DAG(s) 'example_dag_decorator' retrieved from /home/airflow/.local/lib/python3.12/site-packages/airflow/example_dags/example_dag_decorator.py
[2024-11-08T13:44:34.401+0000] {logging_mixin.py:190} INFO - [2024-11-08T13:44:34.400+0000] {dag.py:3239} INFO - Sync 1 DAGs
[2024-11-08T13:44:34.410+0000] {logging_mixin.py:190} INFO - [2024-11-08T13:44:34.410+0000] {dag.py:4180} INFO - Setting next_dagrun for example_dag_decorator to None, run_after=None
[2024-11-08T13:44:34.426+0000] {processor.py:208} INFO - Processing /home/airflow/.local/lib/python3.12/site-packages/airflow/example_dags/example_dag_decorator.py took 0.117 seconds
[2024-11-08T13:45:05.802+0000] {processor.py:186} INFO - Started process (PID=596) to work on /home/airflow/.local/lib/python3.12/site-packages/airflow/example_dags/example_dag_decorator.py
[2024-11-08T13:45:05.802+0000] {processor.py:914} INFO - Processing file /home/airflow/.local/lib/python3.12/site-packages/airflow/example_dags/example_dag_decorator.py for tasks to queue
[2024-11-08T13:45:05.804+0000] {logging_mixin.py:190} INFO - [2024-11-08T13:45:05.804+0000] {dagbag.py:588} INFO - Filling up the DagBag from /home/airflow/.local/lib/python3.12/site-packages/airflow/example_dags/example_dag_decorator.py
[2024-11-08T13:45:05.811+0000] {processor.py:925} INFO - DAG(s) 'example_dag_decorator' retrieved from /home/airflow/.local/lib/python3.12/site-packages/airflow/example_dags/example_dag_decorator.py
[2024-11-08T13:45:05.889+0000] {logging_mixin.py:190} INFO - [2024-11-08T13:45:05.888+0000] {dag.py:3239} INFO - Sync 1 DAGs
[2024-11-08T13:45:05.897+0000] {logging_mixin.py:190} INFO - [2024-11-08T13:45:05.897+0000] {dag.py:4180} INFO - Setting next_dagrun for example_dag_decorator to None, run_after=None
[2024-11-08T13:45:05.915+0000] {processor.py:208} INFO - Processing /home/airflow/.local/lib/python3.12/site-packages/airflow/example_dags/example_dag_decorator.py took 0.117 seconds
[2024-11-08T13:45:36.868+0000] {processor.py:186} INFO - Started process (PID=659) to work on /home/airflow/.local/lib/python3.12/site-packages/airflow/example_dags/example_dag_decorator.py
[2024-11-08T13:45:36.869+0000] {processor.py:914} INFO - Processing file /home/airflow/.local/lib/python3.12/site-packages/airflow/example_dags/example_dag_decorator.py for tasks to queue
[2024-11-08T13:45:36.871+0000] {logging_mixin.py:190} INFO - [2024-11-08T13:45:36.871+0000] {dagbag.py:588} INFO - Filling up the DagBag from /home/airflow/.local/lib/python3.12/site-packages/airflow/example_dags/example_dag_decorator.py
[2024-11-08T13:45:36.878+0000] {processor.py:925} INFO - DAG(s) 'example_dag_decorator' retrieved from /home/airflow/.local/lib/python3.12/site-packages/airflow/example_dags/example_dag_decorator.py
[2024-11-08T13:45:36.954+0000] {logging_mixin.py:190} INFO - [2024-11-08T13:45:36.954+0000] {dag.py:3239} INFO - Sync 1 DAGs
[2024-11-08T13:45:36.965+0000] {logging_mixin.py:190} INFO - [2024-11-08T13:45:36.965+0000] {dag.py:4180} INFO - Setting next_dagrun for example_dag_decorator to None, run_after=None
[2024-11-08T13:45:36.983+0000] {processor.py:208} INFO - Processing /home/airflow/.local/lib/python3.12/site-packages/airflow/example_dags/example_dag_decorator.py took 0.118 seconds
[2024-11-08T13:46:07.518+0000] {processor.py:186} INFO - Started process (PID=724) to work on /home/airflow/.local/lib/python3.12/site-packages/airflow/example_dags/example_dag_decorator.py
[2024-11-08T13:46:07.518+0000] {processor.py:914} INFO - Processing file /home/airflow/.local/lib/python3.12/site-packages/airflow/example_dags/example_dag_decorator.py for tasks to queue
[2024-11-08T13:46:07.520+0000] {logging_mixin.py:190} INFO - [2024-11-08T13:46:07.520+0000] {dagbag.py:588} INFO - Filling up the DagBag from /home/airflow/.local/lib/python3.12/site-packages/airflow/example_dags/example_dag_decorator.py
[2024-11-08T13:46:07.528+0000] {processor.py:925} INFO - DAG(s) 'example_dag_decorator' retrieved from /home/airflow/.local/lib/python3.12/site-packages/airflow/example_dags/example_dag_decorator.py
[2024-11-08T13:46:07.606+0000] {logging_mixin.py:190} INFO - [2024-11-08T13:46:07.606+0000] {dag.py:3239} INFO - Sync 1 DAGs
[2024-11-08T13:46:07.616+0000] {logging_mixin.py:190} INFO - [2024-11-08T13:46:07.616+0000] {dag.py:4180} INFO - Setting next_dagrun for example_dag_decorator to None, run_after=None
[2024-11-08T13:46:07.633+0000] {processor.py:208} INFO - Processing /home/airflow/.local/lib/python3.12/site-packages/airflow/example_dags/example_dag_decorator.py took 0.119 seconds
[2024-11-08T13:46:38.251+0000] {processor.py:186} INFO - Started process (PID=787) to work on /home/airflow/.local/lib/python3.12/site-packages/airflow/example_dags/example_dag_decorator.py
[2024-11-08T13:46:38.251+0000] {processor.py:914} INFO - Processing file /home/airflow/.local/lib/python3.12/site-packages/airflow/example_dags/example_dag_decorator.py for tasks to queue
[2024-11-08T13:46:38.253+0000] {logging_mixin.py:190} INFO - [2024-11-08T13:46:38.253+0000] {dagbag.py:588} INFO - Filling up the DagBag from /home/airflow/.local/lib/python3.12/site-packages/airflow/example_dags/example_dag_decorator.py
[2024-11-08T13:46:38.260+0000] {processor.py:925} INFO - DAG(s) 'example_dag_decorator' retrieved from /home/airflow/.local/lib/python3.12/site-packages/airflow/example_dags/example_dag_decorator.py
[2024-11-08T13:46:38.337+0000] {logging_mixin.py:190} INFO - [2024-11-08T13:46:38.336+0000] {dag.py:3239} INFO - Sync 1 DAGs
[2024-11-08T13:46:38.347+0000] {logging_mixin.py:190} INFO - [2024-11-08T13:46:38.346+0000] {dag.py:4180} INFO - Setting next_dagrun for example_dag_decorator to None, run_after=None
[2024-11-08T13:46:38.361+0000] {processor.py:208} INFO - Processing /home/airflow/.local/lib/python3.12/site-packages/airflow/example_dags/example_dag_decorator.py took 0.114 seconds
[2024-11-08T13:47:09.540+0000] {processor.py:186} INFO - Started process (PID=851) to work on /home/airflow/.local/lib/python3.12/site-packages/airflow/example_dags/example_dag_decorator.py
[2024-11-08T13:47:09.540+0000] {processor.py:914} INFO - Processing file /home/airflow/.local/lib/python3.12/site-packages/airflow/example_dags/example_dag_decorator.py for tasks to queue
[2024-11-08T13:47:09.542+0000] {logging_mixin.py:190} INFO - [2024-11-08T13:47:09.542+0000] {dagbag.py:588} INFO - Filling up the DagBag from /home/airflow/.local/lib/python3.12/site-packages/airflow/example_dags/example_dag_decorator.py
[2024-11-08T13:47:09.550+0000] {processor.py:925} INFO - DAG(s) 'example_dag_decorator' retrieved from /home/airflow/.local/lib/python3.12/site-packages/airflow/example_dags/example_dag_decorator.py
[2024-11-08T13:47:09.628+0000] {logging_mixin.py:190} INFO - [2024-11-08T13:47:09.628+0000] {dag.py:3239} INFO - Sync 1 DAGs
[2024-11-08T13:47:09.638+0000] {logging_mixin.py:190} INFO - [2024-11-08T13:47:09.637+0000] {dag.py:4180} INFO - Setting next_dagrun for example_dag_decorator to None, run_after=None
[2024-11-08T13:47:09.655+0000] {processor.py:208} INFO - Processing /home/airflow/.local/lib/python3.12/site-packages/airflow/example_dags/example_dag_decorator.py took 0.119 seconds
[2024-11-08T13:47:40.448+0000] {processor.py:186} INFO - Started process (PID=915) to work on /home/airflow/.local/lib/python3.12/site-packages/airflow/example_dags/example_dag_decorator.py
[2024-11-08T13:47:40.449+0000] {processor.py:914} INFO - Processing file /home/airflow/.local/lib/python3.12/site-packages/airflow/example_dags/example_dag_decorator.py for tasks to queue
[2024-11-08T13:47:40.450+0000] {logging_mixin.py:190} INFO - [2024-11-08T13:47:40.450+0000] {dagbag.py:588} INFO - Filling up the DagBag from /home/airflow/.local/lib/python3.12/site-packages/airflow/example_dags/example_dag_decorator.py
[2024-11-08T13:47:40.458+0000] {processor.py:925} INFO - DAG(s) 'example_dag_decorator' retrieved from /home/airflow/.local/lib/python3.12/site-packages/airflow/example_dags/example_dag_decorator.py
[2024-11-08T13:47:40.536+0000] {logging_mixin.py:190} INFO - [2024-11-08T13:47:40.535+0000] {dag.py:3239} INFO - Sync 1 DAGs
[2024-11-08T13:47:40.545+0000] {logging_mixin.py:190} INFO - [2024-11-08T13:47:40.545+0000] {dag.py:4180} INFO - Setting next_dagrun for example_dag_decorator to None, run_after=None
[2024-11-08T13:47:40.559+0000] {processor.py:208} INFO - Processing /home/airflow/.local/lib/python3.12/site-packages/airflow/example_dags/example_dag_decorator.py took 0.114 seconds
[2024-11-08T13:48:11.747+0000] {processor.py:186} INFO - Started process (PID=979) to work on /home/airflow/.local/lib/python3.12/site-packages/airflow/example_dags/example_dag_decorator.py
[2024-11-08T13:48:11.748+0000] {processor.py:914} INFO - Processing file /home/airflow/.local/lib/python3.12/site-packages/airflow/example_dags/example_dag_decorator.py for tasks to queue
[2024-11-08T13:48:11.750+0000] {logging_mixin.py:190} INFO - [2024-11-08T13:48:11.750+0000] {dagbag.py:588} INFO - Filling up the DagBag from /home/airflow/.local/lib/python3.12/site-packages/airflow/example_dags/example_dag_decorator.py
[2024-11-08T13:48:11.757+0000] {processor.py:925} INFO - DAG(s) 'example_dag_decorator' retrieved from /home/airflow/.local/lib/python3.12/site-packages/airflow/example_dags/example_dag_decorator.py
[2024-11-08T13:48:11.836+0000] {logging_mixin.py:190} INFO - [2024-11-08T13:48:11.836+0000] {dag.py:3239} INFO - Sync 1 DAGs
[2024-11-08T13:48:11.846+0000] {logging_mixin.py:190} INFO - [2024-11-08T13:48:11.846+0000] {dag.py:4180} INFO - Setting next_dagrun for example_dag_decorator to None, run_after=None
[2024-11-08T13:48:11.861+0000] {processor.py:208} INFO - Processing /home/airflow/.local/lib/python3.12/site-packages/airflow/example_dags/example_dag_decorator.py took 0.117 seconds
[2024-11-08T13:48:42.748+0000] {processor.py:186} INFO - Started process (PID=1043) to work on /home/airflow/.local/lib/python3.12/site-packages/airflow/example_dags/example_dag_decorator.py
[2024-11-08T13:48:42.749+0000] {processor.py:914} INFO - Processing file /home/airflow/.local/lib/python3.12/site-packages/airflow/example_dags/example_dag_decorator.py for tasks to queue
[2024-11-08T13:48:42.751+0000] {logging_mixin.py:190} INFO - [2024-11-08T13:48:42.750+0000] {dagbag.py:588} INFO - Filling up the DagBag from /home/airflow/.local/lib/python3.12/site-packages/airflow/example_dags/example_dag_decorator.py
[2024-11-08T13:48:42.758+0000] {processor.py:925} INFO - DAG(s) 'example_dag_decorator' retrieved from /home/airflow/.local/lib/python3.12/site-packages/airflow/example_dags/example_dag_decorator.py
[2024-11-08T13:48:42.835+0000] {logging_mixin.py:190} INFO - [2024-11-08T13:48:42.835+0000] {dag.py:3239} INFO - Sync 1 DAGs
[2024-11-08T13:48:42.844+0000] {logging_mixin.py:190} INFO - [2024-11-08T13:48:42.844+0000] {dag.py:4180} INFO - Setting next_dagrun for example_dag_decorator to None, run_after=None
[2024-11-08T13:48:42.858+0000] {processor.py:208} INFO - Processing /home/airflow/.local/lib/python3.12/site-packages/airflow/example_dags/example_dag_decorator.py took 0.114 seconds
