[2024-11-08T13:40:59.485+0000] {processor.py:186} INFO - Started process (PID=91) to work on /home/airflow/.local/lib/python3.12/site-packages/airflow/example_dags/example_task_group.py
[2024-11-08T13:40:59.485+0000] {processor.py:914} INFO - Processing file /home/airflow/.local/lib/python3.12/site-packages/airflow/example_dags/example_task_group.py for tasks to queue
[2024-11-08T13:40:59.487+0000] {logging_mixin.py:190} INFO - [2024-11-08T13:40:59.487+0000] {dagbag.py:588} INFO - Filling up the DagBag from /home/airflow/.local/lib/python3.12/site-packages/airflow/example_dags/example_task_group.py
[2024-11-08T13:40:59.494+0000] {processor.py:925} INFO - DAG(s) 'example_task_group' retrieved from /home/airflow/.local/lib/python3.12/site-packages/airflow/example_dags/example_task_group.py
[2024-11-08T13:40:59.575+0000] {logging_mixin.py:190} INFO - [2024-11-08T13:40:59.574+0000] {override.py:1911} INFO - Created Permission View: can read on DAG:example_task_group
[2024-11-08T13:40:59.586+0000] {logging_mixin.py:190} INFO - [2024-11-08T13:40:59.586+0000] {override.py:1911} INFO - Created Permission View: can edit on DAG:example_task_group
[2024-11-08T13:40:59.593+0000] {logging_mixin.py:190} INFO - [2024-11-08T13:40:59.593+0000] {override.py:1911} INFO - Created Permission View: can delete on DAG:example_task_group
[2024-11-08T13:40:59.604+0000] {logging_mixin.py:190} INFO - [2024-11-08T13:40:59.604+0000] {override.py:1911} INFO - Created Permission View: can read on DAG Run:example_task_group
[2024-11-08T13:40:59.614+0000] {logging_mixin.py:190} INFO - [2024-11-08T13:40:59.614+0000] {override.py:1911} INFO - Created Permission View: can create on DAG Run:example_task_group
[2024-11-08T13:40:59.622+0000] {logging_mixin.py:190} INFO - [2024-11-08T13:40:59.622+0000] {override.py:1911} INFO - Created Permission View: can delete on DAG Run:example_task_group
[2024-11-08T13:40:59.630+0000] {logging_mixin.py:190} INFO - [2024-11-08T13:40:59.629+0000] {override.py:1911} INFO - Created Permission View: menu access on DAG Run:example_task_group
[2024-11-08T13:40:59.630+0000] {logging_mixin.py:190} INFO - [2024-11-08T13:40:59.630+0000] {dag.py:3239} INFO - Sync 1 DAGs
[2024-11-08T13:40:59.641+0000] {logging_mixin.py:190} INFO - [2024-11-08T13:40:59.641+0000] {dag.py:3262} INFO - Creating ORM DAG for example_task_group
[2024-11-08T13:40:59.642+0000] {logging_mixin.py:190} INFO - [2024-11-08T13:40:59.641+0000] {dag.py:4180} INFO - Setting next_dagrun for example_task_group to None, run_after=None
[2024-11-08T13:40:59.653+0000] {processor.py:208} INFO - Processing /home/airflow/.local/lib/python3.12/site-packages/airflow/example_dags/example_task_group.py took 0.172 seconds
[2024-11-08T13:41:29.747+0000] {processor.py:186} INFO - Started process (PID=154) to work on /home/airflow/.local/lib/python3.12/site-packages/airflow/example_dags/example_task_group.py
[2024-11-08T13:41:29.748+0000] {processor.py:914} INFO - Processing file /home/airflow/.local/lib/python3.12/site-packages/airflow/example_dags/example_task_group.py for tasks to queue
[2024-11-08T13:41:29.749+0000] {logging_mixin.py:190} INFO - [2024-11-08T13:41:29.749+0000] {dagbag.py:588} INFO - Filling up the DagBag from /home/airflow/.local/lib/python3.12/site-packages/airflow/example_dags/example_task_group.py
[2024-11-08T13:41:29.755+0000] {processor.py:925} INFO - DAG(s) 'example_task_group' retrieved from /home/airflow/.local/lib/python3.12/site-packages/airflow/example_dags/example_task_group.py
[2024-11-08T13:41:29.770+0000] {logging_mixin.py:190} INFO - [2024-11-08T13:41:29.770+0000] {dag.py:3239} INFO - Sync 1 DAGs
[2024-11-08T13:41:29.780+0000] {logging_mixin.py:190} INFO - [2024-11-08T13:41:29.780+0000] {dag.py:4180} INFO - Setting next_dagrun for example_task_group to None, run_after=None
[2024-11-08T13:41:29.793+0000] {processor.py:208} INFO - Processing /home/airflow/.local/lib/python3.12/site-packages/airflow/example_dags/example_task_group.py took 0.050 seconds
[2024-11-08T13:42:00.057+0000] {processor.py:186} INFO - Started process (PID=217) to work on /home/airflow/.local/lib/python3.12/site-packages/airflow/example_dags/example_task_group.py
[2024-11-08T13:42:00.057+0000] {processor.py:914} INFO - Processing file /home/airflow/.local/lib/python3.12/site-packages/airflow/example_dags/example_task_group.py for tasks to queue
[2024-11-08T13:42:00.059+0000] {logging_mixin.py:190} INFO - [2024-11-08T13:42:00.058+0000] {dagbag.py:588} INFO - Filling up the DagBag from /home/airflow/.local/lib/python3.12/site-packages/airflow/example_dags/example_task_group.py
[2024-11-08T13:42:00.064+0000] {processor.py:925} INFO - DAG(s) 'example_task_group' retrieved from /home/airflow/.local/lib/python3.12/site-packages/airflow/example_dags/example_task_group.py
[2024-11-08T13:42:00.079+0000] {logging_mixin.py:190} INFO - [2024-11-08T13:42:00.079+0000] {dag.py:3239} INFO - Sync 1 DAGs
[2024-11-08T13:42:00.089+0000] {logging_mixin.py:190} INFO - [2024-11-08T13:42:00.089+0000] {dag.py:4180} INFO - Setting next_dagrun for example_task_group to None, run_after=None
[2024-11-08T13:42:00.102+0000] {processor.py:208} INFO - Processing /home/airflow/.local/lib/python3.12/site-packages/airflow/example_dags/example_task_group.py took 0.049 seconds
[2024-11-08T13:42:30.250+0000] {processor.py:186} INFO - Started process (PID=279) to work on /home/airflow/.local/lib/python3.12/site-packages/airflow/example_dags/example_task_group.py
[2024-11-08T13:42:30.251+0000] {processor.py:914} INFO - Processing file /home/airflow/.local/lib/python3.12/site-packages/airflow/example_dags/example_task_group.py for tasks to queue
[2024-11-08T13:42:30.252+0000] {logging_mixin.py:190} INFO - [2024-11-08T13:42:30.252+0000] {dagbag.py:588} INFO - Filling up the DagBag from /home/airflow/.local/lib/python3.12/site-packages/airflow/example_dags/example_task_group.py
[2024-11-08T13:42:30.258+0000] {processor.py:925} INFO - DAG(s) 'example_task_group' retrieved from /home/airflow/.local/lib/python3.12/site-packages/airflow/example_dags/example_task_group.py
[2024-11-08T13:42:30.274+0000] {logging_mixin.py:190} INFO - [2024-11-08T13:42:30.274+0000] {dag.py:3239} INFO - Sync 1 DAGs
[2024-11-08T13:42:30.285+0000] {logging_mixin.py:190} INFO - [2024-11-08T13:42:30.285+0000] {dag.py:4180} INFO - Setting next_dagrun for example_task_group to None, run_after=None
[2024-11-08T13:42:30.304+0000] {processor.py:208} INFO - Processing /home/airflow/.local/lib/python3.12/site-packages/airflow/example_dags/example_task_group.py took 0.058 seconds
[2024-11-08T13:43:00.409+0000] {processor.py:186} INFO - Started process (PID=342) to work on /home/airflow/.local/lib/python3.12/site-packages/airflow/example_dags/example_task_group.py
[2024-11-08T13:43:00.410+0000] {processor.py:914} INFO - Processing file /home/airflow/.local/lib/python3.12/site-packages/airflow/example_dags/example_task_group.py for tasks to queue
[2024-11-08T13:43:00.411+0000] {logging_mixin.py:190} INFO - [2024-11-08T13:43:00.411+0000] {dagbag.py:588} INFO - Filling up the DagBag from /home/airflow/.local/lib/python3.12/site-packages/airflow/example_dags/example_task_group.py
[2024-11-08T13:43:00.417+0000] {processor.py:925} INFO - DAG(s) 'example_task_group' retrieved from /home/airflow/.local/lib/python3.12/site-packages/airflow/example_dags/example_task_group.py
[2024-11-08T13:43:00.432+0000] {logging_mixin.py:190} INFO - [2024-11-08T13:43:00.432+0000] {dag.py:3239} INFO - Sync 1 DAGs
[2024-11-08T13:43:00.442+0000] {logging_mixin.py:190} INFO - [2024-11-08T13:43:00.442+0000] {dag.py:4180} INFO - Setting next_dagrun for example_task_group to None, run_after=None
[2024-11-08T13:43:00.460+0000] {processor.py:208} INFO - Processing /home/airflow/.local/lib/python3.12/site-packages/airflow/example_dags/example_task_group.py took 0.055 seconds
[2024-11-08T13:43:30.571+0000] {processor.py:186} INFO - Started process (PID=404) to work on /home/airflow/.local/lib/python3.12/site-packages/airflow/example_dags/example_task_group.py
[2024-11-08T13:43:30.571+0000] {processor.py:914} INFO - Processing file /home/airflow/.local/lib/python3.12/site-packages/airflow/example_dags/example_task_group.py for tasks to queue
[2024-11-08T13:43:30.573+0000] {logging_mixin.py:190} INFO - [2024-11-08T13:43:30.572+0000] {dagbag.py:588} INFO - Filling up the DagBag from /home/airflow/.local/lib/python3.12/site-packages/airflow/example_dags/example_task_group.py
[2024-11-08T13:43:30.578+0000] {processor.py:925} INFO - DAG(s) 'example_task_group' retrieved from /home/airflow/.local/lib/python3.12/site-packages/airflow/example_dags/example_task_group.py
[2024-11-08T13:43:30.593+0000] {logging_mixin.py:190} INFO - [2024-11-08T13:43:30.593+0000] {dag.py:3239} INFO - Sync 1 DAGs
[2024-11-08T13:43:30.603+0000] {logging_mixin.py:190} INFO - [2024-11-08T13:43:30.603+0000] {dag.py:4180} INFO - Setting next_dagrun for example_task_group to None, run_after=None
[2024-11-08T13:43:30.617+0000] {processor.py:208} INFO - Processing /home/airflow/.local/lib/python3.12/site-packages/airflow/example_dags/example_task_group.py took 0.050 seconds
[2024-11-08T13:44:01.183+0000] {processor.py:186} INFO - Started process (PID=467) to work on /home/airflow/.local/lib/python3.12/site-packages/airflow/example_dags/example_task_group.py
[2024-11-08T13:44:01.183+0000] {processor.py:914} INFO - Processing file /home/airflow/.local/lib/python3.12/site-packages/airflow/example_dags/example_task_group.py for tasks to queue
[2024-11-08T13:44:01.185+0000] {logging_mixin.py:190} INFO - [2024-11-08T13:44:01.184+0000] {dagbag.py:588} INFO - Filling up the DagBag from /home/airflow/.local/lib/python3.12/site-packages/airflow/example_dags/example_task_group.py
[2024-11-08T13:44:01.190+0000] {processor.py:925} INFO - DAG(s) 'example_task_group' retrieved from /home/airflow/.local/lib/python3.12/site-packages/airflow/example_dags/example_task_group.py
[2024-11-08T13:44:01.205+0000] {logging_mixin.py:190} INFO - [2024-11-08T13:44:01.205+0000] {dag.py:3239} INFO - Sync 1 DAGs
[2024-11-08T13:44:01.215+0000] {logging_mixin.py:190} INFO - [2024-11-08T13:44:01.215+0000] {dag.py:4180} INFO - Setting next_dagrun for example_task_group to None, run_after=None
[2024-11-08T13:44:01.232+0000] {processor.py:208} INFO - Processing /home/airflow/.local/lib/python3.12/site-packages/airflow/example_dags/example_task_group.py took 0.053 seconds
[2024-11-08T13:44:31.702+0000] {processor.py:186} INFO - Started process (PID=530) to work on /home/airflow/.local/lib/python3.12/site-packages/airflow/example_dags/example_task_group.py
[2024-11-08T13:44:31.702+0000] {processor.py:914} INFO - Processing file /home/airflow/.local/lib/python3.12/site-packages/airflow/example_dags/example_task_group.py for tasks to queue
[2024-11-08T13:44:31.703+0000] {logging_mixin.py:190} INFO - [2024-11-08T13:44:31.703+0000] {dagbag.py:588} INFO - Filling up the DagBag from /home/airflow/.local/lib/python3.12/site-packages/airflow/example_dags/example_task_group.py
[2024-11-08T13:44:31.709+0000] {processor.py:925} INFO - DAG(s) 'example_task_group' retrieved from /home/airflow/.local/lib/python3.12/site-packages/airflow/example_dags/example_task_group.py
[2024-11-08T13:44:31.725+0000] {logging_mixin.py:190} INFO - [2024-11-08T13:44:31.724+0000] {dag.py:3239} INFO - Sync 1 DAGs
[2024-11-08T13:44:31.735+0000] {logging_mixin.py:190} INFO - [2024-11-08T13:44:31.735+0000] {dag.py:4180} INFO - Setting next_dagrun for example_task_group to None, run_after=None
[2024-11-08T13:44:31.750+0000] {processor.py:208} INFO - Processing /home/airflow/.local/lib/python3.12/site-packages/airflow/example_dags/example_task_group.py took 0.053 seconds
[2024-11-08T13:45:02.200+0000] {processor.py:186} INFO - Started process (PID=593) to work on /home/airflow/.local/lib/python3.12/site-packages/airflow/example_dags/example_task_group.py
[2024-11-08T13:45:02.201+0000] {processor.py:914} INFO - Processing file /home/airflow/.local/lib/python3.12/site-packages/airflow/example_dags/example_task_group.py for tasks to queue
[2024-11-08T13:45:02.202+0000] {logging_mixin.py:190} INFO - [2024-11-08T13:45:02.202+0000] {dagbag.py:588} INFO - Filling up the DagBag from /home/airflow/.local/lib/python3.12/site-packages/airflow/example_dags/example_task_group.py
[2024-11-08T13:45:02.208+0000] {processor.py:925} INFO - DAG(s) 'example_task_group' retrieved from /home/airflow/.local/lib/python3.12/site-packages/airflow/example_dags/example_task_group.py
[2024-11-08T13:45:02.223+0000] {logging_mixin.py:190} INFO - [2024-11-08T13:45:02.223+0000] {dag.py:3239} INFO - Sync 1 DAGs
[2024-11-08T13:45:02.234+0000] {logging_mixin.py:190} INFO - [2024-11-08T13:45:02.234+0000] {dag.py:4180} INFO - Setting next_dagrun for example_task_group to None, run_after=None
[2024-11-08T13:45:02.251+0000] {processor.py:208} INFO - Processing /home/airflow/.local/lib/python3.12/site-packages/airflow/example_dags/example_task_group.py took 0.054 seconds
[2024-11-08T13:45:33.263+0000] {processor.py:186} INFO - Started process (PID=656) to work on /home/airflow/.local/lib/python3.12/site-packages/airflow/example_dags/example_task_group.py
[2024-11-08T13:45:33.264+0000] {processor.py:914} INFO - Processing file /home/airflow/.local/lib/python3.12/site-packages/airflow/example_dags/example_task_group.py for tasks to queue
[2024-11-08T13:45:33.266+0000] {logging_mixin.py:190} INFO - [2024-11-08T13:45:33.265+0000] {dagbag.py:588} INFO - Filling up the DagBag from /home/airflow/.local/lib/python3.12/site-packages/airflow/example_dags/example_task_group.py
[2024-11-08T13:45:33.272+0000] {processor.py:925} INFO - DAG(s) 'example_task_group' retrieved from /home/airflow/.local/lib/python3.12/site-packages/airflow/example_dags/example_task_group.py
[2024-11-08T13:45:33.286+0000] {logging_mixin.py:190} INFO - [2024-11-08T13:45:33.286+0000] {dag.py:3239} INFO - Sync 1 DAGs
[2024-11-08T13:45:33.297+0000] {logging_mixin.py:190} INFO - [2024-11-08T13:45:33.296+0000] {dag.py:4180} INFO - Setting next_dagrun for example_task_group to None, run_after=None
[2024-11-08T13:45:33.314+0000] {processor.py:208} INFO - Processing /home/airflow/.local/lib/python3.12/site-packages/airflow/example_dags/example_task_group.py took 0.055 seconds
[2024-11-08T13:46:03.907+0000] {processor.py:186} INFO - Started process (PID=720) to work on /home/airflow/.local/lib/python3.12/site-packages/airflow/example_dags/example_task_group.py
[2024-11-08T13:46:03.908+0000] {processor.py:914} INFO - Processing file /home/airflow/.local/lib/python3.12/site-packages/airflow/example_dags/example_task_group.py for tasks to queue
[2024-11-08T13:46:03.909+0000] {logging_mixin.py:190} INFO - [2024-11-08T13:46:03.909+0000] {dagbag.py:588} INFO - Filling up the DagBag from /home/airflow/.local/lib/python3.12/site-packages/airflow/example_dags/example_task_group.py
[2024-11-08T13:46:03.915+0000] {processor.py:925} INFO - DAG(s) 'example_task_group' retrieved from /home/airflow/.local/lib/python3.12/site-packages/airflow/example_dags/example_task_group.py
[2024-11-08T13:46:03.929+0000] {logging_mixin.py:190} INFO - [2024-11-08T13:46:03.929+0000] {dag.py:3239} INFO - Sync 1 DAGs
[2024-11-08T13:46:03.939+0000] {logging_mixin.py:190} INFO - [2024-11-08T13:46:03.939+0000] {dag.py:4180} INFO - Setting next_dagrun for example_task_group to None, run_after=None
[2024-11-08T13:46:03.954+0000] {processor.py:208} INFO - Processing /home/airflow/.local/lib/python3.12/site-packages/airflow/example_dags/example_task_group.py took 0.050 seconds
[2024-11-08T13:46:34.635+0000] {processor.py:186} INFO - Started process (PID=784) to work on /home/airflow/.local/lib/python3.12/site-packages/airflow/example_dags/example_task_group.py
[2024-11-08T13:46:34.635+0000] {processor.py:914} INFO - Processing file /home/airflow/.local/lib/python3.12/site-packages/airflow/example_dags/example_task_group.py for tasks to queue
[2024-11-08T13:46:34.637+0000] {logging_mixin.py:190} INFO - [2024-11-08T13:46:34.637+0000] {dagbag.py:588} INFO - Filling up the DagBag from /home/airflow/.local/lib/python3.12/site-packages/airflow/example_dags/example_task_group.py
[2024-11-08T13:46:34.642+0000] {processor.py:925} INFO - DAG(s) 'example_task_group' retrieved from /home/airflow/.local/lib/python3.12/site-packages/airflow/example_dags/example_task_group.py
[2024-11-08T13:46:34.658+0000] {logging_mixin.py:190} INFO - [2024-11-08T13:46:34.657+0000] {dag.py:3239} INFO - Sync 1 DAGs
[2024-11-08T13:46:34.668+0000] {logging_mixin.py:190} INFO - [2024-11-08T13:46:34.668+0000] {dag.py:4180} INFO - Setting next_dagrun for example_task_group to None, run_after=None
[2024-11-08T13:46:34.685+0000] {processor.py:208} INFO - Processing /home/airflow/.local/lib/python3.12/site-packages/airflow/example_dags/example_task_group.py took 0.054 seconds
[2024-11-08T13:47:04.916+0000] {processor.py:186} INFO - Started process (PID=848) to work on /home/airflow/.local/lib/python3.12/site-packages/airflow/example_dags/example_task_group.py
[2024-11-08T13:47:04.916+0000] {processor.py:914} INFO - Processing file /home/airflow/.local/lib/python3.12/site-packages/airflow/example_dags/example_task_group.py for tasks to queue
[2024-11-08T13:47:04.917+0000] {logging_mixin.py:190} INFO - [2024-11-08T13:47:04.917+0000] {dagbag.py:588} INFO - Filling up the DagBag from /home/airflow/.local/lib/python3.12/site-packages/airflow/example_dags/example_task_group.py
[2024-11-08T13:47:04.923+0000] {processor.py:925} INFO - DAG(s) 'example_task_group' retrieved from /home/airflow/.local/lib/python3.12/site-packages/airflow/example_dags/example_task_group.py
[2024-11-08T13:47:04.937+0000] {logging_mixin.py:190} INFO - [2024-11-08T13:47:04.937+0000] {dag.py:3239} INFO - Sync 1 DAGs
[2024-11-08T13:47:04.948+0000] {logging_mixin.py:190} INFO - [2024-11-08T13:47:04.948+0000] {dag.py:4180} INFO - Setting next_dagrun for example_task_group to None, run_after=None
[2024-11-08T13:47:04.961+0000] {processor.py:208} INFO - Processing /home/airflow/.local/lib/python3.12/site-packages/airflow/example_dags/example_task_group.py took 0.049 seconds
[2024-11-08T13:47:35.860+0000] {processor.py:186} INFO - Started process (PID=912) to work on /home/airflow/.local/lib/python3.12/site-packages/airflow/example_dags/example_task_group.py
[2024-11-08T13:47:35.861+0000] {processor.py:914} INFO - Processing file /home/airflow/.local/lib/python3.12/site-packages/airflow/example_dags/example_task_group.py for tasks to queue
[2024-11-08T13:47:35.862+0000] {logging_mixin.py:190} INFO - [2024-11-08T13:47:35.862+0000] {dagbag.py:588} INFO - Filling up the DagBag from /home/airflow/.local/lib/python3.12/site-packages/airflow/example_dags/example_task_group.py
[2024-11-08T13:47:35.868+0000] {processor.py:925} INFO - DAG(s) 'example_task_group' retrieved from /home/airflow/.local/lib/python3.12/site-packages/airflow/example_dags/example_task_group.py
[2024-11-08T13:47:35.882+0000] {logging_mixin.py:190} INFO - [2024-11-08T13:47:35.882+0000] {dag.py:3239} INFO - Sync 1 DAGs
[2024-11-08T13:47:35.892+0000] {logging_mixin.py:190} INFO - [2024-11-08T13:47:35.892+0000] {dag.py:4180} INFO - Setting next_dagrun for example_task_group to None, run_after=None
[2024-11-08T13:47:35.905+0000] {processor.py:208} INFO - Processing /home/airflow/.local/lib/python3.12/site-packages/airflow/example_dags/example_task_group.py took 0.049 seconds
[2024-11-08T13:48:06.181+0000] {processor.py:186} INFO - Started process (PID=976) to work on /home/airflow/.local/lib/python3.12/site-packages/airflow/example_dags/example_task_group.py
[2024-11-08T13:48:06.182+0000] {processor.py:914} INFO - Processing file /home/airflow/.local/lib/python3.12/site-packages/airflow/example_dags/example_task_group.py for tasks to queue
[2024-11-08T13:48:06.184+0000] {logging_mixin.py:190} INFO - [2024-11-08T13:48:06.184+0000] {dagbag.py:588} INFO - Filling up the DagBag from /home/airflow/.local/lib/python3.12/site-packages/airflow/example_dags/example_task_group.py
[2024-11-08T13:48:06.190+0000] {processor.py:925} INFO - DAG(s) 'example_task_group' retrieved from /home/airflow/.local/lib/python3.12/site-packages/airflow/example_dags/example_task_group.py
[2024-11-08T13:48:06.204+0000] {logging_mixin.py:190} INFO - [2024-11-08T13:48:06.204+0000] {dag.py:3239} INFO - Sync 1 DAGs
[2024-11-08T13:48:06.214+0000] {logging_mixin.py:190} INFO - [2024-11-08T13:48:06.213+0000] {dag.py:4180} INFO - Setting next_dagrun for example_task_group to None, run_after=None
[2024-11-08T13:48:06.232+0000] {processor.py:208} INFO - Processing /home/airflow/.local/lib/python3.12/site-packages/airflow/example_dags/example_task_group.py took 0.055 seconds
[2024-11-08T13:48:37.149+0000] {processor.py:186} INFO - Started process (PID=1040) to work on /home/airflow/.local/lib/python3.12/site-packages/airflow/example_dags/example_task_group.py
[2024-11-08T13:48:37.149+0000] {processor.py:914} INFO - Processing file /home/airflow/.local/lib/python3.12/site-packages/airflow/example_dags/example_task_group.py for tasks to queue
[2024-11-08T13:48:37.150+0000] {logging_mixin.py:190} INFO - [2024-11-08T13:48:37.150+0000] {dagbag.py:588} INFO - Filling up the DagBag from /home/airflow/.local/lib/python3.12/site-packages/airflow/example_dags/example_task_group.py
[2024-11-08T13:48:37.156+0000] {processor.py:925} INFO - DAG(s) 'example_task_group' retrieved from /home/airflow/.local/lib/python3.12/site-packages/airflow/example_dags/example_task_group.py
[2024-11-08T13:48:37.170+0000] {logging_mixin.py:190} INFO - [2024-11-08T13:48:37.170+0000] {dag.py:3239} INFO - Sync 1 DAGs
[2024-11-08T13:48:37.180+0000] {logging_mixin.py:190} INFO - [2024-11-08T13:48:37.180+0000] {dag.py:4180} INFO - Setting next_dagrun for example_task_group to None, run_after=None
[2024-11-08T13:48:37.194+0000] {processor.py:208} INFO - Processing /home/airflow/.local/lib/python3.12/site-packages/airflow/example_dags/example_task_group.py took 0.049 seconds
