[2024-11-08T13:41:01.463+0000] {processor.py:186} INFO - Started process (PID=103) to work on /home/airflow/.local/lib/python3.12/site-packages/airflow/example_dags/example_bash_operator.py
[2024-11-08T13:41:01.464+0000] {processor.py:914} INFO - Processing file /home/airflow/.local/lib/python3.12/site-packages/airflow/example_dags/example_bash_operator.py for tasks to queue
[2024-11-08T13:41:01.465+0000] {logging_mixin.py:190} INFO - [2024-11-08T13:41:01.465+0000] {dagbag.py:588} INFO - Filling up the DagBag from /home/airflow/.local/lib/python3.12/site-packages/airflow/example_dags/example_bash_operator.py
[2024-11-08T13:41:01.475+0000] {processor.py:925} INFO - DAG(s) 'example_bash_operator' retrieved from /home/airflow/.local/lib/python3.12/site-packages/airflow/example_dags/example_bash_operator.py
[2024-11-08T13:41:01.560+0000] {logging_mixin.py:190} INFO - [2024-11-08T13:41:01.559+0000] {override.py:1911} INFO - Created Permission View: can read on DAG:example_bash_operator
[2024-11-08T13:41:01.570+0000] {logging_mixin.py:190} INFO - [2024-11-08T13:41:01.569+0000] {override.py:1911} INFO - Created Permission View: can edit on DAG:example_bash_operator
[2024-11-08T13:41:01.579+0000] {logging_mixin.py:190} INFO - [2024-11-08T13:41:01.579+0000] {override.py:1911} INFO - Created Permission View: can delete on DAG:example_bash_operator
[2024-11-08T13:41:01.589+0000] {logging_mixin.py:190} INFO - [2024-11-08T13:41:01.589+0000] {override.py:1911} INFO - Created Permission View: can read on DAG Run:example_bash_operator
[2024-11-08T13:41:01.599+0000] {logging_mixin.py:190} INFO - [2024-11-08T13:41:01.599+0000] {override.py:1911} INFO - Created Permission View: can create on DAG Run:example_bash_operator
[2024-11-08T13:41:01.608+0000] {logging_mixin.py:190} INFO - [2024-11-08T13:41:01.607+0000] {override.py:1911} INFO - Created Permission View: can delete on DAG Run:example_bash_operator
[2024-11-08T13:41:01.620+0000] {logging_mixin.py:190} INFO - [2024-11-08T13:41:01.619+0000] {override.py:1911} INFO - Created Permission View: menu access on DAG Run:example_bash_operator
[2024-11-08T13:41:01.620+0000] {logging_mixin.py:190} INFO - [2024-11-08T13:41:01.620+0000] {dag.py:3239} INFO - Sync 1 DAGs
[2024-11-08T13:41:01.629+0000] {logging_mixin.py:190} INFO - [2024-11-08T13:41:01.629+0000] {dag.py:3262} INFO - Creating ORM DAG for example_bash_operator
[2024-11-08T13:41:01.637+0000] {logging_mixin.py:190} INFO - [2024-11-08T13:41:01.637+0000] {dag.py:4180} INFO - Setting next_dagrun for example_bash_operator to 2024-11-07 00:00:00+00:00, run_after=2024-11-08 00:00:00+00:00
[2024-11-08T13:41:01.655+0000] {processor.py:208} INFO - Processing /home/airflow/.local/lib/python3.12/site-packages/airflow/example_dags/example_bash_operator.py took 0.195 seconds
[2024-11-08T13:41:32.670+0000] {processor.py:186} INFO - Started process (PID=166) to work on /home/airflow/.local/lib/python3.12/site-packages/airflow/example_dags/example_bash_operator.py
[2024-11-08T13:41:32.671+0000] {processor.py:914} INFO - Processing file /home/airflow/.local/lib/python3.12/site-packages/airflow/example_dags/example_bash_operator.py for tasks to queue
[2024-11-08T13:41:32.672+0000] {logging_mixin.py:190} INFO - [2024-11-08T13:41:32.672+0000] {dagbag.py:588} INFO - Filling up the DagBag from /home/airflow/.local/lib/python3.12/site-packages/airflow/example_dags/example_bash_operator.py
[2024-11-08T13:41:32.681+0000] {processor.py:925} INFO - DAG(s) 'example_bash_operator' retrieved from /home/airflow/.local/lib/python3.12/site-packages/airflow/example_dags/example_bash_operator.py
[2024-11-08T13:41:32.699+0000] {logging_mixin.py:190} INFO - [2024-11-08T13:41:32.699+0000] {dag.py:3239} INFO - Sync 1 DAGs
[2024-11-08T13:41:32.716+0000] {logging_mixin.py:190} INFO - [2024-11-08T13:41:32.716+0000] {dag.py:4180} INFO - Setting next_dagrun for example_bash_operator to 2024-11-07 00:00:00+00:00, run_after=2024-11-08 00:00:00+00:00
[2024-11-08T13:41:32.735+0000] {processor.py:208} INFO - Processing /home/airflow/.local/lib/python3.12/site-packages/airflow/example_dags/example_bash_operator.py took 0.068 seconds
[2024-11-08T13:42:04.068+0000] {processor.py:186} INFO - Started process (PID=229) to work on /home/airflow/.local/lib/python3.12/site-packages/airflow/example_dags/example_bash_operator.py
[2024-11-08T13:42:04.068+0000] {processor.py:914} INFO - Processing file /home/airflow/.local/lib/python3.12/site-packages/airflow/example_dags/example_bash_operator.py for tasks to queue
[2024-11-08T13:42:04.070+0000] {logging_mixin.py:190} INFO - [2024-11-08T13:42:04.070+0000] {dagbag.py:588} INFO - Filling up the DagBag from /home/airflow/.local/lib/python3.12/site-packages/airflow/example_dags/example_bash_operator.py
[2024-11-08T13:42:04.079+0000] {processor.py:925} INFO - DAG(s) 'example_bash_operator' retrieved from /home/airflow/.local/lib/python3.12/site-packages/airflow/example_dags/example_bash_operator.py
[2024-11-08T13:42:04.098+0000] {logging_mixin.py:190} INFO - [2024-11-08T13:42:04.097+0000] {dag.py:3239} INFO - Sync 1 DAGs
[2024-11-08T13:42:04.115+0000] {logging_mixin.py:190} INFO - [2024-11-08T13:42:04.115+0000] {dag.py:4180} INFO - Setting next_dagrun for example_bash_operator to 2024-11-07 00:00:00+00:00, run_after=2024-11-08 00:00:00+00:00
[2024-11-08T13:42:04.130+0000] {processor.py:208} INFO - Processing /home/airflow/.local/lib/python3.12/site-packages/airflow/example_dags/example_bash_operator.py took 0.066 seconds
[2024-11-08T13:42:35.418+0000] {processor.py:186} INFO - Started process (PID=292) to work on /home/airflow/.local/lib/python3.12/site-packages/airflow/example_dags/example_bash_operator.py
[2024-11-08T13:42:35.418+0000] {processor.py:914} INFO - Processing file /home/airflow/.local/lib/python3.12/site-packages/airflow/example_dags/example_bash_operator.py for tasks to queue
[2024-11-08T13:42:35.420+0000] {logging_mixin.py:190} INFO - [2024-11-08T13:42:35.420+0000] {dagbag.py:588} INFO - Filling up the DagBag from /home/airflow/.local/lib/python3.12/site-packages/airflow/example_dags/example_bash_operator.py
[2024-11-08T13:42:35.429+0000] {processor.py:925} INFO - DAG(s) 'example_bash_operator' retrieved from /home/airflow/.local/lib/python3.12/site-packages/airflow/example_dags/example_bash_operator.py
[2024-11-08T13:42:35.447+0000] {logging_mixin.py:190} INFO - [2024-11-08T13:42:35.447+0000] {dag.py:3239} INFO - Sync 1 DAGs
[2024-11-08T13:42:35.464+0000] {logging_mixin.py:190} INFO - [2024-11-08T13:42:35.464+0000] {dag.py:4180} INFO - Setting next_dagrun for example_bash_operator to 2024-11-07 00:00:00+00:00, run_after=2024-11-08 00:00:00+00:00
[2024-11-08T13:42:35.479+0000] {processor.py:208} INFO - Processing /home/airflow/.local/lib/python3.12/site-packages/airflow/example_dags/example_bash_operator.py took 0.065 seconds
[2024-11-08T13:43:06.498+0000] {processor.py:186} INFO - Started process (PID=355) to work on /home/airflow/.local/lib/python3.12/site-packages/airflow/example_dags/example_bash_operator.py
[2024-11-08T13:43:06.499+0000] {processor.py:914} INFO - Processing file /home/airflow/.local/lib/python3.12/site-packages/airflow/example_dags/example_bash_operator.py for tasks to queue
[2024-11-08T13:43:06.500+0000] {logging_mixin.py:190} INFO - [2024-11-08T13:43:06.500+0000] {dagbag.py:588} INFO - Filling up the DagBag from /home/airflow/.local/lib/python3.12/site-packages/airflow/example_dags/example_bash_operator.py
[2024-11-08T13:43:06.509+0000] {processor.py:925} INFO - DAG(s) 'example_bash_operator' retrieved from /home/airflow/.local/lib/python3.12/site-packages/airflow/example_dags/example_bash_operator.py
[2024-11-08T13:43:06.532+0000] {logging_mixin.py:190} INFO - [2024-11-08T13:43:06.531+0000] {dag.py:3239} INFO - Sync 1 DAGs
[2024-11-08T13:43:06.552+0000] {logging_mixin.py:190} INFO - [2024-11-08T13:43:06.552+0000] {dag.py:4180} INFO - Setting next_dagrun for example_bash_operator to 2024-11-07 00:00:00+00:00, run_after=2024-11-08 00:00:00+00:00
[2024-11-08T13:43:06.570+0000] {processor.py:208} INFO - Processing /home/airflow/.local/lib/python3.12/site-packages/airflow/example_dags/example_bash_operator.py took 0.077 seconds
[2024-11-08T13:43:37.137+0000] {processor.py:186} INFO - Started process (PID=418) to work on /home/airflow/.local/lib/python3.12/site-packages/airflow/example_dags/example_bash_operator.py
[2024-11-08T13:43:37.138+0000] {processor.py:914} INFO - Processing file /home/airflow/.local/lib/python3.12/site-packages/airflow/example_dags/example_bash_operator.py for tasks to queue
[2024-11-08T13:43:37.140+0000] {logging_mixin.py:190} INFO - [2024-11-08T13:43:37.139+0000] {dagbag.py:588} INFO - Filling up the DagBag from /home/airflow/.local/lib/python3.12/site-packages/airflow/example_dags/example_bash_operator.py
[2024-11-08T13:43:37.149+0000] {processor.py:925} INFO - DAG(s) 'example_bash_operator' retrieved from /home/airflow/.local/lib/python3.12/site-packages/airflow/example_dags/example_bash_operator.py
[2024-11-08T13:43:37.169+0000] {logging_mixin.py:190} INFO - [2024-11-08T13:43:37.168+0000] {dag.py:3239} INFO - Sync 1 DAGs
[2024-11-08T13:43:37.187+0000] {logging_mixin.py:190} INFO - [2024-11-08T13:43:37.187+0000] {dag.py:4180} INFO - Setting next_dagrun for example_bash_operator to 2024-11-07 00:00:00+00:00, run_after=2024-11-08 00:00:00+00:00
[2024-11-08T13:43:37.203+0000] {processor.py:208} INFO - Processing /home/airflow/.local/lib/python3.12/site-packages/airflow/example_dags/example_bash_operator.py took 0.069 seconds
[2024-11-08T13:44:07.783+0000] {processor.py:186} INFO - Started process (PID=481) to work on /home/airflow/.local/lib/python3.12/site-packages/airflow/example_dags/example_bash_operator.py
[2024-11-08T13:44:07.783+0000] {processor.py:914} INFO - Processing file /home/airflow/.local/lib/python3.12/site-packages/airflow/example_dags/example_bash_operator.py for tasks to queue
[2024-11-08T13:44:07.785+0000] {logging_mixin.py:190} INFO - [2024-11-08T13:44:07.785+0000] {dagbag.py:588} INFO - Filling up the DagBag from /home/airflow/.local/lib/python3.12/site-packages/airflow/example_dags/example_bash_operator.py
[2024-11-08T13:44:07.795+0000] {processor.py:925} INFO - DAG(s) 'example_bash_operator' retrieved from /home/airflow/.local/lib/python3.12/site-packages/airflow/example_dags/example_bash_operator.py
[2024-11-08T13:44:07.815+0000] {logging_mixin.py:190} INFO - [2024-11-08T13:44:07.815+0000] {dag.py:3239} INFO - Sync 1 DAGs
[2024-11-08T13:44:07.833+0000] {logging_mixin.py:190} INFO - [2024-11-08T13:44:07.832+0000] {dag.py:4180} INFO - Setting next_dagrun for example_bash_operator to 2024-11-07 00:00:00+00:00, run_after=2024-11-08 00:00:00+00:00
[2024-11-08T13:44:07.851+0000] {processor.py:208} INFO - Processing /home/airflow/.local/lib/python3.12/site-packages/airflow/example_dags/example_bash_operator.py took 0.072 seconds
[2024-11-08T13:44:39.322+0000] {processor.py:186} INFO - Started process (PID=544) to work on /home/airflow/.local/lib/python3.12/site-packages/airflow/example_dags/example_bash_operator.py
[2024-11-08T13:44:39.323+0000] {processor.py:914} INFO - Processing file /home/airflow/.local/lib/python3.12/site-packages/airflow/example_dags/example_bash_operator.py for tasks to queue
[2024-11-08T13:44:39.324+0000] {logging_mixin.py:190} INFO - [2024-11-08T13:44:39.324+0000] {dagbag.py:588} INFO - Filling up the DagBag from /home/airflow/.local/lib/python3.12/site-packages/airflow/example_dags/example_bash_operator.py
[2024-11-08T13:44:39.333+0000] {processor.py:925} INFO - DAG(s) 'example_bash_operator' retrieved from /home/airflow/.local/lib/python3.12/site-packages/airflow/example_dags/example_bash_operator.py
[2024-11-08T13:44:39.354+0000] {logging_mixin.py:190} INFO - [2024-11-08T13:44:39.353+0000] {dag.py:3239} INFO - Sync 1 DAGs
[2024-11-08T13:44:39.372+0000] {logging_mixin.py:190} INFO - [2024-11-08T13:44:39.372+0000] {dag.py:4180} INFO - Setting next_dagrun for example_bash_operator to 2024-11-07 00:00:00+00:00, run_after=2024-11-08 00:00:00+00:00
[2024-11-08T13:44:39.393+0000] {processor.py:208} INFO - Processing /home/airflow/.local/lib/python3.12/site-packages/airflow/example_dags/example_bash_operator.py took 0.075 seconds
[2024-11-08T13:45:10.777+0000] {processor.py:186} INFO - Started process (PID=607) to work on /home/airflow/.local/lib/python3.12/site-packages/airflow/example_dags/example_bash_operator.py
[2024-11-08T13:45:10.777+0000] {processor.py:914} INFO - Processing file /home/airflow/.local/lib/python3.12/site-packages/airflow/example_dags/example_bash_operator.py for tasks to queue
[2024-11-08T13:45:10.779+0000] {logging_mixin.py:190} INFO - [2024-11-08T13:45:10.779+0000] {dagbag.py:588} INFO - Filling up the DagBag from /home/airflow/.local/lib/python3.12/site-packages/airflow/example_dags/example_bash_operator.py
[2024-11-08T13:45:10.788+0000] {processor.py:925} INFO - DAG(s) 'example_bash_operator' retrieved from /home/airflow/.local/lib/python3.12/site-packages/airflow/example_dags/example_bash_operator.py
[2024-11-08T13:45:10.807+0000] {logging_mixin.py:190} INFO - [2024-11-08T13:45:10.807+0000] {dag.py:3239} INFO - Sync 1 DAGs
[2024-11-08T13:45:10.824+0000] {logging_mixin.py:190} INFO - [2024-11-08T13:45:10.824+0000] {dag.py:4180} INFO - Setting next_dagrun for example_bash_operator to 2024-11-07 00:00:00+00:00, run_after=2024-11-08 00:00:00+00:00
[2024-11-08T13:45:10.841+0000] {processor.py:208} INFO - Processing /home/airflow/.local/lib/python3.12/site-packages/airflow/example_dags/example_bash_operator.py took 0.069 seconds
[2024-11-08T13:45:41.832+0000] {processor.py:186} INFO - Started process (PID=670) to work on /home/airflow/.local/lib/python3.12/site-packages/airflow/example_dags/example_bash_operator.py
[2024-11-08T13:45:41.833+0000] {processor.py:914} INFO - Processing file /home/airflow/.local/lib/python3.12/site-packages/airflow/example_dags/example_bash_operator.py for tasks to queue
[2024-11-08T13:45:41.834+0000] {logging_mixin.py:190} INFO - [2024-11-08T13:45:41.834+0000] {dagbag.py:588} INFO - Filling up the DagBag from /home/airflow/.local/lib/python3.12/site-packages/airflow/example_dags/example_bash_operator.py
[2024-11-08T13:45:41.843+0000] {processor.py:925} INFO - DAG(s) 'example_bash_operator' retrieved from /home/airflow/.local/lib/python3.12/site-packages/airflow/example_dags/example_bash_operator.py
[2024-11-08T13:45:41.861+0000] {logging_mixin.py:190} INFO - [2024-11-08T13:45:41.861+0000] {dag.py:3239} INFO - Sync 1 DAGs
[2024-11-08T13:45:41.879+0000] {logging_mixin.py:190} INFO - [2024-11-08T13:45:41.879+0000] {dag.py:4180} INFO - Setting next_dagrun for example_bash_operator to 2024-11-07 00:00:00+00:00, run_after=2024-11-08 00:00:00+00:00
[2024-11-08T13:45:41.898+0000] {processor.py:208} INFO - Processing /home/airflow/.local/lib/python3.12/site-packages/airflow/example_dags/example_bash_operator.py took 0.070 seconds
[2024-11-08T13:46:12.557+0000] {processor.py:186} INFO - Started process (PID=734) to work on /home/airflow/.local/lib/python3.12/site-packages/airflow/example_dags/example_bash_operator.py
[2024-11-08T13:46:12.558+0000] {processor.py:914} INFO - Processing file /home/airflow/.local/lib/python3.12/site-packages/airflow/example_dags/example_bash_operator.py for tasks to queue
[2024-11-08T13:46:12.560+0000] {logging_mixin.py:190} INFO - [2024-11-08T13:46:12.560+0000] {dagbag.py:588} INFO - Filling up the DagBag from /home/airflow/.local/lib/python3.12/site-packages/airflow/example_dags/example_bash_operator.py
[2024-11-08T13:46:12.569+0000] {processor.py:925} INFO - DAG(s) 'example_bash_operator' retrieved from /home/airflow/.local/lib/python3.12/site-packages/airflow/example_dags/example_bash_operator.py
[2024-11-08T13:46:12.590+0000] {logging_mixin.py:190} INFO - [2024-11-08T13:46:12.590+0000] {dag.py:3239} INFO - Sync 1 DAGs
[2024-11-08T13:46:12.610+0000] {logging_mixin.py:190} INFO - [2024-11-08T13:46:12.610+0000] {dag.py:4180} INFO - Setting next_dagrun for example_bash_operator to 2024-11-07 00:00:00+00:00, run_after=2024-11-08 00:00:00+00:00
[2024-11-08T13:46:12.628+0000] {processor.py:208} INFO - Processing /home/airflow/.local/lib/python3.12/site-packages/airflow/example_dags/example_bash_operator.py took 0.074 seconds
[2024-11-08T13:46:43.178+0000] {processor.py:186} INFO - Started process (PID=798) to work on /home/airflow/.local/lib/python3.12/site-packages/airflow/example_dags/example_bash_operator.py
[2024-11-08T13:46:43.178+0000] {processor.py:914} INFO - Processing file /home/airflow/.local/lib/python3.12/site-packages/airflow/example_dags/example_bash_operator.py for tasks to queue
[2024-11-08T13:46:43.180+0000] {logging_mixin.py:190} INFO - [2024-11-08T13:46:43.179+0000] {dagbag.py:588} INFO - Filling up the DagBag from /home/airflow/.local/lib/python3.12/site-packages/airflow/example_dags/example_bash_operator.py
[2024-11-08T13:46:43.189+0000] {processor.py:925} INFO - DAG(s) 'example_bash_operator' retrieved from /home/airflow/.local/lib/python3.12/site-packages/airflow/example_dags/example_bash_operator.py
[2024-11-08T13:46:43.208+0000] {logging_mixin.py:190} INFO - [2024-11-08T13:46:43.208+0000] {dag.py:3239} INFO - Sync 1 DAGs
[2024-11-08T13:46:43.226+0000] {logging_mixin.py:190} INFO - [2024-11-08T13:46:43.226+0000] {dag.py:4180} INFO - Setting next_dagrun for example_bash_operator to 2024-11-07 00:00:00+00:00, run_after=2024-11-08 00:00:00+00:00
[2024-11-08T13:46:43.245+0000] {processor.py:208} INFO - Processing /home/airflow/.local/lib/python3.12/site-packages/airflow/example_dags/example_bash_operator.py took 0.071 seconds
[2024-11-08T13:47:14.531+0000] {processor.py:186} INFO - Started process (PID=862) to work on /home/airflow/.local/lib/python3.12/site-packages/airflow/example_dags/example_bash_operator.py
[2024-11-08T13:47:14.532+0000] {processor.py:914} INFO - Processing file /home/airflow/.local/lib/python3.12/site-packages/airflow/example_dags/example_bash_operator.py for tasks to queue
[2024-11-08T13:47:14.534+0000] {logging_mixin.py:190} INFO - [2024-11-08T13:47:14.534+0000] {dagbag.py:588} INFO - Filling up the DagBag from /home/airflow/.local/lib/python3.12/site-packages/airflow/example_dags/example_bash_operator.py
[2024-11-08T13:47:14.542+0000] {processor.py:925} INFO - DAG(s) 'example_bash_operator' retrieved from /home/airflow/.local/lib/python3.12/site-packages/airflow/example_dags/example_bash_operator.py
[2024-11-08T13:47:14.561+0000] {logging_mixin.py:190} INFO - [2024-11-08T13:47:14.561+0000] {dag.py:3239} INFO - Sync 1 DAGs
[2024-11-08T13:47:14.579+0000] {logging_mixin.py:190} INFO - [2024-11-08T13:47:14.579+0000] {dag.py:4180} INFO - Setting next_dagrun for example_bash_operator to 2024-11-07 00:00:00+00:00, run_after=2024-11-08 00:00:00+00:00
[2024-11-08T13:47:14.596+0000] {processor.py:208} INFO - Processing /home/airflow/.local/lib/python3.12/site-packages/airflow/example_dags/example_bash_operator.py took 0.068 seconds
[2024-11-08T13:47:45.407+0000] {processor.py:186} INFO - Started process (PID=926) to work on /home/airflow/.local/lib/python3.12/site-packages/airflow/example_dags/example_bash_operator.py
[2024-11-08T13:47:45.407+0000] {processor.py:914} INFO - Processing file /home/airflow/.local/lib/python3.12/site-packages/airflow/example_dags/example_bash_operator.py for tasks to queue
[2024-11-08T13:47:45.409+0000] {logging_mixin.py:190} INFO - [2024-11-08T13:47:45.409+0000] {dagbag.py:588} INFO - Filling up the DagBag from /home/airflow/.local/lib/python3.12/site-packages/airflow/example_dags/example_bash_operator.py
[2024-11-08T13:47:45.418+0000] {processor.py:925} INFO - DAG(s) 'example_bash_operator' retrieved from /home/airflow/.local/lib/python3.12/site-packages/airflow/example_dags/example_bash_operator.py
[2024-11-08T13:47:45.436+0000] {logging_mixin.py:190} INFO - [2024-11-08T13:47:45.436+0000] {dag.py:3239} INFO - Sync 1 DAGs
[2024-11-08T13:47:45.453+0000] {logging_mixin.py:190} INFO - [2024-11-08T13:47:45.453+0000] {dag.py:4180} INFO - Setting next_dagrun for example_bash_operator to 2024-11-07 00:00:00+00:00, run_after=2024-11-08 00:00:00+00:00
[2024-11-08T13:47:45.468+0000] {processor.py:208} INFO - Processing /home/airflow/.local/lib/python3.12/site-packages/airflow/example_dags/example_bash_operator.py took 0.065 seconds
[2024-11-08T13:48:16.749+0000] {processor.py:186} INFO - Started process (PID=990) to work on /home/airflow/.local/lib/python3.12/site-packages/airflow/example_dags/example_bash_operator.py
[2024-11-08T13:48:16.749+0000] {processor.py:914} INFO - Processing file /home/airflow/.local/lib/python3.12/site-packages/airflow/example_dags/example_bash_operator.py for tasks to queue
[2024-11-08T13:48:16.751+0000] {logging_mixin.py:190} INFO - [2024-11-08T13:48:16.751+0000] {dagbag.py:588} INFO - Filling up the DagBag from /home/airflow/.local/lib/python3.12/site-packages/airflow/example_dags/example_bash_operator.py
[2024-11-08T13:48:16.760+0000] {processor.py:925} INFO - DAG(s) 'example_bash_operator' retrieved from /home/airflow/.local/lib/python3.12/site-packages/airflow/example_dags/example_bash_operator.py
[2024-11-08T13:48:16.779+0000] {logging_mixin.py:190} INFO - [2024-11-08T13:48:16.779+0000] {dag.py:3239} INFO - Sync 1 DAGs
[2024-11-08T13:48:16.796+0000] {logging_mixin.py:190} INFO - [2024-11-08T13:48:16.795+0000] {dag.py:4180} INFO - Setting next_dagrun for example_bash_operator to 2024-11-07 00:00:00+00:00, run_after=2024-11-08 00:00:00+00:00
[2024-11-08T13:48:16.816+0000] {processor.py:208} INFO - Processing /home/airflow/.local/lib/python3.12/site-packages/airflow/example_dags/example_bash_operator.py took 0.072 seconds
