[2024-11-08T13:41:01.736+0000] {processor.py:186} INFO - Started process (PID=106) to work on /home/airflow/.local/lib/python3.12/site-packages/airflow/example_dags/example_setup_teardown.py
[2024-11-08T13:41:01.736+0000] {processor.py:914} INFO - Processing file /home/airflow/.local/lib/python3.12/site-packages/airflow/example_dags/example_setup_teardown.py for tasks to queue
[2024-11-08T13:41:01.738+0000] {logging_mixin.py:190} INFO - [2024-11-08T13:41:01.738+0000] {dagbag.py:588} INFO - Filling up the DagBag from /home/airflow/.local/lib/python3.12/site-packages/airflow/example_dags/example_setup_teardown.py
[2024-11-08T13:41:01.744+0000] {processor.py:925} INFO - DAG(s) 'example_setup_teardown' retrieved from /home/airflow/.local/lib/python3.12/site-packages/airflow/example_dags/example_setup_teardown.py
[2024-11-08T13:41:01.824+0000] {logging_mixin.py:190} INFO - [2024-11-08T13:41:01.824+0000] {override.py:1911} INFO - Created Permission View: can read on DAG:example_setup_teardown
[2024-11-08T13:41:01.834+0000] {logging_mixin.py:190} INFO - [2024-11-08T13:41:01.834+0000] {override.py:1911} INFO - Created Permission View: can edit on DAG:example_setup_teardown
[2024-11-08T13:41:01.849+0000] {logging_mixin.py:190} INFO - [2024-11-08T13:41:01.849+0000] {override.py:1911} INFO - Created Permission View: can delete on DAG:example_setup_teardown
[2024-11-08T13:41:01.859+0000] {logging_mixin.py:190} INFO - [2024-11-08T13:41:01.859+0000] {override.py:1911} INFO - Created Permission View: can read on DAG Run:example_setup_teardown
[2024-11-08T13:41:01.865+0000] {logging_mixin.py:190} INFO - [2024-11-08T13:41:01.865+0000] {override.py:1911} INFO - Created Permission View: can create on DAG Run:example_setup_teardown
[2024-11-08T13:41:01.875+0000] {logging_mixin.py:190} INFO - [2024-11-08T13:41:01.874+0000] {override.py:1911} INFO - Created Permission View: can delete on DAG Run:example_setup_teardown
[2024-11-08T13:41:01.884+0000] {logging_mixin.py:190} INFO - [2024-11-08T13:41:01.884+0000] {override.py:1911} INFO - Created Permission View: menu access on DAG Run:example_setup_teardown
[2024-11-08T13:41:01.885+0000] {logging_mixin.py:190} INFO - [2024-11-08T13:41:01.885+0000] {dag.py:3239} INFO - Sync 1 DAGs
[2024-11-08T13:41:01.896+0000] {logging_mixin.py:190} INFO - [2024-11-08T13:41:01.895+0000] {dag.py:3262} INFO - Creating ORM DAG for example_setup_teardown
[2024-11-08T13:41:01.896+0000] {logging_mixin.py:190} INFO - [2024-11-08T13:41:01.896+0000] {dag.py:4180} INFO - Setting next_dagrun for example_setup_teardown to None, run_after=None
[2024-11-08T13:41:01.909+0000] {processor.py:208} INFO - Processing /home/airflow/.local/lib/python3.12/site-packages/airflow/example_dags/example_setup_teardown.py took 0.177 seconds
[2024-11-08T13:41:32.789+0000] {processor.py:186} INFO - Started process (PID=169) to work on /home/airflow/.local/lib/python3.12/site-packages/airflow/example_dags/example_setup_teardown.py
[2024-11-08T13:41:32.790+0000] {processor.py:914} INFO - Processing file /home/airflow/.local/lib/python3.12/site-packages/airflow/example_dags/example_setup_teardown.py for tasks to queue
[2024-11-08T13:41:32.791+0000] {logging_mixin.py:190} INFO - [2024-11-08T13:41:32.791+0000] {dagbag.py:588} INFO - Filling up the DagBag from /home/airflow/.local/lib/python3.12/site-packages/airflow/example_dags/example_setup_teardown.py
[2024-11-08T13:41:32.796+0000] {processor.py:925} INFO - DAG(s) 'example_setup_teardown' retrieved from /home/airflow/.local/lib/python3.12/site-packages/airflow/example_dags/example_setup_teardown.py
[2024-11-08T13:41:32.810+0000] {logging_mixin.py:190} INFO - [2024-11-08T13:41:32.810+0000] {dag.py:3239} INFO - Sync 1 DAGs
[2024-11-08T13:41:32.820+0000] {logging_mixin.py:190} INFO - [2024-11-08T13:41:32.820+0000] {dag.py:4180} INFO - Setting next_dagrun for example_setup_teardown to None, run_after=None
[2024-11-08T13:41:32.835+0000] {processor.py:208} INFO - Processing /home/airflow/.local/lib/python3.12/site-packages/airflow/example_dags/example_setup_teardown.py took 0.050 seconds
[2024-11-08T13:42:04.192+0000] {processor.py:186} INFO - Started process (PID=232) to work on /home/airflow/.local/lib/python3.12/site-packages/airflow/example_dags/example_setup_teardown.py
[2024-11-08T13:42:04.193+0000] {processor.py:914} INFO - Processing file /home/airflow/.local/lib/python3.12/site-packages/airflow/example_dags/example_setup_teardown.py for tasks to queue
[2024-11-08T13:42:04.195+0000] {logging_mixin.py:190} INFO - [2024-11-08T13:42:04.194+0000] {dagbag.py:588} INFO - Filling up the DagBag from /home/airflow/.local/lib/python3.12/site-packages/airflow/example_dags/example_setup_teardown.py
[2024-11-08T13:42:04.201+0000] {processor.py:925} INFO - DAG(s) 'example_setup_teardown' retrieved from /home/airflow/.local/lib/python3.12/site-packages/airflow/example_dags/example_setup_teardown.py
[2024-11-08T13:42:04.216+0000] {logging_mixin.py:190} INFO - [2024-11-08T13:42:04.216+0000] {dag.py:3239} INFO - Sync 1 DAGs
[2024-11-08T13:42:04.226+0000] {logging_mixin.py:190} INFO - [2024-11-08T13:42:04.226+0000] {dag.py:4180} INFO - Setting next_dagrun for example_setup_teardown to None, run_after=None
[2024-11-08T13:42:04.246+0000] {processor.py:208} INFO - Processing /home/airflow/.local/lib/python3.12/site-packages/airflow/example_dags/example_setup_teardown.py took 0.058 seconds
[2024-11-08T13:42:35.505+0000] {processor.py:186} INFO - Started process (PID=295) to work on /home/airflow/.local/lib/python3.12/site-packages/airflow/example_dags/example_setup_teardown.py
[2024-11-08T13:42:35.505+0000] {processor.py:914} INFO - Processing file /home/airflow/.local/lib/python3.12/site-packages/airflow/example_dags/example_setup_teardown.py for tasks to queue
[2024-11-08T13:42:35.507+0000] {logging_mixin.py:190} INFO - [2024-11-08T13:42:35.506+0000] {dagbag.py:588} INFO - Filling up the DagBag from /home/airflow/.local/lib/python3.12/site-packages/airflow/example_dags/example_setup_teardown.py
[2024-11-08T13:42:35.512+0000] {processor.py:925} INFO - DAG(s) 'example_setup_teardown' retrieved from /home/airflow/.local/lib/python3.12/site-packages/airflow/example_dags/example_setup_teardown.py
[2024-11-08T13:42:35.525+0000] {logging_mixin.py:190} INFO - [2024-11-08T13:42:35.525+0000] {dag.py:3239} INFO - Sync 1 DAGs
[2024-11-08T13:42:35.536+0000] {logging_mixin.py:190} INFO - [2024-11-08T13:42:35.536+0000] {dag.py:4180} INFO - Setting next_dagrun for example_setup_teardown to None, run_after=None
[2024-11-08T13:42:35.553+0000] {processor.py:208} INFO - Processing /home/airflow/.local/lib/python3.12/site-packages/airflow/example_dags/example_setup_teardown.py took 0.052 seconds
[2024-11-08T13:43:06.636+0000] {processor.py:186} INFO - Started process (PID=358) to work on /home/airflow/.local/lib/python3.12/site-packages/airflow/example_dags/example_setup_teardown.py
[2024-11-08T13:43:06.637+0000] {processor.py:914} INFO - Processing file /home/airflow/.local/lib/python3.12/site-packages/airflow/example_dags/example_setup_teardown.py for tasks to queue
[2024-11-08T13:43:06.639+0000] {logging_mixin.py:190} INFO - [2024-11-08T13:43:06.639+0000] {dagbag.py:588} INFO - Filling up the DagBag from /home/airflow/.local/lib/python3.12/site-packages/airflow/example_dags/example_setup_teardown.py
[2024-11-08T13:43:06.646+0000] {processor.py:925} INFO - DAG(s) 'example_setup_teardown' retrieved from /home/airflow/.local/lib/python3.12/site-packages/airflow/example_dags/example_setup_teardown.py
[2024-11-08T13:43:06.661+0000] {logging_mixin.py:190} INFO - [2024-11-08T13:43:06.661+0000] {dag.py:3239} INFO - Sync 1 DAGs
[2024-11-08T13:43:06.672+0000] {logging_mixin.py:190} INFO - [2024-11-08T13:43:06.671+0000] {dag.py:4180} INFO - Setting next_dagrun for example_setup_teardown to None, run_after=None
[2024-11-08T13:43:06.689+0000] {processor.py:208} INFO - Processing /home/airflow/.local/lib/python3.12/site-packages/airflow/example_dags/example_setup_teardown.py took 0.058 seconds
[2024-11-08T13:43:37.274+0000] {processor.py:186} INFO - Started process (PID=421) to work on /home/airflow/.local/lib/python3.12/site-packages/airflow/example_dags/example_setup_teardown.py
[2024-11-08T13:43:37.274+0000] {processor.py:914} INFO - Processing file /home/airflow/.local/lib/python3.12/site-packages/airflow/example_dags/example_setup_teardown.py for tasks to queue
[2024-11-08T13:43:37.276+0000] {logging_mixin.py:190} INFO - [2024-11-08T13:43:37.276+0000] {dagbag.py:588} INFO - Filling up the DagBag from /home/airflow/.local/lib/python3.12/site-packages/airflow/example_dags/example_setup_teardown.py
[2024-11-08T13:43:37.282+0000] {processor.py:925} INFO - DAG(s) 'example_setup_teardown' retrieved from /home/airflow/.local/lib/python3.12/site-packages/airflow/example_dags/example_setup_teardown.py
[2024-11-08T13:43:37.297+0000] {logging_mixin.py:190} INFO - [2024-11-08T13:43:37.297+0000] {dag.py:3239} INFO - Sync 1 DAGs
[2024-11-08T13:43:37.307+0000] {logging_mixin.py:190} INFO - [2024-11-08T13:43:37.307+0000] {dag.py:4180} INFO - Setting next_dagrun for example_setup_teardown to None, run_after=None
[2024-11-08T13:43:37.323+0000] {processor.py:208} INFO - Processing /home/airflow/.local/lib/python3.12/site-packages/airflow/example_dags/example_setup_teardown.py took 0.053 seconds
[2024-11-08T13:44:07.916+0000] {processor.py:186} INFO - Started process (PID=484) to work on /home/airflow/.local/lib/python3.12/site-packages/airflow/example_dags/example_setup_teardown.py
[2024-11-08T13:44:07.917+0000] {processor.py:914} INFO - Processing file /home/airflow/.local/lib/python3.12/site-packages/airflow/example_dags/example_setup_teardown.py for tasks to queue
[2024-11-08T13:44:07.918+0000] {logging_mixin.py:190} INFO - [2024-11-08T13:44:07.918+0000] {dagbag.py:588} INFO - Filling up the DagBag from /home/airflow/.local/lib/python3.12/site-packages/airflow/example_dags/example_setup_teardown.py
[2024-11-08T13:44:07.924+0000] {processor.py:925} INFO - DAG(s) 'example_setup_teardown' retrieved from /home/airflow/.local/lib/python3.12/site-packages/airflow/example_dags/example_setup_teardown.py
[2024-11-08T13:44:07.938+0000] {logging_mixin.py:190} INFO - [2024-11-08T13:44:07.938+0000] {dag.py:3239} INFO - Sync 1 DAGs
[2024-11-08T13:44:07.948+0000] {logging_mixin.py:190} INFO - [2024-11-08T13:44:07.948+0000] {dag.py:4180} INFO - Setting next_dagrun for example_setup_teardown to None, run_after=None
[2024-11-08T13:44:07.966+0000] {processor.py:208} INFO - Processing /home/airflow/.local/lib/python3.12/site-packages/airflow/example_dags/example_setup_teardown.py took 0.053 seconds
[2024-11-08T13:44:39.423+0000] {processor.py:186} INFO - Started process (PID=547) to work on /home/airflow/.local/lib/python3.12/site-packages/airflow/example_dags/example_setup_teardown.py
[2024-11-08T13:44:39.423+0000] {processor.py:914} INFO - Processing file /home/airflow/.local/lib/python3.12/site-packages/airflow/example_dags/example_setup_teardown.py for tasks to queue
[2024-11-08T13:44:39.425+0000] {logging_mixin.py:190} INFO - [2024-11-08T13:44:39.425+0000] {dagbag.py:588} INFO - Filling up the DagBag from /home/airflow/.local/lib/python3.12/site-packages/airflow/example_dags/example_setup_teardown.py
[2024-11-08T13:44:39.432+0000] {processor.py:925} INFO - DAG(s) 'example_setup_teardown' retrieved from /home/airflow/.local/lib/python3.12/site-packages/airflow/example_dags/example_setup_teardown.py
[2024-11-08T13:44:39.448+0000] {logging_mixin.py:190} INFO - [2024-11-08T13:44:39.448+0000] {dag.py:3239} INFO - Sync 1 DAGs
[2024-11-08T13:44:39.461+0000] {logging_mixin.py:190} INFO - [2024-11-08T13:44:39.461+0000] {dag.py:4180} INFO - Setting next_dagrun for example_setup_teardown to None, run_after=None
[2024-11-08T13:44:39.483+0000] {processor.py:208} INFO - Processing /home/airflow/.local/lib/python3.12/site-packages/airflow/example_dags/example_setup_teardown.py took 0.065 seconds
[2024-11-08T13:45:10.867+0000] {processor.py:186} INFO - Started process (PID=610) to work on /home/airflow/.local/lib/python3.12/site-packages/airflow/example_dags/example_setup_teardown.py
[2024-11-08T13:45:10.868+0000] {processor.py:914} INFO - Processing file /home/airflow/.local/lib/python3.12/site-packages/airflow/example_dags/example_setup_teardown.py for tasks to queue
[2024-11-08T13:45:10.870+0000] {logging_mixin.py:190} INFO - [2024-11-08T13:45:10.870+0000] {dagbag.py:588} INFO - Filling up the DagBag from /home/airflow/.local/lib/python3.12/site-packages/airflow/example_dags/example_setup_teardown.py
[2024-11-08T13:45:10.875+0000] {processor.py:925} INFO - DAG(s) 'example_setup_teardown' retrieved from /home/airflow/.local/lib/python3.12/site-packages/airflow/example_dags/example_setup_teardown.py
[2024-11-08T13:45:10.890+0000] {logging_mixin.py:190} INFO - [2024-11-08T13:45:10.889+0000] {dag.py:3239} INFO - Sync 1 DAGs
[2024-11-08T13:45:10.900+0000] {logging_mixin.py:190} INFO - [2024-11-08T13:45:10.900+0000] {dag.py:4180} INFO - Setting next_dagrun for example_setup_teardown to None, run_after=None
[2024-11-08T13:45:10.918+0000] {processor.py:208} INFO - Processing /home/airflow/.local/lib/python3.12/site-packages/airflow/example_dags/example_setup_teardown.py took 0.054 seconds
[2024-11-08T13:45:41.923+0000] {processor.py:186} INFO - Started process (PID=673) to work on /home/airflow/.local/lib/python3.12/site-packages/airflow/example_dags/example_setup_teardown.py
[2024-11-08T13:45:41.923+0000] {processor.py:914} INFO - Processing file /home/airflow/.local/lib/python3.12/site-packages/airflow/example_dags/example_setup_teardown.py for tasks to queue
[2024-11-08T13:45:41.925+0000] {logging_mixin.py:190} INFO - [2024-11-08T13:45:41.925+0000] {dagbag.py:588} INFO - Filling up the DagBag from /home/airflow/.local/lib/python3.12/site-packages/airflow/example_dags/example_setup_teardown.py
[2024-11-08T13:45:41.930+0000] {processor.py:925} INFO - DAG(s) 'example_setup_teardown' retrieved from /home/airflow/.local/lib/python3.12/site-packages/airflow/example_dags/example_setup_teardown.py
[2024-11-08T13:45:41.944+0000] {logging_mixin.py:190} INFO - [2024-11-08T13:45:41.944+0000] {dag.py:3239} INFO - Sync 1 DAGs
[2024-11-08T13:45:41.955+0000] {logging_mixin.py:190} INFO - [2024-11-08T13:45:41.955+0000] {dag.py:4180} INFO - Setting next_dagrun for example_setup_teardown to None, run_after=None
[2024-11-08T13:45:41.973+0000] {processor.py:208} INFO - Processing /home/airflow/.local/lib/python3.12/site-packages/airflow/example_dags/example_setup_teardown.py took 0.054 seconds
[2024-11-08T13:46:12.706+0000] {processor.py:186} INFO - Started process (PID=737) to work on /home/airflow/.local/lib/python3.12/site-packages/airflow/example_dags/example_setup_teardown.py
[2024-11-08T13:46:12.706+0000] {processor.py:914} INFO - Processing file /home/airflow/.local/lib/python3.12/site-packages/airflow/example_dags/example_setup_teardown.py for tasks to queue
[2024-11-08T13:46:12.708+0000] {logging_mixin.py:190} INFO - [2024-11-08T13:46:12.708+0000] {dagbag.py:588} INFO - Filling up the DagBag from /home/airflow/.local/lib/python3.12/site-packages/airflow/example_dags/example_setup_teardown.py
[2024-11-08T13:46:12.716+0000] {processor.py:925} INFO - DAG(s) 'example_setup_teardown' retrieved from /home/airflow/.local/lib/python3.12/site-packages/airflow/example_dags/example_setup_teardown.py
[2024-11-08T13:46:12.735+0000] {logging_mixin.py:190} INFO - [2024-11-08T13:46:12.735+0000] {dag.py:3239} INFO - Sync 1 DAGs
[2024-11-08T13:46:12.748+0000] {logging_mixin.py:190} INFO - [2024-11-08T13:46:12.748+0000] {dag.py:4180} INFO - Setting next_dagrun for example_setup_teardown to None, run_after=None
[2024-11-08T13:46:12.768+0000] {processor.py:208} INFO - Processing /home/airflow/.local/lib/python3.12/site-packages/airflow/example_dags/example_setup_teardown.py took 0.067 seconds
[2024-11-08T13:46:43.294+0000] {processor.py:186} INFO - Started process (PID=801) to work on /home/airflow/.local/lib/python3.12/site-packages/airflow/example_dags/example_setup_teardown.py
[2024-11-08T13:46:43.295+0000] {processor.py:914} INFO - Processing file /home/airflow/.local/lib/python3.12/site-packages/airflow/example_dags/example_setup_teardown.py for tasks to queue
[2024-11-08T13:46:43.296+0000] {logging_mixin.py:190} INFO - [2024-11-08T13:46:43.296+0000] {dagbag.py:588} INFO - Filling up the DagBag from /home/airflow/.local/lib/python3.12/site-packages/airflow/example_dags/example_setup_teardown.py
[2024-11-08T13:46:43.301+0000] {processor.py:925} INFO - DAG(s) 'example_setup_teardown' retrieved from /home/airflow/.local/lib/python3.12/site-packages/airflow/example_dags/example_setup_teardown.py
[2024-11-08T13:46:43.315+0000] {logging_mixin.py:190} INFO - [2024-11-08T13:46:43.315+0000] {dag.py:3239} INFO - Sync 1 DAGs
[2024-11-08T13:46:43.325+0000] {logging_mixin.py:190} INFO - [2024-11-08T13:46:43.325+0000] {dag.py:4180} INFO - Setting next_dagrun for example_setup_teardown to None, run_after=None
[2024-11-08T13:46:43.339+0000] {processor.py:208} INFO - Processing /home/airflow/.local/lib/python3.12/site-packages/airflow/example_dags/example_setup_teardown.py took 0.049 seconds
[2024-11-08T13:47:14.622+0000] {processor.py:186} INFO - Started process (PID=865) to work on /home/airflow/.local/lib/python3.12/site-packages/airflow/example_dags/example_setup_teardown.py
[2024-11-08T13:47:14.623+0000] {processor.py:914} INFO - Processing file /home/airflow/.local/lib/python3.12/site-packages/airflow/example_dags/example_setup_teardown.py for tasks to queue
[2024-11-08T13:47:14.624+0000] {logging_mixin.py:190} INFO - [2024-11-08T13:47:14.624+0000] {dagbag.py:588} INFO - Filling up the DagBag from /home/airflow/.local/lib/python3.12/site-packages/airflow/example_dags/example_setup_teardown.py
[2024-11-08T13:47:14.630+0000] {processor.py:925} INFO - DAG(s) 'example_setup_teardown' retrieved from /home/airflow/.local/lib/python3.12/site-packages/airflow/example_dags/example_setup_teardown.py
[2024-11-08T13:47:14.644+0000] {logging_mixin.py:190} INFO - [2024-11-08T13:47:14.644+0000] {dag.py:3239} INFO - Sync 1 DAGs
[2024-11-08T13:47:14.654+0000] {logging_mixin.py:190} INFO - [2024-11-08T13:47:14.654+0000] {dag.py:4180} INFO - Setting next_dagrun for example_setup_teardown to None, run_after=None
[2024-11-08T13:47:14.672+0000] {processor.py:208} INFO - Processing /home/airflow/.local/lib/python3.12/site-packages/airflow/example_dags/example_setup_teardown.py took 0.054 seconds
[2024-11-08T13:47:45.527+0000] {processor.py:186} INFO - Started process (PID=929) to work on /home/airflow/.local/lib/python3.12/site-packages/airflow/example_dags/example_setup_teardown.py
[2024-11-08T13:47:45.528+0000] {processor.py:914} INFO - Processing file /home/airflow/.local/lib/python3.12/site-packages/airflow/example_dags/example_setup_teardown.py for tasks to queue
[2024-11-08T13:47:45.529+0000] {logging_mixin.py:190} INFO - [2024-11-08T13:47:45.529+0000] {dagbag.py:588} INFO - Filling up the DagBag from /home/airflow/.local/lib/python3.12/site-packages/airflow/example_dags/example_setup_teardown.py
[2024-11-08T13:47:45.535+0000] {processor.py:925} INFO - DAG(s) 'example_setup_teardown' retrieved from /home/airflow/.local/lib/python3.12/site-packages/airflow/example_dags/example_setup_teardown.py
[2024-11-08T13:47:45.551+0000] {logging_mixin.py:190} INFO - [2024-11-08T13:47:45.551+0000] {dag.py:3239} INFO - Sync 1 DAGs
[2024-11-08T13:47:45.565+0000] {logging_mixin.py:190} INFO - [2024-11-08T13:47:45.565+0000] {dag.py:4180} INFO - Setting next_dagrun for example_setup_teardown to None, run_after=None
[2024-11-08T13:47:45.583+0000] {processor.py:208} INFO - Processing /home/airflow/.local/lib/python3.12/site-packages/airflow/example_dags/example_setup_teardown.py took 0.060 seconds
[2024-11-08T13:48:16.843+0000] {processor.py:186} INFO - Started process (PID=993) to work on /home/airflow/.local/lib/python3.12/site-packages/airflow/example_dags/example_setup_teardown.py
[2024-11-08T13:48:16.843+0000] {processor.py:914} INFO - Processing file /home/airflow/.local/lib/python3.12/site-packages/airflow/example_dags/example_setup_teardown.py for tasks to queue
[2024-11-08T13:48:16.845+0000] {logging_mixin.py:190} INFO - [2024-11-08T13:48:16.845+0000] {dagbag.py:588} INFO - Filling up the DagBag from /home/airflow/.local/lib/python3.12/site-packages/airflow/example_dags/example_setup_teardown.py
[2024-11-08T13:48:16.850+0000] {processor.py:925} INFO - DAG(s) 'example_setup_teardown' retrieved from /home/airflow/.local/lib/python3.12/site-packages/airflow/example_dags/example_setup_teardown.py
[2024-11-08T13:48:16.864+0000] {logging_mixin.py:190} INFO - [2024-11-08T13:48:16.864+0000] {dag.py:3239} INFO - Sync 1 DAGs
[2024-11-08T13:48:16.874+0000] {logging_mixin.py:190} INFO - [2024-11-08T13:48:16.874+0000] {dag.py:4180} INFO - Setting next_dagrun for example_setup_teardown to None, run_after=None
[2024-11-08T13:48:16.891+0000] {processor.py:208} INFO - Processing /home/airflow/.local/lib/python3.12/site-packages/airflow/example_dags/example_setup_teardown.py took 0.052 seconds
