[2024-11-08T13:40:55.993+0000] {processor.py:186} INFO - Started process (PID=65) to work on /home/airflow/.local/lib/python3.12/site-packages/airflow/example_dags/example_bash_decorator.py
[2024-11-08T13:40:55.993+0000] {processor.py:914} INFO - Processing file /home/airflow/.local/lib/python3.12/site-packages/airflow/example_dags/example_bash_decorator.py for tasks to queue
[2024-11-08T13:40:55.995+0000] {logging_mixin.py:190} INFO - [2024-11-08T13:40:55.995+0000] {dagbag.py:588} INFO - Filling up the DagBag from /home/airflow/.local/lib/python3.12/site-packages/airflow/example_dags/example_bash_decorator.py
[2024-11-08T13:40:56.007+0000] {processor.py:925} INFO - DAG(s) 'example_bash_decorator' retrieved from /home/airflow/.local/lib/python3.12/site-packages/airflow/example_dags/example_bash_decorator.py
[2024-11-08T13:40:56.100+0000] {logging_mixin.py:190} INFO - [2024-11-08T13:40:56.099+0000] {override.py:1911} INFO - Created Permission View: can read on DAG:example_bash_decorator
[2024-11-08T13:40:56.109+0000] {logging_mixin.py:190} INFO - [2024-11-08T13:40:56.109+0000] {override.py:1911} INFO - Created Permission View: can edit on DAG:example_bash_decorator
[2024-11-08T13:40:56.120+0000] {logging_mixin.py:190} INFO - [2024-11-08T13:40:56.119+0000] {override.py:1911} INFO - Created Permission View: can delete on DAG:example_bash_decorator
[2024-11-08T13:40:56.135+0000] {logging_mixin.py:190} INFO - [2024-11-08T13:40:56.134+0000] {override.py:1911} INFO - Created Permission View: can read on DAG Run:example_bash_decorator
[2024-11-08T13:40:56.143+0000] {logging_mixin.py:190} INFO - [2024-11-08T13:40:56.143+0000] {override.py:1911} INFO - Created Permission View: can create on DAG Run:example_bash_decorator
[2024-11-08T13:40:56.154+0000] {logging_mixin.py:190} INFO - [2024-11-08T13:40:56.154+0000] {override.py:1911} INFO - Created Permission View: can delete on DAG Run:example_bash_decorator
[2024-11-08T13:40:56.165+0000] {logging_mixin.py:190} INFO - [2024-11-08T13:40:56.164+0000] {override.py:1911} INFO - Created Permission View: menu access on DAG Run:example_bash_decorator
[2024-11-08T13:40:56.165+0000] {logging_mixin.py:190} INFO - [2024-11-08T13:40:56.165+0000] {dag.py:3239} INFO - Sync 1 DAGs
[2024-11-08T13:40:56.175+0000] {logging_mixin.py:190} INFO - [2024-11-08T13:40:56.175+0000] {dag.py:3262} INFO - Creating ORM DAG for example_bash_decorator
[2024-11-08T13:40:56.175+0000] {logging_mixin.py:190} INFO - [2024-11-08T13:40:56.175+0000] {dag.py:4180} INFO - Setting next_dagrun for example_bash_decorator to None, run_after=None
[2024-11-08T13:40:56.187+0000] {processor.py:208} INFO - Processing /home/airflow/.local/lib/python3.12/site-packages/airflow/example_dags/example_bash_decorator.py took 0.198 seconds
[2024-11-08T13:41:27.113+0000] {processor.py:186} INFO - Started process (PID=134) to work on /home/airflow/.local/lib/python3.12/site-packages/airflow/example_dags/example_bash_decorator.py
[2024-11-08T13:41:27.114+0000] {processor.py:914} INFO - Processing file /home/airflow/.local/lib/python3.12/site-packages/airflow/example_dags/example_bash_decorator.py for tasks to queue
[2024-11-08T13:41:27.115+0000] {logging_mixin.py:190} INFO - [2024-11-08T13:41:27.115+0000] {dagbag.py:588} INFO - Filling up the DagBag from /home/airflow/.local/lib/python3.12/site-packages/airflow/example_dags/example_bash_decorator.py
[2024-11-08T13:41:27.125+0000] {processor.py:925} INFO - DAG(s) 'example_bash_decorator' retrieved from /home/airflow/.local/lib/python3.12/site-packages/airflow/example_dags/example_bash_decorator.py
[2024-11-08T13:41:27.142+0000] {logging_mixin.py:190} INFO - [2024-11-08T13:41:27.142+0000] {dag.py:3239} INFO - Sync 1 DAGs
[2024-11-08T13:41:27.152+0000] {logging_mixin.py:190} INFO - [2024-11-08T13:41:27.152+0000] {dag.py:4180} INFO - Setting next_dagrun for example_bash_decorator to None, run_after=None
[2024-11-08T13:41:27.167+0000] {processor.py:208} INFO - Processing /home/airflow/.local/lib/python3.12/site-packages/airflow/example_dags/example_bash_decorator.py took 0.059 seconds
[2024-11-08T13:41:57.857+0000] {processor.py:186} INFO - Started process (PID=197) to work on /home/airflow/.local/lib/python3.12/site-packages/airflow/example_dags/example_bash_decorator.py
[2024-11-08T13:41:57.857+0000] {processor.py:914} INFO - Processing file /home/airflow/.local/lib/python3.12/site-packages/airflow/example_dags/example_bash_decorator.py for tasks to queue
[2024-11-08T13:41:57.859+0000] {logging_mixin.py:190} INFO - [2024-11-08T13:41:57.858+0000] {dagbag.py:588} INFO - Filling up the DagBag from /home/airflow/.local/lib/python3.12/site-packages/airflow/example_dags/example_bash_decorator.py
[2024-11-08T13:41:57.869+0000] {processor.py:925} INFO - DAG(s) 'example_bash_decorator' retrieved from /home/airflow/.local/lib/python3.12/site-packages/airflow/example_dags/example_bash_decorator.py
[2024-11-08T13:41:57.886+0000] {logging_mixin.py:190} INFO - [2024-11-08T13:41:57.886+0000] {dag.py:3239} INFO - Sync 1 DAGs
[2024-11-08T13:41:57.897+0000] {logging_mixin.py:190} INFO - [2024-11-08T13:41:57.897+0000] {dag.py:4180} INFO - Setting next_dagrun for example_bash_decorator to None, run_after=None
[2024-11-08T13:41:57.914+0000] {processor.py:208} INFO - Processing /home/airflow/.local/lib/python3.12/site-packages/airflow/example_dags/example_bash_decorator.py took 0.061 seconds
[2024-11-08T13:42:28.093+0000] {processor.py:186} INFO - Started process (PID=260) to work on /home/airflow/.local/lib/python3.12/site-packages/airflow/example_dags/example_bash_decorator.py
[2024-11-08T13:42:28.093+0000] {processor.py:914} INFO - Processing file /home/airflow/.local/lib/python3.12/site-packages/airflow/example_dags/example_bash_decorator.py for tasks to queue
[2024-11-08T13:42:28.095+0000] {logging_mixin.py:190} INFO - [2024-11-08T13:42:28.094+0000] {dagbag.py:588} INFO - Filling up the DagBag from /home/airflow/.local/lib/python3.12/site-packages/airflow/example_dags/example_bash_decorator.py
[2024-11-08T13:42:28.105+0000] {processor.py:925} INFO - DAG(s) 'example_bash_decorator' retrieved from /home/airflow/.local/lib/python3.12/site-packages/airflow/example_dags/example_bash_decorator.py
[2024-11-08T13:42:28.122+0000] {logging_mixin.py:190} INFO - [2024-11-08T13:42:28.121+0000] {dag.py:3239} INFO - Sync 1 DAGs
[2024-11-08T13:42:28.132+0000] {logging_mixin.py:190} INFO - [2024-11-08T13:42:28.132+0000] {dag.py:4180} INFO - Setting next_dagrun for example_bash_decorator to None, run_after=None
[2024-11-08T13:42:28.147+0000] {processor.py:208} INFO - Processing /home/airflow/.local/lib/python3.12/site-packages/airflow/example_dags/example_bash_decorator.py took 0.059 seconds
[2024-11-08T13:42:58.428+0000] {processor.py:186} INFO - Started process (PID=323) to work on /home/airflow/.local/lib/python3.12/site-packages/airflow/example_dags/example_bash_decorator.py
[2024-11-08T13:42:58.428+0000] {processor.py:914} INFO - Processing file /home/airflow/.local/lib/python3.12/site-packages/airflow/example_dags/example_bash_decorator.py for tasks to queue
[2024-11-08T13:42:58.430+0000] {logging_mixin.py:190} INFO - [2024-11-08T13:42:58.429+0000] {dagbag.py:588} INFO - Filling up the DagBag from /home/airflow/.local/lib/python3.12/site-packages/airflow/example_dags/example_bash_decorator.py
[2024-11-08T13:42:58.439+0000] {processor.py:925} INFO - DAG(s) 'example_bash_decorator' retrieved from /home/airflow/.local/lib/python3.12/site-packages/airflow/example_dags/example_bash_decorator.py
[2024-11-08T13:42:58.456+0000] {logging_mixin.py:190} INFO - [2024-11-08T13:42:58.456+0000] {dag.py:3239} INFO - Sync 1 DAGs
[2024-11-08T13:42:58.466+0000] {logging_mixin.py:190} INFO - [2024-11-08T13:42:58.466+0000] {dag.py:4180} INFO - Setting next_dagrun for example_bash_decorator to None, run_after=None
[2024-11-08T13:42:58.485+0000] {processor.py:208} INFO - Processing /home/airflow/.local/lib/python3.12/site-packages/airflow/example_dags/example_bash_decorator.py took 0.061 seconds
[2024-11-08T13:43:28.686+0000] {processor.py:186} INFO - Started process (PID=386) to work on /home/airflow/.local/lib/python3.12/site-packages/airflow/example_dags/example_bash_decorator.py
[2024-11-08T13:43:28.687+0000] {processor.py:914} INFO - Processing file /home/airflow/.local/lib/python3.12/site-packages/airflow/example_dags/example_bash_decorator.py for tasks to queue
[2024-11-08T13:43:28.688+0000] {logging_mixin.py:190} INFO - [2024-11-08T13:43:28.688+0000] {dagbag.py:588} INFO - Filling up the DagBag from /home/airflow/.local/lib/python3.12/site-packages/airflow/example_dags/example_bash_decorator.py
[2024-11-08T13:43:28.698+0000] {processor.py:925} INFO - DAG(s) 'example_bash_decorator' retrieved from /home/airflow/.local/lib/python3.12/site-packages/airflow/example_dags/example_bash_decorator.py
[2024-11-08T13:43:28.715+0000] {logging_mixin.py:190} INFO - [2024-11-08T13:43:28.714+0000] {dag.py:3239} INFO - Sync 1 DAGs
[2024-11-08T13:43:28.725+0000] {logging_mixin.py:190} INFO - [2024-11-08T13:43:28.725+0000] {dag.py:4180} INFO - Setting next_dagrun for example_bash_decorator to None, run_after=None
[2024-11-08T13:43:28.746+0000] {processor.py:208} INFO - Processing /home/airflow/.local/lib/python3.12/site-packages/airflow/example_dags/example_bash_decorator.py took 0.063 seconds
[2024-11-08T13:43:59.331+0000] {processor.py:186} INFO - Started process (PID=449) to work on /home/airflow/.local/lib/python3.12/site-packages/airflow/example_dags/example_bash_decorator.py
[2024-11-08T13:43:59.331+0000] {processor.py:914} INFO - Processing file /home/airflow/.local/lib/python3.12/site-packages/airflow/example_dags/example_bash_decorator.py for tasks to queue
[2024-11-08T13:43:59.333+0000] {logging_mixin.py:190} INFO - [2024-11-08T13:43:59.333+0000] {dagbag.py:588} INFO - Filling up the DagBag from /home/airflow/.local/lib/python3.12/site-packages/airflow/example_dags/example_bash_decorator.py
[2024-11-08T13:43:59.344+0000] {processor.py:925} INFO - DAG(s) 'example_bash_decorator' retrieved from /home/airflow/.local/lib/python3.12/site-packages/airflow/example_dags/example_bash_decorator.py
[2024-11-08T13:43:59.362+0000] {logging_mixin.py:190} INFO - [2024-11-08T13:43:59.362+0000] {dag.py:3239} INFO - Sync 1 DAGs
[2024-11-08T13:43:59.373+0000] {logging_mixin.py:190} INFO - [2024-11-08T13:43:59.373+0000] {dag.py:4180} INFO - Setting next_dagrun for example_bash_decorator to None, run_after=None
[2024-11-08T13:43:59.397+0000] {processor.py:208} INFO - Processing /home/airflow/.local/lib/python3.12/site-packages/airflow/example_dags/example_bash_decorator.py took 0.071 seconds
[2024-11-08T13:44:29.911+0000] {processor.py:186} INFO - Started process (PID=512) to work on /home/airflow/.local/lib/python3.12/site-packages/airflow/example_dags/example_bash_decorator.py
[2024-11-08T13:44:29.912+0000] {processor.py:914} INFO - Processing file /home/airflow/.local/lib/python3.12/site-packages/airflow/example_dags/example_bash_decorator.py for tasks to queue
[2024-11-08T13:44:29.913+0000] {logging_mixin.py:190} INFO - [2024-11-08T13:44:29.913+0000] {dagbag.py:588} INFO - Filling up the DagBag from /home/airflow/.local/lib/python3.12/site-packages/airflow/example_dags/example_bash_decorator.py
[2024-11-08T13:44:29.923+0000] {processor.py:925} INFO - DAG(s) 'example_bash_decorator' retrieved from /home/airflow/.local/lib/python3.12/site-packages/airflow/example_dags/example_bash_decorator.py
[2024-11-08T13:44:29.940+0000] {logging_mixin.py:190} INFO - [2024-11-08T13:44:29.940+0000] {dag.py:3239} INFO - Sync 1 DAGs
[2024-11-08T13:44:29.951+0000] {logging_mixin.py:190} INFO - [2024-11-08T13:44:29.951+0000] {dag.py:4180} INFO - Setting next_dagrun for example_bash_decorator to None, run_after=None
[2024-11-08T13:44:29.965+0000] {processor.py:208} INFO - Processing /home/airflow/.local/lib/python3.12/site-packages/airflow/example_dags/example_bash_decorator.py took 0.057 seconds
[2024-11-08T13:45:00.398+0000] {processor.py:186} INFO - Started process (PID=575) to work on /home/airflow/.local/lib/python3.12/site-packages/airflow/example_dags/example_bash_decorator.py
[2024-11-08T13:45:00.399+0000] {processor.py:914} INFO - Processing file /home/airflow/.local/lib/python3.12/site-packages/airflow/example_dags/example_bash_decorator.py for tasks to queue
[2024-11-08T13:45:00.400+0000] {logging_mixin.py:190} INFO - [2024-11-08T13:45:00.400+0000] {dagbag.py:588} INFO - Filling up the DagBag from /home/airflow/.local/lib/python3.12/site-packages/airflow/example_dags/example_bash_decorator.py
[2024-11-08T13:45:00.410+0000] {processor.py:925} INFO - DAG(s) 'example_bash_decorator' retrieved from /home/airflow/.local/lib/python3.12/site-packages/airflow/example_dags/example_bash_decorator.py
[2024-11-08T13:45:00.426+0000] {logging_mixin.py:190} INFO - [2024-11-08T13:45:00.426+0000] {dag.py:3239} INFO - Sync 1 DAGs
[2024-11-08T13:45:00.436+0000] {logging_mixin.py:190} INFO - [2024-11-08T13:45:00.436+0000] {dag.py:4180} INFO - Setting next_dagrun for example_bash_decorator to None, run_after=None
[2024-11-08T13:45:00.456+0000] {processor.py:208} INFO - Processing /home/airflow/.local/lib/python3.12/site-packages/airflow/example_dags/example_bash_decorator.py took 0.062 seconds
[2024-11-08T13:45:31.345+0000] {processor.py:186} INFO - Started process (PID=638) to work on /home/airflow/.local/lib/python3.12/site-packages/airflow/example_dags/example_bash_decorator.py
[2024-11-08T13:45:31.346+0000] {processor.py:914} INFO - Processing file /home/airflow/.local/lib/python3.12/site-packages/airflow/example_dags/example_bash_decorator.py for tasks to queue
[2024-11-08T13:45:31.347+0000] {logging_mixin.py:190} INFO - [2024-11-08T13:45:31.347+0000] {dagbag.py:588} INFO - Filling up the DagBag from /home/airflow/.local/lib/python3.12/site-packages/airflow/example_dags/example_bash_decorator.py
[2024-11-08T13:45:31.358+0000] {processor.py:925} INFO - DAG(s) 'example_bash_decorator' retrieved from /home/airflow/.local/lib/python3.12/site-packages/airflow/example_dags/example_bash_decorator.py
[2024-11-08T13:45:31.376+0000] {logging_mixin.py:190} INFO - [2024-11-08T13:45:31.376+0000] {dag.py:3239} INFO - Sync 1 DAGs
[2024-11-08T13:45:31.387+0000] {logging_mixin.py:190} INFO - [2024-11-08T13:45:31.387+0000] {dag.py:4180} INFO - Setting next_dagrun for example_bash_decorator to None, run_after=None
[2024-11-08T13:45:31.405+0000] {processor.py:208} INFO - Processing /home/airflow/.local/lib/python3.12/site-packages/airflow/example_dags/example_bash_decorator.py took 0.064 seconds
[2024-11-08T13:46:02.078+0000] {processor.py:186} INFO - Started process (PID=702) to work on /home/airflow/.local/lib/python3.12/site-packages/airflow/example_dags/example_bash_decorator.py
[2024-11-08T13:46:02.078+0000] {processor.py:914} INFO - Processing file /home/airflow/.local/lib/python3.12/site-packages/airflow/example_dags/example_bash_decorator.py for tasks to queue
[2024-11-08T13:46:02.080+0000] {logging_mixin.py:190} INFO - [2024-11-08T13:46:02.080+0000] {dagbag.py:588} INFO - Filling up the DagBag from /home/airflow/.local/lib/python3.12/site-packages/airflow/example_dags/example_bash_decorator.py
[2024-11-08T13:46:02.093+0000] {processor.py:925} INFO - DAG(s) 'example_bash_decorator' retrieved from /home/airflow/.local/lib/python3.12/site-packages/airflow/example_dags/example_bash_decorator.py
[2024-11-08T13:46:02.111+0000] {logging_mixin.py:190} INFO - [2024-11-08T13:46:02.111+0000] {dag.py:3239} INFO - Sync 1 DAGs
[2024-11-08T13:46:02.124+0000] {logging_mixin.py:190} INFO - [2024-11-08T13:46:02.124+0000] {dag.py:4180} INFO - Setting next_dagrun for example_bash_decorator to None, run_after=None
[2024-11-08T13:46:02.143+0000] {processor.py:208} INFO - Processing /home/airflow/.local/lib/python3.12/site-packages/airflow/example_dags/example_bash_decorator.py took 0.070 seconds
[2024-11-08T13:46:32.764+0000] {processor.py:186} INFO - Started process (PID=766) to work on /home/airflow/.local/lib/python3.12/site-packages/airflow/example_dags/example_bash_decorator.py
[2024-11-08T13:46:32.765+0000] {processor.py:914} INFO - Processing file /home/airflow/.local/lib/python3.12/site-packages/airflow/example_dags/example_bash_decorator.py for tasks to queue
[2024-11-08T13:46:32.766+0000] {logging_mixin.py:190} INFO - [2024-11-08T13:46:32.766+0000] {dagbag.py:588} INFO - Filling up the DagBag from /home/airflow/.local/lib/python3.12/site-packages/airflow/example_dags/example_bash_decorator.py
[2024-11-08T13:46:32.777+0000] {processor.py:925} INFO - DAG(s) 'example_bash_decorator' retrieved from /home/airflow/.local/lib/python3.12/site-packages/airflow/example_dags/example_bash_decorator.py
[2024-11-08T13:46:32.794+0000] {logging_mixin.py:190} INFO - [2024-11-08T13:46:32.794+0000] {dag.py:3239} INFO - Sync 1 DAGs
[2024-11-08T13:46:32.806+0000] {logging_mixin.py:190} INFO - [2024-11-08T13:46:32.805+0000] {dag.py:4180} INFO - Setting next_dagrun for example_bash_decorator to None, run_after=None
[2024-11-08T13:46:32.821+0000] {processor.py:208} INFO - Processing /home/airflow/.local/lib/python3.12/site-packages/airflow/example_dags/example_bash_decorator.py took 0.061 seconds
[2024-11-08T13:47:03.116+0000] {processor.py:186} INFO - Started process (PID=830) to work on /home/airflow/.local/lib/python3.12/site-packages/airflow/example_dags/example_bash_decorator.py
[2024-11-08T13:47:03.117+0000] {processor.py:914} INFO - Processing file /home/airflow/.local/lib/python3.12/site-packages/airflow/example_dags/example_bash_decorator.py for tasks to queue
[2024-11-08T13:47:03.118+0000] {logging_mixin.py:190} INFO - [2024-11-08T13:47:03.118+0000] {dagbag.py:588} INFO - Filling up the DagBag from /home/airflow/.local/lib/python3.12/site-packages/airflow/example_dags/example_bash_decorator.py
[2024-11-08T13:47:03.128+0000] {processor.py:925} INFO - DAG(s) 'example_bash_decorator' retrieved from /home/airflow/.local/lib/python3.12/site-packages/airflow/example_dags/example_bash_decorator.py
[2024-11-08T13:47:03.144+0000] {logging_mixin.py:190} INFO - [2024-11-08T13:47:03.144+0000] {dag.py:3239} INFO - Sync 1 DAGs
[2024-11-08T13:47:03.154+0000] {logging_mixin.py:190} INFO - [2024-11-08T13:47:03.154+0000] {dag.py:4180} INFO - Setting next_dagrun for example_bash_decorator to None, run_after=None
[2024-11-08T13:47:03.171+0000] {processor.py:208} INFO - Processing /home/airflow/.local/lib/python3.12/site-packages/airflow/example_dags/example_bash_decorator.py took 0.059 seconds
[2024-11-08T13:47:34.061+0000] {processor.py:186} INFO - Started process (PID=894) to work on /home/airflow/.local/lib/python3.12/site-packages/airflow/example_dags/example_bash_decorator.py
[2024-11-08T13:47:34.062+0000] {processor.py:914} INFO - Processing file /home/airflow/.local/lib/python3.12/site-packages/airflow/example_dags/example_bash_decorator.py for tasks to queue
[2024-11-08T13:47:34.063+0000] {logging_mixin.py:190} INFO - [2024-11-08T13:47:34.063+0000] {dagbag.py:588} INFO - Filling up the DagBag from /home/airflow/.local/lib/python3.12/site-packages/airflow/example_dags/example_bash_decorator.py
[2024-11-08T13:47:34.073+0000] {processor.py:925} INFO - DAG(s) 'example_bash_decorator' retrieved from /home/airflow/.local/lib/python3.12/site-packages/airflow/example_dags/example_bash_decorator.py
[2024-11-08T13:47:34.091+0000] {logging_mixin.py:190} INFO - [2024-11-08T13:47:34.090+0000] {dag.py:3239} INFO - Sync 1 DAGs
[2024-11-08T13:47:34.103+0000] {logging_mixin.py:190} INFO - [2024-11-08T13:47:34.102+0000] {dag.py:4180} INFO - Setting next_dagrun for example_bash_decorator to None, run_after=None
[2024-11-08T13:47:34.119+0000] {processor.py:208} INFO - Processing /home/airflow/.local/lib/python3.12/site-packages/airflow/example_dags/example_bash_decorator.py took 0.062 seconds
[2024-11-08T13:48:04.385+0000] {processor.py:186} INFO - Started process (PID=958) to work on /home/airflow/.local/lib/python3.12/site-packages/airflow/example_dags/example_bash_decorator.py
[2024-11-08T13:48:04.386+0000] {processor.py:914} INFO - Processing file /home/airflow/.local/lib/python3.12/site-packages/airflow/example_dags/example_bash_decorator.py for tasks to queue
[2024-11-08T13:48:04.387+0000] {logging_mixin.py:190} INFO - [2024-11-08T13:48:04.387+0000] {dagbag.py:588} INFO - Filling up the DagBag from /home/airflow/.local/lib/python3.12/site-packages/airflow/example_dags/example_bash_decorator.py
[2024-11-08T13:48:04.397+0000] {processor.py:925} INFO - DAG(s) 'example_bash_decorator' retrieved from /home/airflow/.local/lib/python3.12/site-packages/airflow/example_dags/example_bash_decorator.py
[2024-11-08T13:48:04.414+0000] {logging_mixin.py:190} INFO - [2024-11-08T13:48:04.414+0000] {dag.py:3239} INFO - Sync 1 DAGs
[2024-11-08T13:48:04.424+0000] {logging_mixin.py:190} INFO - [2024-11-08T13:48:04.424+0000] {dag.py:4180} INFO - Setting next_dagrun for example_bash_decorator to None, run_after=None
[2024-11-08T13:48:04.437+0000] {processor.py:208} INFO - Processing /home/airflow/.local/lib/python3.12/site-packages/airflow/example_dags/example_bash_decorator.py took 0.056 seconds
[2024-11-08T13:48:35.299+0000] {processor.py:186} INFO - Started process (PID=1022) to work on /home/airflow/.local/lib/python3.12/site-packages/airflow/example_dags/example_bash_decorator.py
[2024-11-08T13:48:35.300+0000] {processor.py:914} INFO - Processing file /home/airflow/.local/lib/python3.12/site-packages/airflow/example_dags/example_bash_decorator.py for tasks to queue
[2024-11-08T13:48:35.301+0000] {logging_mixin.py:190} INFO - [2024-11-08T13:48:35.301+0000] {dagbag.py:588} INFO - Filling up the DagBag from /home/airflow/.local/lib/python3.12/site-packages/airflow/example_dags/example_bash_decorator.py
[2024-11-08T13:48:35.311+0000] {processor.py:925} INFO - DAG(s) 'example_bash_decorator' retrieved from /home/airflow/.local/lib/python3.12/site-packages/airflow/example_dags/example_bash_decorator.py
[2024-11-08T13:48:35.327+0000] {logging_mixin.py:190} INFO - [2024-11-08T13:48:35.326+0000] {dag.py:3239} INFO - Sync 1 DAGs
[2024-11-08T13:48:35.337+0000] {logging_mixin.py:190} INFO - [2024-11-08T13:48:35.336+0000] {dag.py:4180} INFO - Setting next_dagrun for example_bash_decorator to None, run_after=None
[2024-11-08T13:48:35.349+0000] {processor.py:208} INFO - Processing /home/airflow/.local/lib/python3.12/site-packages/airflow/example_dags/example_bash_decorator.py took 0.054 seconds
