[2024-11-08T13:40:55.771+0000] {processor.py:186} INFO - Started process (PID=63) to work on /home/airflow/.local/lib/python3.12/site-packages/airflow/example_dags/example_setup_teardown_taskflow.py
[2024-11-08T13:40:55.772+0000] {processor.py:914} INFO - Processing file /home/airflow/.local/lib/python3.12/site-packages/airflow/example_dags/example_setup_teardown_taskflow.py for tasks to queue
[2024-11-08T13:40:55.773+0000] {logging_mixin.py:190} INFO - [2024-11-08T13:40:55.773+0000] {dagbag.py:588} INFO - Filling up the DagBag from /home/airflow/.local/lib/python3.12/site-packages/airflow/example_dags/example_setup_teardown_taskflow.py
[2024-11-08T13:40:55.784+0000] {processor.py:925} INFO - DAG(s) 'example_setup_teardown_taskflow' retrieved from /home/airflow/.local/lib/python3.12/site-packages/airflow/example_dags/example_setup_teardown_taskflow.py
[2024-11-08T13:40:55.869+0000] {logging_mixin.py:190} INFO - [2024-11-08T13:40:55.868+0000] {override.py:1911} INFO - Created Permission View: can read on DAG:example_setup_teardown_taskflow
[2024-11-08T13:40:55.880+0000] {logging_mixin.py:190} INFO - [2024-11-08T13:40:55.879+0000] {override.py:1911} INFO - Created Permission View: can edit on DAG:example_setup_teardown_taskflow
[2024-11-08T13:40:55.890+0000] {logging_mixin.py:190} INFO - [2024-11-08T13:40:55.889+0000] {override.py:1911} INFO - Created Permission View: can delete on DAG:example_setup_teardown_taskflow
[2024-11-08T13:40:55.900+0000] {logging_mixin.py:190} INFO - [2024-11-08T13:40:55.899+0000] {override.py:1911} INFO - Created Permission View: can read on DAG Run:example_setup_teardown_taskflow
[2024-11-08T13:40:55.909+0000] {logging_mixin.py:190} INFO - [2024-11-08T13:40:55.909+0000] {override.py:1911} INFO - Created Permission View: can create on DAG Run:example_setup_teardown_taskflow
[2024-11-08T13:40:55.920+0000] {logging_mixin.py:190} INFO - [2024-11-08T13:40:55.919+0000] {override.py:1911} INFO - Created Permission View: can delete on DAG Run:example_setup_teardown_taskflow
[2024-11-08T13:40:55.930+0000] {logging_mixin.py:190} INFO - [2024-11-08T13:40:55.929+0000] {override.py:1911} INFO - Created Permission View: menu access on DAG Run:example_setup_teardown_taskflow
[2024-11-08T13:40:55.930+0000] {logging_mixin.py:190} INFO - [2024-11-08T13:40:55.930+0000] {dag.py:3239} INFO - Sync 1 DAGs
[2024-11-08T13:40:55.940+0000] {logging_mixin.py:190} INFO - [2024-11-08T13:40:55.940+0000] {dag.py:3262} INFO - Creating ORM DAG for example_setup_teardown_taskflow
[2024-11-08T13:40:55.941+0000] {logging_mixin.py:190} INFO - [2024-11-08T13:40:55.940+0000] {dag.py:4180} INFO - Setting next_dagrun for example_setup_teardown_taskflow to None, run_after=None
[2024-11-08T13:40:55.954+0000] {processor.py:208} INFO - Processing /home/airflow/.local/lib/python3.12/site-packages/airflow/example_dags/example_setup_teardown_taskflow.py took 0.187 seconds
[2024-11-08T13:41:26.101+0000] {processor.py:186} INFO - Started process (PID=126) to work on /home/airflow/.local/lib/python3.12/site-packages/airflow/example_dags/example_setup_teardown_taskflow.py
[2024-11-08T13:41:26.101+0000] {processor.py:914} INFO - Processing file /home/airflow/.local/lib/python3.12/site-packages/airflow/example_dags/example_setup_teardown_taskflow.py for tasks to queue
[2024-11-08T13:41:26.103+0000] {logging_mixin.py:190} INFO - [2024-11-08T13:41:26.103+0000] {dagbag.py:588} INFO - Filling up the DagBag from /home/airflow/.local/lib/python3.12/site-packages/airflow/example_dags/example_setup_teardown_taskflow.py
[2024-11-08T13:41:26.110+0000] {processor.py:925} INFO - DAG(s) 'example_setup_teardown_taskflow' retrieved from /home/airflow/.local/lib/python3.12/site-packages/airflow/example_dags/example_setup_teardown_taskflow.py
[2024-11-08T13:41:26.124+0000] {logging_mixin.py:190} INFO - [2024-11-08T13:41:26.124+0000] {dag.py:3239} INFO - Sync 1 DAGs
[2024-11-08T13:41:26.134+0000] {logging_mixin.py:190} INFO - [2024-11-08T13:41:26.134+0000] {dag.py:4180} INFO - Setting next_dagrun for example_setup_teardown_taskflow to None, run_after=None
[2024-11-08T13:41:26.153+0000] {processor.py:208} INFO - Processing /home/airflow/.local/lib/python3.12/site-packages/airflow/example_dags/example_setup_teardown_taskflow.py took 0.056 seconds
[2024-11-08T13:41:56.846+0000] {processor.py:186} INFO - Started process (PID=195) to work on /home/airflow/.local/lib/python3.12/site-packages/airflow/example_dags/example_setup_teardown_taskflow.py
[2024-11-08T13:41:56.846+0000] {processor.py:914} INFO - Processing file /home/airflow/.local/lib/python3.12/site-packages/airflow/example_dags/example_setup_teardown_taskflow.py for tasks to queue
[2024-11-08T13:41:56.848+0000] {logging_mixin.py:190} INFO - [2024-11-08T13:41:56.848+0000] {dagbag.py:588} INFO - Filling up the DagBag from /home/airflow/.local/lib/python3.12/site-packages/airflow/example_dags/example_setup_teardown_taskflow.py
[2024-11-08T13:41:56.855+0000] {processor.py:925} INFO - DAG(s) 'example_setup_teardown_taskflow' retrieved from /home/airflow/.local/lib/python3.12/site-packages/airflow/example_dags/example_setup_teardown_taskflow.py
[2024-11-08T13:41:56.871+0000] {logging_mixin.py:190} INFO - [2024-11-08T13:41:56.870+0000] {dag.py:3239} INFO - Sync 1 DAGs
[2024-11-08T13:41:56.881+0000] {logging_mixin.py:190} INFO - [2024-11-08T13:41:56.881+0000] {dag.py:4180} INFO - Setting next_dagrun for example_setup_teardown_taskflow to None, run_after=None
[2024-11-08T13:41:56.895+0000] {processor.py:208} INFO - Processing /home/airflow/.local/lib/python3.12/site-packages/airflow/example_dags/example_setup_teardown_taskflow.py took 0.053 seconds
[2024-11-08T13:42:27.082+0000] {processor.py:186} INFO - Started process (PID=258) to work on /home/airflow/.local/lib/python3.12/site-packages/airflow/example_dags/example_setup_teardown_taskflow.py
[2024-11-08T13:42:27.082+0000] {processor.py:914} INFO - Processing file /home/airflow/.local/lib/python3.12/site-packages/airflow/example_dags/example_setup_teardown_taskflow.py for tasks to queue
[2024-11-08T13:42:27.084+0000] {logging_mixin.py:190} INFO - [2024-11-08T13:42:27.083+0000] {dagbag.py:588} INFO - Filling up the DagBag from /home/airflow/.local/lib/python3.12/site-packages/airflow/example_dags/example_setup_teardown_taskflow.py
[2024-11-08T13:42:27.091+0000] {processor.py:925} INFO - DAG(s) 'example_setup_teardown_taskflow' retrieved from /home/airflow/.local/lib/python3.12/site-packages/airflow/example_dags/example_setup_teardown_taskflow.py
[2024-11-08T13:42:27.106+0000] {logging_mixin.py:190} INFO - [2024-11-08T13:42:27.106+0000] {dag.py:3239} INFO - Sync 1 DAGs
[2024-11-08T13:42:27.116+0000] {logging_mixin.py:190} INFO - [2024-11-08T13:42:27.116+0000] {dag.py:4180} INFO - Setting next_dagrun for example_setup_teardown_taskflow to None, run_after=None
[2024-11-08T13:42:27.133+0000] {processor.py:208} INFO - Processing /home/airflow/.local/lib/python3.12/site-packages/airflow/example_dags/example_setup_teardown_taskflow.py took 0.056 seconds
[2024-11-08T13:42:57.416+0000] {processor.py:186} INFO - Started process (PID=321) to work on /home/airflow/.local/lib/python3.12/site-packages/airflow/example_dags/example_setup_teardown_taskflow.py
[2024-11-08T13:42:57.416+0000] {processor.py:914} INFO - Processing file /home/airflow/.local/lib/python3.12/site-packages/airflow/example_dags/example_setup_teardown_taskflow.py for tasks to queue
[2024-11-08T13:42:57.418+0000] {logging_mixin.py:190} INFO - [2024-11-08T13:42:57.418+0000] {dagbag.py:588} INFO - Filling up the DagBag from /home/airflow/.local/lib/python3.12/site-packages/airflow/example_dags/example_setup_teardown_taskflow.py
[2024-11-08T13:42:57.425+0000] {processor.py:925} INFO - DAG(s) 'example_setup_teardown_taskflow' retrieved from /home/airflow/.local/lib/python3.12/site-packages/airflow/example_dags/example_setup_teardown_taskflow.py
[2024-11-08T13:42:57.440+0000] {logging_mixin.py:190} INFO - [2024-11-08T13:42:57.440+0000] {dag.py:3239} INFO - Sync 1 DAGs
[2024-11-08T13:42:57.450+0000] {logging_mixin.py:190} INFO - [2024-11-08T13:42:57.450+0000] {dag.py:4180} INFO - Setting next_dagrun for example_setup_teardown_taskflow to None, run_after=None
[2024-11-08T13:42:57.466+0000] {processor.py:208} INFO - Processing /home/airflow/.local/lib/python3.12/site-packages/airflow/example_dags/example_setup_teardown_taskflow.py took 0.054 seconds
[2024-11-08T13:43:27.664+0000] {processor.py:186} INFO - Started process (PID=384) to work on /home/airflow/.local/lib/python3.12/site-packages/airflow/example_dags/example_setup_teardown_taskflow.py
[2024-11-08T13:43:27.664+0000] {processor.py:914} INFO - Processing file /home/airflow/.local/lib/python3.12/site-packages/airflow/example_dags/example_setup_teardown_taskflow.py for tasks to queue
[2024-11-08T13:43:27.666+0000] {logging_mixin.py:190} INFO - [2024-11-08T13:43:27.666+0000] {dagbag.py:588} INFO - Filling up the DagBag from /home/airflow/.local/lib/python3.12/site-packages/airflow/example_dags/example_setup_teardown_taskflow.py
[2024-11-08T13:43:27.673+0000] {processor.py:925} INFO - DAG(s) 'example_setup_teardown_taskflow' retrieved from /home/airflow/.local/lib/python3.12/site-packages/airflow/example_dags/example_setup_teardown_taskflow.py
[2024-11-08T13:43:27.688+0000] {logging_mixin.py:190} INFO - [2024-11-08T13:43:27.687+0000] {dag.py:3239} INFO - Sync 1 DAGs
[2024-11-08T13:43:27.698+0000] {logging_mixin.py:190} INFO - [2024-11-08T13:43:27.698+0000] {dag.py:4180} INFO - Setting next_dagrun for example_setup_teardown_taskflow to None, run_after=None
[2024-11-08T13:43:27.714+0000] {processor.py:208} INFO - Processing /home/airflow/.local/lib/python3.12/site-packages/airflow/example_dags/example_setup_teardown_taskflow.py took 0.054 seconds
[2024-11-08T13:43:58.319+0000] {processor.py:186} INFO - Started process (PID=447) to work on /home/airflow/.local/lib/python3.12/site-packages/airflow/example_dags/example_setup_teardown_taskflow.py
[2024-11-08T13:43:58.319+0000] {processor.py:914} INFO - Processing file /home/airflow/.local/lib/python3.12/site-packages/airflow/example_dags/example_setup_teardown_taskflow.py for tasks to queue
[2024-11-08T13:43:58.321+0000] {logging_mixin.py:190} INFO - [2024-11-08T13:43:58.321+0000] {dagbag.py:588} INFO - Filling up the DagBag from /home/airflow/.local/lib/python3.12/site-packages/airflow/example_dags/example_setup_teardown_taskflow.py
[2024-11-08T13:43:58.331+0000] {processor.py:925} INFO - DAG(s) 'example_setup_teardown_taskflow' retrieved from /home/airflow/.local/lib/python3.12/site-packages/airflow/example_dags/example_setup_teardown_taskflow.py
[2024-11-08T13:43:58.350+0000] {logging_mixin.py:190} INFO - [2024-11-08T13:43:58.350+0000] {dag.py:3239} INFO - Sync 1 DAGs
[2024-11-08T13:43:58.362+0000] {logging_mixin.py:190} INFO - [2024-11-08T13:43:58.362+0000] {dag.py:4180} INFO - Setting next_dagrun for example_setup_teardown_taskflow to None, run_after=None
[2024-11-08T13:43:58.381+0000] {processor.py:208} INFO - Processing /home/airflow/.local/lib/python3.12/site-packages/airflow/example_dags/example_setup_teardown_taskflow.py took 0.067 seconds
[2024-11-08T13:44:28.889+0000] {processor.py:186} INFO - Started process (PID=510) to work on /home/airflow/.local/lib/python3.12/site-packages/airflow/example_dags/example_setup_teardown_taskflow.py
[2024-11-08T13:44:28.890+0000] {processor.py:914} INFO - Processing file /home/airflow/.local/lib/python3.12/site-packages/airflow/example_dags/example_setup_teardown_taskflow.py for tasks to queue
[2024-11-08T13:44:28.891+0000] {logging_mixin.py:190} INFO - [2024-11-08T13:44:28.891+0000] {dagbag.py:588} INFO - Filling up the DagBag from /home/airflow/.local/lib/python3.12/site-packages/airflow/example_dags/example_setup_teardown_taskflow.py
[2024-11-08T13:44:28.898+0000] {processor.py:925} INFO - DAG(s) 'example_setup_teardown_taskflow' retrieved from /home/airflow/.local/lib/python3.12/site-packages/airflow/example_dags/example_setup_teardown_taskflow.py
[2024-11-08T13:44:28.913+0000] {logging_mixin.py:190} INFO - [2024-11-08T13:44:28.913+0000] {dag.py:3239} INFO - Sync 1 DAGs
[2024-11-08T13:44:28.923+0000] {logging_mixin.py:190} INFO - [2024-11-08T13:44:28.923+0000] {dag.py:4180} INFO - Setting next_dagrun for example_setup_teardown_taskflow to None, run_after=None
[2024-11-08T13:44:28.938+0000] {processor.py:208} INFO - Processing /home/airflow/.local/lib/python3.12/site-packages/airflow/example_dags/example_setup_teardown_taskflow.py took 0.052 seconds
[2024-11-08T13:44:59.381+0000] {processor.py:186} INFO - Started process (PID=573) to work on /home/airflow/.local/lib/python3.12/site-packages/airflow/example_dags/example_setup_teardown_taskflow.py
[2024-11-08T13:44:59.382+0000] {processor.py:914} INFO - Processing file /home/airflow/.local/lib/python3.12/site-packages/airflow/example_dags/example_setup_teardown_taskflow.py for tasks to queue
[2024-11-08T13:44:59.383+0000] {logging_mixin.py:190} INFO - [2024-11-08T13:44:59.383+0000] {dagbag.py:588} INFO - Filling up the DagBag from /home/airflow/.local/lib/python3.12/site-packages/airflow/example_dags/example_setup_teardown_taskflow.py
[2024-11-08T13:44:59.390+0000] {processor.py:925} INFO - DAG(s) 'example_setup_teardown_taskflow' retrieved from /home/airflow/.local/lib/python3.12/site-packages/airflow/example_dags/example_setup_teardown_taskflow.py
[2024-11-08T13:44:59.405+0000] {logging_mixin.py:190} INFO - [2024-11-08T13:44:59.405+0000] {dag.py:3239} INFO - Sync 1 DAGs
[2024-11-08T13:44:59.415+0000] {logging_mixin.py:190} INFO - [2024-11-08T13:44:59.415+0000] {dag.py:4180} INFO - Setting next_dagrun for example_setup_teardown_taskflow to None, run_after=None
[2024-11-08T13:44:59.439+0000] {processor.py:208} INFO - Processing /home/airflow/.local/lib/python3.12/site-packages/airflow/example_dags/example_setup_teardown_taskflow.py took 0.063 seconds
[2024-11-08T13:45:30.332+0000] {processor.py:186} INFO - Started process (PID=636) to work on /home/airflow/.local/lib/python3.12/site-packages/airflow/example_dags/example_setup_teardown_taskflow.py
[2024-11-08T13:45:30.333+0000] {processor.py:914} INFO - Processing file /home/airflow/.local/lib/python3.12/site-packages/airflow/example_dags/example_setup_teardown_taskflow.py for tasks to queue
[2024-11-08T13:45:30.335+0000] {logging_mixin.py:190} INFO - [2024-11-08T13:45:30.335+0000] {dagbag.py:588} INFO - Filling up the DagBag from /home/airflow/.local/lib/python3.12/site-packages/airflow/example_dags/example_setup_teardown_taskflow.py
[2024-11-08T13:45:30.342+0000] {processor.py:925} INFO - DAG(s) 'example_setup_teardown_taskflow' retrieved from /home/airflow/.local/lib/python3.12/site-packages/airflow/example_dags/example_setup_teardown_taskflow.py
[2024-11-08T13:45:30.359+0000] {logging_mixin.py:190} INFO - [2024-11-08T13:45:30.359+0000] {dag.py:3239} INFO - Sync 1 DAGs
[2024-11-08T13:45:30.370+0000] {logging_mixin.py:190} INFO - [2024-11-08T13:45:30.369+0000] {dag.py:4180} INFO - Setting next_dagrun for example_setup_teardown_taskflow to None, run_after=None
[2024-11-08T13:45:30.385+0000] {processor.py:208} INFO - Processing /home/airflow/.local/lib/python3.12/site-packages/airflow/example_dags/example_setup_teardown_taskflow.py took 0.058 seconds
[2024-11-08T13:46:01.065+0000] {processor.py:186} INFO - Started process (PID=700) to work on /home/airflow/.local/lib/python3.12/site-packages/airflow/example_dags/example_setup_teardown_taskflow.py
[2024-11-08T13:46:01.066+0000] {processor.py:914} INFO - Processing file /home/airflow/.local/lib/python3.12/site-packages/airflow/example_dags/example_setup_teardown_taskflow.py for tasks to queue
[2024-11-08T13:46:01.068+0000] {logging_mixin.py:190} INFO - [2024-11-08T13:46:01.067+0000] {dagbag.py:588} INFO - Filling up the DagBag from /home/airflow/.local/lib/python3.12/site-packages/airflow/example_dags/example_setup_teardown_taskflow.py
[2024-11-08T13:46:01.074+0000] {processor.py:925} INFO - DAG(s) 'example_setup_teardown_taskflow' retrieved from /home/airflow/.local/lib/python3.12/site-packages/airflow/example_dags/example_setup_teardown_taskflow.py
[2024-11-08T13:46:01.090+0000] {logging_mixin.py:190} INFO - [2024-11-08T13:46:01.089+0000] {dag.py:3239} INFO - Sync 1 DAGs
[2024-11-08T13:46:01.100+0000] {logging_mixin.py:190} INFO - [2024-11-08T13:46:01.100+0000] {dag.py:4180} INFO - Setting next_dagrun for example_setup_teardown_taskflow to None, run_after=None
[2024-11-08T13:46:01.114+0000] {processor.py:208} INFO - Processing /home/airflow/.local/lib/python3.12/site-packages/airflow/example_dags/example_setup_teardown_taskflow.py took 0.053 seconds
[2024-11-08T13:46:31.742+0000] {processor.py:186} INFO - Started process (PID=764) to work on /home/airflow/.local/lib/python3.12/site-packages/airflow/example_dags/example_setup_teardown_taskflow.py
[2024-11-08T13:46:31.743+0000] {processor.py:914} INFO - Processing file /home/airflow/.local/lib/python3.12/site-packages/airflow/example_dags/example_setup_teardown_taskflow.py for tasks to queue
[2024-11-08T13:46:31.745+0000] {logging_mixin.py:190} INFO - [2024-11-08T13:46:31.744+0000] {dagbag.py:588} INFO - Filling up the DagBag from /home/airflow/.local/lib/python3.12/site-packages/airflow/example_dags/example_setup_teardown_taskflow.py
[2024-11-08T13:46:31.752+0000] {processor.py:925} INFO - DAG(s) 'example_setup_teardown_taskflow' retrieved from /home/airflow/.local/lib/python3.12/site-packages/airflow/example_dags/example_setup_teardown_taskflow.py
[2024-11-08T13:46:31.767+0000] {logging_mixin.py:190} INFO - [2024-11-08T13:46:31.767+0000] {dag.py:3239} INFO - Sync 1 DAGs
[2024-11-08T13:46:31.778+0000] {logging_mixin.py:190} INFO - [2024-11-08T13:46:31.778+0000] {dag.py:4180} INFO - Setting next_dagrun for example_setup_teardown_taskflow to None, run_after=None
[2024-11-08T13:46:31.794+0000] {processor.py:208} INFO - Processing /home/airflow/.local/lib/python3.12/site-packages/airflow/example_dags/example_setup_teardown_taskflow.py took 0.055 seconds
[2024-11-08T13:47:02.104+0000] {processor.py:186} INFO - Started process (PID=828) to work on /home/airflow/.local/lib/python3.12/site-packages/airflow/example_dags/example_setup_teardown_taskflow.py
[2024-11-08T13:47:02.105+0000] {processor.py:914} INFO - Processing file /home/airflow/.local/lib/python3.12/site-packages/airflow/example_dags/example_setup_teardown_taskflow.py for tasks to queue
[2024-11-08T13:47:02.107+0000] {logging_mixin.py:190} INFO - [2024-11-08T13:47:02.106+0000] {dagbag.py:588} INFO - Filling up the DagBag from /home/airflow/.local/lib/python3.12/site-packages/airflow/example_dags/example_setup_teardown_taskflow.py
[2024-11-08T13:47:02.114+0000] {processor.py:925} INFO - DAG(s) 'example_setup_teardown_taskflow' retrieved from /home/airflow/.local/lib/python3.12/site-packages/airflow/example_dags/example_setup_teardown_taskflow.py
[2024-11-08T13:47:02.129+0000] {logging_mixin.py:190} INFO - [2024-11-08T13:47:02.129+0000] {dag.py:3239} INFO - Sync 1 DAGs
[2024-11-08T13:47:02.139+0000] {logging_mixin.py:190} INFO - [2024-11-08T13:47:02.139+0000] {dag.py:4180} INFO - Setting next_dagrun for example_setup_teardown_taskflow to None, run_after=None
[2024-11-08T13:47:02.155+0000] {processor.py:208} INFO - Processing /home/airflow/.local/lib/python3.12/site-packages/airflow/example_dags/example_setup_teardown_taskflow.py took 0.055 seconds
[2024-11-08T13:47:33.049+0000] {processor.py:186} INFO - Started process (PID=892) to work on /home/airflow/.local/lib/python3.12/site-packages/airflow/example_dags/example_setup_teardown_taskflow.py
[2024-11-08T13:47:33.050+0000] {processor.py:914} INFO - Processing file /home/airflow/.local/lib/python3.12/site-packages/airflow/example_dags/example_setup_teardown_taskflow.py for tasks to queue
[2024-11-08T13:47:33.051+0000] {logging_mixin.py:190} INFO - [2024-11-08T13:47:33.051+0000] {dagbag.py:588} INFO - Filling up the DagBag from /home/airflow/.local/lib/python3.12/site-packages/airflow/example_dags/example_setup_teardown_taskflow.py
[2024-11-08T13:47:33.059+0000] {processor.py:925} INFO - DAG(s) 'example_setup_teardown_taskflow' retrieved from /home/airflow/.local/lib/python3.12/site-packages/airflow/example_dags/example_setup_teardown_taskflow.py
[2024-11-08T13:47:33.074+0000] {logging_mixin.py:190} INFO - [2024-11-08T13:47:33.074+0000] {dag.py:3239} INFO - Sync 1 DAGs
[2024-11-08T13:47:33.084+0000] {logging_mixin.py:190} INFO - [2024-11-08T13:47:33.084+0000] {dag.py:4180} INFO - Setting next_dagrun for example_setup_teardown_taskflow to None, run_after=None
[2024-11-08T13:47:33.099+0000] {processor.py:208} INFO - Processing /home/airflow/.local/lib/python3.12/site-packages/airflow/example_dags/example_setup_teardown_taskflow.py took 0.054 seconds
[2024-11-08T13:48:03.373+0000] {processor.py:186} INFO - Started process (PID=956) to work on /home/airflow/.local/lib/python3.12/site-packages/airflow/example_dags/example_setup_teardown_taskflow.py
[2024-11-08T13:48:03.374+0000] {processor.py:914} INFO - Processing file /home/airflow/.local/lib/python3.12/site-packages/airflow/example_dags/example_setup_teardown_taskflow.py for tasks to queue
[2024-11-08T13:48:03.376+0000] {logging_mixin.py:190} INFO - [2024-11-08T13:48:03.375+0000] {dagbag.py:588} INFO - Filling up the DagBag from /home/airflow/.local/lib/python3.12/site-packages/airflow/example_dags/example_setup_teardown_taskflow.py
[2024-11-08T13:48:03.383+0000] {processor.py:925} INFO - DAG(s) 'example_setup_teardown_taskflow' retrieved from /home/airflow/.local/lib/python3.12/site-packages/airflow/example_dags/example_setup_teardown_taskflow.py
[2024-11-08T13:48:03.399+0000] {logging_mixin.py:190} INFO - [2024-11-08T13:48:03.398+0000] {dag.py:3239} INFO - Sync 1 DAGs
[2024-11-08T13:48:03.409+0000] {logging_mixin.py:190} INFO - [2024-11-08T13:48:03.408+0000] {dag.py:4180} INFO - Setting next_dagrun for example_setup_teardown_taskflow to None, run_after=None
[2024-11-08T13:48:03.430+0000] {processor.py:208} INFO - Processing /home/airflow/.local/lib/python3.12/site-packages/airflow/example_dags/example_setup_teardown_taskflow.py took 0.061 seconds
[2024-11-08T13:48:34.288+0000] {processor.py:186} INFO - Started process (PID=1020) to work on /home/airflow/.local/lib/python3.12/site-packages/airflow/example_dags/example_setup_teardown_taskflow.py
[2024-11-08T13:48:34.289+0000] {processor.py:914} INFO - Processing file /home/airflow/.local/lib/python3.12/site-packages/airflow/example_dags/example_setup_teardown_taskflow.py for tasks to queue
[2024-11-08T13:48:34.291+0000] {logging_mixin.py:190} INFO - [2024-11-08T13:48:34.291+0000] {dagbag.py:588} INFO - Filling up the DagBag from /home/airflow/.local/lib/python3.12/site-packages/airflow/example_dags/example_setup_teardown_taskflow.py
[2024-11-08T13:48:34.298+0000] {processor.py:925} INFO - DAG(s) 'example_setup_teardown_taskflow' retrieved from /home/airflow/.local/lib/python3.12/site-packages/airflow/example_dags/example_setup_teardown_taskflow.py
[2024-11-08T13:48:34.314+0000] {logging_mixin.py:190} INFO - [2024-11-08T13:48:34.313+0000] {dag.py:3239} INFO - Sync 1 DAGs
[2024-11-08T13:48:34.324+0000] {logging_mixin.py:190} INFO - [2024-11-08T13:48:34.323+0000] {dag.py:4180} INFO - Setting next_dagrun for example_setup_teardown_taskflow to None, run_after=None
[2024-11-08T13:48:34.340+0000] {processor.py:208} INFO - Processing /home/airflow/.local/lib/python3.12/site-packages/airflow/example_dags/example_setup_teardown_taskflow.py took 0.055 seconds
