[2024-11-08T13:40:56.905+0000] {processor.py:186} INFO - Started process (PID=77) to work on /home/airflow/.local/lib/python3.12/site-packages/airflow/example_dags/example_inlet_event_extra.py
[2024-11-08T13:40:56.906+0000] {processor.py:914} INFO - Processing file /home/airflow/.local/lib/python3.12/site-packages/airflow/example_dags/example_inlet_event_extra.py for tasks to queue
[2024-11-08T13:40:56.907+0000] {logging_mixin.py:190} INFO - [2024-11-08T13:40:56.907+0000] {dagbag.py:588} INFO - Filling up the DagBag from /home/airflow/.local/lib/python3.12/site-packages/airflow/example_dags/example_inlet_event_extra.py
[2024-11-08T13:40:58.186+0000] {processor.py:925} INFO - DAG(s) 'read_dataset_event_from_classic', 'read_dataset_event' retrieved from /home/airflow/.local/lib/python3.12/site-packages/airflow/example_dags/example_inlet_event_extra.py
[2024-11-08T13:40:58.265+0000] {logging_mixin.py:190} INFO - [2024-11-08T13:40:58.264+0000] {override.py:1911} INFO - Created Permission View: can read on DAG:read_dataset_event_from_classic
[2024-11-08T13:40:58.275+0000] {logging_mixin.py:190} INFO - [2024-11-08T13:40:58.274+0000] {override.py:1911} INFO - Created Permission View: can edit on DAG:read_dataset_event_from_classic
[2024-11-08T13:40:58.285+0000] {logging_mixin.py:190} INFO - [2024-11-08T13:40:58.284+0000] {override.py:1911} INFO - Created Permission View: can delete on DAG:read_dataset_event_from_classic
[2024-11-08T13:40:58.295+0000] {logging_mixin.py:190} INFO - [2024-11-08T13:40:58.294+0000] {override.py:1911} INFO - Created Permission View: can read on DAG Run:read_dataset_event_from_classic
[2024-11-08T13:40:58.305+0000] {logging_mixin.py:190} INFO - [2024-11-08T13:40:58.304+0000] {override.py:1911} INFO - Created Permission View: can create on DAG Run:read_dataset_event_from_classic
[2024-11-08T13:40:58.315+0000] {logging_mixin.py:190} INFO - [2024-11-08T13:40:58.314+0000] {override.py:1911} INFO - Created Permission View: can delete on DAG Run:read_dataset_event_from_classic
[2024-11-08T13:40:58.324+0000] {logging_mixin.py:190} INFO - [2024-11-08T13:40:58.324+0000] {override.py:1911} INFO - Created Permission View: menu access on DAG Run:read_dataset_event_from_classic
[2024-11-08T13:40:58.339+0000] {logging_mixin.py:190} INFO - [2024-11-08T13:40:58.339+0000] {override.py:1911} INFO - Created Permission View: can read on DAG:read_dataset_event
[2024-11-08T13:40:58.350+0000] {logging_mixin.py:190} INFO - [2024-11-08T13:40:58.349+0000] {override.py:1911} INFO - Created Permission View: can edit on DAG:read_dataset_event
[2024-11-08T13:40:58.360+0000] {logging_mixin.py:190} INFO - [2024-11-08T13:40:58.359+0000] {override.py:1911} INFO - Created Permission View: can delete on DAG:read_dataset_event
[2024-11-08T13:40:58.370+0000] {logging_mixin.py:190} INFO - [2024-11-08T13:40:58.369+0000] {override.py:1911} INFO - Created Permission View: can read on DAG Run:read_dataset_event
[2024-11-08T13:40:58.380+0000] {logging_mixin.py:190} INFO - [2024-11-08T13:40:58.379+0000] {override.py:1911} INFO - Created Permission View: can create on DAG Run:read_dataset_event
[2024-11-08T13:40:58.389+0000] {logging_mixin.py:190} INFO - [2024-11-08T13:40:58.389+0000] {override.py:1911} INFO - Created Permission View: can delete on DAG Run:read_dataset_event
[2024-11-08T13:40:58.400+0000] {logging_mixin.py:190} INFO - [2024-11-08T13:40:58.399+0000] {override.py:1911} INFO - Created Permission View: menu access on DAG Run:read_dataset_event
[2024-11-08T13:40:58.400+0000] {logging_mixin.py:190} INFO - [2024-11-08T13:40:58.400+0000] {dag.py:3239} INFO - Sync 2 DAGs
[2024-11-08T13:40:58.411+0000] {logging_mixin.py:190} INFO - [2024-11-08T13:40:58.410+0000] {dag.py:3262} INFO - Creating ORM DAG for read_dataset_event
[2024-11-08T13:40:58.411+0000] {logging_mixin.py:190} INFO - [2024-11-08T13:40:58.411+0000] {dag.py:3262} INFO - Creating ORM DAG for read_dataset_event_from_classic
[2024-11-08T13:40:58.420+0000] {logging_mixin.py:190} INFO - [2024-11-08T13:40:58.419+0000] {dag.py:4180} INFO - Setting next_dagrun for read_dataset_event to 2024-11-07 00:00:00+00:00, run_after=2024-11-08 00:00:00+00:00
[2024-11-08T13:40:58.421+0000] {logging_mixin.py:190} INFO - [2024-11-08T13:40:58.421+0000] {dag.py:4180} INFO - Setting next_dagrun for read_dataset_event_from_classic to 2024-11-07 00:00:00+00:00, run_after=2024-11-08 00:00:00+00:00
[2024-11-08T13:40:58.440+0000] {processor.py:208} INFO - Processing /home/airflow/.local/lib/python3.12/site-packages/airflow/example_dags/example_inlet_event_extra.py took 1.539 seconds
[2024-11-08T13:41:28.614+0000] {processor.py:186} INFO - Started process (PID=145) to work on /home/airflow/.local/lib/python3.12/site-packages/airflow/example_dags/example_inlet_event_extra.py
[2024-11-08T13:41:28.615+0000] {processor.py:914} INFO - Processing file /home/airflow/.local/lib/python3.12/site-packages/airflow/example_dags/example_inlet_event_extra.py for tasks to queue
[2024-11-08T13:41:28.616+0000] {logging_mixin.py:190} INFO - [2024-11-08T13:41:28.616+0000] {dagbag.py:588} INFO - Filling up the DagBag from /home/airflow/.local/lib/python3.12/site-packages/airflow/example_dags/example_inlet_event_extra.py
[2024-11-08T13:41:29.062+0000] {processor.py:925} INFO - DAG(s) 'read_dataset_event_from_classic', 'read_dataset_event' retrieved from /home/airflow/.local/lib/python3.12/site-packages/airflow/example_dags/example_inlet_event_extra.py
[2024-11-08T13:41:29.076+0000] {logging_mixin.py:190} INFO - [2024-11-08T13:41:29.076+0000] {dag.py:3239} INFO - Sync 2 DAGs
[2024-11-08T13:41:29.098+0000] {logging_mixin.py:190} INFO - [2024-11-08T13:41:29.098+0000] {dag.py:4180} INFO - Setting next_dagrun for read_dataset_event to 2024-11-07 00:00:00+00:00, run_after=2024-11-08 00:00:00+00:00
[2024-11-08T13:41:29.103+0000] {logging_mixin.py:190} INFO - [2024-11-08T13:41:29.103+0000] {dag.py:4180} INFO - Setting next_dagrun for read_dataset_event_from_classic to 2024-11-07 00:00:00+00:00, run_after=2024-11-08 00:00:00+00:00
[2024-11-08T13:41:29.120+0000] {processor.py:208} INFO - Processing /home/airflow/.local/lib/python3.12/site-packages/airflow/example_dags/example_inlet_event_extra.py took 0.510 seconds
[2024-11-08T13:41:59.191+0000] {processor.py:186} INFO - Started process (PID=204) to work on /home/airflow/.local/lib/python3.12/site-packages/airflow/example_dags/example_inlet_event_extra.py
[2024-11-08T13:41:59.192+0000] {processor.py:914} INFO - Processing file /home/airflow/.local/lib/python3.12/site-packages/airflow/example_dags/example_inlet_event_extra.py for tasks to queue
[2024-11-08T13:41:59.193+0000] {logging_mixin.py:190} INFO - [2024-11-08T13:41:59.193+0000] {dagbag.py:588} INFO - Filling up the DagBag from /home/airflow/.local/lib/python3.12/site-packages/airflow/example_dags/example_inlet_event_extra.py
[2024-11-08T13:41:59.632+0000] {processor.py:925} INFO - DAG(s) 'read_dataset_event_from_classic', 'read_dataset_event' retrieved from /home/airflow/.local/lib/python3.12/site-packages/airflow/example_dags/example_inlet_event_extra.py
[2024-11-08T13:41:59.646+0000] {logging_mixin.py:190} INFO - [2024-11-08T13:41:59.646+0000] {dag.py:3239} INFO - Sync 2 DAGs
[2024-11-08T13:41:59.665+0000] {logging_mixin.py:190} INFO - [2024-11-08T13:41:59.665+0000] {dag.py:4180} INFO - Setting next_dagrun for read_dataset_event to 2024-11-07 00:00:00+00:00, run_after=2024-11-08 00:00:00+00:00
[2024-11-08T13:41:59.668+0000] {logging_mixin.py:190} INFO - [2024-11-08T13:41:59.668+0000] {dag.py:4180} INFO - Setting next_dagrun for read_dataset_event_from_classic to 2024-11-07 00:00:00+00:00, run_after=2024-11-08 00:00:00+00:00
[2024-11-08T13:41:59.684+0000] {processor.py:208} INFO - Processing /home/airflow/.local/lib/python3.12/site-packages/airflow/example_dags/example_inlet_event_extra.py took 0.497 seconds
[2024-11-08T13:42:29.754+0000] {processor.py:186} INFO - Started process (PID=273) to work on /home/airflow/.local/lib/python3.12/site-packages/airflow/example_dags/example_inlet_event_extra.py
[2024-11-08T13:42:29.755+0000] {processor.py:914} INFO - Processing file /home/airflow/.local/lib/python3.12/site-packages/airflow/example_dags/example_inlet_event_extra.py for tasks to queue
[2024-11-08T13:42:29.756+0000] {logging_mixin.py:190} INFO - [2024-11-08T13:42:29.756+0000] {dagbag.py:588} INFO - Filling up the DagBag from /home/airflow/.local/lib/python3.12/site-packages/airflow/example_dags/example_inlet_event_extra.py
[2024-11-08T13:42:30.234+0000] {processor.py:925} INFO - DAG(s) 'read_dataset_event_from_classic', 'read_dataset_event' retrieved from /home/airflow/.local/lib/python3.12/site-packages/airflow/example_dags/example_inlet_event_extra.py
[2024-11-08T13:42:30.252+0000] {logging_mixin.py:190} INFO - [2024-11-08T13:42:30.252+0000] {dag.py:3239} INFO - Sync 2 DAGs
[2024-11-08T13:42:30.270+0000] {logging_mixin.py:190} INFO - [2024-11-08T13:42:30.270+0000] {dag.py:4180} INFO - Setting next_dagrun for read_dataset_event to 2024-11-07 00:00:00+00:00, run_after=2024-11-08 00:00:00+00:00
[2024-11-08T13:42:30.274+0000] {logging_mixin.py:190} INFO - [2024-11-08T13:42:30.274+0000] {dag.py:4180} INFO - Setting next_dagrun for read_dataset_event_from_classic to 2024-11-07 00:00:00+00:00, run_after=2024-11-08 00:00:00+00:00
[2024-11-08T13:42:30.288+0000] {processor.py:208} INFO - Processing /home/airflow/.local/lib/python3.12/site-packages/airflow/example_dags/example_inlet_event_extra.py took 0.538 seconds
[2024-11-08T13:43:00.407+0000] {processor.py:186} INFO - Started process (PID=341) to work on /home/airflow/.local/lib/python3.12/site-packages/airflow/example_dags/example_inlet_event_extra.py
[2024-11-08T13:43:00.408+0000] {processor.py:914} INFO - Processing file /home/airflow/.local/lib/python3.12/site-packages/airflow/example_dags/example_inlet_event_extra.py for tasks to queue
[2024-11-08T13:43:00.409+0000] {logging_mixin.py:190} INFO - [2024-11-08T13:43:00.409+0000] {dagbag.py:588} INFO - Filling up the DagBag from /home/airflow/.local/lib/python3.12/site-packages/airflow/example_dags/example_inlet_event_extra.py
[2024-11-08T13:43:00.865+0000] {processor.py:925} INFO - DAG(s) 'read_dataset_event', 'read_dataset_event_from_classic' retrieved from /home/airflow/.local/lib/python3.12/site-packages/airflow/example_dags/example_inlet_event_extra.py
[2024-11-08T13:43:00.881+0000] {logging_mixin.py:190} INFO - [2024-11-08T13:43:00.880+0000] {dag.py:3239} INFO - Sync 2 DAGs
[2024-11-08T13:43:00.900+0000] {logging_mixin.py:190} INFO - [2024-11-08T13:43:00.900+0000] {dag.py:4180} INFO - Setting next_dagrun for read_dataset_event to 2024-11-07 00:00:00+00:00, run_after=2024-11-08 00:00:00+00:00
[2024-11-08T13:43:00.904+0000] {logging_mixin.py:190} INFO - [2024-11-08T13:43:00.904+0000] {dag.py:4180} INFO - Setting next_dagrun for read_dataset_event_from_classic to 2024-11-07 00:00:00+00:00, run_after=2024-11-08 00:00:00+00:00
[2024-11-08T13:43:00.921+0000] {processor.py:208} INFO - Processing /home/airflow/.local/lib/python3.12/site-packages/airflow/example_dags/example_inlet_event_extra.py took 0.517 seconds
[2024-11-08T13:43:31.616+0000] {processor.py:186} INFO - Started process (PID=405) to work on /home/airflow/.local/lib/python3.12/site-packages/airflow/example_dags/example_inlet_event_extra.py
[2024-11-08T13:43:31.616+0000] {processor.py:914} INFO - Processing file /home/airflow/.local/lib/python3.12/site-packages/airflow/example_dags/example_inlet_event_extra.py for tasks to queue
[2024-11-08T13:43:31.618+0000] {logging_mixin.py:190} INFO - [2024-11-08T13:43:31.618+0000] {dagbag.py:588} INFO - Filling up the DagBag from /home/airflow/.local/lib/python3.12/site-packages/airflow/example_dags/example_inlet_event_extra.py
[2024-11-08T13:43:32.065+0000] {processor.py:925} INFO - DAG(s) 'read_dataset_event_from_classic', 'read_dataset_event' retrieved from /home/airflow/.local/lib/python3.12/site-packages/airflow/example_dags/example_inlet_event_extra.py
[2024-11-08T13:43:32.080+0000] {logging_mixin.py:190} INFO - [2024-11-08T13:43:32.080+0000] {dag.py:3239} INFO - Sync 2 DAGs
[2024-11-08T13:43:32.099+0000] {logging_mixin.py:190} INFO - [2024-11-08T13:43:32.098+0000] {dag.py:4180} INFO - Setting next_dagrun for read_dataset_event to 2024-11-07 00:00:00+00:00, run_after=2024-11-08 00:00:00+00:00
[2024-11-08T13:43:32.102+0000] {logging_mixin.py:190} INFO - [2024-11-08T13:43:32.102+0000] {dag.py:4180} INFO - Setting next_dagrun for read_dataset_event_from_classic to 2024-11-07 00:00:00+00:00, run_after=2024-11-08 00:00:00+00:00
[2024-11-08T13:43:32.123+0000] {processor.py:208} INFO - Processing /home/airflow/.local/lib/python3.12/site-packages/airflow/example_dags/example_inlet_event_extra.py took 0.511 seconds
[2024-11-08T13:44:02.269+0000] {processor.py:186} INFO - Started process (PID=468) to work on /home/airflow/.local/lib/python3.12/site-packages/airflow/example_dags/example_inlet_event_extra.py
[2024-11-08T13:44:02.269+0000] {processor.py:914} INFO - Processing file /home/airflow/.local/lib/python3.12/site-packages/airflow/example_dags/example_inlet_event_extra.py for tasks to queue
[2024-11-08T13:44:02.271+0000] {logging_mixin.py:190} INFO - [2024-11-08T13:44:02.271+0000] {dagbag.py:588} INFO - Filling up the DagBag from /home/airflow/.local/lib/python3.12/site-packages/airflow/example_dags/example_inlet_event_extra.py
[2024-11-08T13:44:02.712+0000] {processor.py:925} INFO - DAG(s) 'read_dataset_event_from_classic', 'read_dataset_event' retrieved from /home/airflow/.local/lib/python3.12/site-packages/airflow/example_dags/example_inlet_event_extra.py
[2024-11-08T13:44:02.726+0000] {logging_mixin.py:190} INFO - [2024-11-08T13:44:02.726+0000] {dag.py:3239} INFO - Sync 2 DAGs
[2024-11-08T13:44:02.745+0000] {logging_mixin.py:190} INFO - [2024-11-08T13:44:02.745+0000] {dag.py:4180} INFO - Setting next_dagrun for read_dataset_event to 2024-11-07 00:00:00+00:00, run_after=2024-11-08 00:00:00+00:00
[2024-11-08T13:44:02.749+0000] {logging_mixin.py:190} INFO - [2024-11-08T13:44:02.749+0000] {dag.py:4180} INFO - Setting next_dagrun for read_dataset_event_from_classic to 2024-11-07 00:00:00+00:00, run_after=2024-11-08 00:00:00+00:00
[2024-11-08T13:44:02.763+0000] {processor.py:208} INFO - Processing /home/airflow/.local/lib/python3.12/site-packages/airflow/example_dags/example_inlet_event_extra.py took 0.498 seconds
[2024-11-08T13:44:33.791+0000] {processor.py:186} INFO - Started process (PID=531) to work on /home/airflow/.local/lib/python3.12/site-packages/airflow/example_dags/example_inlet_event_extra.py
[2024-11-08T13:44:33.791+0000] {processor.py:914} INFO - Processing file /home/airflow/.local/lib/python3.12/site-packages/airflow/example_dags/example_inlet_event_extra.py for tasks to queue
[2024-11-08T13:44:33.793+0000] {logging_mixin.py:190} INFO - [2024-11-08T13:44:33.793+0000] {dagbag.py:588} INFO - Filling up the DagBag from /home/airflow/.local/lib/python3.12/site-packages/airflow/example_dags/example_inlet_event_extra.py
[2024-11-08T13:44:34.227+0000] {processor.py:925} INFO - DAG(s) 'read_dataset_event', 'read_dataset_event_from_classic' retrieved from /home/airflow/.local/lib/python3.12/site-packages/airflow/example_dags/example_inlet_event_extra.py
[2024-11-08T13:44:34.242+0000] {logging_mixin.py:190} INFO - [2024-11-08T13:44:34.241+0000] {dag.py:3239} INFO - Sync 2 DAGs
[2024-11-08T13:44:34.261+0000] {logging_mixin.py:190} INFO - [2024-11-08T13:44:34.261+0000] {dag.py:4180} INFO - Setting next_dagrun for read_dataset_event to 2024-11-07 00:00:00+00:00, run_after=2024-11-08 00:00:00+00:00
[2024-11-08T13:44:34.265+0000] {logging_mixin.py:190} INFO - [2024-11-08T13:44:34.265+0000] {dag.py:4180} INFO - Setting next_dagrun for read_dataset_event_from_classic to 2024-11-07 00:00:00+00:00, run_after=2024-11-08 00:00:00+00:00
[2024-11-08T13:44:34.282+0000] {processor.py:208} INFO - Processing /home/airflow/.local/lib/python3.12/site-packages/airflow/example_dags/example_inlet_event_extra.py took 0.495 seconds
[2024-11-08T13:45:05.296+0000] {processor.py:186} INFO - Started process (PID=594) to work on /home/airflow/.local/lib/python3.12/site-packages/airflow/example_dags/example_inlet_event_extra.py
[2024-11-08T13:45:05.296+0000] {processor.py:914} INFO - Processing file /home/airflow/.local/lib/python3.12/site-packages/airflow/example_dags/example_inlet_event_extra.py for tasks to queue
[2024-11-08T13:45:05.298+0000] {logging_mixin.py:190} INFO - [2024-11-08T13:45:05.298+0000] {dagbag.py:588} INFO - Filling up the DagBag from /home/airflow/.local/lib/python3.12/site-packages/airflow/example_dags/example_inlet_event_extra.py
[2024-11-08T13:45:05.717+0000] {processor.py:925} INFO - DAG(s) 'read_dataset_event', 'read_dataset_event_from_classic' retrieved from /home/airflow/.local/lib/python3.12/site-packages/airflow/example_dags/example_inlet_event_extra.py
[2024-11-08T13:45:05.731+0000] {logging_mixin.py:190} INFO - [2024-11-08T13:45:05.731+0000] {dag.py:3239} INFO - Sync 2 DAGs
[2024-11-08T13:45:05.749+0000] {logging_mixin.py:190} INFO - [2024-11-08T13:45:05.749+0000] {dag.py:4180} INFO - Setting next_dagrun for read_dataset_event to 2024-11-07 00:00:00+00:00, run_after=2024-11-08 00:00:00+00:00
[2024-11-08T13:45:05.753+0000] {logging_mixin.py:190} INFO - [2024-11-08T13:45:05.753+0000] {dag.py:4180} INFO - Setting next_dagrun for read_dataset_event_from_classic to 2024-11-07 00:00:00+00:00, run_after=2024-11-08 00:00:00+00:00
[2024-11-08T13:45:05.771+0000] {processor.py:208} INFO - Processing /home/airflow/.local/lib/python3.12/site-packages/airflow/example_dags/example_inlet_event_extra.py took 0.479 seconds
[2024-11-08T13:45:36.308+0000] {processor.py:186} INFO - Started process (PID=657) to work on /home/airflow/.local/lib/python3.12/site-packages/airflow/example_dags/example_inlet_event_extra.py
[2024-11-08T13:45:36.309+0000] {processor.py:914} INFO - Processing file /home/airflow/.local/lib/python3.12/site-packages/airflow/example_dags/example_inlet_event_extra.py for tasks to queue
[2024-11-08T13:45:36.311+0000] {logging_mixin.py:190} INFO - [2024-11-08T13:45:36.310+0000] {dagbag.py:588} INFO - Filling up the DagBag from /home/airflow/.local/lib/python3.12/site-packages/airflow/example_dags/example_inlet_event_extra.py
[2024-11-08T13:45:36.777+0000] {processor.py:925} INFO - DAG(s) 'read_dataset_event_from_classic', 'read_dataset_event' retrieved from /home/airflow/.local/lib/python3.12/site-packages/airflow/example_dags/example_inlet_event_extra.py
[2024-11-08T13:45:36.791+0000] {logging_mixin.py:190} INFO - [2024-11-08T13:45:36.791+0000] {dag.py:3239} INFO - Sync 2 DAGs
[2024-11-08T13:45:36.808+0000] {logging_mixin.py:190} INFO - [2024-11-08T13:45:36.808+0000] {dag.py:4180} INFO - Setting next_dagrun for read_dataset_event to 2024-11-07 00:00:00+00:00, run_after=2024-11-08 00:00:00+00:00
[2024-11-08T13:45:36.812+0000] {logging_mixin.py:190} INFO - [2024-11-08T13:45:36.812+0000] {dag.py:4180} INFO - Setting next_dagrun for read_dataset_event_from_classic to 2024-11-07 00:00:00+00:00, run_after=2024-11-08 00:00:00+00:00
[2024-11-08T13:45:36.838+0000] {processor.py:208} INFO - Processing /home/airflow/.local/lib/python3.12/site-packages/airflow/example_dags/example_inlet_event_extra.py took 0.534 seconds
[2024-11-08T13:46:07.001+0000] {processor.py:186} INFO - Started process (PID=721) to work on /home/airflow/.local/lib/python3.12/site-packages/airflow/example_dags/example_inlet_event_extra.py
[2024-11-08T13:46:07.001+0000] {processor.py:914} INFO - Processing file /home/airflow/.local/lib/python3.12/site-packages/airflow/example_dags/example_inlet_event_extra.py for tasks to queue
[2024-11-08T13:46:07.003+0000] {logging_mixin.py:190} INFO - [2024-11-08T13:46:07.003+0000] {dagbag.py:588} INFO - Filling up the DagBag from /home/airflow/.local/lib/python3.12/site-packages/airflow/example_dags/example_inlet_event_extra.py
[2024-11-08T13:46:07.421+0000] {processor.py:925} INFO - DAG(s) 'read_dataset_event', 'read_dataset_event_from_classic' retrieved from /home/airflow/.local/lib/python3.12/site-packages/airflow/example_dags/example_inlet_event_extra.py
[2024-11-08T13:46:07.435+0000] {logging_mixin.py:190} INFO - [2024-11-08T13:46:07.434+0000] {dag.py:3239} INFO - Sync 2 DAGs
[2024-11-08T13:46:07.452+0000] {logging_mixin.py:190} INFO - [2024-11-08T13:46:07.451+0000] {dag.py:4180} INFO - Setting next_dagrun for read_dataset_event to 2024-11-07 00:00:00+00:00, run_after=2024-11-08 00:00:00+00:00
[2024-11-08T13:46:07.456+0000] {logging_mixin.py:190} INFO - [2024-11-08T13:46:07.456+0000] {dag.py:4180} INFO - Setting next_dagrun for read_dataset_event_from_classic to 2024-11-07 00:00:00+00:00, run_after=2024-11-08 00:00:00+00:00
[2024-11-08T13:46:07.469+0000] {processor.py:208} INFO - Processing /home/airflow/.local/lib/python3.12/site-packages/airflow/example_dags/example_inlet_event_extra.py took 0.472 seconds
[2024-11-08T13:46:37.733+0000] {processor.py:186} INFO - Started process (PID=785) to work on /home/airflow/.local/lib/python3.12/site-packages/airflow/example_dags/example_inlet_event_extra.py
[2024-11-08T13:46:37.733+0000] {processor.py:914} INFO - Processing file /home/airflow/.local/lib/python3.12/site-packages/airflow/example_dags/example_inlet_event_extra.py for tasks to queue
[2024-11-08T13:46:37.735+0000] {logging_mixin.py:190} INFO - [2024-11-08T13:46:37.735+0000] {dagbag.py:588} INFO - Filling up the DagBag from /home/airflow/.local/lib/python3.12/site-packages/airflow/example_dags/example_inlet_event_extra.py
[2024-11-08T13:46:38.165+0000] {processor.py:925} INFO - DAG(s) 'read_dataset_event_from_classic', 'read_dataset_event' retrieved from /home/airflow/.local/lib/python3.12/site-packages/airflow/example_dags/example_inlet_event_extra.py
[2024-11-08T13:46:38.179+0000] {logging_mixin.py:190} INFO - [2024-11-08T13:46:38.179+0000] {dag.py:3239} INFO - Sync 2 DAGs
[2024-11-08T13:46:38.197+0000] {logging_mixin.py:190} INFO - [2024-11-08T13:46:38.197+0000] {dag.py:4180} INFO - Setting next_dagrun for read_dataset_event to 2024-11-07 00:00:00+00:00, run_after=2024-11-08 00:00:00+00:00
[2024-11-08T13:46:38.200+0000] {logging_mixin.py:190} INFO - [2024-11-08T13:46:38.200+0000] {dag.py:4180} INFO - Setting next_dagrun for read_dataset_event_from_classic to 2024-11-07 00:00:00+00:00, run_after=2024-11-08 00:00:00+00:00
[2024-11-08T13:46:38.216+0000] {processor.py:208} INFO - Processing /home/airflow/.local/lib/python3.12/site-packages/airflow/example_dags/example_inlet_event_extra.py took 0.488 seconds
[2024-11-08T13:47:09.012+0000] {processor.py:186} INFO - Started process (PID=849) to work on /home/airflow/.local/lib/python3.12/site-packages/airflow/example_dags/example_inlet_event_extra.py
[2024-11-08T13:47:09.013+0000] {processor.py:914} INFO - Processing file /home/airflow/.local/lib/python3.12/site-packages/airflow/example_dags/example_inlet_event_extra.py for tasks to queue
[2024-11-08T13:47:09.015+0000] {logging_mixin.py:190} INFO - [2024-11-08T13:47:09.015+0000] {dagbag.py:588} INFO - Filling up the DagBag from /home/airflow/.local/lib/python3.12/site-packages/airflow/example_dags/example_inlet_event_extra.py
[2024-11-08T13:47:09.464+0000] {processor.py:925} INFO - DAG(s) 'read_dataset_event_from_classic', 'read_dataset_event' retrieved from /home/airflow/.local/lib/python3.12/site-packages/airflow/example_dags/example_inlet_event_extra.py
[2024-11-08T13:47:09.478+0000] {logging_mixin.py:190} INFO - [2024-11-08T13:47:09.478+0000] {dag.py:3239} INFO - Sync 2 DAGs
[2024-11-08T13:47:09.495+0000] {logging_mixin.py:190} INFO - [2024-11-08T13:47:09.495+0000] {dag.py:4180} INFO - Setting next_dagrun for read_dataset_event to 2024-11-07 00:00:00+00:00, run_after=2024-11-08 00:00:00+00:00
[2024-11-08T13:47:09.499+0000] {logging_mixin.py:190} INFO - [2024-11-08T13:47:09.498+0000] {dag.py:4180} INFO - Setting next_dagrun for read_dataset_event_from_classic to 2024-11-07 00:00:00+00:00, run_after=2024-11-08 00:00:00+00:00
[2024-11-08T13:47:09.516+0000] {processor.py:208} INFO - Processing /home/airflow/.local/lib/python3.12/site-packages/airflow/example_dags/example_inlet_event_extra.py took 0.507 seconds
[2024-11-08T13:47:39.915+0000] {processor.py:186} INFO - Started process (PID=913) to work on /home/airflow/.local/lib/python3.12/site-packages/airflow/example_dags/example_inlet_event_extra.py
[2024-11-08T13:47:39.916+0000] {processor.py:914} INFO - Processing file /home/airflow/.local/lib/python3.12/site-packages/airflow/example_dags/example_inlet_event_extra.py for tasks to queue
[2024-11-08T13:47:39.918+0000] {logging_mixin.py:190} INFO - [2024-11-08T13:47:39.918+0000] {dagbag.py:588} INFO - Filling up the DagBag from /home/airflow/.local/lib/python3.12/site-packages/airflow/example_dags/example_inlet_event_extra.py
[2024-11-08T13:47:40.358+0000] {processor.py:925} INFO - DAG(s) 'read_dataset_event_from_classic', 'read_dataset_event' retrieved from /home/airflow/.local/lib/python3.12/site-packages/airflow/example_dags/example_inlet_event_extra.py
[2024-11-08T13:47:40.376+0000] {logging_mixin.py:190} INFO - [2024-11-08T13:47:40.376+0000] {dag.py:3239} INFO - Sync 2 DAGs
[2024-11-08T13:47:40.395+0000] {logging_mixin.py:190} INFO - [2024-11-08T13:47:40.394+0000] {dag.py:4180} INFO - Setting next_dagrun for read_dataset_event to 2024-11-07 00:00:00+00:00, run_after=2024-11-08 00:00:00+00:00
[2024-11-08T13:47:40.399+0000] {logging_mixin.py:190} INFO - [2024-11-08T13:47:40.398+0000] {dag.py:4180} INFO - Setting next_dagrun for read_dataset_event_from_classic to 2024-11-07 00:00:00+00:00, run_after=2024-11-08 00:00:00+00:00
[2024-11-08T13:47:40.415+0000] {processor.py:208} INFO - Processing /home/airflow/.local/lib/python3.12/site-packages/airflow/example_dags/example_inlet_event_extra.py took 0.504 seconds
[2024-11-08T13:48:11.237+0000] {processor.py:186} INFO - Started process (PID=977) to work on /home/airflow/.local/lib/python3.12/site-packages/airflow/example_dags/example_inlet_event_extra.py
[2024-11-08T13:48:11.238+0000] {processor.py:914} INFO - Processing file /home/airflow/.local/lib/python3.12/site-packages/airflow/example_dags/example_inlet_event_extra.py for tasks to queue
[2024-11-08T13:48:11.240+0000] {logging_mixin.py:190} INFO - [2024-11-08T13:48:11.240+0000] {dagbag.py:588} INFO - Filling up the DagBag from /home/airflow/.local/lib/python3.12/site-packages/airflow/example_dags/example_inlet_event_extra.py
[2024-11-08T13:48:11.664+0000] {processor.py:925} INFO - DAG(s) 'read_dataset_event', 'read_dataset_event_from_classic' retrieved from /home/airflow/.local/lib/python3.12/site-packages/airflow/example_dags/example_inlet_event_extra.py
[2024-11-08T13:48:11.679+0000] {logging_mixin.py:190} INFO - [2024-11-08T13:48:11.679+0000] {dag.py:3239} INFO - Sync 2 DAGs
[2024-11-08T13:48:11.697+0000] {logging_mixin.py:190} INFO - [2024-11-08T13:48:11.696+0000] {dag.py:4180} INFO - Setting next_dagrun for read_dataset_event to 2024-11-07 00:00:00+00:00, run_after=2024-11-08 00:00:00+00:00
[2024-11-08T13:48:11.700+0000] {logging_mixin.py:190} INFO - [2024-11-08T13:48:11.700+0000] {dag.py:4180} INFO - Setting next_dagrun for read_dataset_event_from_classic to 2024-11-07 00:00:00+00:00, run_after=2024-11-08 00:00:00+00:00
[2024-11-08T13:48:11.716+0000] {processor.py:208} INFO - Processing /home/airflow/.local/lib/python3.12/site-packages/airflow/example_dags/example_inlet_event_extra.py took 0.483 seconds
[2024-11-08T13:48:42.249+0000] {processor.py:186} INFO - Started process (PID=1041) to work on /home/airflow/.local/lib/python3.12/site-packages/airflow/example_dags/example_inlet_event_extra.py
[2024-11-08T13:48:42.250+0000] {processor.py:914} INFO - Processing file /home/airflow/.local/lib/python3.12/site-packages/airflow/example_dags/example_inlet_event_extra.py for tasks to queue
[2024-11-08T13:48:42.251+0000] {logging_mixin.py:190} INFO - [2024-11-08T13:48:42.251+0000] {dagbag.py:588} INFO - Filling up the DagBag from /home/airflow/.local/lib/python3.12/site-packages/airflow/example_dags/example_inlet_event_extra.py
[2024-11-08T13:48:42.669+0000] {processor.py:925} INFO - DAG(s) 'read_dataset_event', 'read_dataset_event_from_classic' retrieved from /home/airflow/.local/lib/python3.12/site-packages/airflow/example_dags/example_inlet_event_extra.py
[2024-11-08T13:48:42.682+0000] {logging_mixin.py:190} INFO - [2024-11-08T13:48:42.682+0000] {dag.py:3239} INFO - Sync 2 DAGs
[2024-11-08T13:48:42.700+0000] {logging_mixin.py:190} INFO - [2024-11-08T13:48:42.700+0000] {dag.py:4180} INFO - Setting next_dagrun for read_dataset_event to 2024-11-07 00:00:00+00:00, run_after=2024-11-08 00:00:00+00:00
[2024-11-08T13:48:42.704+0000] {logging_mixin.py:190} INFO - [2024-11-08T13:48:42.704+0000] {dag.py:4180} INFO - Setting next_dagrun for read_dataset_event_from_classic to 2024-11-07 00:00:00+00:00, run_after=2024-11-08 00:00:00+00:00
[2024-11-08T13:48:42.718+0000] {processor.py:208} INFO - Processing /home/airflow/.local/lib/python3.12/site-packages/airflow/example_dags/example_inlet_event_extra.py took 0.473 seconds
