[2024-11-08T13:41:00.099+0000] {processor.py:186} INFO - Started process (PID=96) to work on /home/airflow/.local/lib/python3.12/site-packages/airflow/example_dags/example_branch_python_dop_operator_3.py
[2024-11-08T13:41:00.099+0000] {processor.py:914} INFO - Processing file /home/airflow/.local/lib/python3.12/site-packages/airflow/example_dags/example_branch_python_dop_operator_3.py for tasks to queue
[2024-11-08T13:41:00.101+0000] {logging_mixin.py:190} INFO - [2024-11-08T13:41:00.101+0000] {dagbag.py:588} INFO - Filling up the DagBag from /home/airflow/.local/lib/python3.12/site-packages/airflow/example_dags/example_branch_python_dop_operator_3.py
[2024-11-08T13:41:00.108+0000] {processor.py:925} INFO - DAG(s) 'example_branch_dop_operator_v3' retrieved from /home/airflow/.local/lib/python3.12/site-packages/airflow/example_dags/example_branch_python_dop_operator_3.py
[2024-11-08T13:41:00.194+0000] {logging_mixin.py:190} INFO - [2024-11-08T13:41:00.193+0000] {override.py:1911} INFO - Created Permission View: can read on DAG:example_branch_dop_operator_v3
[2024-11-08T13:41:00.205+0000] {logging_mixin.py:190} INFO - [2024-11-08T13:41:00.204+0000] {override.py:1911} INFO - Created Permission View: can edit on DAG:example_branch_dop_operator_v3
[2024-11-08T13:41:00.212+0000] {logging_mixin.py:190} INFO - [2024-11-08T13:41:00.212+0000] {override.py:1911} INFO - Created Permission View: can delete on DAG:example_branch_dop_operator_v3
[2024-11-08T13:41:00.224+0000] {logging_mixin.py:190} INFO - [2024-11-08T13:41:00.224+0000] {override.py:1911} INFO - Created Permission View: can read on DAG Run:example_branch_dop_operator_v3
[2024-11-08T13:41:00.232+0000] {logging_mixin.py:190} INFO - [2024-11-08T13:41:00.232+0000] {override.py:1911} INFO - Created Permission View: can create on DAG Run:example_branch_dop_operator_v3
[2024-11-08T13:41:00.239+0000] {logging_mixin.py:190} INFO - [2024-11-08T13:41:00.239+0000] {override.py:1911} INFO - Created Permission View: can delete on DAG Run:example_branch_dop_operator_v3
[2024-11-08T13:41:00.250+0000] {logging_mixin.py:190} INFO - [2024-11-08T13:41:00.249+0000] {override.py:1911} INFO - Created Permission View: menu access on DAG Run:example_branch_dop_operator_v3
[2024-11-08T13:41:00.250+0000] {logging_mixin.py:190} INFO - [2024-11-08T13:41:00.250+0000] {dag.py:3239} INFO - Sync 1 DAGs
[2024-11-08T13:41:00.261+0000] {logging_mixin.py:190} INFO - [2024-11-08T13:41:00.260+0000] {dag.py:3262} INFO - Creating ORM DAG for example_branch_dop_operator_v3
[2024-11-08T13:41:00.271+0000] {logging_mixin.py:190} INFO - [2024-11-08T13:41:00.271+0000] {dag.py:4180} INFO - Setting next_dagrun for example_branch_dop_operator_v3 to 2024-11-08 13:40:00+00:00, run_after=2024-11-08 13:41:00+00:00
[2024-11-08T13:41:00.285+0000] {processor.py:208} INFO - Processing /home/airflow/.local/lib/python3.12/site-packages/airflow/example_dags/example_branch_python_dop_operator_3.py took 0.191 seconds
[2024-11-08T13:41:30.931+0000] {processor.py:186} INFO - Started process (PID=159) to work on /home/airflow/.local/lib/python3.12/site-packages/airflow/example_dags/example_branch_python_dop_operator_3.py
[2024-11-08T13:41:30.932+0000] {processor.py:914} INFO - Processing file /home/airflow/.local/lib/python3.12/site-packages/airflow/example_dags/example_branch_python_dop_operator_3.py for tasks to queue
[2024-11-08T13:41:30.934+0000] {logging_mixin.py:190} INFO - [2024-11-08T13:41:30.934+0000] {dagbag.py:588} INFO - Filling up the DagBag from /home/airflow/.local/lib/python3.12/site-packages/airflow/example_dags/example_branch_python_dop_operator_3.py
[2024-11-08T13:41:30.940+0000] {processor.py:925} INFO - DAG(s) 'example_branch_dop_operator_v3' retrieved from /home/airflow/.local/lib/python3.12/site-packages/airflow/example_dags/example_branch_python_dop_operator_3.py
[2024-11-08T13:41:30.954+0000] {logging_mixin.py:190} INFO - [2024-11-08T13:41:30.954+0000] {dag.py:3239} INFO - Sync 1 DAGs
[2024-11-08T13:41:30.972+0000] {logging_mixin.py:190} INFO - [2024-11-08T13:41:30.972+0000] {dag.py:4180} INFO - Setting next_dagrun for example_branch_dop_operator_v3 to 2024-11-08 13:40:00+00:00, run_after=2024-11-08 13:41:00+00:00
[2024-11-08T13:41:30.990+0000] {processor.py:208} INFO - Processing /home/airflow/.local/lib/python3.12/site-packages/airflow/example_dags/example_branch_python_dop_operator_3.py took 0.063 seconds
[2024-11-08T13:42:01.308+0000] {processor.py:186} INFO - Started process (PID=222) to work on /home/airflow/.local/lib/python3.12/site-packages/airflow/example_dags/example_branch_python_dop_operator_3.py
[2024-11-08T13:42:01.308+0000] {processor.py:914} INFO - Processing file /home/airflow/.local/lib/python3.12/site-packages/airflow/example_dags/example_branch_python_dop_operator_3.py for tasks to queue
[2024-11-08T13:42:01.310+0000] {logging_mixin.py:190} INFO - [2024-11-08T13:42:01.310+0000] {dagbag.py:588} INFO - Filling up the DagBag from /home/airflow/.local/lib/python3.12/site-packages/airflow/example_dags/example_branch_python_dop_operator_3.py
[2024-11-08T13:42:01.317+0000] {processor.py:925} INFO - DAG(s) 'example_branch_dop_operator_v3' retrieved from /home/airflow/.local/lib/python3.12/site-packages/airflow/example_dags/example_branch_python_dop_operator_3.py
[2024-11-08T13:42:01.331+0000] {logging_mixin.py:190} INFO - [2024-11-08T13:42:01.331+0000] {dag.py:3239} INFO - Sync 1 DAGs
[2024-11-08T13:42:01.351+0000] {logging_mixin.py:190} INFO - [2024-11-08T13:42:01.351+0000] {dag.py:4180} INFO - Setting next_dagrun for example_branch_dop_operator_v3 to 2024-11-08 13:41:00+00:00, run_after=2024-11-08 13:42:00+00:00
[2024-11-08T13:42:01.370+0000] {processor.py:208} INFO - Processing /home/airflow/.local/lib/python3.12/site-packages/airflow/example_dags/example_branch_python_dop_operator_3.py took 0.066 seconds
[2024-11-08T13:42:31.506+0000] {processor.py:186} INFO - Started process (PID=285) to work on /home/airflow/.local/lib/python3.12/site-packages/airflow/example_dags/example_branch_python_dop_operator_3.py
[2024-11-08T13:42:31.507+0000] {processor.py:914} INFO - Processing file /home/airflow/.local/lib/python3.12/site-packages/airflow/example_dags/example_branch_python_dop_operator_3.py for tasks to queue
[2024-11-08T13:42:31.508+0000] {logging_mixin.py:190} INFO - [2024-11-08T13:42:31.508+0000] {dagbag.py:588} INFO - Filling up the DagBag from /home/airflow/.local/lib/python3.12/site-packages/airflow/example_dags/example_branch_python_dop_operator_3.py
[2024-11-08T13:42:31.514+0000] {processor.py:925} INFO - DAG(s) 'example_branch_dop_operator_v3' retrieved from /home/airflow/.local/lib/python3.12/site-packages/airflow/example_dags/example_branch_python_dop_operator_3.py
[2024-11-08T13:42:31.529+0000] {logging_mixin.py:190} INFO - [2024-11-08T13:42:31.529+0000] {dag.py:3239} INFO - Sync 1 DAGs
[2024-11-08T13:42:31.548+0000] {logging_mixin.py:190} INFO - [2024-11-08T13:42:31.547+0000] {dag.py:4180} INFO - Setting next_dagrun for example_branch_dop_operator_v3 to 2024-11-08 13:41:00+00:00, run_after=2024-11-08 13:42:00+00:00
[2024-11-08T13:42:31.567+0000] {processor.py:208} INFO - Processing /home/airflow/.local/lib/python3.12/site-packages/airflow/example_dags/example_branch_python_dop_operator_3.py took 0.065 seconds
[2024-11-08T13:43:01.648+0000] {processor.py:186} INFO - Started process (PID=348) to work on /home/airflow/.local/lib/python3.12/site-packages/airflow/example_dags/example_branch_python_dop_operator_3.py
[2024-11-08T13:43:01.649+0000] {processor.py:914} INFO - Processing file /home/airflow/.local/lib/python3.12/site-packages/airflow/example_dags/example_branch_python_dop_operator_3.py for tasks to queue
[2024-11-08T13:43:01.650+0000] {logging_mixin.py:190} INFO - [2024-11-08T13:43:01.650+0000] {dagbag.py:588} INFO - Filling up the DagBag from /home/airflow/.local/lib/python3.12/site-packages/airflow/example_dags/example_branch_python_dop_operator_3.py
[2024-11-08T13:43:01.657+0000] {processor.py:925} INFO - DAG(s) 'example_branch_dop_operator_v3' retrieved from /home/airflow/.local/lib/python3.12/site-packages/airflow/example_dags/example_branch_python_dop_operator_3.py
[2024-11-08T13:43:01.670+0000] {logging_mixin.py:190} INFO - [2024-11-08T13:43:01.670+0000] {dag.py:3239} INFO - Sync 1 DAGs
[2024-11-08T13:43:01.689+0000] {logging_mixin.py:190} INFO - [2024-11-08T13:43:01.688+0000] {dag.py:4180} INFO - Setting next_dagrun for example_branch_dop_operator_v3 to 2024-11-08 13:42:00+00:00, run_after=2024-11-08 13:43:00+00:00
[2024-11-08T13:43:01.706+0000] {processor.py:208} INFO - Processing /home/airflow/.local/lib/python3.12/site-packages/airflow/example_dags/example_branch_python_dop_operator_3.py took 0.062 seconds
[2024-11-08T13:43:32.384+0000] {processor.py:186} INFO - Started process (PID=411) to work on /home/airflow/.local/lib/python3.12/site-packages/airflow/example_dags/example_branch_python_dop_operator_3.py
[2024-11-08T13:43:32.385+0000] {processor.py:914} INFO - Processing file /home/airflow/.local/lib/python3.12/site-packages/airflow/example_dags/example_branch_python_dop_operator_3.py for tasks to queue
[2024-11-08T13:43:32.386+0000] {logging_mixin.py:190} INFO - [2024-11-08T13:43:32.386+0000] {dagbag.py:588} INFO - Filling up the DagBag from /home/airflow/.local/lib/python3.12/site-packages/airflow/example_dags/example_branch_python_dop_operator_3.py
[2024-11-08T13:43:32.393+0000] {processor.py:925} INFO - DAG(s) 'example_branch_dop_operator_v3' retrieved from /home/airflow/.local/lib/python3.12/site-packages/airflow/example_dags/example_branch_python_dop_operator_3.py
[2024-11-08T13:43:32.407+0000] {logging_mixin.py:190} INFO - [2024-11-08T13:43:32.407+0000] {dag.py:3239} INFO - Sync 1 DAGs
[2024-11-08T13:43:32.426+0000] {logging_mixin.py:190} INFO - [2024-11-08T13:43:32.426+0000] {dag.py:4180} INFO - Setting next_dagrun for example_branch_dop_operator_v3 to 2024-11-08 13:42:00+00:00, run_after=2024-11-08 13:43:00+00:00
[2024-11-08T13:43:32.443+0000] {processor.py:208} INFO - Processing /home/airflow/.local/lib/python3.12/site-packages/airflow/example_dags/example_branch_python_dop_operator_3.py took 0.063 seconds
[2024-11-08T13:44:03.027+0000] {processor.py:186} INFO - Started process (PID=474) to work on /home/airflow/.local/lib/python3.12/site-packages/airflow/example_dags/example_branch_python_dop_operator_3.py
[2024-11-08T13:44:03.028+0000] {processor.py:914} INFO - Processing file /home/airflow/.local/lib/python3.12/site-packages/airflow/example_dags/example_branch_python_dop_operator_3.py for tasks to queue
[2024-11-08T13:44:03.030+0000] {logging_mixin.py:190} INFO - [2024-11-08T13:44:03.030+0000] {dagbag.py:588} INFO - Filling up the DagBag from /home/airflow/.local/lib/python3.12/site-packages/airflow/example_dags/example_branch_python_dop_operator_3.py
[2024-11-08T13:44:03.036+0000] {processor.py:925} INFO - DAG(s) 'example_branch_dop_operator_v3' retrieved from /home/airflow/.local/lib/python3.12/site-packages/airflow/example_dags/example_branch_python_dop_operator_3.py
[2024-11-08T13:44:03.049+0000] {logging_mixin.py:190} INFO - [2024-11-08T13:44:03.049+0000] {dag.py:3239} INFO - Sync 1 DAGs
[2024-11-08T13:44:03.068+0000] {logging_mixin.py:190} INFO - [2024-11-08T13:44:03.067+0000] {dag.py:4180} INFO - Setting next_dagrun for example_branch_dop_operator_v3 to 2024-11-08 13:43:00+00:00, run_after=2024-11-08 13:44:00+00:00
[2024-11-08T13:44:03.083+0000] {processor.py:208} INFO - Processing /home/airflow/.local/lib/python3.12/site-packages/airflow/example_dags/example_branch_python_dop_operator_3.py took 0.060 seconds
[2024-11-08T13:44:34.491+0000] {processor.py:186} INFO - Started process (PID=537) to work on /home/airflow/.local/lib/python3.12/site-packages/airflow/example_dags/example_branch_python_dop_operator_3.py
[2024-11-08T13:44:34.492+0000] {processor.py:914} INFO - Processing file /home/airflow/.local/lib/python3.12/site-packages/airflow/example_dags/example_branch_python_dop_operator_3.py for tasks to queue
[2024-11-08T13:44:34.494+0000] {logging_mixin.py:190} INFO - [2024-11-08T13:44:34.494+0000] {dagbag.py:588} INFO - Filling up the DagBag from /home/airflow/.local/lib/python3.12/site-packages/airflow/example_dags/example_branch_python_dop_operator_3.py
[2024-11-08T13:44:34.501+0000] {processor.py:925} INFO - DAG(s) 'example_branch_dop_operator_v3' retrieved from /home/airflow/.local/lib/python3.12/site-packages/airflow/example_dags/example_branch_python_dop_operator_3.py
[2024-11-08T13:44:34.514+0000] {logging_mixin.py:190} INFO - [2024-11-08T13:44:34.514+0000] {dag.py:3239} INFO - Sync 1 DAGs
[2024-11-08T13:44:34.534+0000] {logging_mixin.py:190} INFO - [2024-11-08T13:44:34.533+0000] {dag.py:4180} INFO - Setting next_dagrun for example_branch_dop_operator_v3 to 2024-11-08 13:43:00+00:00, run_after=2024-11-08 13:44:00+00:00
[2024-11-08T13:44:34.552+0000] {processor.py:208} INFO - Processing /home/airflow/.local/lib/python3.12/site-packages/airflow/example_dags/example_branch_python_dop_operator_3.py took 0.064 seconds
[2024-11-08T13:45:05.972+0000] {processor.py:186} INFO - Started process (PID=600) to work on /home/airflow/.local/lib/python3.12/site-packages/airflow/example_dags/example_branch_python_dop_operator_3.py
[2024-11-08T13:45:05.973+0000] {processor.py:914} INFO - Processing file /home/airflow/.local/lib/python3.12/site-packages/airflow/example_dags/example_branch_python_dop_operator_3.py for tasks to queue
[2024-11-08T13:45:05.975+0000] {logging_mixin.py:190} INFO - [2024-11-08T13:45:05.975+0000] {dagbag.py:588} INFO - Filling up the DagBag from /home/airflow/.local/lib/python3.12/site-packages/airflow/example_dags/example_branch_python_dop_operator_3.py
[2024-11-08T13:45:05.981+0000] {processor.py:925} INFO - DAG(s) 'example_branch_dop_operator_v3' retrieved from /home/airflow/.local/lib/python3.12/site-packages/airflow/example_dags/example_branch_python_dop_operator_3.py
[2024-11-08T13:45:05.995+0000] {logging_mixin.py:190} INFO - [2024-11-08T13:45:05.994+0000] {dag.py:3239} INFO - Sync 1 DAGs
[2024-11-08T13:45:06.017+0000] {logging_mixin.py:190} INFO - [2024-11-08T13:45:06.017+0000] {dag.py:4180} INFO - Setting next_dagrun for example_branch_dop_operator_v3 to 2024-11-08 13:44:00+00:00, run_after=2024-11-08 13:45:00+00:00
[2024-11-08T13:45:06.031+0000] {processor.py:208} INFO - Processing /home/airflow/.local/lib/python3.12/site-packages/airflow/example_dags/example_branch_python_dop_operator_3.py took 0.063 seconds
[2024-11-08T13:45:37.044+0000] {processor.py:186} INFO - Started process (PID=663) to work on /home/airflow/.local/lib/python3.12/site-packages/airflow/example_dags/example_branch_python_dop_operator_3.py
[2024-11-08T13:45:37.045+0000] {processor.py:914} INFO - Processing file /home/airflow/.local/lib/python3.12/site-packages/airflow/example_dags/example_branch_python_dop_operator_3.py for tasks to queue
[2024-11-08T13:45:37.046+0000] {logging_mixin.py:190} INFO - [2024-11-08T13:45:37.046+0000] {dagbag.py:588} INFO - Filling up the DagBag from /home/airflow/.local/lib/python3.12/site-packages/airflow/example_dags/example_branch_python_dop_operator_3.py
[2024-11-08T13:45:37.053+0000] {processor.py:925} INFO - DAG(s) 'example_branch_dop_operator_v3' retrieved from /home/airflow/.local/lib/python3.12/site-packages/airflow/example_dags/example_branch_python_dop_operator_3.py
[2024-11-08T13:45:37.066+0000] {logging_mixin.py:190} INFO - [2024-11-08T13:45:37.066+0000] {dag.py:3239} INFO - Sync 1 DAGs
[2024-11-08T13:45:37.085+0000] {logging_mixin.py:190} INFO - [2024-11-08T13:45:37.085+0000] {dag.py:4180} INFO - Setting next_dagrun for example_branch_dop_operator_v3 to 2024-11-08 13:44:00+00:00, run_after=2024-11-08 13:45:00+00:00
[2024-11-08T13:45:37.103+0000] {processor.py:208} INFO - Processing /home/airflow/.local/lib/python3.12/site-packages/airflow/example_dags/example_branch_python_dop_operator_3.py took 0.063 seconds
[2024-11-08T13:46:07.758+0000] {processor.py:186} INFO - Started process (PID=727) to work on /home/airflow/.local/lib/python3.12/site-packages/airflow/example_dags/example_branch_python_dop_operator_3.py
[2024-11-08T13:46:07.759+0000] {processor.py:914} INFO - Processing file /home/airflow/.local/lib/python3.12/site-packages/airflow/example_dags/example_branch_python_dop_operator_3.py for tasks to queue
[2024-11-08T13:46:07.761+0000] {logging_mixin.py:190} INFO - [2024-11-08T13:46:07.760+0000] {dagbag.py:588} INFO - Filling up the DagBag from /home/airflow/.local/lib/python3.12/site-packages/airflow/example_dags/example_branch_python_dop_operator_3.py
[2024-11-08T13:46:07.767+0000] {processor.py:925} INFO - DAG(s) 'example_branch_dop_operator_v3' retrieved from /home/airflow/.local/lib/python3.12/site-packages/airflow/example_dags/example_branch_python_dop_operator_3.py
[2024-11-08T13:46:07.781+0000] {logging_mixin.py:190} INFO - [2024-11-08T13:46:07.781+0000] {dag.py:3239} INFO - Sync 1 DAGs
[2024-11-08T13:46:07.800+0000] {logging_mixin.py:190} INFO - [2024-11-08T13:46:07.800+0000] {dag.py:4180} INFO - Setting next_dagrun for example_branch_dop_operator_v3 to 2024-11-08 13:45:00+00:00, run_after=2024-11-08 13:46:00+00:00
[2024-11-08T13:46:07.819+0000] {processor.py:208} INFO - Processing /home/airflow/.local/lib/python3.12/site-packages/airflow/example_dags/example_branch_python_dop_operator_3.py took 0.065 seconds
[2024-11-08T13:46:38.422+0000] {processor.py:186} INFO - Started process (PID=791) to work on /home/airflow/.local/lib/python3.12/site-packages/airflow/example_dags/example_branch_python_dop_operator_3.py
[2024-11-08T13:46:38.423+0000] {processor.py:914} INFO - Processing file /home/airflow/.local/lib/python3.12/site-packages/airflow/example_dags/example_branch_python_dop_operator_3.py for tasks to queue
[2024-11-08T13:46:38.425+0000] {logging_mixin.py:190} INFO - [2024-11-08T13:46:38.425+0000] {dagbag.py:588} INFO - Filling up the DagBag from /home/airflow/.local/lib/python3.12/site-packages/airflow/example_dags/example_branch_python_dop_operator_3.py
[2024-11-08T13:46:38.431+0000] {processor.py:925} INFO - DAG(s) 'example_branch_dop_operator_v3' retrieved from /home/airflow/.local/lib/python3.12/site-packages/airflow/example_dags/example_branch_python_dop_operator_3.py
[2024-11-08T13:46:38.444+0000] {logging_mixin.py:190} INFO - [2024-11-08T13:46:38.444+0000] {dag.py:3239} INFO - Sync 1 DAGs
[2024-11-08T13:46:38.464+0000] {logging_mixin.py:190} INFO - [2024-11-08T13:46:38.464+0000] {dag.py:4180} INFO - Setting next_dagrun for example_branch_dop_operator_v3 to 2024-11-08 13:45:00+00:00, run_after=2024-11-08 13:46:00+00:00
[2024-11-08T13:46:38.481+0000] {processor.py:208} INFO - Processing /home/airflow/.local/lib/python3.12/site-packages/airflow/example_dags/example_branch_python_dop_operator_3.py took 0.063 seconds
[2024-11-08T13:47:09.710+0000] {processor.py:186} INFO - Started process (PID=855) to work on /home/airflow/.local/lib/python3.12/site-packages/airflow/example_dags/example_branch_python_dop_operator_3.py
[2024-11-08T13:47:09.711+0000] {processor.py:914} INFO - Processing file /home/airflow/.local/lib/python3.12/site-packages/airflow/example_dags/example_branch_python_dop_operator_3.py for tasks to queue
[2024-11-08T13:47:09.713+0000] {logging_mixin.py:190} INFO - [2024-11-08T13:47:09.712+0000] {dagbag.py:588} INFO - Filling up the DagBag from /home/airflow/.local/lib/python3.12/site-packages/airflow/example_dags/example_branch_python_dop_operator_3.py
[2024-11-08T13:47:09.720+0000] {processor.py:925} INFO - DAG(s) 'example_branch_dop_operator_v3' retrieved from /home/airflow/.local/lib/python3.12/site-packages/airflow/example_dags/example_branch_python_dop_operator_3.py
[2024-11-08T13:47:09.733+0000] {logging_mixin.py:190} INFO - [2024-11-08T13:47:09.733+0000] {dag.py:3239} INFO - Sync 1 DAGs
[2024-11-08T13:47:09.751+0000] {logging_mixin.py:190} INFO - [2024-11-08T13:47:09.751+0000] {dag.py:4180} INFO - Setting next_dagrun for example_branch_dop_operator_v3 to 2024-11-08 13:46:00+00:00, run_after=2024-11-08 13:47:00+00:00
[2024-11-08T13:47:09.770+0000] {processor.py:208} INFO - Processing /home/airflow/.local/lib/python3.12/site-packages/airflow/example_dags/example_branch_python_dop_operator_3.py took 0.063 seconds
[2024-11-08T13:47:40.649+0000] {processor.py:186} INFO - Started process (PID=919) to work on /home/airflow/.local/lib/python3.12/site-packages/airflow/example_dags/example_branch_python_dop_operator_3.py
[2024-11-08T13:47:40.654+0000] {processor.py:914} INFO - Processing file /home/airflow/.local/lib/python3.12/site-packages/airflow/example_dags/example_branch_python_dop_operator_3.py for tasks to queue
[2024-11-08T13:47:40.656+0000] {logging_mixin.py:190} INFO - [2024-11-08T13:47:40.656+0000] {dagbag.py:588} INFO - Filling up the DagBag from /home/airflow/.local/lib/python3.12/site-packages/airflow/example_dags/example_branch_python_dop_operator_3.py
[2024-11-08T13:47:40.664+0000] {processor.py:925} INFO - DAG(s) 'example_branch_dop_operator_v3' retrieved from /home/airflow/.local/lib/python3.12/site-packages/airflow/example_dags/example_branch_python_dop_operator_3.py
[2024-11-08T13:47:40.678+0000] {logging_mixin.py:190} INFO - [2024-11-08T13:47:40.678+0000] {dag.py:3239} INFO - Sync 1 DAGs
[2024-11-08T13:47:40.698+0000] {logging_mixin.py:190} INFO - [2024-11-08T13:47:40.698+0000] {dag.py:4180} INFO - Setting next_dagrun for example_branch_dop_operator_v3 to 2024-11-08 13:46:00+00:00, run_after=2024-11-08 13:47:00+00:00
[2024-11-08T13:47:40.720+0000] {processor.py:208} INFO - Processing /home/airflow/.local/lib/python3.12/site-packages/airflow/example_dags/example_branch_python_dop_operator_3.py took 0.076 seconds
[2024-11-08T13:48:11.931+0000] {processor.py:186} INFO - Started process (PID=983) to work on /home/airflow/.local/lib/python3.12/site-packages/airflow/example_dags/example_branch_python_dop_operator_3.py
[2024-11-08T13:48:11.932+0000] {processor.py:914} INFO - Processing file /home/airflow/.local/lib/python3.12/site-packages/airflow/example_dags/example_branch_python_dop_operator_3.py for tasks to queue
[2024-11-08T13:48:11.933+0000] {logging_mixin.py:190} INFO - [2024-11-08T13:48:11.933+0000] {dagbag.py:588} INFO - Filling up the DagBag from /home/airflow/.local/lib/python3.12/site-packages/airflow/example_dags/example_branch_python_dop_operator_3.py
[2024-11-08T13:48:11.940+0000] {processor.py:925} INFO - DAG(s) 'example_branch_dop_operator_v3' retrieved from /home/airflow/.local/lib/python3.12/site-packages/airflow/example_dags/example_branch_python_dop_operator_3.py
[2024-11-08T13:48:11.954+0000] {logging_mixin.py:190} INFO - [2024-11-08T13:48:11.953+0000] {dag.py:3239} INFO - Sync 1 DAGs
[2024-11-08T13:48:11.974+0000] {logging_mixin.py:190} INFO - [2024-11-08T13:48:11.974+0000] {dag.py:4180} INFO - Setting next_dagrun for example_branch_dop_operator_v3 to 2024-11-08 13:47:00+00:00, run_after=2024-11-08 13:48:00+00:00
[2024-11-08T13:48:11.992+0000] {processor.py:208} INFO - Processing /home/airflow/.local/lib/python3.12/site-packages/airflow/example_dags/example_branch_python_dop_operator_3.py took 0.065 seconds
[2024-11-08T13:48:42.924+0000] {processor.py:186} INFO - Started process (PID=1047) to work on /home/airflow/.local/lib/python3.12/site-packages/airflow/example_dags/example_branch_python_dop_operator_3.py
[2024-11-08T13:48:42.924+0000] {processor.py:914} INFO - Processing file /home/airflow/.local/lib/python3.12/site-packages/airflow/example_dags/example_branch_python_dop_operator_3.py for tasks to queue
[2024-11-08T13:48:42.926+0000] {logging_mixin.py:190} INFO - [2024-11-08T13:48:42.925+0000] {dagbag.py:588} INFO - Filling up the DagBag from /home/airflow/.local/lib/python3.12/site-packages/airflow/example_dags/example_branch_python_dop_operator_3.py
[2024-11-08T13:48:42.932+0000] {processor.py:925} INFO - DAG(s) 'example_branch_dop_operator_v3' retrieved from /home/airflow/.local/lib/python3.12/site-packages/airflow/example_dags/example_branch_python_dop_operator_3.py
[2024-11-08T13:48:42.946+0000] {logging_mixin.py:190} INFO - [2024-11-08T13:48:42.946+0000] {dag.py:3239} INFO - Sync 1 DAGs
[2024-11-08T13:48:42.965+0000] {logging_mixin.py:190} INFO - [2024-11-08T13:48:42.964+0000] {dag.py:4180} INFO - Setting next_dagrun for example_branch_dop_operator_v3 to 2024-11-08 13:47:00+00:00, run_after=2024-11-08 13:48:00+00:00
[2024-11-08T13:48:42.979+0000] {processor.py:208} INFO - Processing /home/airflow/.local/lib/python3.12/site-packages/airflow/example_dags/example_branch_python_dop_operator_3.py took 0.059 seconds
