[2024-11-08T13:41:01.876+0000] {processor.py:186} INFO - Started process (PID=107) to work on /home/airflow/.local/lib/python3.12/site-packages/airflow/example_dags/example_sensor_decorator.py
[2024-11-08T13:41:01.877+0000] {processor.py:914} INFO - Processing file /home/airflow/.local/lib/python3.12/site-packages/airflow/example_dags/example_sensor_decorator.py for tasks to queue
[2024-11-08T13:41:01.879+0000] {logging_mixin.py:190} INFO - [2024-11-08T13:41:01.879+0000] {dagbag.py:588} INFO - Filling up the DagBag from /home/airflow/.local/lib/python3.12/site-packages/airflow/example_dags/example_sensor_decorator.py
[2024-11-08T13:41:01.884+0000] {processor.py:925} INFO - DAG(s) 'example_sensor_decorator' retrieved from /home/airflow/.local/lib/python3.12/site-packages/airflow/example_dags/example_sensor_decorator.py
[2024-11-08T13:41:01.970+0000] {logging_mixin.py:190} INFO - [2024-11-08T13:41:01.969+0000] {override.py:1911} INFO - Created Permission View: can read on DAG:example_sensor_decorator
[2024-11-08T13:41:01.980+0000] {logging_mixin.py:190} INFO - [2024-11-08T13:41:01.979+0000] {override.py:1911} INFO - Created Permission View: can edit on DAG:example_sensor_decorator
[2024-11-08T13:41:01.990+0000] {logging_mixin.py:190} INFO - [2024-11-08T13:41:01.989+0000] {override.py:1911} INFO - Created Permission View: can delete on DAG:example_sensor_decorator
[2024-11-08T13:41:01.999+0000] {logging_mixin.py:190} INFO - [2024-11-08T13:41:01.999+0000] {override.py:1911} INFO - Created Permission View: can read on DAG Run:example_sensor_decorator
[2024-11-08T13:41:02.010+0000] {logging_mixin.py:190} INFO - [2024-11-08T13:41:02.009+0000] {override.py:1911} INFO - Created Permission View: can create on DAG Run:example_sensor_decorator
[2024-11-08T13:41:02.025+0000] {logging_mixin.py:190} INFO - [2024-11-08T13:41:02.024+0000] {override.py:1911} INFO - Created Permission View: can delete on DAG Run:example_sensor_decorator
[2024-11-08T13:41:02.034+0000] {logging_mixin.py:190} INFO - [2024-11-08T13:41:02.034+0000] {override.py:1911} INFO - Created Permission View: menu access on DAG Run:example_sensor_decorator
[2024-11-08T13:41:02.035+0000] {logging_mixin.py:190} INFO - [2024-11-08T13:41:02.035+0000] {dag.py:3239} INFO - Sync 1 DAGs
[2024-11-08T13:41:02.045+0000] {logging_mixin.py:190} INFO - [2024-11-08T13:41:02.045+0000] {dag.py:3262} INFO - Creating ORM DAG for example_sensor_decorator
[2024-11-08T13:41:02.046+0000] {logging_mixin.py:190} INFO - [2024-11-08T13:41:02.046+0000] {dag.py:4180} INFO - Setting next_dagrun for example_sensor_decorator to None, run_after=None
[2024-11-08T13:41:02.064+0000] {processor.py:208} INFO - Processing /home/airflow/.local/lib/python3.12/site-packages/airflow/example_dags/example_sensor_decorator.py took 0.192 seconds
[2024-11-08T13:41:32.834+0000] {processor.py:186} INFO - Started process (PID=170) to work on /home/airflow/.local/lib/python3.12/site-packages/airflow/example_dags/example_sensor_decorator.py
[2024-11-08T13:41:32.835+0000] {processor.py:914} INFO - Processing file /home/airflow/.local/lib/python3.12/site-packages/airflow/example_dags/example_sensor_decorator.py for tasks to queue
[2024-11-08T13:41:32.836+0000] {logging_mixin.py:190} INFO - [2024-11-08T13:41:32.836+0000] {dagbag.py:588} INFO - Filling up the DagBag from /home/airflow/.local/lib/python3.12/site-packages/airflow/example_dags/example_sensor_decorator.py
[2024-11-08T13:41:32.841+0000] {processor.py:925} INFO - DAG(s) 'example_sensor_decorator' retrieved from /home/airflow/.local/lib/python3.12/site-packages/airflow/example_dags/example_sensor_decorator.py
[2024-11-08T13:41:32.854+0000] {logging_mixin.py:190} INFO - [2024-11-08T13:41:32.854+0000] {dag.py:3239} INFO - Sync 1 DAGs
[2024-11-08T13:41:32.864+0000] {logging_mixin.py:190} INFO - [2024-11-08T13:41:32.864+0000] {dag.py:4180} INFO - Setting next_dagrun for example_sensor_decorator to None, run_after=None
[2024-11-08T13:41:32.881+0000] {processor.py:208} INFO - Processing /home/airflow/.local/lib/python3.12/site-packages/airflow/example_dags/example_sensor_decorator.py took 0.050 seconds
[2024-11-08T13:42:04.240+0000] {processor.py:186} INFO - Started process (PID=233) to work on /home/airflow/.local/lib/python3.12/site-packages/airflow/example_dags/example_sensor_decorator.py
[2024-11-08T13:42:04.240+0000] {processor.py:914} INFO - Processing file /home/airflow/.local/lib/python3.12/site-packages/airflow/example_dags/example_sensor_decorator.py for tasks to queue
[2024-11-08T13:42:04.242+0000] {logging_mixin.py:190} INFO - [2024-11-08T13:42:04.242+0000] {dagbag.py:588} INFO - Filling up the DagBag from /home/airflow/.local/lib/python3.12/site-packages/airflow/example_dags/example_sensor_decorator.py
[2024-11-08T13:42:04.248+0000] {processor.py:925} INFO - DAG(s) 'example_sensor_decorator' retrieved from /home/airflow/.local/lib/python3.12/site-packages/airflow/example_dags/example_sensor_decorator.py
[2024-11-08T13:42:04.265+0000] {logging_mixin.py:190} INFO - [2024-11-08T13:42:04.264+0000] {dag.py:3239} INFO - Sync 1 DAGs
[2024-11-08T13:42:04.276+0000] {logging_mixin.py:190} INFO - [2024-11-08T13:42:04.276+0000] {dag.py:4180} INFO - Setting next_dagrun for example_sensor_decorator to None, run_after=None
[2024-11-08T13:42:04.295+0000] {processor.py:208} INFO - Processing /home/airflow/.local/lib/python3.12/site-packages/airflow/example_dags/example_sensor_decorator.py took 0.059 seconds
[2024-11-08T13:42:35.562+0000] {processor.py:186} INFO - Started process (PID=296) to work on /home/airflow/.local/lib/python3.12/site-packages/airflow/example_dags/example_sensor_decorator.py
[2024-11-08T13:42:35.563+0000] {processor.py:914} INFO - Processing file /home/airflow/.local/lib/python3.12/site-packages/airflow/example_dags/example_sensor_decorator.py for tasks to queue
[2024-11-08T13:42:35.564+0000] {logging_mixin.py:190} INFO - [2024-11-08T13:42:35.564+0000] {dagbag.py:588} INFO - Filling up the DagBag from /home/airflow/.local/lib/python3.12/site-packages/airflow/example_dags/example_sensor_decorator.py
[2024-11-08T13:42:35.570+0000] {processor.py:925} INFO - DAG(s) 'example_sensor_decorator' retrieved from /home/airflow/.local/lib/python3.12/site-packages/airflow/example_dags/example_sensor_decorator.py
[2024-11-08T13:42:35.583+0000] {logging_mixin.py:190} INFO - [2024-11-08T13:42:35.582+0000] {dag.py:3239} INFO - Sync 1 DAGs
[2024-11-08T13:42:35.592+0000] {logging_mixin.py:190} INFO - [2024-11-08T13:42:35.592+0000] {dag.py:4180} INFO - Setting next_dagrun for example_sensor_decorator to None, run_after=None
[2024-11-08T13:42:35.608+0000] {processor.py:208} INFO - Processing /home/airflow/.local/lib/python3.12/site-packages/airflow/example_dags/example_sensor_decorator.py took 0.050 seconds
[2024-11-08T13:43:06.679+0000] {processor.py:186} INFO - Started process (PID=359) to work on /home/airflow/.local/lib/python3.12/site-packages/airflow/example_dags/example_sensor_decorator.py
[2024-11-08T13:43:06.680+0000] {processor.py:914} INFO - Processing file /home/airflow/.local/lib/python3.12/site-packages/airflow/example_dags/example_sensor_decorator.py for tasks to queue
[2024-11-08T13:43:06.681+0000] {logging_mixin.py:190} INFO - [2024-11-08T13:43:06.681+0000] {dagbag.py:588} INFO - Filling up the DagBag from /home/airflow/.local/lib/python3.12/site-packages/airflow/example_dags/example_sensor_decorator.py
[2024-11-08T13:43:06.686+0000] {processor.py:925} INFO - DAG(s) 'example_sensor_decorator' retrieved from /home/airflow/.local/lib/python3.12/site-packages/airflow/example_dags/example_sensor_decorator.py
[2024-11-08T13:43:06.700+0000] {logging_mixin.py:190} INFO - [2024-11-08T13:43:06.699+0000] {dag.py:3239} INFO - Sync 1 DAGs
[2024-11-08T13:43:06.710+0000] {logging_mixin.py:190} INFO - [2024-11-08T13:43:06.710+0000] {dag.py:4180} INFO - Setting next_dagrun for example_sensor_decorator to None, run_after=None
[2024-11-08T13:43:06.730+0000] {processor.py:208} INFO - Processing /home/airflow/.local/lib/python3.12/site-packages/airflow/example_dags/example_sensor_decorator.py took 0.055 seconds
[2024-11-08T13:43:37.309+0000] {processor.py:186} INFO - Started process (PID=422) to work on /home/airflow/.local/lib/python3.12/site-packages/airflow/example_dags/example_sensor_decorator.py
[2024-11-08T13:43:37.310+0000] {processor.py:914} INFO - Processing file /home/airflow/.local/lib/python3.12/site-packages/airflow/example_dags/example_sensor_decorator.py for tasks to queue
[2024-11-08T13:43:37.311+0000] {logging_mixin.py:190} INFO - [2024-11-08T13:43:37.311+0000] {dagbag.py:588} INFO - Filling up the DagBag from /home/airflow/.local/lib/python3.12/site-packages/airflow/example_dags/example_sensor_decorator.py
[2024-11-08T13:43:37.316+0000] {processor.py:925} INFO - DAG(s) 'example_sensor_decorator' retrieved from /home/airflow/.local/lib/python3.12/site-packages/airflow/example_dags/example_sensor_decorator.py
[2024-11-08T13:43:37.330+0000] {logging_mixin.py:190} INFO - [2024-11-08T13:43:37.330+0000] {dag.py:3239} INFO - Sync 1 DAGs
[2024-11-08T13:43:37.340+0000] {logging_mixin.py:190} INFO - [2024-11-08T13:43:37.340+0000] {dag.py:4180} INFO - Setting next_dagrun for example_sensor_decorator to None, run_after=None
[2024-11-08T13:43:37.359+0000] {processor.py:208} INFO - Processing /home/airflow/.local/lib/python3.12/site-packages/airflow/example_dags/example_sensor_decorator.py took 0.054 seconds
[2024-11-08T13:44:07.954+0000] {processor.py:186} INFO - Started process (PID=485) to work on /home/airflow/.local/lib/python3.12/site-packages/airflow/example_dags/example_sensor_decorator.py
[2024-11-08T13:44:07.955+0000] {processor.py:914} INFO - Processing file /home/airflow/.local/lib/python3.12/site-packages/airflow/example_dags/example_sensor_decorator.py for tasks to queue
[2024-11-08T13:44:07.956+0000] {logging_mixin.py:190} INFO - [2024-11-08T13:44:07.956+0000] {dagbag.py:588} INFO - Filling up the DagBag from /home/airflow/.local/lib/python3.12/site-packages/airflow/example_dags/example_sensor_decorator.py
[2024-11-08T13:44:07.962+0000] {processor.py:925} INFO - DAG(s) 'example_sensor_decorator' retrieved from /home/airflow/.local/lib/python3.12/site-packages/airflow/example_dags/example_sensor_decorator.py
[2024-11-08T13:44:07.975+0000] {logging_mixin.py:190} INFO - [2024-11-08T13:44:07.975+0000] {dag.py:3239} INFO - Sync 1 DAGs
[2024-11-08T13:44:07.986+0000] {logging_mixin.py:190} INFO - [2024-11-08T13:44:07.986+0000] {dag.py:4180} INFO - Setting next_dagrun for example_sensor_decorator to None, run_after=None
[2024-11-08T13:44:08.000+0000] {processor.py:208} INFO - Processing /home/airflow/.local/lib/python3.12/site-packages/airflow/example_dags/example_sensor_decorator.py took 0.050 seconds
[2024-11-08T13:44:39.488+0000] {processor.py:186} INFO - Started process (PID=548) to work on /home/airflow/.local/lib/python3.12/site-packages/airflow/example_dags/example_sensor_decorator.py
[2024-11-08T13:44:39.489+0000] {processor.py:914} INFO - Processing file /home/airflow/.local/lib/python3.12/site-packages/airflow/example_dags/example_sensor_decorator.py for tasks to queue
[2024-11-08T13:44:39.491+0000] {logging_mixin.py:190} INFO - [2024-11-08T13:44:39.490+0000] {dagbag.py:588} INFO - Filling up the DagBag from /home/airflow/.local/lib/python3.12/site-packages/airflow/example_dags/example_sensor_decorator.py
[2024-11-08T13:44:39.498+0000] {processor.py:925} INFO - DAG(s) 'example_sensor_decorator' retrieved from /home/airflow/.local/lib/python3.12/site-packages/airflow/example_dags/example_sensor_decorator.py
[2024-11-08T13:44:39.514+0000] {logging_mixin.py:190} INFO - [2024-11-08T13:44:39.514+0000] {dag.py:3239} INFO - Sync 1 DAGs
[2024-11-08T13:44:39.527+0000] {logging_mixin.py:190} INFO - [2024-11-08T13:44:39.527+0000] {dag.py:4180} INFO - Setting next_dagrun for example_sensor_decorator to None, run_after=None
[2024-11-08T13:44:39.548+0000] {processor.py:208} INFO - Processing /home/airflow/.local/lib/python3.12/site-packages/airflow/example_dags/example_sensor_decorator.py took 0.064 seconds
[2024-11-08T13:45:10.931+0000] {processor.py:186} INFO - Started process (PID=611) to work on /home/airflow/.local/lib/python3.12/site-packages/airflow/example_dags/example_sensor_decorator.py
[2024-11-08T13:45:10.932+0000] {processor.py:914} INFO - Processing file /home/airflow/.local/lib/python3.12/site-packages/airflow/example_dags/example_sensor_decorator.py for tasks to queue
[2024-11-08T13:45:10.934+0000] {logging_mixin.py:190} INFO - [2024-11-08T13:45:10.933+0000] {dagbag.py:588} INFO - Filling up the DagBag from /home/airflow/.local/lib/python3.12/site-packages/airflow/example_dags/example_sensor_decorator.py
[2024-11-08T13:45:10.939+0000] {processor.py:925} INFO - DAG(s) 'example_sensor_decorator' retrieved from /home/airflow/.local/lib/python3.12/site-packages/airflow/example_dags/example_sensor_decorator.py
[2024-11-08T13:45:10.953+0000] {logging_mixin.py:190} INFO - [2024-11-08T13:45:10.953+0000] {dag.py:3239} INFO - Sync 1 DAGs
[2024-11-08T13:45:10.964+0000] {logging_mixin.py:190} INFO - [2024-11-08T13:45:10.963+0000] {dag.py:4180} INFO - Setting next_dagrun for example_sensor_decorator to None, run_after=None
[2024-11-08T13:45:10.983+0000] {processor.py:208} INFO - Processing /home/airflow/.local/lib/python3.12/site-packages/airflow/example_dags/example_sensor_decorator.py took 0.056 seconds
[2024-11-08T13:45:41.983+0000] {processor.py:186} INFO - Started process (PID=674) to work on /home/airflow/.local/lib/python3.12/site-packages/airflow/example_dags/example_sensor_decorator.py
[2024-11-08T13:45:41.984+0000] {processor.py:914} INFO - Processing file /home/airflow/.local/lib/python3.12/site-packages/airflow/example_dags/example_sensor_decorator.py for tasks to queue
[2024-11-08T13:45:41.985+0000] {logging_mixin.py:190} INFO - [2024-11-08T13:45:41.985+0000] {dagbag.py:588} INFO - Filling up the DagBag from /home/airflow/.local/lib/python3.12/site-packages/airflow/example_dags/example_sensor_decorator.py
[2024-11-08T13:45:41.990+0000] {processor.py:925} INFO - DAG(s) 'example_sensor_decorator' retrieved from /home/airflow/.local/lib/python3.12/site-packages/airflow/example_dags/example_sensor_decorator.py
[2024-11-08T13:45:42.003+0000] {logging_mixin.py:190} INFO - [2024-11-08T13:45:42.003+0000] {dag.py:3239} INFO - Sync 1 DAGs
[2024-11-08T13:45:42.013+0000] {logging_mixin.py:190} INFO - [2024-11-08T13:45:42.013+0000] {dag.py:4180} INFO - Setting next_dagrun for example_sensor_decorator to None, run_after=None
[2024-11-08T13:45:42.027+0000] {processor.py:208} INFO - Processing /home/airflow/.local/lib/python3.12/site-packages/airflow/example_dags/example_sensor_decorator.py took 0.048 seconds
[2024-11-08T13:46:12.746+0000] {processor.py:186} INFO - Started process (PID=738) to work on /home/airflow/.local/lib/python3.12/site-packages/airflow/example_dags/example_sensor_decorator.py
[2024-11-08T13:46:12.746+0000] {processor.py:914} INFO - Processing file /home/airflow/.local/lib/python3.12/site-packages/airflow/example_dags/example_sensor_decorator.py for tasks to queue
[2024-11-08T13:46:12.748+0000] {logging_mixin.py:190} INFO - [2024-11-08T13:46:12.748+0000] {dagbag.py:588} INFO - Filling up the DagBag from /home/airflow/.local/lib/python3.12/site-packages/airflow/example_dags/example_sensor_decorator.py
[2024-11-08T13:46:12.754+0000] {processor.py:925} INFO - DAG(s) 'example_sensor_decorator' retrieved from /home/airflow/.local/lib/python3.12/site-packages/airflow/example_dags/example_sensor_decorator.py
[2024-11-08T13:46:12.770+0000] {logging_mixin.py:190} INFO - [2024-11-08T13:46:12.770+0000] {dag.py:3239} INFO - Sync 1 DAGs
[2024-11-08T13:46:12.781+0000] {logging_mixin.py:190} INFO - [2024-11-08T13:46:12.781+0000] {dag.py:4180} INFO - Setting next_dagrun for example_sensor_decorator to None, run_after=None
[2024-11-08T13:46:12.799+0000] {processor.py:208} INFO - Processing /home/airflow/.local/lib/python3.12/site-packages/airflow/example_dags/example_sensor_decorator.py took 0.058 seconds
[2024-11-08T13:46:43.343+0000] {processor.py:186} INFO - Started process (PID=802) to work on /home/airflow/.local/lib/python3.12/site-packages/airflow/example_dags/example_sensor_decorator.py
[2024-11-08T13:46:43.344+0000] {processor.py:914} INFO - Processing file /home/airflow/.local/lib/python3.12/site-packages/airflow/example_dags/example_sensor_decorator.py for tasks to queue
[2024-11-08T13:46:43.345+0000] {logging_mixin.py:190} INFO - [2024-11-08T13:46:43.345+0000] {dagbag.py:588} INFO - Filling up the DagBag from /home/airflow/.local/lib/python3.12/site-packages/airflow/example_dags/example_sensor_decorator.py
[2024-11-08T13:46:43.350+0000] {processor.py:925} INFO - DAG(s) 'example_sensor_decorator' retrieved from /home/airflow/.local/lib/python3.12/site-packages/airflow/example_dags/example_sensor_decorator.py
[2024-11-08T13:46:43.364+0000] {logging_mixin.py:190} INFO - [2024-11-08T13:46:43.363+0000] {dag.py:3239} INFO - Sync 1 DAGs
[2024-11-08T13:46:43.374+0000] {logging_mixin.py:190} INFO - [2024-11-08T13:46:43.374+0000] {dag.py:4180} INFO - Setting next_dagrun for example_sensor_decorator to None, run_after=None
[2024-11-08T13:46:43.389+0000] {processor.py:208} INFO - Processing /home/airflow/.local/lib/python3.12/site-packages/airflow/example_dags/example_sensor_decorator.py took 0.050 seconds
[2024-11-08T13:47:14.685+0000] {processor.py:186} INFO - Started process (PID=866) to work on /home/airflow/.local/lib/python3.12/site-packages/airflow/example_dags/example_sensor_decorator.py
[2024-11-08T13:47:14.686+0000] {processor.py:914} INFO - Processing file /home/airflow/.local/lib/python3.12/site-packages/airflow/example_dags/example_sensor_decorator.py for tasks to queue
[2024-11-08T13:47:14.688+0000] {logging_mixin.py:190} INFO - [2024-11-08T13:47:14.687+0000] {dagbag.py:588} INFO - Filling up the DagBag from /home/airflow/.local/lib/python3.12/site-packages/airflow/example_dags/example_sensor_decorator.py
[2024-11-08T13:47:14.693+0000] {processor.py:925} INFO - DAG(s) 'example_sensor_decorator' retrieved from /home/airflow/.local/lib/python3.12/site-packages/airflow/example_dags/example_sensor_decorator.py
[2024-11-08T13:47:14.706+0000] {logging_mixin.py:190} INFO - [2024-11-08T13:47:14.706+0000] {dag.py:3239} INFO - Sync 1 DAGs
[2024-11-08T13:47:14.717+0000] {logging_mixin.py:190} INFO - [2024-11-08T13:47:14.716+0000] {dag.py:4180} INFO - Setting next_dagrun for example_sensor_decorator to None, run_after=None
[2024-11-08T13:47:14.731+0000] {processor.py:208} INFO - Processing /home/airflow/.local/lib/python3.12/site-packages/airflow/example_dags/example_sensor_decorator.py took 0.050 seconds
[2024-11-08T13:47:45.574+0000] {processor.py:186} INFO - Started process (PID=930) to work on /home/airflow/.local/lib/python3.12/site-packages/airflow/example_dags/example_sensor_decorator.py
[2024-11-08T13:47:45.574+0000] {processor.py:914} INFO - Processing file /home/airflow/.local/lib/python3.12/site-packages/airflow/example_dags/example_sensor_decorator.py for tasks to queue
[2024-11-08T13:47:45.576+0000] {logging_mixin.py:190} INFO - [2024-11-08T13:47:45.576+0000] {dagbag.py:588} INFO - Filling up the DagBag from /home/airflow/.local/lib/python3.12/site-packages/airflow/example_dags/example_sensor_decorator.py
[2024-11-08T13:47:45.581+0000] {processor.py:925} INFO - DAG(s) 'example_sensor_decorator' retrieved from /home/airflow/.local/lib/python3.12/site-packages/airflow/example_dags/example_sensor_decorator.py
[2024-11-08T13:47:45.595+0000] {logging_mixin.py:190} INFO - [2024-11-08T13:47:45.594+0000] {dag.py:3239} INFO - Sync 1 DAGs
[2024-11-08T13:47:45.605+0000] {logging_mixin.py:190} INFO - [2024-11-08T13:47:45.605+0000] {dag.py:4180} INFO - Setting next_dagrun for example_sensor_decorator to None, run_after=None
[2024-11-08T13:47:45.623+0000] {processor.py:208} INFO - Processing /home/airflow/.local/lib/python3.12/site-packages/airflow/example_dags/example_sensor_decorator.py took 0.053 seconds
[2024-11-08T13:48:16.896+0000] {processor.py:186} INFO - Started process (PID=994) to work on /home/airflow/.local/lib/python3.12/site-packages/airflow/example_dags/example_sensor_decorator.py
[2024-11-08T13:48:16.896+0000] {processor.py:914} INFO - Processing file /home/airflow/.local/lib/python3.12/site-packages/airflow/example_dags/example_sensor_decorator.py for tasks to queue
[2024-11-08T13:48:16.898+0000] {logging_mixin.py:190} INFO - [2024-11-08T13:48:16.898+0000] {dagbag.py:588} INFO - Filling up the DagBag from /home/airflow/.local/lib/python3.12/site-packages/airflow/example_dags/example_sensor_decorator.py
[2024-11-08T13:48:16.903+0000] {processor.py:925} INFO - DAG(s) 'example_sensor_decorator' retrieved from /home/airflow/.local/lib/python3.12/site-packages/airflow/example_dags/example_sensor_decorator.py
[2024-11-08T13:48:16.917+0000] {logging_mixin.py:190} INFO - [2024-11-08T13:48:16.917+0000] {dag.py:3239} INFO - Sync 1 DAGs
[2024-11-08T13:48:16.928+0000] {logging_mixin.py:190} INFO - [2024-11-08T13:48:16.927+0000] {dag.py:4180} INFO - Setting next_dagrun for example_sensor_decorator to None, run_after=None
[2024-11-08T13:48:16.946+0000] {processor.py:208} INFO - Processing /home/airflow/.local/lib/python3.12/site-packages/airflow/example_dags/example_sensor_decorator.py took 0.054 seconds
