[2024-11-08T13:40:59.867+0000] {processor.py:186} INFO - Started process (PID=94) to work on /home/airflow/.local/lib/python3.12/site-packages/airflow/example_dags/example_xcomargs.py
[2024-11-08T13:40:59.868+0000] {processor.py:914} INFO - Processing file /home/airflow/.local/lib/python3.12/site-packages/airflow/example_dags/example_xcomargs.py for tasks to queue
[2024-11-08T13:40:59.870+0000] {logging_mixin.py:190} INFO - [2024-11-08T13:40:59.870+0000] {dagbag.py:588} INFO - Filling up the DagBag from /home/airflow/.local/lib/python3.12/site-packages/airflow/example_dags/example_xcomargs.py
[2024-11-08T13:40:59.878+0000] {processor.py:925} INFO - DAG(s) 'example_xcom_args', 'example_xcom_args_with_operators' retrieved from /home/airflow/.local/lib/python3.12/site-packages/airflow/example_dags/example_xcomargs.py
[2024-11-08T13:40:59.960+0000] {logging_mixin.py:190} INFO - [2024-11-08T13:40:59.959+0000] {override.py:1911} INFO - Created Permission View: can read on DAG:example_xcom_args
[2024-11-08T13:40:59.970+0000] {logging_mixin.py:190} INFO - [2024-11-08T13:40:59.969+0000] {override.py:1911} INFO - Created Permission View: can edit on DAG:example_xcom_args
[2024-11-08T13:40:59.980+0000] {logging_mixin.py:190} INFO - [2024-11-08T13:40:59.979+0000] {override.py:1911} INFO - Created Permission View: can delete on DAG:example_xcom_args
[2024-11-08T13:40:59.989+0000] {logging_mixin.py:190} INFO - [2024-11-08T13:40:59.989+0000] {override.py:1911} INFO - Created Permission View: can read on DAG Run:example_xcom_args
[2024-11-08T13:40:59.999+0000] {logging_mixin.py:190} INFO - [2024-11-08T13:40:59.999+0000] {override.py:1911} INFO - Created Permission View: can create on DAG Run:example_xcom_args
[2024-11-08T13:41:00.011+0000] {logging_mixin.py:190} INFO - [2024-11-08T13:41:00.011+0000] {override.py:1911} INFO - Created Permission View: can delete on DAG Run:example_xcom_args
[2024-11-08T13:41:00.017+0000] {logging_mixin.py:190} INFO - [2024-11-08T13:41:00.016+0000] {override.py:1911} INFO - Created Permission View: menu access on DAG Run:example_xcom_args
[2024-11-08T13:41:00.039+0000] {logging_mixin.py:190} INFO - [2024-11-08T13:41:00.038+0000] {override.py:1911} INFO - Created Permission View: can read on DAG:example_xcom_args_with_operators
[2024-11-08T13:41:00.046+0000] {logging_mixin.py:190} INFO - [2024-11-08T13:41:00.046+0000] {override.py:1911} INFO - Created Permission View: can edit on DAG:example_xcom_args_with_operators
[2024-11-08T13:41:00.054+0000] {logging_mixin.py:190} INFO - [2024-11-08T13:41:00.054+0000] {override.py:1911} INFO - Created Permission View: can delete on DAG:example_xcom_args_with_operators
[2024-11-08T13:41:00.065+0000] {logging_mixin.py:190} INFO - [2024-11-08T13:41:00.064+0000] {override.py:1911} INFO - Created Permission View: can read on DAG Run:example_xcom_args_with_operators
[2024-11-08T13:41:00.074+0000] {logging_mixin.py:190} INFO - [2024-11-08T13:41:00.074+0000] {override.py:1911} INFO - Created Permission View: can create on DAG Run:example_xcom_args_with_operators
[2024-11-08T13:41:00.084+0000] {logging_mixin.py:190} INFO - [2024-11-08T13:41:00.083+0000] {override.py:1911} INFO - Created Permission View: can delete on DAG Run:example_xcom_args_with_operators
[2024-11-08T13:41:00.089+0000] {logging_mixin.py:190} INFO - [2024-11-08T13:41:00.089+0000] {override.py:1911} INFO - Created Permission View: menu access on DAG Run:example_xcom_args_with_operators
[2024-11-08T13:41:00.090+0000] {logging_mixin.py:190} INFO - [2024-11-08T13:41:00.090+0000] {dag.py:3239} INFO - Sync 2 DAGs
[2024-11-08T13:41:00.101+0000] {logging_mixin.py:190} INFO - [2024-11-08T13:41:00.101+0000] {dag.py:3262} INFO - Creating ORM DAG for example_xcom_args_with_operators
[2024-11-08T13:41:00.102+0000] {logging_mixin.py:190} INFO - [2024-11-08T13:41:00.102+0000] {dag.py:3262} INFO - Creating ORM DAG for example_xcom_args
[2024-11-08T13:41:00.102+0000] {logging_mixin.py:190} INFO - [2024-11-08T13:41:00.102+0000] {dag.py:4180} INFO - Setting next_dagrun for example_xcom_args to None, run_after=None
[2024-11-08T13:41:00.103+0000] {logging_mixin.py:190} INFO - [2024-11-08T13:41:00.103+0000] {dag.py:4180} INFO - Setting next_dagrun for example_xcom_args_with_operators to None, run_after=None
[2024-11-08T13:41:00.117+0000] {processor.py:208} INFO - Processing /home/airflow/.local/lib/python3.12/site-packages/airflow/example_dags/example_xcomargs.py took 0.253 seconds
[2024-11-08T13:41:30.851+0000] {processor.py:186} INFO - Started process (PID=157) to work on /home/airflow/.local/lib/python3.12/site-packages/airflow/example_dags/example_xcomargs.py
[2024-11-08T13:41:30.852+0000] {processor.py:914} INFO - Processing file /home/airflow/.local/lib/python3.12/site-packages/airflow/example_dags/example_xcomargs.py for tasks to queue
[2024-11-08T13:41:30.854+0000] {logging_mixin.py:190} INFO - [2024-11-08T13:41:30.854+0000] {dagbag.py:588} INFO - Filling up the DagBag from /home/airflow/.local/lib/python3.12/site-packages/airflow/example_dags/example_xcomargs.py
[2024-11-08T13:41:30.860+0000] {processor.py:925} INFO - DAG(s) 'example_xcom_args', 'example_xcom_args_with_operators' retrieved from /home/airflow/.local/lib/python3.12/site-packages/airflow/example_dags/example_xcomargs.py
[2024-11-08T13:41:30.876+0000] {logging_mixin.py:190} INFO - [2024-11-08T13:41:30.876+0000] {dag.py:3239} INFO - Sync 2 DAGs
[2024-11-08T13:41:30.886+0000] {logging_mixin.py:190} INFO - [2024-11-08T13:41:30.886+0000] {dag.py:4180} INFO - Setting next_dagrun for example_xcom_args to None, run_after=None
[2024-11-08T13:41:30.889+0000] {logging_mixin.py:190} INFO - [2024-11-08T13:41:30.889+0000] {dag.py:4180} INFO - Setting next_dagrun for example_xcom_args_with_operators to None, run_after=None
[2024-11-08T13:41:30.902+0000] {processor.py:208} INFO - Processing /home/airflow/.local/lib/python3.12/site-packages/airflow/example_dags/example_xcomargs.py took 0.055 seconds
[2024-11-08T13:42:01.222+0000] {processor.py:186} INFO - Started process (PID=220) to work on /home/airflow/.local/lib/python3.12/site-packages/airflow/example_dags/example_xcomargs.py
[2024-11-08T13:42:01.223+0000] {processor.py:914} INFO - Processing file /home/airflow/.local/lib/python3.12/site-packages/airflow/example_dags/example_xcomargs.py for tasks to queue
[2024-11-08T13:42:01.225+0000] {logging_mixin.py:190} INFO - [2024-11-08T13:42:01.224+0000] {dagbag.py:588} INFO - Filling up the DagBag from /home/airflow/.local/lib/python3.12/site-packages/airflow/example_dags/example_xcomargs.py
[2024-11-08T13:42:01.231+0000] {processor.py:925} INFO - DAG(s) 'example_xcom_args', 'example_xcom_args_with_operators' retrieved from /home/airflow/.local/lib/python3.12/site-packages/airflow/example_dags/example_xcomargs.py
[2024-11-08T13:42:01.248+0000] {logging_mixin.py:190} INFO - [2024-11-08T13:42:01.248+0000] {dag.py:3239} INFO - Sync 2 DAGs
[2024-11-08T13:42:01.259+0000] {logging_mixin.py:190} INFO - [2024-11-08T13:42:01.259+0000] {dag.py:4180} INFO - Setting next_dagrun for example_xcom_args to None, run_after=None
[2024-11-08T13:42:01.262+0000] {logging_mixin.py:190} INFO - [2024-11-08T13:42:01.262+0000] {dag.py:4180} INFO - Setting next_dagrun for example_xcom_args_with_operators to None, run_after=None
[2024-11-08T13:42:01.277+0000] {processor.py:208} INFO - Processing /home/airflow/.local/lib/python3.12/site-packages/airflow/example_dags/example_xcomargs.py took 0.060 seconds
[2024-11-08T13:42:31.420+0000] {processor.py:186} INFO - Started process (PID=283) to work on /home/airflow/.local/lib/python3.12/site-packages/airflow/example_dags/example_xcomargs.py
[2024-11-08T13:42:31.421+0000] {processor.py:914} INFO - Processing file /home/airflow/.local/lib/python3.12/site-packages/airflow/example_dags/example_xcomargs.py for tasks to queue
[2024-11-08T13:42:31.423+0000] {logging_mixin.py:190} INFO - [2024-11-08T13:42:31.423+0000] {dagbag.py:588} INFO - Filling up the DagBag from /home/airflow/.local/lib/python3.12/site-packages/airflow/example_dags/example_xcomargs.py
[2024-11-08T13:42:31.431+0000] {processor.py:925} INFO - DAG(s) 'example_xcom_args_with_operators', 'example_xcom_args' retrieved from /home/airflow/.local/lib/python3.12/site-packages/airflow/example_dags/example_xcomargs.py
[2024-11-08T13:42:31.449+0000] {logging_mixin.py:190} INFO - [2024-11-08T13:42:31.448+0000] {dag.py:3239} INFO - Sync 2 DAGs
[2024-11-08T13:42:31.460+0000] {logging_mixin.py:190} INFO - [2024-11-08T13:42:31.460+0000] {dag.py:4180} INFO - Setting next_dagrun for example_xcom_args to None, run_after=None
[2024-11-08T13:42:31.463+0000] {logging_mixin.py:190} INFO - [2024-11-08T13:42:31.463+0000] {dag.py:4180} INFO - Setting next_dagrun for example_xcom_args_with_operators to None, run_after=None
[2024-11-08T13:42:31.475+0000] {processor.py:208} INFO - Processing /home/airflow/.local/lib/python3.12/site-packages/airflow/example_dags/example_xcomargs.py took 0.060 seconds
[2024-11-08T13:43:01.571+0000] {processor.py:186} INFO - Started process (PID=346) to work on /home/airflow/.local/lib/python3.12/site-packages/airflow/example_dags/example_xcomargs.py
[2024-11-08T13:43:01.571+0000] {processor.py:914} INFO - Processing file /home/airflow/.local/lib/python3.12/site-packages/airflow/example_dags/example_xcomargs.py for tasks to queue
[2024-11-08T13:43:01.573+0000] {logging_mixin.py:190} INFO - [2024-11-08T13:43:01.573+0000] {dagbag.py:588} INFO - Filling up the DagBag from /home/airflow/.local/lib/python3.12/site-packages/airflow/example_dags/example_xcomargs.py
[2024-11-08T13:43:01.579+0000] {processor.py:925} INFO - DAG(s) 'example_xcom_args_with_operators', 'example_xcom_args' retrieved from /home/airflow/.local/lib/python3.12/site-packages/airflow/example_dags/example_xcomargs.py
[2024-11-08T13:43:01.595+0000] {logging_mixin.py:190} INFO - [2024-11-08T13:43:01.595+0000] {dag.py:3239} INFO - Sync 2 DAGs
[2024-11-08T13:43:01.606+0000] {logging_mixin.py:190} INFO - [2024-11-08T13:43:01.605+0000] {dag.py:4180} INFO - Setting next_dagrun for example_xcom_args to None, run_after=None
[2024-11-08T13:43:01.609+0000] {logging_mixin.py:190} INFO - [2024-11-08T13:43:01.608+0000] {dag.py:4180} INFO - Setting next_dagrun for example_xcom_args_with_operators to None, run_after=None
[2024-11-08T13:43:01.622+0000] {processor.py:208} INFO - Processing /home/airflow/.local/lib/python3.12/site-packages/airflow/example_dags/example_xcomargs.py took 0.055 seconds
[2024-11-08T13:43:32.243+0000] {processor.py:186} INFO - Started process (PID=409) to work on /home/airflow/.local/lib/python3.12/site-packages/airflow/example_dags/example_xcomargs.py
[2024-11-08T13:43:32.243+0000] {processor.py:914} INFO - Processing file /home/airflow/.local/lib/python3.12/site-packages/airflow/example_dags/example_xcomargs.py for tasks to queue
[2024-11-08T13:43:32.245+0000] {logging_mixin.py:190} INFO - [2024-11-08T13:43:32.245+0000] {dagbag.py:588} INFO - Filling up the DagBag from /home/airflow/.local/lib/python3.12/site-packages/airflow/example_dags/example_xcomargs.py
[2024-11-08T13:43:32.251+0000] {processor.py:925} INFO - DAG(s) 'example_xcom_args', 'example_xcom_args_with_operators' retrieved from /home/airflow/.local/lib/python3.12/site-packages/airflow/example_dags/example_xcomargs.py
[2024-11-08T13:43:32.267+0000] {logging_mixin.py:190} INFO - [2024-11-08T13:43:32.267+0000] {dag.py:3239} INFO - Sync 2 DAGs
[2024-11-08T13:43:32.278+0000] {logging_mixin.py:190} INFO - [2024-11-08T13:43:32.277+0000] {dag.py:4180} INFO - Setting next_dagrun for example_xcom_args to None, run_after=None
[2024-11-08T13:43:32.280+0000] {logging_mixin.py:190} INFO - [2024-11-08T13:43:32.280+0000] {dag.py:4180} INFO - Setting next_dagrun for example_xcom_args_with_operators to None, run_after=None
[2024-11-08T13:43:32.298+0000] {processor.py:208} INFO - Processing /home/airflow/.local/lib/python3.12/site-packages/airflow/example_dags/example_xcomargs.py took 0.059 seconds
[2024-11-08T13:44:02.889+0000] {processor.py:186} INFO - Started process (PID=472) to work on /home/airflow/.local/lib/python3.12/site-packages/airflow/example_dags/example_xcomargs.py
[2024-11-08T13:44:02.890+0000] {processor.py:914} INFO - Processing file /home/airflow/.local/lib/python3.12/site-packages/airflow/example_dags/example_xcomargs.py for tasks to queue
[2024-11-08T13:44:02.891+0000] {logging_mixin.py:190} INFO - [2024-11-08T13:44:02.891+0000] {dagbag.py:588} INFO - Filling up the DagBag from /home/airflow/.local/lib/python3.12/site-packages/airflow/example_dags/example_xcomargs.py
[2024-11-08T13:44:02.898+0000] {processor.py:925} INFO - DAG(s) 'example_xcom_args', 'example_xcom_args_with_operators' retrieved from /home/airflow/.local/lib/python3.12/site-packages/airflow/example_dags/example_xcomargs.py
[2024-11-08T13:44:02.913+0000] {logging_mixin.py:190} INFO - [2024-11-08T13:44:02.913+0000] {dag.py:3239} INFO - Sync 2 DAGs
[2024-11-08T13:44:02.924+0000] {logging_mixin.py:190} INFO - [2024-11-08T13:44:02.924+0000] {dag.py:4180} INFO - Setting next_dagrun for example_xcom_args to None, run_after=None
[2024-11-08T13:44:02.927+0000] {logging_mixin.py:190} INFO - [2024-11-08T13:44:02.927+0000] {dag.py:4180} INFO - Setting next_dagrun for example_xcom_args_with_operators to None, run_after=None
[2024-11-08T13:44:02.943+0000] {processor.py:208} INFO - Processing /home/airflow/.local/lib/python3.12/site-packages/airflow/example_dags/example_xcomargs.py took 0.057 seconds
[2024-11-08T13:44:34.410+0000] {processor.py:186} INFO - Started process (PID=535) to work on /home/airflow/.local/lib/python3.12/site-packages/airflow/example_dags/example_xcomargs.py
[2024-11-08T13:44:34.411+0000] {processor.py:914} INFO - Processing file /home/airflow/.local/lib/python3.12/site-packages/airflow/example_dags/example_xcomargs.py for tasks to queue
[2024-11-08T13:44:34.413+0000] {logging_mixin.py:190} INFO - [2024-11-08T13:44:34.413+0000] {dagbag.py:588} INFO - Filling up the DagBag from /home/airflow/.local/lib/python3.12/site-packages/airflow/example_dags/example_xcomargs.py
[2024-11-08T13:44:34.420+0000] {processor.py:925} INFO - DAG(s) 'example_xcom_args', 'example_xcom_args_with_operators' retrieved from /home/airflow/.local/lib/python3.12/site-packages/airflow/example_dags/example_xcomargs.py
[2024-11-08T13:44:34.437+0000] {logging_mixin.py:190} INFO - [2024-11-08T13:44:34.436+0000] {dag.py:3239} INFO - Sync 2 DAGs
[2024-11-08T13:44:34.448+0000] {logging_mixin.py:190} INFO - [2024-11-08T13:44:34.447+0000] {dag.py:4180} INFO - Setting next_dagrun for example_xcom_args to None, run_after=None
[2024-11-08T13:44:34.451+0000] {logging_mixin.py:190} INFO - [2024-11-08T13:44:34.450+0000] {dag.py:4180} INFO - Setting next_dagrun for example_xcom_args_with_operators to None, run_after=None
[2024-11-08T13:44:34.467+0000] {processor.py:208} INFO - Processing /home/airflow/.local/lib/python3.12/site-packages/airflow/example_dags/example_xcomargs.py took 0.060 seconds
[2024-11-08T13:45:05.895+0000] {processor.py:186} INFO - Started process (PID=598) to work on /home/airflow/.local/lib/python3.12/site-packages/airflow/example_dags/example_xcomargs.py
[2024-11-08T13:45:05.896+0000] {processor.py:914} INFO - Processing file /home/airflow/.local/lib/python3.12/site-packages/airflow/example_dags/example_xcomargs.py for tasks to queue
[2024-11-08T13:45:05.897+0000] {logging_mixin.py:190} INFO - [2024-11-08T13:45:05.897+0000] {dagbag.py:588} INFO - Filling up the DagBag from /home/airflow/.local/lib/python3.12/site-packages/airflow/example_dags/example_xcomargs.py
[2024-11-08T13:45:05.904+0000] {processor.py:925} INFO - DAG(s) 'example_xcom_args', 'example_xcom_args_with_operators' retrieved from /home/airflow/.local/lib/python3.12/site-packages/airflow/example_dags/example_xcomargs.py
[2024-11-08T13:45:05.920+0000] {logging_mixin.py:190} INFO - [2024-11-08T13:45:05.920+0000] {dag.py:3239} INFO - Sync 2 DAGs
[2024-11-08T13:45:05.931+0000] {logging_mixin.py:190} INFO - [2024-11-08T13:45:05.930+0000] {dag.py:4180} INFO - Setting next_dagrun for example_xcom_args to None, run_after=None
[2024-11-08T13:45:05.934+0000] {logging_mixin.py:190} INFO - [2024-11-08T13:45:05.933+0000] {dag.py:4180} INFO - Setting next_dagrun for example_xcom_args_with_operators to None, run_after=None
[2024-11-08T13:45:05.946+0000] {processor.py:208} INFO - Processing /home/airflow/.local/lib/python3.12/site-packages/airflow/example_dags/example_xcomargs.py took 0.055 seconds
[2024-11-08T13:45:36.962+0000] {processor.py:186} INFO - Started process (PID=661) to work on /home/airflow/.local/lib/python3.12/site-packages/airflow/example_dags/example_xcomargs.py
[2024-11-08T13:45:36.962+0000] {processor.py:914} INFO - Processing file /home/airflow/.local/lib/python3.12/site-packages/airflow/example_dags/example_xcomargs.py for tasks to queue
[2024-11-08T13:45:36.964+0000] {logging_mixin.py:190} INFO - [2024-11-08T13:45:36.964+0000] {dagbag.py:588} INFO - Filling up the DagBag from /home/airflow/.local/lib/python3.12/site-packages/airflow/example_dags/example_xcomargs.py
[2024-11-08T13:45:36.971+0000] {processor.py:925} INFO - DAG(s) 'example_xcom_args_with_operators', 'example_xcom_args' retrieved from /home/airflow/.local/lib/python3.12/site-packages/airflow/example_dags/example_xcomargs.py
[2024-11-08T13:45:36.987+0000] {logging_mixin.py:190} INFO - [2024-11-08T13:45:36.987+0000] {dag.py:3239} INFO - Sync 2 DAGs
[2024-11-08T13:45:36.998+0000] {logging_mixin.py:190} INFO - [2024-11-08T13:45:36.998+0000] {dag.py:4180} INFO - Setting next_dagrun for example_xcom_args to None, run_after=None
[2024-11-08T13:45:37.002+0000] {logging_mixin.py:190} INFO - [2024-11-08T13:45:37.002+0000] {dag.py:4180} INFO - Setting next_dagrun for example_xcom_args_with_operators to None, run_after=None
[2024-11-08T13:45:37.018+0000] {processor.py:208} INFO - Processing /home/airflow/.local/lib/python3.12/site-packages/airflow/example_dags/example_xcomargs.py took 0.061 seconds
[2024-11-08T13:46:07.583+0000] {processor.py:186} INFO - Started process (PID=725) to work on /home/airflow/.local/lib/python3.12/site-packages/airflow/example_dags/example_xcomargs.py
[2024-11-08T13:46:07.584+0000] {processor.py:914} INFO - Processing file /home/airflow/.local/lib/python3.12/site-packages/airflow/example_dags/example_xcomargs.py for tasks to queue
[2024-11-08T13:46:07.586+0000] {logging_mixin.py:190} INFO - [2024-11-08T13:46:07.586+0000] {dagbag.py:588} INFO - Filling up the DagBag from /home/airflow/.local/lib/python3.12/site-packages/airflow/example_dags/example_xcomargs.py
[2024-11-08T13:46:07.592+0000] {processor.py:925} INFO - DAG(s) 'example_xcom_args', 'example_xcom_args_with_operators' retrieved from /home/airflow/.local/lib/python3.12/site-packages/airflow/example_dags/example_xcomargs.py
[2024-11-08T13:46:07.608+0000] {logging_mixin.py:190} INFO - [2024-11-08T13:46:07.608+0000] {dag.py:3239} INFO - Sync 2 DAGs
[2024-11-08T13:46:07.618+0000] {logging_mixin.py:190} INFO - [2024-11-08T13:46:07.618+0000] {dag.py:4180} INFO - Setting next_dagrun for example_xcom_args to None, run_after=None
[2024-11-08T13:46:07.621+0000] {logging_mixin.py:190} INFO - [2024-11-08T13:46:07.621+0000] {dag.py:4180} INFO - Setting next_dagrun for example_xcom_args_with_operators to None, run_after=None
[2024-11-08T13:46:07.639+0000] {processor.py:208} INFO - Processing /home/airflow/.local/lib/python3.12/site-packages/airflow/example_dags/example_xcomargs.py took 0.059 seconds
[2024-11-08T13:46:38.345+0000] {processor.py:186} INFO - Started process (PID=789) to work on /home/airflow/.local/lib/python3.12/site-packages/airflow/example_dags/example_xcomargs.py
[2024-11-08T13:46:38.345+0000] {processor.py:914} INFO - Processing file /home/airflow/.local/lib/python3.12/site-packages/airflow/example_dags/example_xcomargs.py for tasks to queue
[2024-11-08T13:46:38.347+0000] {logging_mixin.py:190} INFO - [2024-11-08T13:46:38.347+0000] {dagbag.py:588} INFO - Filling up the DagBag from /home/airflow/.local/lib/python3.12/site-packages/airflow/example_dags/example_xcomargs.py
[2024-11-08T13:46:38.354+0000] {processor.py:925} INFO - DAG(s) 'example_xcom_args', 'example_xcom_args_with_operators' retrieved from /home/airflow/.local/lib/python3.12/site-packages/airflow/example_dags/example_xcomargs.py
[2024-11-08T13:46:38.370+0000] {logging_mixin.py:190} INFO - [2024-11-08T13:46:38.370+0000] {dag.py:3239} INFO - Sync 2 DAGs
[2024-11-08T13:46:38.380+0000] {logging_mixin.py:190} INFO - [2024-11-08T13:46:38.380+0000] {dag.py:4180} INFO - Setting next_dagrun for example_xcom_args to None, run_after=None
[2024-11-08T13:46:38.383+0000] {logging_mixin.py:190} INFO - [2024-11-08T13:46:38.383+0000] {dag.py:4180} INFO - Setting next_dagrun for example_xcom_args_with_operators to None, run_after=None
[2024-11-08T13:46:38.396+0000] {processor.py:208} INFO - Processing /home/airflow/.local/lib/python3.12/site-packages/airflow/example_dags/example_xcomargs.py took 0.055 seconds
[2024-11-08T13:47:09.635+0000] {processor.py:186} INFO - Started process (PID=853) to work on /home/airflow/.local/lib/python3.12/site-packages/airflow/example_dags/example_xcomargs.py
[2024-11-08T13:47:09.636+0000] {processor.py:914} INFO - Processing file /home/airflow/.local/lib/python3.12/site-packages/airflow/example_dags/example_xcomargs.py for tasks to queue
[2024-11-08T13:47:09.637+0000] {logging_mixin.py:190} INFO - [2024-11-08T13:47:09.637+0000] {dagbag.py:588} INFO - Filling up the DagBag from /home/airflow/.local/lib/python3.12/site-packages/airflow/example_dags/example_xcomargs.py
[2024-11-08T13:47:09.644+0000] {processor.py:925} INFO - DAG(s) 'example_xcom_args_with_operators', 'example_xcom_args' retrieved from /home/airflow/.local/lib/python3.12/site-packages/airflow/example_dags/example_xcomargs.py
[2024-11-08T13:47:09.660+0000] {logging_mixin.py:190} INFO - [2024-11-08T13:47:09.660+0000] {dag.py:3239} INFO - Sync 2 DAGs
[2024-11-08T13:47:09.671+0000] {logging_mixin.py:190} INFO - [2024-11-08T13:47:09.670+0000] {dag.py:4180} INFO - Setting next_dagrun for example_xcom_args to None, run_after=None
[2024-11-08T13:47:09.673+0000] {logging_mixin.py:190} INFO - [2024-11-08T13:47:09.673+0000] {dag.py:4180} INFO - Setting next_dagrun for example_xcom_args_with_operators to None, run_after=None
[2024-11-08T13:47:09.686+0000] {processor.py:208} INFO - Processing /home/airflow/.local/lib/python3.12/site-packages/airflow/example_dags/example_xcomargs.py took 0.054 seconds
[2024-11-08T13:47:40.565+0000] {processor.py:186} INFO - Started process (PID=917) to work on /home/airflow/.local/lib/python3.12/site-packages/airflow/example_dags/example_xcomargs.py
[2024-11-08T13:47:40.565+0000] {processor.py:914} INFO - Processing file /home/airflow/.local/lib/python3.12/site-packages/airflow/example_dags/example_xcomargs.py for tasks to queue
[2024-11-08T13:47:40.567+0000] {logging_mixin.py:190} INFO - [2024-11-08T13:47:40.567+0000] {dagbag.py:588} INFO - Filling up the DagBag from /home/airflow/.local/lib/python3.12/site-packages/airflow/example_dags/example_xcomargs.py
[2024-11-08T13:47:40.574+0000] {processor.py:925} INFO - DAG(s) 'example_xcom_args', 'example_xcom_args_with_operators' retrieved from /home/airflow/.local/lib/python3.12/site-packages/airflow/example_dags/example_xcomargs.py
[2024-11-08T13:47:40.591+0000] {logging_mixin.py:190} INFO - [2024-11-08T13:47:40.590+0000] {dag.py:3239} INFO - Sync 2 DAGs
[2024-11-08T13:47:40.602+0000] {logging_mixin.py:190} INFO - [2024-11-08T13:47:40.602+0000] {dag.py:4180} INFO - Setting next_dagrun for example_xcom_args to None, run_after=None
[2024-11-08T13:47:40.605+0000] {logging_mixin.py:190} INFO - [2024-11-08T13:47:40.605+0000] {dag.py:4180} INFO - Setting next_dagrun for example_xcom_args_with_operators to None, run_after=None
[2024-11-08T13:47:40.620+0000] {processor.py:208} INFO - Processing /home/airflow/.local/lib/python3.12/site-packages/airflow/example_dags/example_xcomargs.py took 0.059 seconds
[2024-11-08T13:48:11.851+0000] {processor.py:186} INFO - Started process (PID=981) to work on /home/airflow/.local/lib/python3.12/site-packages/airflow/example_dags/example_xcomargs.py
[2024-11-08T13:48:11.852+0000] {processor.py:914} INFO - Processing file /home/airflow/.local/lib/python3.12/site-packages/airflow/example_dags/example_xcomargs.py for tasks to queue
[2024-11-08T13:48:11.853+0000] {logging_mixin.py:190} INFO - [2024-11-08T13:48:11.853+0000] {dagbag.py:588} INFO - Filling up the DagBag from /home/airflow/.local/lib/python3.12/site-packages/airflow/example_dags/example_xcomargs.py
[2024-11-08T13:48:11.859+0000] {processor.py:925} INFO - DAG(s) 'example_xcom_args', 'example_xcom_args_with_operators' retrieved from /home/airflow/.local/lib/python3.12/site-packages/airflow/example_dags/example_xcomargs.py
[2024-11-08T13:48:11.876+0000] {logging_mixin.py:190} INFO - [2024-11-08T13:48:11.875+0000] {dag.py:3239} INFO - Sync 2 DAGs
[2024-11-08T13:48:11.887+0000] {logging_mixin.py:190} INFO - [2024-11-08T13:48:11.887+0000] {dag.py:4180} INFO - Setting next_dagrun for example_xcom_args to None, run_after=None
[2024-11-08T13:48:11.890+0000] {logging_mixin.py:190} INFO - [2024-11-08T13:48:11.890+0000] {dag.py:4180} INFO - Setting next_dagrun for example_xcom_args_with_operators to None, run_after=None
[2024-11-08T13:48:11.906+0000] {processor.py:208} INFO - Processing /home/airflow/.local/lib/python3.12/site-packages/airflow/example_dags/example_xcomargs.py took 0.059 seconds
[2024-11-08T13:48:42.848+0000] {processor.py:186} INFO - Started process (PID=1045) to work on /home/airflow/.local/lib/python3.12/site-packages/airflow/example_dags/example_xcomargs.py
[2024-11-08T13:48:42.848+0000] {processor.py:914} INFO - Processing file /home/airflow/.local/lib/python3.12/site-packages/airflow/example_dags/example_xcomargs.py for tasks to queue
[2024-11-08T13:48:42.850+0000] {logging_mixin.py:190} INFO - [2024-11-08T13:48:42.850+0000] {dagbag.py:588} INFO - Filling up the DagBag from /home/airflow/.local/lib/python3.12/site-packages/airflow/example_dags/example_xcomargs.py
[2024-11-08T13:48:42.857+0000] {processor.py:925} INFO - DAG(s) 'example_xcom_args', 'example_xcom_args_with_operators' retrieved from /home/airflow/.local/lib/python3.12/site-packages/airflow/example_dags/example_xcomargs.py
[2024-11-08T13:48:42.872+0000] {logging_mixin.py:190} INFO - [2024-11-08T13:48:42.872+0000] {dag.py:3239} INFO - Sync 2 DAGs
[2024-11-08T13:48:42.884+0000] {logging_mixin.py:190} INFO - [2024-11-08T13:48:42.883+0000] {dag.py:4180} INFO - Setting next_dagrun for example_xcom_args to None, run_after=None
[2024-11-08T13:48:42.886+0000] {logging_mixin.py:190} INFO - [2024-11-08T13:48:42.886+0000] {dag.py:4180} INFO - Setting next_dagrun for example_xcom_args_with_operators to None, run_after=None
[2024-11-08T13:48:42.899+0000] {processor.py:208} INFO - Processing /home/airflow/.local/lib/python3.12/site-packages/airflow/example_dags/example_xcomargs.py took 0.055 seconds
