[2024-11-08T13:41:03.062+0000] {processor.py:186} INFO - Started process (PID=115) to work on /home/airflow/.local/lib/python3.12/site-packages/airflow/example_dags/example_python_decorator.py
[2024-11-08T13:41:03.062+0000] {processor.py:914} INFO - Processing file /home/airflow/.local/lib/python3.12/site-packages/airflow/example_dags/example_python_decorator.py for tasks to queue
[2024-11-08T13:41:03.064+0000] {logging_mixin.py:190} INFO - [2024-11-08T13:41:03.064+0000] {dagbag.py:588} INFO - Filling up the DagBag from /home/airflow/.local/lib/python3.12/site-packages/airflow/example_dags/example_python_decorator.py
[2024-11-08T13:41:03.075+0000] {processor.py:925} INFO - DAG(s) 'example_python_decorator' retrieved from /home/airflow/.local/lib/python3.12/site-packages/airflow/example_dags/example_python_decorator.py
[2024-11-08T13:41:03.160+0000] {logging_mixin.py:190} INFO - [2024-11-08T13:41:03.159+0000] {override.py:1911} INFO - Created Permission View: can read on DAG:example_python_decorator
[2024-11-08T13:41:03.174+0000] {logging_mixin.py:190} INFO - [2024-11-08T13:41:03.174+0000] {override.py:1911} INFO - Created Permission View: can edit on DAG:example_python_decorator
[2024-11-08T13:41:03.185+0000] {logging_mixin.py:190} INFO - [2024-11-08T13:41:03.184+0000] {override.py:1911} INFO - Created Permission View: can delete on DAG:example_python_decorator
[2024-11-08T13:41:03.201+0000] {logging_mixin.py:190} INFO - [2024-11-08T13:41:03.201+0000] {override.py:1911} INFO - Created Permission View: can read on DAG Run:example_python_decorator
[2024-11-08T13:41:03.213+0000] {logging_mixin.py:190} INFO - [2024-11-08T13:41:03.212+0000] {override.py:1911} INFO - Created Permission View: can create on DAG Run:example_python_decorator
[2024-11-08T13:41:03.225+0000] {logging_mixin.py:190} INFO - [2024-11-08T13:41:03.224+0000] {override.py:1911} INFO - Created Permission View: can delete on DAG Run:example_python_decorator
[2024-11-08T13:41:03.232+0000] {logging_mixin.py:190} INFO - [2024-11-08T13:41:03.232+0000] {override.py:1911} INFO - Created Permission View: menu access on DAG Run:example_python_decorator
[2024-11-08T13:41:03.232+0000] {logging_mixin.py:190} INFO - [2024-11-08T13:41:03.232+0000] {dag.py:3239} INFO - Sync 1 DAGs
[2024-11-08T13:41:03.242+0000] {logging_mixin.py:190} INFO - [2024-11-08T13:41:03.242+0000] {dag.py:3262} INFO - Creating ORM DAG for example_python_decorator
[2024-11-08T13:41:03.243+0000] {logging_mixin.py:190} INFO - [2024-11-08T13:41:03.243+0000] {dag.py:4180} INFO - Setting next_dagrun for example_python_decorator to None, run_after=None
[2024-11-08T13:41:03.260+0000] {processor.py:208} INFO - Processing /home/airflow/.local/lib/python3.12/site-packages/airflow/example_dags/example_python_decorator.py took 0.202 seconds
[2024-11-08T13:41:34.111+0000] {processor.py:186} INFO - Started process (PID=178) to work on /home/airflow/.local/lib/python3.12/site-packages/airflow/example_dags/example_python_decorator.py
[2024-11-08T13:41:34.112+0000] {processor.py:914} INFO - Processing file /home/airflow/.local/lib/python3.12/site-packages/airflow/example_dags/example_python_decorator.py for tasks to queue
[2024-11-08T13:41:34.113+0000] {logging_mixin.py:190} INFO - [2024-11-08T13:41:34.113+0000] {dagbag.py:588} INFO - Filling up the DagBag from /home/airflow/.local/lib/python3.12/site-packages/airflow/example_dags/example_python_decorator.py
[2024-11-08T13:41:34.122+0000] {processor.py:925} INFO - DAG(s) 'example_python_decorator' retrieved from /home/airflow/.local/lib/python3.12/site-packages/airflow/example_dags/example_python_decorator.py
[2024-11-08T13:41:34.139+0000] {logging_mixin.py:190} INFO - [2024-11-08T13:41:34.138+0000] {dag.py:3239} INFO - Sync 1 DAGs
[2024-11-08T13:41:34.149+0000] {logging_mixin.py:190} INFO - [2024-11-08T13:41:34.149+0000] {dag.py:4180} INFO - Setting next_dagrun for example_python_decorator to None, run_after=None
[2024-11-08T13:41:34.166+0000] {processor.py:208} INFO - Processing /home/airflow/.local/lib/python3.12/site-packages/airflow/example_dags/example_python_decorator.py took 0.059 seconds
[2024-11-08T13:42:04.511+0000] {processor.py:186} INFO - Started process (PID=240) to work on /home/airflow/.local/lib/python3.12/site-packages/airflow/example_dags/example_python_decorator.py
[2024-11-08T13:42:04.512+0000] {processor.py:914} INFO - Processing file /home/airflow/.local/lib/python3.12/site-packages/airflow/example_dags/example_python_decorator.py for tasks to queue
[2024-11-08T13:42:04.514+0000] {logging_mixin.py:190} INFO - [2024-11-08T13:42:04.513+0000] {dagbag.py:588} INFO - Filling up the DagBag from /home/airflow/.local/lib/python3.12/site-packages/airflow/example_dags/example_python_decorator.py
[2024-11-08T13:42:04.523+0000] {processor.py:925} INFO - DAG(s) 'example_python_decorator' retrieved from /home/airflow/.local/lib/python3.12/site-packages/airflow/example_dags/example_python_decorator.py
[2024-11-08T13:42:04.538+0000] {logging_mixin.py:190} INFO - [2024-11-08T13:42:04.537+0000] {dag.py:3239} INFO - Sync 1 DAGs
[2024-11-08T13:42:04.548+0000] {logging_mixin.py:190} INFO - [2024-11-08T13:42:04.548+0000] {dag.py:4180} INFO - Setting next_dagrun for example_python_decorator to None, run_after=None
[2024-11-08T13:42:04.565+0000] {processor.py:208} INFO - Processing /home/airflow/.local/lib/python3.12/site-packages/airflow/example_dags/example_python_decorator.py took 0.057 seconds
[2024-11-08T13:42:35.811+0000] {processor.py:186} INFO - Started process (PID=303) to work on /home/airflow/.local/lib/python3.12/site-packages/airflow/example_dags/example_python_decorator.py
[2024-11-08T13:42:35.811+0000] {processor.py:914} INFO - Processing file /home/airflow/.local/lib/python3.12/site-packages/airflow/example_dags/example_python_decorator.py for tasks to queue
[2024-11-08T13:42:35.813+0000] {logging_mixin.py:190} INFO - [2024-11-08T13:42:35.813+0000] {dagbag.py:588} INFO - Filling up the DagBag from /home/airflow/.local/lib/python3.12/site-packages/airflow/example_dags/example_python_decorator.py
[2024-11-08T13:42:35.822+0000] {processor.py:925} INFO - DAG(s) 'example_python_decorator' retrieved from /home/airflow/.local/lib/python3.12/site-packages/airflow/example_dags/example_python_decorator.py
[2024-11-08T13:42:35.839+0000] {logging_mixin.py:190} INFO - [2024-11-08T13:42:35.839+0000] {dag.py:3239} INFO - Sync 1 DAGs
[2024-11-08T13:42:35.850+0000] {logging_mixin.py:190} INFO - [2024-11-08T13:42:35.849+0000] {dag.py:4180} INFO - Setting next_dagrun for example_python_decorator to None, run_after=None
[2024-11-08T13:42:35.864+0000] {processor.py:208} INFO - Processing /home/airflow/.local/lib/python3.12/site-packages/airflow/example_dags/example_python_decorator.py took 0.058 seconds
[2024-11-08T13:43:06.955+0000] {processor.py:186} INFO - Started process (PID=366) to work on /home/airflow/.local/lib/python3.12/site-packages/airflow/example_dags/example_python_decorator.py
[2024-11-08T13:43:06.956+0000] {processor.py:914} INFO - Processing file /home/airflow/.local/lib/python3.12/site-packages/airflow/example_dags/example_python_decorator.py for tasks to queue
[2024-11-08T13:43:06.957+0000] {logging_mixin.py:190} INFO - [2024-11-08T13:43:06.957+0000] {dagbag.py:588} INFO - Filling up the DagBag from /home/airflow/.local/lib/python3.12/site-packages/airflow/example_dags/example_python_decorator.py
[2024-11-08T13:43:06.967+0000] {processor.py:925} INFO - DAG(s) 'example_python_decorator' retrieved from /home/airflow/.local/lib/python3.12/site-packages/airflow/example_dags/example_python_decorator.py
[2024-11-08T13:43:06.983+0000] {logging_mixin.py:190} INFO - [2024-11-08T13:43:06.983+0000] {dag.py:3239} INFO - Sync 1 DAGs
[2024-11-08T13:43:06.993+0000] {logging_mixin.py:190} INFO - [2024-11-08T13:43:06.993+0000] {dag.py:4180} INFO - Setting next_dagrun for example_python_decorator to None, run_after=None
[2024-11-08T13:43:07.008+0000] {processor.py:208} INFO - Processing /home/airflow/.local/lib/python3.12/site-packages/airflow/example_dags/example_python_decorator.py took 0.057 seconds
[2024-11-08T13:43:37.584+0000] {processor.py:186} INFO - Started process (PID=429) to work on /home/airflow/.local/lib/python3.12/site-packages/airflow/example_dags/example_python_decorator.py
[2024-11-08T13:43:37.584+0000] {processor.py:914} INFO - Processing file /home/airflow/.local/lib/python3.12/site-packages/airflow/example_dags/example_python_decorator.py for tasks to queue
[2024-11-08T13:43:37.586+0000] {logging_mixin.py:190} INFO - [2024-11-08T13:43:37.585+0000] {dagbag.py:588} INFO - Filling up the DagBag from /home/airflow/.local/lib/python3.12/site-packages/airflow/example_dags/example_python_decorator.py
[2024-11-08T13:43:37.596+0000] {processor.py:925} INFO - DAG(s) 'example_python_decorator' retrieved from /home/airflow/.local/lib/python3.12/site-packages/airflow/example_dags/example_python_decorator.py
[2024-11-08T13:43:37.611+0000] {logging_mixin.py:190} INFO - [2024-11-08T13:43:37.611+0000] {dag.py:3239} INFO - Sync 1 DAGs
[2024-11-08T13:43:37.621+0000] {logging_mixin.py:190} INFO - [2024-11-08T13:43:37.621+0000] {dag.py:4180} INFO - Setting next_dagrun for example_python_decorator to None, run_after=None
[2024-11-08T13:43:37.637+0000] {processor.py:208} INFO - Processing /home/airflow/.local/lib/python3.12/site-packages/airflow/example_dags/example_python_decorator.py took 0.058 seconds
[2024-11-08T13:44:08.226+0000] {processor.py:186} INFO - Started process (PID=492) to work on /home/airflow/.local/lib/python3.12/site-packages/airflow/example_dags/example_python_decorator.py
[2024-11-08T13:44:08.227+0000] {processor.py:914} INFO - Processing file /home/airflow/.local/lib/python3.12/site-packages/airflow/example_dags/example_python_decorator.py for tasks to queue
[2024-11-08T13:44:08.228+0000] {logging_mixin.py:190} INFO - [2024-11-08T13:44:08.228+0000] {dagbag.py:588} INFO - Filling up the DagBag from /home/airflow/.local/lib/python3.12/site-packages/airflow/example_dags/example_python_decorator.py
[2024-11-08T13:44:08.237+0000] {processor.py:925} INFO - DAG(s) 'example_python_decorator' retrieved from /home/airflow/.local/lib/python3.12/site-packages/airflow/example_dags/example_python_decorator.py
[2024-11-08T13:44:08.252+0000] {logging_mixin.py:190} INFO - [2024-11-08T13:44:08.252+0000] {dag.py:3239} INFO - Sync 1 DAGs
[2024-11-08T13:44:08.263+0000] {logging_mixin.py:190} INFO - [2024-11-08T13:44:08.263+0000] {dag.py:4180} INFO - Setting next_dagrun for example_python_decorator to None, run_after=None
[2024-11-08T13:44:08.280+0000] {processor.py:208} INFO - Processing /home/airflow/.local/lib/python3.12/site-packages/airflow/example_dags/example_python_decorator.py took 0.058 seconds
[2024-11-08T13:44:39.774+0000] {processor.py:186} INFO - Started process (PID=555) to work on /home/airflow/.local/lib/python3.12/site-packages/airflow/example_dags/example_python_decorator.py
[2024-11-08T13:44:39.774+0000] {processor.py:914} INFO - Processing file /home/airflow/.local/lib/python3.12/site-packages/airflow/example_dags/example_python_decorator.py for tasks to queue
[2024-11-08T13:44:39.776+0000] {logging_mixin.py:190} INFO - [2024-11-08T13:44:39.775+0000] {dagbag.py:588} INFO - Filling up the DagBag from /home/airflow/.local/lib/python3.12/site-packages/airflow/example_dags/example_python_decorator.py
[2024-11-08T13:44:39.786+0000] {processor.py:925} INFO - DAG(s) 'example_python_decorator' retrieved from /home/airflow/.local/lib/python3.12/site-packages/airflow/example_dags/example_python_decorator.py
[2024-11-08T13:44:39.802+0000] {logging_mixin.py:190} INFO - [2024-11-08T13:44:39.801+0000] {dag.py:3239} INFO - Sync 1 DAGs
[2024-11-08T13:44:39.812+0000] {logging_mixin.py:190} INFO - [2024-11-08T13:44:39.812+0000] {dag.py:4180} INFO - Setting next_dagrun for example_python_decorator to None, run_after=None
[2024-11-08T13:44:39.827+0000] {processor.py:208} INFO - Processing /home/airflow/.local/lib/python3.12/site-packages/airflow/example_dags/example_python_decorator.py took 0.057 seconds
[2024-11-08T13:45:11.194+0000] {processor.py:186} INFO - Started process (PID=618) to work on /home/airflow/.local/lib/python3.12/site-packages/airflow/example_dags/example_python_decorator.py
[2024-11-08T13:45:11.195+0000] {processor.py:914} INFO - Processing file /home/airflow/.local/lib/python3.12/site-packages/airflow/example_dags/example_python_decorator.py for tasks to queue
[2024-11-08T13:45:11.196+0000] {logging_mixin.py:190} INFO - [2024-11-08T13:45:11.196+0000] {dagbag.py:588} INFO - Filling up the DagBag from /home/airflow/.local/lib/python3.12/site-packages/airflow/example_dags/example_python_decorator.py
[2024-11-08T13:45:11.206+0000] {processor.py:925} INFO - DAG(s) 'example_python_decorator' retrieved from /home/airflow/.local/lib/python3.12/site-packages/airflow/example_dags/example_python_decorator.py
[2024-11-08T13:45:11.222+0000] {logging_mixin.py:190} INFO - [2024-11-08T13:45:11.222+0000] {dag.py:3239} INFO - Sync 1 DAGs
[2024-11-08T13:45:11.232+0000] {logging_mixin.py:190} INFO - [2024-11-08T13:45:11.232+0000] {dag.py:4180} INFO - Setting next_dagrun for example_python_decorator to None, run_after=None
[2024-11-08T13:45:11.247+0000] {processor.py:208} INFO - Processing /home/airflow/.local/lib/python3.12/site-packages/airflow/example_dags/example_python_decorator.py took 0.057 seconds
[2024-11-08T13:45:42.341+0000] {processor.py:186} INFO - Started process (PID=682) to work on /home/airflow/.local/lib/python3.12/site-packages/airflow/example_dags/example_python_decorator.py
[2024-11-08T13:45:42.342+0000] {processor.py:914} INFO - Processing file /home/airflow/.local/lib/python3.12/site-packages/airflow/example_dags/example_python_decorator.py for tasks to queue
[2024-11-08T13:45:42.344+0000] {logging_mixin.py:190} INFO - [2024-11-08T13:45:42.343+0000] {dagbag.py:588} INFO - Filling up the DagBag from /home/airflow/.local/lib/python3.12/site-packages/airflow/example_dags/example_python_decorator.py
[2024-11-08T13:45:42.353+0000] {processor.py:925} INFO - DAG(s) 'example_python_decorator' retrieved from /home/airflow/.local/lib/python3.12/site-packages/airflow/example_dags/example_python_decorator.py
[2024-11-08T13:45:42.370+0000] {logging_mixin.py:190} INFO - [2024-11-08T13:45:42.369+0000] {dag.py:3239} INFO - Sync 1 DAGs
[2024-11-08T13:45:42.380+0000] {logging_mixin.py:190} INFO - [2024-11-08T13:45:42.380+0000] {dag.py:4180} INFO - Setting next_dagrun for example_python_decorator to None, run_after=None
[2024-11-08T13:45:42.398+0000] {processor.py:208} INFO - Processing /home/airflow/.local/lib/python3.12/site-packages/airflow/example_dags/example_python_decorator.py took 0.060 seconds
[2024-11-08T13:46:13.063+0000] {processor.py:186} INFO - Started process (PID=745) to work on /home/airflow/.local/lib/python3.12/site-packages/airflow/example_dags/example_python_decorator.py
[2024-11-08T13:46:13.064+0000] {processor.py:914} INFO - Processing file /home/airflow/.local/lib/python3.12/site-packages/airflow/example_dags/example_python_decorator.py for tasks to queue
[2024-11-08T13:46:13.066+0000] {logging_mixin.py:190} INFO - [2024-11-08T13:46:13.065+0000] {dagbag.py:588} INFO - Filling up the DagBag from /home/airflow/.local/lib/python3.12/site-packages/airflow/example_dags/example_python_decorator.py
[2024-11-08T13:46:13.077+0000] {processor.py:925} INFO - DAG(s) 'example_python_decorator' retrieved from /home/airflow/.local/lib/python3.12/site-packages/airflow/example_dags/example_python_decorator.py
[2024-11-08T13:46:13.096+0000] {logging_mixin.py:190} INFO - [2024-11-08T13:46:13.096+0000] {dag.py:3239} INFO - Sync 1 DAGs
[2024-11-08T13:46:13.108+0000] {logging_mixin.py:190} INFO - [2024-11-08T13:46:13.108+0000] {dag.py:4180} INFO - Setting next_dagrun for example_python_decorator to None, run_after=None
[2024-11-08T13:46:13.129+0000] {processor.py:208} INFO - Processing /home/airflow/.local/lib/python3.12/site-packages/airflow/example_dags/example_python_decorator.py took 0.070 seconds
[2024-11-08T13:46:43.599+0000] {processor.py:186} INFO - Started process (PID=809) to work on /home/airflow/.local/lib/python3.12/site-packages/airflow/example_dags/example_python_decorator.py
[2024-11-08T13:46:43.600+0000] {processor.py:914} INFO - Processing file /home/airflow/.local/lib/python3.12/site-packages/airflow/example_dags/example_python_decorator.py for tasks to queue
[2024-11-08T13:46:43.601+0000] {logging_mixin.py:190} INFO - [2024-11-08T13:46:43.601+0000] {dagbag.py:588} INFO - Filling up the DagBag from /home/airflow/.local/lib/python3.12/site-packages/airflow/example_dags/example_python_decorator.py
[2024-11-08T13:46:43.610+0000] {processor.py:925} INFO - DAG(s) 'example_python_decorator' retrieved from /home/airflow/.local/lib/python3.12/site-packages/airflow/example_dags/example_python_decorator.py
[2024-11-08T13:46:43.625+0000] {logging_mixin.py:190} INFO - [2024-11-08T13:46:43.625+0000] {dag.py:3239} INFO - Sync 1 DAGs
[2024-11-08T13:46:43.635+0000] {logging_mixin.py:190} INFO - [2024-11-08T13:46:43.635+0000] {dag.py:4180} INFO - Setting next_dagrun for example_python_decorator to None, run_after=None
[2024-11-08T13:46:43.649+0000] {processor.py:208} INFO - Processing /home/airflow/.local/lib/python3.12/site-packages/airflow/example_dags/example_python_decorator.py took 0.053 seconds
[2024-11-08T13:47:14.931+0000] {processor.py:186} INFO - Started process (PID=873) to work on /home/airflow/.local/lib/python3.12/site-packages/airflow/example_dags/example_python_decorator.py
[2024-11-08T13:47:14.931+0000] {processor.py:914} INFO - Processing file /home/airflow/.local/lib/python3.12/site-packages/airflow/example_dags/example_python_decorator.py for tasks to queue
[2024-11-08T13:47:14.933+0000] {logging_mixin.py:190} INFO - [2024-11-08T13:47:14.933+0000] {dagbag.py:588} INFO - Filling up the DagBag from /home/airflow/.local/lib/python3.12/site-packages/airflow/example_dags/example_python_decorator.py
[2024-11-08T13:47:14.942+0000] {processor.py:925} INFO - DAG(s) 'example_python_decorator' retrieved from /home/airflow/.local/lib/python3.12/site-packages/airflow/example_dags/example_python_decorator.py
[2024-11-08T13:47:14.958+0000] {logging_mixin.py:190} INFO - [2024-11-08T13:47:14.957+0000] {dag.py:3239} INFO - Sync 1 DAGs
[2024-11-08T13:47:14.969+0000] {logging_mixin.py:190} INFO - [2024-11-08T13:47:14.968+0000] {dag.py:4180} INFO - Setting next_dagrun for example_python_decorator to None, run_after=None
[2024-11-08T13:47:14.987+0000] {processor.py:208} INFO - Processing /home/airflow/.local/lib/python3.12/site-packages/airflow/example_dags/example_python_decorator.py took 0.061 seconds
[2024-11-08T13:47:45.847+0000] {processor.py:186} INFO - Started process (PID=937) to work on /home/airflow/.local/lib/python3.12/site-packages/airflow/example_dags/example_python_decorator.py
[2024-11-08T13:47:45.848+0000] {processor.py:914} INFO - Processing file /home/airflow/.local/lib/python3.12/site-packages/airflow/example_dags/example_python_decorator.py for tasks to queue
[2024-11-08T13:47:45.850+0000] {logging_mixin.py:190} INFO - [2024-11-08T13:47:45.850+0000] {dagbag.py:588} INFO - Filling up the DagBag from /home/airflow/.local/lib/python3.12/site-packages/airflow/example_dags/example_python_decorator.py
[2024-11-08T13:47:45.859+0000] {processor.py:925} INFO - DAG(s) 'example_python_decorator' retrieved from /home/airflow/.local/lib/python3.12/site-packages/airflow/example_dags/example_python_decorator.py
[2024-11-08T13:47:45.874+0000] {logging_mixin.py:190} INFO - [2024-11-08T13:47:45.874+0000] {dag.py:3239} INFO - Sync 1 DAGs
[2024-11-08T13:47:45.884+0000] {logging_mixin.py:190} INFO - [2024-11-08T13:47:45.884+0000] {dag.py:4180} INFO - Setting next_dagrun for example_python_decorator to None, run_after=None
[2024-11-08T13:47:45.898+0000] {processor.py:208} INFO - Processing /home/airflow/.local/lib/python3.12/site-packages/airflow/example_dags/example_python_decorator.py took 0.054 seconds
[2024-11-08T13:48:17.148+0000] {processor.py:186} INFO - Started process (PID=1001) to work on /home/airflow/.local/lib/python3.12/site-packages/airflow/example_dags/example_python_decorator.py
[2024-11-08T13:48:17.148+0000] {processor.py:914} INFO - Processing file /home/airflow/.local/lib/python3.12/site-packages/airflow/example_dags/example_python_decorator.py for tasks to queue
[2024-11-08T13:48:17.150+0000] {logging_mixin.py:190} INFO - [2024-11-08T13:48:17.150+0000] {dagbag.py:588} INFO - Filling up the DagBag from /home/airflow/.local/lib/python3.12/site-packages/airflow/example_dags/example_python_decorator.py
[2024-11-08T13:48:17.159+0000] {processor.py:925} INFO - DAG(s) 'example_python_decorator' retrieved from /home/airflow/.local/lib/python3.12/site-packages/airflow/example_dags/example_python_decorator.py
[2024-11-08T13:48:17.174+0000] {logging_mixin.py:190} INFO - [2024-11-08T13:48:17.174+0000] {dag.py:3239} INFO - Sync 1 DAGs
[2024-11-08T13:48:17.184+0000] {logging_mixin.py:190} INFO - [2024-11-08T13:48:17.183+0000] {dag.py:4180} INFO - Setting next_dagrun for example_python_decorator to None, run_after=None
[2024-11-08T13:48:17.201+0000] {processor.py:208} INFO - Processing /home/airflow/.local/lib/python3.12/site-packages/airflow/example_dags/example_python_decorator.py took 0.057 seconds
