[2024-11-08T13:40:59.298+0000] {processor.py:186} INFO - Started process (PID=90) to work on /home/airflow/.local/lib/python3.12/site-packages/airflow/example_dags/example_branch_datetime_operator.py
[2024-11-08T13:40:59.299+0000] {processor.py:914} INFO - Processing file /home/airflow/.local/lib/python3.12/site-packages/airflow/example_dags/example_branch_datetime_operator.py for tasks to queue
[2024-11-08T13:40:59.300+0000] {logging_mixin.py:190} INFO - [2024-11-08T13:40:59.300+0000] {dagbag.py:588} INFO - Filling up the DagBag from /home/airflow/.local/lib/python3.12/site-packages/airflow/example_dags/example_branch_datetime_operator.py
[2024-11-08T13:40:59.309+0000] {processor.py:925} INFO - DAG(s) 'example_branch_datetime_operator', 'example_branch_datetime_operator_2', 'example_branch_datetime_operator_3' retrieved from /home/airflow/.local/lib/python3.12/site-packages/airflow/example_dags/example_branch_datetime_operator.py
[2024-11-08T13:40:59.391+0000] {logging_mixin.py:190} INFO - [2024-11-08T13:40:59.391+0000] {override.py:1911} INFO - Created Permission View: can read on DAG:example_branch_datetime_operator
[2024-11-08T13:40:59.404+0000] {logging_mixin.py:190} INFO - [2024-11-08T13:40:59.404+0000] {override.py:1911} INFO - Created Permission View: can edit on DAG:example_branch_datetime_operator
[2024-11-08T13:40:59.415+0000] {logging_mixin.py:190} INFO - [2024-11-08T13:40:59.414+0000] {override.py:1911} INFO - Created Permission View: can delete on DAG:example_branch_datetime_operator
[2024-11-08T13:40:59.435+0000] {logging_mixin.py:190} INFO - [2024-11-08T13:40:59.434+0000] {override.py:1911} INFO - Created Permission View: can read on DAG Run:example_branch_datetime_operator
[2024-11-08T13:40:59.444+0000] {logging_mixin.py:190} INFO - [2024-11-08T13:40:59.444+0000] {override.py:1911} INFO - Created Permission View: can create on DAG Run:example_branch_datetime_operator
[2024-11-08T13:40:59.451+0000] {logging_mixin.py:190} INFO - [2024-11-08T13:40:59.451+0000] {override.py:1911} INFO - Created Permission View: can delete on DAG Run:example_branch_datetime_operator
[2024-11-08T13:40:59.459+0000] {logging_mixin.py:190} INFO - [2024-11-08T13:40:59.459+0000] {override.py:1911} INFO - Created Permission View: menu access on DAG Run:example_branch_datetime_operator
[2024-11-08T13:40:59.479+0000] {logging_mixin.py:190} INFO - [2024-11-08T13:40:59.479+0000] {override.py:1911} INFO - Created Permission View: can read on DAG:example_branch_datetime_operator_2
[2024-11-08T13:40:59.488+0000] {logging_mixin.py:190} INFO - [2024-11-08T13:40:59.488+0000] {override.py:1911} INFO - Created Permission View: can edit on DAG:example_branch_datetime_operator_2
[2024-11-08T13:40:59.495+0000] {logging_mixin.py:190} INFO - [2024-11-08T13:40:59.494+0000] {override.py:1911} INFO - Created Permission View: can delete on DAG:example_branch_datetime_operator_2
[2024-11-08T13:40:59.505+0000] {logging_mixin.py:190} INFO - [2024-11-08T13:40:59.504+0000] {override.py:1911} INFO - Created Permission View: can read on DAG Run:example_branch_datetime_operator_2
[2024-11-08T13:40:59.515+0000] {logging_mixin.py:190} INFO - [2024-11-08T13:40:59.514+0000] {override.py:1911} INFO - Created Permission View: can create on DAG Run:example_branch_datetime_operator_2
[2024-11-08T13:40:59.525+0000] {logging_mixin.py:190} INFO - [2024-11-08T13:40:59.524+0000] {override.py:1911} INFO - Created Permission View: can delete on DAG Run:example_branch_datetime_operator_2
[2024-11-08T13:40:59.533+0000] {logging_mixin.py:190} INFO - [2024-11-08T13:40:59.532+0000] {override.py:1911} INFO - Created Permission View: menu access on DAG Run:example_branch_datetime_operator_2
[2024-11-08T13:40:59.544+0000] {logging_mixin.py:190} INFO - [2024-11-08T13:40:59.544+0000] {override.py:1911} INFO - Created Permission View: can read on DAG:example_branch_datetime_operator_3
[2024-11-08T13:40:59.551+0000] {logging_mixin.py:190} INFO - [2024-11-08T13:40:59.550+0000] {override.py:1911} INFO - Created Permission View: can edit on DAG:example_branch_datetime_operator_3
[2024-11-08T13:40:59.558+0000] {logging_mixin.py:190} INFO - [2024-11-08T13:40:59.558+0000] {override.py:1911} INFO - Created Permission View: can delete on DAG:example_branch_datetime_operator_3
[2024-11-08T13:40:59.571+0000] {logging_mixin.py:190} INFO - [2024-11-08T13:40:59.571+0000] {override.py:1911} INFO - Created Permission View: can read on DAG Run:example_branch_datetime_operator_3
[2024-11-08T13:40:59.576+0000] {logging_mixin.py:190} INFO - [2024-11-08T13:40:59.576+0000] {override.py:1911} INFO - Created Permission View: can create on DAG Run:example_branch_datetime_operator_3
[2024-11-08T13:40:59.585+0000] {logging_mixin.py:190} INFO - [2024-11-08T13:40:59.584+0000] {override.py:1911} INFO - Created Permission View: can delete on DAG Run:example_branch_datetime_operator_3
[2024-11-08T13:40:59.591+0000] {logging_mixin.py:190} INFO - [2024-11-08T13:40:59.591+0000] {override.py:1911} INFO - Created Permission View: menu access on DAG Run:example_branch_datetime_operator_3
[2024-11-08T13:40:59.592+0000] {logging_mixin.py:190} INFO - [2024-11-08T13:40:59.592+0000] {dag.py:3239} INFO - Sync 3 DAGs
[2024-11-08T13:40:59.603+0000] {logging_mixin.py:190} INFO - [2024-11-08T13:40:59.603+0000] {dag.py:3262} INFO - Creating ORM DAG for example_branch_datetime_operator
[2024-11-08T13:40:59.604+0000] {logging_mixin.py:190} INFO - [2024-11-08T13:40:59.604+0000] {dag.py:3262} INFO - Creating ORM DAG for example_branch_datetime_operator_2
[2024-11-08T13:40:59.604+0000] {logging_mixin.py:190} INFO - [2024-11-08T13:40:59.604+0000] {dag.py:3262} INFO - Creating ORM DAG for example_branch_datetime_operator_3
[2024-11-08T13:40:59.612+0000] {logging_mixin.py:190} INFO - [2024-11-08T13:40:59.612+0000] {dag.py:4180} INFO - Setting next_dagrun for example_branch_datetime_operator to 2024-11-07 00:00:00+00:00, run_after=2024-11-08 00:00:00+00:00
[2024-11-08T13:40:59.614+0000] {logging_mixin.py:190} INFO - [2024-11-08T13:40:59.614+0000] {dag.py:4180} INFO - Setting next_dagrun for example_branch_datetime_operator_2 to 2024-11-07 00:00:00+00:00, run_after=2024-11-08 00:00:00+00:00
[2024-11-08T13:40:59.615+0000] {logging_mixin.py:190} INFO - [2024-11-08T13:40:59.615+0000] {dag.py:4180} INFO - Setting next_dagrun for example_branch_datetime_operator_3 to 2024-11-07 00:00:00+00:00, run_after=2024-11-08 00:00:00+00:00
[2024-11-08T13:40:59.630+0000] {processor.py:208} INFO - Processing /home/airflow/.local/lib/python3.12/site-packages/airflow/example_dags/example_branch_datetime_operator.py took 0.335 seconds
[2024-11-08T13:41:29.668+0000] {processor.py:186} INFO - Started process (PID=153) to work on /home/airflow/.local/lib/python3.12/site-packages/airflow/example_dags/example_branch_datetime_operator.py
[2024-11-08T13:41:29.668+0000] {processor.py:914} INFO - Processing file /home/airflow/.local/lib/python3.12/site-packages/airflow/example_dags/example_branch_datetime_operator.py for tasks to queue
[2024-11-08T13:41:29.670+0000] {logging_mixin.py:190} INFO - [2024-11-08T13:41:29.670+0000] {dagbag.py:588} INFO - Filling up the DagBag from /home/airflow/.local/lib/python3.12/site-packages/airflow/example_dags/example_branch_datetime_operator.py
[2024-11-08T13:41:29.678+0000] {processor.py:925} INFO - DAG(s) 'example_branch_datetime_operator', 'example_branch_datetime_operator_3', 'example_branch_datetime_operator_2' retrieved from /home/airflow/.local/lib/python3.12/site-packages/airflow/example_dags/example_branch_datetime_operator.py
[2024-11-08T13:41:29.696+0000] {logging_mixin.py:190} INFO - [2024-11-08T13:41:29.696+0000] {dag.py:3239} INFO - Sync 3 DAGs
[2024-11-08T13:41:29.714+0000] {logging_mixin.py:190} INFO - [2024-11-08T13:41:29.714+0000] {dag.py:4180} INFO - Setting next_dagrun for example_branch_datetime_operator to 2024-11-07 00:00:00+00:00, run_after=2024-11-08 00:00:00+00:00
[2024-11-08T13:41:29.717+0000] {logging_mixin.py:190} INFO - [2024-11-08T13:41:29.717+0000] {dag.py:4180} INFO - Setting next_dagrun for example_branch_datetime_operator_2 to 2024-11-07 00:00:00+00:00, run_after=2024-11-08 00:00:00+00:00
[2024-11-08T13:41:29.720+0000] {logging_mixin.py:190} INFO - [2024-11-08T13:41:29.720+0000] {dag.py:4180} INFO - Setting next_dagrun for example_branch_datetime_operator_3 to 2024-11-07 00:00:00+00:00, run_after=2024-11-08 00:00:00+00:00
[2024-11-08T13:41:29.735+0000] {processor.py:208} INFO - Processing /home/airflow/.local/lib/python3.12/site-packages/airflow/example_dags/example_branch_datetime_operator.py took 0.071 seconds
[2024-11-08T13:41:59.964+0000] {processor.py:186} INFO - Started process (PID=216) to work on /home/airflow/.local/lib/python3.12/site-packages/airflow/example_dags/example_branch_datetime_operator.py
[2024-11-08T13:41:59.965+0000] {processor.py:914} INFO - Processing file /home/airflow/.local/lib/python3.12/site-packages/airflow/example_dags/example_branch_datetime_operator.py for tasks to queue
[2024-11-08T13:41:59.966+0000] {logging_mixin.py:190} INFO - [2024-11-08T13:41:59.966+0000] {dagbag.py:588} INFO - Filling up the DagBag from /home/airflow/.local/lib/python3.12/site-packages/airflow/example_dags/example_branch_datetime_operator.py
[2024-11-08T13:41:59.974+0000] {processor.py:925} INFO - DAG(s) 'example_branch_datetime_operator_3', 'example_branch_datetime_operator_2', 'example_branch_datetime_operator' retrieved from /home/airflow/.local/lib/python3.12/site-packages/airflow/example_dags/example_branch_datetime_operator.py
[2024-11-08T13:41:59.992+0000] {logging_mixin.py:190} INFO - [2024-11-08T13:41:59.992+0000] {dag.py:3239} INFO - Sync 3 DAGs
[2024-11-08T13:42:00.011+0000] {logging_mixin.py:190} INFO - [2024-11-08T13:42:00.011+0000] {dag.py:4180} INFO - Setting next_dagrun for example_branch_datetime_operator to 2024-11-07 00:00:00+00:00, run_after=2024-11-08 00:00:00+00:00
[2024-11-08T13:42:00.015+0000] {logging_mixin.py:190} INFO - [2024-11-08T13:42:00.015+0000] {dag.py:4180} INFO - Setting next_dagrun for example_branch_datetime_operator_2 to 2024-11-07 00:00:00+00:00, run_after=2024-11-08 00:00:00+00:00
[2024-11-08T13:42:00.017+0000] {logging_mixin.py:190} INFO - [2024-11-08T13:42:00.017+0000] {dag.py:4180} INFO - Setting next_dagrun for example_branch_datetime_operator_3 to 2024-11-07 00:00:00+00:00, run_after=2024-11-08 00:00:00+00:00
[2024-11-08T13:42:00.032+0000] {processor.py:208} INFO - Processing /home/airflow/.local/lib/python3.12/site-packages/airflow/example_dags/example_branch_datetime_operator.py took 0.072 seconds
[2024-11-08T13:42:30.155+0000] {processor.py:186} INFO - Started process (PID=278) to work on /home/airflow/.local/lib/python3.12/site-packages/airflow/example_dags/example_branch_datetime_operator.py
[2024-11-08T13:42:30.155+0000] {processor.py:914} INFO - Processing file /home/airflow/.local/lib/python3.12/site-packages/airflow/example_dags/example_branch_datetime_operator.py for tasks to queue
[2024-11-08T13:42:30.157+0000] {logging_mixin.py:190} INFO - [2024-11-08T13:42:30.157+0000] {dagbag.py:588} INFO - Filling up the DagBag from /home/airflow/.local/lib/python3.12/site-packages/airflow/example_dags/example_branch_datetime_operator.py
[2024-11-08T13:42:30.165+0000] {processor.py:925} INFO - DAG(s) 'example_branch_datetime_operator_3', 'example_branch_datetime_operator_2', 'example_branch_datetime_operator' retrieved from /home/airflow/.local/lib/python3.12/site-packages/airflow/example_dags/example_branch_datetime_operator.py
[2024-11-08T13:42:30.184+0000] {logging_mixin.py:190} INFO - [2024-11-08T13:42:30.184+0000] {dag.py:3239} INFO - Sync 3 DAGs
[2024-11-08T13:42:30.202+0000] {logging_mixin.py:190} INFO - [2024-11-08T13:42:30.202+0000] {dag.py:4180} INFO - Setting next_dagrun for example_branch_datetime_operator to 2024-11-07 00:00:00+00:00, run_after=2024-11-08 00:00:00+00:00
[2024-11-08T13:42:30.207+0000] {logging_mixin.py:190} INFO - [2024-11-08T13:42:30.206+0000] {dag.py:4180} INFO - Setting next_dagrun for example_branch_datetime_operator_2 to 2024-11-07 00:00:00+00:00, run_after=2024-11-08 00:00:00+00:00
[2024-11-08T13:42:30.209+0000] {logging_mixin.py:190} INFO - [2024-11-08T13:42:30.209+0000] {dag.py:4180} INFO - Setting next_dagrun for example_branch_datetime_operator_3 to 2024-11-07 00:00:00+00:00, run_after=2024-11-08 00:00:00+00:00
[2024-11-08T13:42:30.224+0000] {processor.py:208} INFO - Processing /home/airflow/.local/lib/python3.12/site-packages/airflow/example_dags/example_branch_datetime_operator.py took 0.073 seconds
[2024-11-08T13:43:00.313+0000] {processor.py:186} INFO - Started process (PID=340) to work on /home/airflow/.local/lib/python3.12/site-packages/airflow/example_dags/example_branch_datetime_operator.py
[2024-11-08T13:43:00.314+0000] {processor.py:914} INFO - Processing file /home/airflow/.local/lib/python3.12/site-packages/airflow/example_dags/example_branch_datetime_operator.py for tasks to queue
[2024-11-08T13:43:00.315+0000] {logging_mixin.py:190} INFO - [2024-11-08T13:43:00.315+0000] {dagbag.py:588} INFO - Filling up the DagBag from /home/airflow/.local/lib/python3.12/site-packages/airflow/example_dags/example_branch_datetime_operator.py
[2024-11-08T13:43:00.324+0000] {processor.py:925} INFO - DAG(s) 'example_branch_datetime_operator', 'example_branch_datetime_operator_3', 'example_branch_datetime_operator_2' retrieved from /home/airflow/.local/lib/python3.12/site-packages/airflow/example_dags/example_branch_datetime_operator.py
[2024-11-08T13:43:00.342+0000] {logging_mixin.py:190} INFO - [2024-11-08T13:43:00.342+0000] {dag.py:3239} INFO - Sync 3 DAGs
[2024-11-08T13:43:00.359+0000] {logging_mixin.py:190} INFO - [2024-11-08T13:43:00.359+0000] {dag.py:4180} INFO - Setting next_dagrun for example_branch_datetime_operator to 2024-11-07 00:00:00+00:00, run_after=2024-11-08 00:00:00+00:00
[2024-11-08T13:43:00.363+0000] {logging_mixin.py:190} INFO - [2024-11-08T13:43:00.362+0000] {dag.py:4180} INFO - Setting next_dagrun for example_branch_datetime_operator_2 to 2024-11-07 00:00:00+00:00, run_after=2024-11-08 00:00:00+00:00
[2024-11-08T13:43:00.364+0000] {logging_mixin.py:190} INFO - [2024-11-08T13:43:00.364+0000] {dag.py:4180} INFO - Setting next_dagrun for example_branch_datetime_operator_3 to 2024-11-07 00:00:00+00:00, run_after=2024-11-08 00:00:00+00:00
[2024-11-08T13:43:00.379+0000] {processor.py:208} INFO - Processing /home/airflow/.local/lib/python3.12/site-packages/airflow/example_dags/example_branch_datetime_operator.py took 0.070 seconds
[2024-11-08T13:43:30.514+0000] {processor.py:186} INFO - Started process (PID=403) to work on /home/airflow/.local/lib/python3.12/site-packages/airflow/example_dags/example_branch_datetime_operator.py
[2024-11-08T13:43:30.515+0000] {processor.py:914} INFO - Processing file /home/airflow/.local/lib/python3.12/site-packages/airflow/example_dags/example_branch_datetime_operator.py for tasks to queue
[2024-11-08T13:43:30.516+0000] {logging_mixin.py:190} INFO - [2024-11-08T13:43:30.516+0000] {dagbag.py:588} INFO - Filling up the DagBag from /home/airflow/.local/lib/python3.12/site-packages/airflow/example_dags/example_branch_datetime_operator.py
[2024-11-08T13:43:30.525+0000] {processor.py:925} INFO - DAG(s) 'example_branch_datetime_operator', 'example_branch_datetime_operator_3', 'example_branch_datetime_operator_2' retrieved from /home/airflow/.local/lib/python3.12/site-packages/airflow/example_dags/example_branch_datetime_operator.py
[2024-11-08T13:43:30.544+0000] {logging_mixin.py:190} INFO - [2024-11-08T13:43:30.543+0000] {dag.py:3239} INFO - Sync 3 DAGs
[2024-11-08T13:43:30.561+0000] {logging_mixin.py:190} INFO - [2024-11-08T13:43:30.561+0000] {dag.py:4180} INFO - Setting next_dagrun for example_branch_datetime_operator to 2024-11-07 00:00:00+00:00, run_after=2024-11-08 00:00:00+00:00
[2024-11-08T13:43:30.565+0000] {logging_mixin.py:190} INFO - [2024-11-08T13:43:30.565+0000] {dag.py:4180} INFO - Setting next_dagrun for example_branch_datetime_operator_2 to 2024-11-07 00:00:00+00:00, run_after=2024-11-08 00:00:00+00:00
[2024-11-08T13:43:30.567+0000] {logging_mixin.py:190} INFO - [2024-11-08T13:43:30.567+0000] {dag.py:4180} INFO - Setting next_dagrun for example_branch_datetime_operator_3 to 2024-11-07 00:00:00+00:00, run_after=2024-11-08 00:00:00+00:00
[2024-11-08T13:43:30.582+0000] {processor.py:208} INFO - Processing /home/airflow/.local/lib/python3.12/site-packages/airflow/example_dags/example_branch_datetime_operator.py took 0.072 seconds
[2024-11-08T13:44:01.182+0000] {processor.py:186} INFO - Started process (PID=466) to work on /home/airflow/.local/lib/python3.12/site-packages/airflow/example_dags/example_branch_datetime_operator.py
[2024-11-08T13:44:01.182+0000] {processor.py:914} INFO - Processing file /home/airflow/.local/lib/python3.12/site-packages/airflow/example_dags/example_branch_datetime_operator.py for tasks to queue
[2024-11-08T13:44:01.184+0000] {logging_mixin.py:190} INFO - [2024-11-08T13:44:01.183+0000] {dagbag.py:588} INFO - Filling up the DagBag from /home/airflow/.local/lib/python3.12/site-packages/airflow/example_dags/example_branch_datetime_operator.py
[2024-11-08T13:44:01.191+0000] {processor.py:925} INFO - DAG(s) 'example_branch_datetime_operator', 'example_branch_datetime_operator_2', 'example_branch_datetime_operator_3' retrieved from /home/airflow/.local/lib/python3.12/site-packages/airflow/example_dags/example_branch_datetime_operator.py
[2024-11-08T13:44:01.209+0000] {logging_mixin.py:190} INFO - [2024-11-08T13:44:01.209+0000] {dag.py:3239} INFO - Sync 3 DAGs
[2024-11-08T13:44:01.226+0000] {logging_mixin.py:190} INFO - [2024-11-08T13:44:01.226+0000] {dag.py:4180} INFO - Setting next_dagrun for example_branch_datetime_operator to 2024-11-07 00:00:00+00:00, run_after=2024-11-08 00:00:00+00:00
[2024-11-08T13:44:01.230+0000] {logging_mixin.py:190} INFO - [2024-11-08T13:44:01.230+0000] {dag.py:4180} INFO - Setting next_dagrun for example_branch_datetime_operator_2 to 2024-11-07 00:00:00+00:00, run_after=2024-11-08 00:00:00+00:00
[2024-11-08T13:44:01.233+0000] {logging_mixin.py:190} INFO - [2024-11-08T13:44:01.233+0000] {dag.py:4180} INFO - Setting next_dagrun for example_branch_datetime_operator_3 to 2024-11-07 00:00:00+00:00, run_after=2024-11-08 00:00:00+00:00
[2024-11-08T13:44:01.247+0000] {processor.py:208} INFO - Processing /home/airflow/.local/lib/python3.12/site-packages/airflow/example_dags/example_branch_datetime_operator.py took 0.070 seconds
[2024-11-08T13:44:31.701+0000] {processor.py:186} INFO - Started process (PID=529) to work on /home/airflow/.local/lib/python3.12/site-packages/airflow/example_dags/example_branch_datetime_operator.py
[2024-11-08T13:44:31.702+0000] {processor.py:914} INFO - Processing file /home/airflow/.local/lib/python3.12/site-packages/airflow/example_dags/example_branch_datetime_operator.py for tasks to queue
[2024-11-08T13:44:31.703+0000] {logging_mixin.py:190} INFO - [2024-11-08T13:44:31.703+0000] {dagbag.py:588} INFO - Filling up the DagBag from /home/airflow/.local/lib/python3.12/site-packages/airflow/example_dags/example_branch_datetime_operator.py
[2024-11-08T13:44:31.711+0000] {processor.py:925} INFO - DAG(s) 'example_branch_datetime_operator_3', 'example_branch_datetime_operator', 'example_branch_datetime_operator_2' retrieved from /home/airflow/.local/lib/python3.12/site-packages/airflow/example_dags/example_branch_datetime_operator.py
[2024-11-08T13:44:31.730+0000] {logging_mixin.py:190} INFO - [2024-11-08T13:44:31.729+0000] {dag.py:3239} INFO - Sync 3 DAGs
[2024-11-08T13:44:31.747+0000] {logging_mixin.py:190} INFO - [2024-11-08T13:44:31.746+0000] {dag.py:4180} INFO - Setting next_dagrun for example_branch_datetime_operator to 2024-11-07 00:00:00+00:00, run_after=2024-11-08 00:00:00+00:00
[2024-11-08T13:44:31.750+0000] {logging_mixin.py:190} INFO - [2024-11-08T13:44:31.750+0000] {dag.py:4180} INFO - Setting next_dagrun for example_branch_datetime_operator_2 to 2024-11-07 00:00:00+00:00, run_after=2024-11-08 00:00:00+00:00
[2024-11-08T13:44:31.752+0000] {logging_mixin.py:190} INFO - [2024-11-08T13:44:31.752+0000] {dag.py:4180} INFO - Setting next_dagrun for example_branch_datetime_operator_3 to 2024-11-07 00:00:00+00:00, run_after=2024-11-08 00:00:00+00:00
[2024-11-08T13:44:31.765+0000] {processor.py:208} INFO - Processing /home/airflow/.local/lib/python3.12/site-packages/airflow/example_dags/example_branch_datetime_operator.py took 0.068 seconds
[2024-11-08T13:45:02.200+0000] {processor.py:186} INFO - Started process (PID=592) to work on /home/airflow/.local/lib/python3.12/site-packages/airflow/example_dags/example_branch_datetime_operator.py
[2024-11-08T13:45:02.201+0000] {processor.py:914} INFO - Processing file /home/airflow/.local/lib/python3.12/site-packages/airflow/example_dags/example_branch_datetime_operator.py for tasks to queue
[2024-11-08T13:45:02.202+0000] {logging_mixin.py:190} INFO - [2024-11-08T13:45:02.202+0000] {dagbag.py:588} INFO - Filling up the DagBag from /home/airflow/.local/lib/python3.12/site-packages/airflow/example_dags/example_branch_datetime_operator.py
[2024-11-08T13:45:02.210+0000] {processor.py:925} INFO - DAG(s) 'example_branch_datetime_operator_2', 'example_branch_datetime_operator_3', 'example_branch_datetime_operator' retrieved from /home/airflow/.local/lib/python3.12/site-packages/airflow/example_dags/example_branch_datetime_operator.py
[2024-11-08T13:45:02.228+0000] {logging_mixin.py:190} INFO - [2024-11-08T13:45:02.228+0000] {dag.py:3239} INFO - Sync 3 DAGs
[2024-11-08T13:45:02.246+0000] {logging_mixin.py:190} INFO - [2024-11-08T13:45:02.246+0000] {dag.py:4180} INFO - Setting next_dagrun for example_branch_datetime_operator to 2024-11-07 00:00:00+00:00, run_after=2024-11-08 00:00:00+00:00
[2024-11-08T13:45:02.250+0000] {logging_mixin.py:190} INFO - [2024-11-08T13:45:02.250+0000] {dag.py:4180} INFO - Setting next_dagrun for example_branch_datetime_operator_2 to 2024-11-07 00:00:00+00:00, run_after=2024-11-08 00:00:00+00:00
[2024-11-08T13:45:02.252+0000] {logging_mixin.py:190} INFO - [2024-11-08T13:45:02.251+0000] {dag.py:4180} INFO - Setting next_dagrun for example_branch_datetime_operator_3 to 2024-11-07 00:00:00+00:00, run_after=2024-11-08 00:00:00+00:00
[2024-11-08T13:45:02.265+0000] {processor.py:208} INFO - Processing /home/airflow/.local/lib/python3.12/site-packages/airflow/example_dags/example_branch_datetime_operator.py took 0.069 seconds
[2024-11-08T13:45:33.201+0000] {processor.py:186} INFO - Started process (PID=655) to work on /home/airflow/.local/lib/python3.12/site-packages/airflow/example_dags/example_branch_datetime_operator.py
[2024-11-08T13:45:33.202+0000] {processor.py:914} INFO - Processing file /home/airflow/.local/lib/python3.12/site-packages/airflow/example_dags/example_branch_datetime_operator.py for tasks to queue
[2024-11-08T13:45:33.203+0000] {logging_mixin.py:190} INFO - [2024-11-08T13:45:33.203+0000] {dagbag.py:588} INFO - Filling up the DagBag from /home/airflow/.local/lib/python3.12/site-packages/airflow/example_dags/example_branch_datetime_operator.py
[2024-11-08T13:45:33.211+0000] {processor.py:925} INFO - DAG(s) 'example_branch_datetime_operator', 'example_branch_datetime_operator_2', 'example_branch_datetime_operator_3' retrieved from /home/airflow/.local/lib/python3.12/site-packages/airflow/example_dags/example_branch_datetime_operator.py
[2024-11-08T13:45:33.228+0000] {logging_mixin.py:190} INFO - [2024-11-08T13:45:33.228+0000] {dag.py:3239} INFO - Sync 3 DAGs
[2024-11-08T13:45:33.246+0000] {logging_mixin.py:190} INFO - [2024-11-08T13:45:33.246+0000] {dag.py:4180} INFO - Setting next_dagrun for example_branch_datetime_operator to 2024-11-07 00:00:00+00:00, run_after=2024-11-08 00:00:00+00:00
[2024-11-08T13:45:33.249+0000] {logging_mixin.py:190} INFO - [2024-11-08T13:45:33.249+0000] {dag.py:4180} INFO - Setting next_dagrun for example_branch_datetime_operator_2 to 2024-11-07 00:00:00+00:00, run_after=2024-11-08 00:00:00+00:00
[2024-11-08T13:45:33.251+0000] {logging_mixin.py:190} INFO - [2024-11-08T13:45:33.251+0000] {dag.py:4180} INFO - Setting next_dagrun for example_branch_datetime_operator_3 to 2024-11-07 00:00:00+00:00, run_after=2024-11-08 00:00:00+00:00
[2024-11-08T13:45:33.264+0000] {processor.py:208} INFO - Processing /home/airflow/.local/lib/python3.12/site-packages/airflow/example_dags/example_branch_datetime_operator.py took 0.067 seconds
[2024-11-08T13:46:03.907+0000] {processor.py:186} INFO - Started process (PID=719) to work on /home/airflow/.local/lib/python3.12/site-packages/airflow/example_dags/example_branch_datetime_operator.py
[2024-11-08T13:46:03.907+0000] {processor.py:914} INFO - Processing file /home/airflow/.local/lib/python3.12/site-packages/airflow/example_dags/example_branch_datetime_operator.py for tasks to queue
[2024-11-08T13:46:03.909+0000] {logging_mixin.py:190} INFO - [2024-11-08T13:46:03.909+0000] {dagbag.py:588} INFO - Filling up the DagBag from /home/airflow/.local/lib/python3.12/site-packages/airflow/example_dags/example_branch_datetime_operator.py
[2024-11-08T13:46:03.917+0000] {processor.py:925} INFO - DAG(s) 'example_branch_datetime_operator_3', 'example_branch_datetime_operator_2', 'example_branch_datetime_operator' retrieved from /home/airflow/.local/lib/python3.12/site-packages/airflow/example_dags/example_branch_datetime_operator.py
[2024-11-08T13:46:03.933+0000] {logging_mixin.py:190} INFO - [2024-11-08T13:46:03.933+0000] {dag.py:3239} INFO - Sync 3 DAGs
[2024-11-08T13:46:03.951+0000] {logging_mixin.py:190} INFO - [2024-11-08T13:46:03.951+0000] {dag.py:4180} INFO - Setting next_dagrun for example_branch_datetime_operator to 2024-11-07 00:00:00+00:00, run_after=2024-11-08 00:00:00+00:00
[2024-11-08T13:46:03.955+0000] {logging_mixin.py:190} INFO - [2024-11-08T13:46:03.954+0000] {dag.py:4180} INFO - Setting next_dagrun for example_branch_datetime_operator_2 to 2024-11-07 00:00:00+00:00, run_after=2024-11-08 00:00:00+00:00
[2024-11-08T13:46:03.956+0000] {logging_mixin.py:190} INFO - [2024-11-08T13:46:03.956+0000] {dag.py:4180} INFO - Setting next_dagrun for example_branch_datetime_operator_3 to 2024-11-07 00:00:00+00:00, run_after=2024-11-08 00:00:00+00:00
[2024-11-08T13:46:03.973+0000] {processor.py:208} INFO - Processing /home/airflow/.local/lib/python3.12/site-packages/airflow/example_dags/example_branch_datetime_operator.py took 0.070 seconds
[2024-11-08T13:46:34.634+0000] {processor.py:186} INFO - Started process (PID=783) to work on /home/airflow/.local/lib/python3.12/site-packages/airflow/example_dags/example_branch_datetime_operator.py
[2024-11-08T13:46:34.635+0000] {processor.py:914} INFO - Processing file /home/airflow/.local/lib/python3.12/site-packages/airflow/example_dags/example_branch_datetime_operator.py for tasks to queue
[2024-11-08T13:46:34.636+0000] {logging_mixin.py:190} INFO - [2024-11-08T13:46:34.636+0000] {dagbag.py:588} INFO - Filling up the DagBag from /home/airflow/.local/lib/python3.12/site-packages/airflow/example_dags/example_branch_datetime_operator.py
[2024-11-08T13:46:34.644+0000] {processor.py:925} INFO - DAG(s) 'example_branch_datetime_operator_2', 'example_branch_datetime_operator_3', 'example_branch_datetime_operator' retrieved from /home/airflow/.local/lib/python3.12/site-packages/airflow/example_dags/example_branch_datetime_operator.py
[2024-11-08T13:46:34.663+0000] {logging_mixin.py:190} INFO - [2024-11-08T13:46:34.663+0000] {dag.py:3239} INFO - Sync 3 DAGs
[2024-11-08T13:46:34.681+0000] {logging_mixin.py:190} INFO - [2024-11-08T13:46:34.680+0000] {dag.py:4180} INFO - Setting next_dagrun for example_branch_datetime_operator to 2024-11-07 00:00:00+00:00, run_after=2024-11-08 00:00:00+00:00
[2024-11-08T13:46:34.685+0000] {logging_mixin.py:190} INFO - [2024-11-08T13:46:34.685+0000] {dag.py:4180} INFO - Setting next_dagrun for example_branch_datetime_operator_2 to 2024-11-07 00:00:00+00:00, run_after=2024-11-08 00:00:00+00:00
[2024-11-08T13:46:34.687+0000] {logging_mixin.py:190} INFO - [2024-11-08T13:46:34.687+0000] {dag.py:4180} INFO - Setting next_dagrun for example_branch_datetime_operator_3 to 2024-11-07 00:00:00+00:00, run_after=2024-11-08 00:00:00+00:00
[2024-11-08T13:46:34.699+0000] {processor.py:208} INFO - Processing /home/airflow/.local/lib/python3.12/site-packages/airflow/example_dags/example_branch_datetime_operator.py took 0.068 seconds
[2024-11-08T13:47:04.915+0000] {processor.py:186} INFO - Started process (PID=847) to work on /home/airflow/.local/lib/python3.12/site-packages/airflow/example_dags/example_branch_datetime_operator.py
[2024-11-08T13:47:04.916+0000] {processor.py:914} INFO - Processing file /home/airflow/.local/lib/python3.12/site-packages/airflow/example_dags/example_branch_datetime_operator.py for tasks to queue
[2024-11-08T13:47:04.917+0000] {logging_mixin.py:190} INFO - [2024-11-08T13:47:04.917+0000] {dagbag.py:588} INFO - Filling up the DagBag from /home/airflow/.local/lib/python3.12/site-packages/airflow/example_dags/example_branch_datetime_operator.py
[2024-11-08T13:47:04.925+0000] {processor.py:925} INFO - DAG(s) 'example_branch_datetime_operator_3', 'example_branch_datetime_operator', 'example_branch_datetime_operator_2' retrieved from /home/airflow/.local/lib/python3.12/site-packages/airflow/example_dags/example_branch_datetime_operator.py
[2024-11-08T13:47:04.942+0000] {logging_mixin.py:190} INFO - [2024-11-08T13:47:04.942+0000] {dag.py:3239} INFO - Sync 3 DAGs
[2024-11-08T13:47:04.959+0000] {logging_mixin.py:190} INFO - [2024-11-08T13:47:04.959+0000] {dag.py:4180} INFO - Setting next_dagrun for example_branch_datetime_operator to 2024-11-07 00:00:00+00:00, run_after=2024-11-08 00:00:00+00:00
[2024-11-08T13:47:04.963+0000] {logging_mixin.py:190} INFO - [2024-11-08T13:47:04.963+0000] {dag.py:4180} INFO - Setting next_dagrun for example_branch_datetime_operator_2 to 2024-11-07 00:00:00+00:00, run_after=2024-11-08 00:00:00+00:00
[2024-11-08T13:47:04.965+0000] {logging_mixin.py:190} INFO - [2024-11-08T13:47:04.964+0000] {dag.py:4180} INFO - Setting next_dagrun for example_branch_datetime_operator_3 to 2024-11-07 00:00:00+00:00, run_after=2024-11-08 00:00:00+00:00
[2024-11-08T13:47:04.981+0000] {processor.py:208} INFO - Processing /home/airflow/.local/lib/python3.12/site-packages/airflow/example_dags/example_branch_datetime_operator.py took 0.070 seconds
[2024-11-08T13:47:35.795+0000] {processor.py:186} INFO - Started process (PID=911) to work on /home/airflow/.local/lib/python3.12/site-packages/airflow/example_dags/example_branch_datetime_operator.py
[2024-11-08T13:47:35.796+0000] {processor.py:914} INFO - Processing file /home/airflow/.local/lib/python3.12/site-packages/airflow/example_dags/example_branch_datetime_operator.py for tasks to queue
[2024-11-08T13:47:35.797+0000] {logging_mixin.py:190} INFO - [2024-11-08T13:47:35.797+0000] {dagbag.py:588} INFO - Filling up the DagBag from /home/airflow/.local/lib/python3.12/site-packages/airflow/example_dags/example_branch_datetime_operator.py
[2024-11-08T13:47:35.805+0000] {processor.py:925} INFO - DAG(s) 'example_branch_datetime_operator_2', 'example_branch_datetime_operator', 'example_branch_datetime_operator_3' retrieved from /home/airflow/.local/lib/python3.12/site-packages/airflow/example_dags/example_branch_datetime_operator.py
[2024-11-08T13:47:35.823+0000] {logging_mixin.py:190} INFO - [2024-11-08T13:47:35.823+0000] {dag.py:3239} INFO - Sync 3 DAGs
[2024-11-08T13:47:35.841+0000] {logging_mixin.py:190} INFO - [2024-11-08T13:47:35.841+0000] {dag.py:4180} INFO - Setting next_dagrun for example_branch_datetime_operator to 2024-11-07 00:00:00+00:00, run_after=2024-11-08 00:00:00+00:00
[2024-11-08T13:47:35.845+0000] {logging_mixin.py:190} INFO - [2024-11-08T13:47:35.844+0000] {dag.py:4180} INFO - Setting next_dagrun for example_branch_datetime_operator_2 to 2024-11-07 00:00:00+00:00, run_after=2024-11-08 00:00:00+00:00
[2024-11-08T13:47:35.846+0000] {logging_mixin.py:190} INFO - [2024-11-08T13:47:35.846+0000] {dag.py:4180} INFO - Setting next_dagrun for example_branch_datetime_operator_3 to 2024-11-07 00:00:00+00:00, run_after=2024-11-08 00:00:00+00:00
[2024-11-08T13:47:35.861+0000] {processor.py:208} INFO - Processing /home/airflow/.local/lib/python3.12/site-packages/airflow/example_dags/example_branch_datetime_operator.py took 0.070 seconds
[2024-11-08T13:48:06.107+0000] {processor.py:186} INFO - Started process (PID=975) to work on /home/airflow/.local/lib/python3.12/site-packages/airflow/example_dags/example_branch_datetime_operator.py
[2024-11-08T13:48:06.107+0000] {processor.py:914} INFO - Processing file /home/airflow/.local/lib/python3.12/site-packages/airflow/example_dags/example_branch_datetime_operator.py for tasks to queue
[2024-11-08T13:48:06.109+0000] {logging_mixin.py:190} INFO - [2024-11-08T13:48:06.109+0000] {dagbag.py:588} INFO - Filling up the DagBag from /home/airflow/.local/lib/python3.12/site-packages/airflow/example_dags/example_branch_datetime_operator.py
[2024-11-08T13:48:06.117+0000] {processor.py:925} INFO - DAG(s) 'example_branch_datetime_operator_3', 'example_branch_datetime_operator_2', 'example_branch_datetime_operator' retrieved from /home/airflow/.local/lib/python3.12/site-packages/airflow/example_dags/example_branch_datetime_operator.py
[2024-11-08T13:48:06.135+0000] {logging_mixin.py:190} INFO - [2024-11-08T13:48:06.135+0000] {dag.py:3239} INFO - Sync 3 DAGs
[2024-11-08T13:48:06.156+0000] {logging_mixin.py:190} INFO - [2024-11-08T13:48:06.156+0000] {dag.py:4180} INFO - Setting next_dagrun for example_branch_datetime_operator to 2024-11-07 00:00:00+00:00, run_after=2024-11-08 00:00:00+00:00
[2024-11-08T13:48:06.160+0000] {logging_mixin.py:190} INFO - [2024-11-08T13:48:06.159+0000] {dag.py:4180} INFO - Setting next_dagrun for example_branch_datetime_operator_2 to 2024-11-07 00:00:00+00:00, run_after=2024-11-08 00:00:00+00:00
[2024-11-08T13:48:06.161+0000] {logging_mixin.py:190} INFO - [2024-11-08T13:48:06.161+0000] {dag.py:4180} INFO - Setting next_dagrun for example_branch_datetime_operator_3 to 2024-11-07 00:00:00+00:00, run_after=2024-11-08 00:00:00+00:00
[2024-11-08T13:48:06.177+0000] {processor.py:208} INFO - Processing /home/airflow/.local/lib/python3.12/site-packages/airflow/example_dags/example_branch_datetime_operator.py took 0.074 seconds
[2024-11-08T13:48:37.147+0000] {processor.py:186} INFO - Started process (PID=1039) to work on /home/airflow/.local/lib/python3.12/site-packages/airflow/example_dags/example_branch_datetime_operator.py
[2024-11-08T13:48:37.148+0000] {processor.py:914} INFO - Processing file /home/airflow/.local/lib/python3.12/site-packages/airflow/example_dags/example_branch_datetime_operator.py for tasks to queue
[2024-11-08T13:48:37.149+0000] {logging_mixin.py:190} INFO - [2024-11-08T13:48:37.149+0000] {dagbag.py:588} INFO - Filling up the DagBag from /home/airflow/.local/lib/python3.12/site-packages/airflow/example_dags/example_branch_datetime_operator.py
[2024-11-08T13:48:37.157+0000] {processor.py:925} INFO - DAG(s) 'example_branch_datetime_operator_2', 'example_branch_datetime_operator_3', 'example_branch_datetime_operator' retrieved from /home/airflow/.local/lib/python3.12/site-packages/airflow/example_dags/example_branch_datetime_operator.py
[2024-11-08T13:48:37.174+0000] {logging_mixin.py:190} INFO - [2024-11-08T13:48:37.174+0000] {dag.py:3239} INFO - Sync 3 DAGs
[2024-11-08T13:48:37.191+0000] {logging_mixin.py:190} INFO - [2024-11-08T13:48:37.190+0000] {dag.py:4180} INFO - Setting next_dagrun for example_branch_datetime_operator to 2024-11-07 00:00:00+00:00, run_after=2024-11-08 00:00:00+00:00
[2024-11-08T13:48:37.194+0000] {logging_mixin.py:190} INFO - [2024-11-08T13:48:37.194+0000] {dag.py:4180} INFO - Setting next_dagrun for example_branch_datetime_operator_2 to 2024-11-07 00:00:00+00:00, run_after=2024-11-08 00:00:00+00:00
[2024-11-08T13:48:37.196+0000] {logging_mixin.py:190} INFO - [2024-11-08T13:48:37.196+0000] {dag.py:4180} INFO - Setting next_dagrun for example_branch_datetime_operator_3 to 2024-11-07 00:00:00+00:00, run_after=2024-11-08 00:00:00+00:00
[2024-11-08T13:48:37.209+0000] {processor.py:208} INFO - Processing /home/airflow/.local/lib/python3.12/site-packages/airflow/example_dags/example_branch_datetime_operator.py took 0.065 seconds
