[2024-11-08T13:41:02.090+0000] {processor.py:186} INFO - Started process (PID=109) to work on /home/airflow/.local/lib/python3.12/site-packages/airflow/example_dags/example_time_delta_sensor_async.py
[2024-11-08T13:41:02.091+0000] {processor.py:914} INFO - Processing file /home/airflow/.local/lib/python3.12/site-packages/airflow/example_dags/example_time_delta_sensor_async.py for tasks to queue
[2024-11-08T13:41:02.093+0000] {logging_mixin.py:190} INFO - [2024-11-08T13:41:02.092+0000] {dagbag.py:588} INFO - Filling up the DagBag from /home/airflow/.local/lib/python3.12/site-packages/airflow/example_dags/example_time_delta_sensor_async.py
[2024-11-08T13:41:02.097+0000] {processor.py:925} INFO - DAG(s) 'example_time_delta_sensor_async' retrieved from /home/airflow/.local/lib/python3.12/site-packages/airflow/example_dags/example_time_delta_sensor_async.py
[2024-11-08T13:41:02.175+0000] {logging_mixin.py:190} INFO - [2024-11-08T13:41:02.174+0000] {override.py:1911} INFO - Created Permission View: can read on DAG:example_time_delta_sensor_async
[2024-11-08T13:41:02.184+0000] {logging_mixin.py:190} INFO - [2024-11-08T13:41:02.184+0000] {override.py:1911} INFO - Created Permission View: can edit on DAG:example_time_delta_sensor_async
[2024-11-08T13:41:02.192+0000] {logging_mixin.py:190} INFO - [2024-11-08T13:41:02.192+0000] {override.py:1911} INFO - Created Permission View: can delete on DAG:example_time_delta_sensor_async
[2024-11-08T13:41:02.205+0000] {logging_mixin.py:190} INFO - [2024-11-08T13:41:02.204+0000] {override.py:1911} INFO - Created Permission View: can read on DAG Run:example_time_delta_sensor_async
[2024-11-08T13:41:02.214+0000] {logging_mixin.py:190} INFO - [2024-11-08T13:41:02.214+0000] {override.py:1911} INFO - Created Permission View: can create on DAG Run:example_time_delta_sensor_async
[2024-11-08T13:41:02.223+0000] {logging_mixin.py:190} INFO - [2024-11-08T13:41:02.223+0000] {override.py:1911} INFO - Created Permission View: can delete on DAG Run:example_time_delta_sensor_async
[2024-11-08T13:41:02.229+0000] {logging_mixin.py:190} INFO - [2024-11-08T13:41:02.229+0000] {override.py:1911} INFO - Created Permission View: menu access on DAG Run:example_time_delta_sensor_async
[2024-11-08T13:41:02.230+0000] {logging_mixin.py:190} INFO - [2024-11-08T13:41:02.230+0000] {dag.py:3239} INFO - Sync 1 DAGs
[2024-11-08T13:41:02.240+0000] {logging_mixin.py:190} INFO - [2024-11-08T13:41:02.240+0000] {dag.py:3262} INFO - Creating ORM DAG for example_time_delta_sensor_async
[2024-11-08T13:41:02.241+0000] {logging_mixin.py:190} INFO - [2024-11-08T13:41:02.240+0000] {dag.py:4180} INFO - Setting next_dagrun for example_time_delta_sensor_async to None, run_after=None
[2024-11-08T13:41:02.254+0000] {processor.py:208} INFO - Processing /home/airflow/.local/lib/python3.12/site-packages/airflow/example_dags/example_time_delta_sensor_async.py took 0.168 seconds
[2024-11-08T13:41:32.904+0000] {processor.py:186} INFO - Started process (PID=172) to work on /home/airflow/.local/lib/python3.12/site-packages/airflow/example_dags/example_time_delta_sensor_async.py
[2024-11-08T13:41:32.905+0000] {processor.py:914} INFO - Processing file /home/airflow/.local/lib/python3.12/site-packages/airflow/example_dags/example_time_delta_sensor_async.py for tasks to queue
[2024-11-08T13:41:32.907+0000] {logging_mixin.py:190} INFO - [2024-11-08T13:41:32.906+0000] {dagbag.py:588} INFO - Filling up the DagBag from /home/airflow/.local/lib/python3.12/site-packages/airflow/example_dags/example_time_delta_sensor_async.py
[2024-11-08T13:41:32.911+0000] {processor.py:925} INFO - DAG(s) 'example_time_delta_sensor_async' retrieved from /home/airflow/.local/lib/python3.12/site-packages/airflow/example_dags/example_time_delta_sensor_async.py
[2024-11-08T13:41:32.924+0000] {logging_mixin.py:190} INFO - [2024-11-08T13:41:32.923+0000] {dag.py:3239} INFO - Sync 1 DAGs
[2024-11-08T13:41:32.934+0000] {logging_mixin.py:190} INFO - [2024-11-08T13:41:32.934+0000] {dag.py:4180} INFO - Setting next_dagrun for example_time_delta_sensor_async to None, run_after=None
[2024-11-08T13:41:32.951+0000] {processor.py:208} INFO - Processing /home/airflow/.local/lib/python3.12/site-packages/airflow/example_dags/example_time_delta_sensor_async.py took 0.050 seconds
[2024-11-08T13:42:04.321+0000] {processor.py:186} INFO - Started process (PID=235) to work on /home/airflow/.local/lib/python3.12/site-packages/airflow/example_dags/example_time_delta_sensor_async.py
[2024-11-08T13:42:04.321+0000] {processor.py:914} INFO - Processing file /home/airflow/.local/lib/python3.12/site-packages/airflow/example_dags/example_time_delta_sensor_async.py for tasks to queue
[2024-11-08T13:42:04.323+0000] {logging_mixin.py:190} INFO - [2024-11-08T13:42:04.323+0000] {dagbag.py:588} INFO - Filling up the DagBag from /home/airflow/.local/lib/python3.12/site-packages/airflow/example_dags/example_time_delta_sensor_async.py
[2024-11-08T13:42:04.327+0000] {processor.py:925} INFO - DAG(s) 'example_time_delta_sensor_async' retrieved from /home/airflow/.local/lib/python3.12/site-packages/airflow/example_dags/example_time_delta_sensor_async.py
[2024-11-08T13:42:04.341+0000] {logging_mixin.py:190} INFO - [2024-11-08T13:42:04.341+0000] {dag.py:3239} INFO - Sync 1 DAGs
[2024-11-08T13:42:04.352+0000] {logging_mixin.py:190} INFO - [2024-11-08T13:42:04.352+0000] {dag.py:4180} INFO - Setting next_dagrun for example_time_delta_sensor_async to None, run_after=None
[2024-11-08T13:42:04.369+0000] {processor.py:208} INFO - Processing /home/airflow/.local/lib/python3.12/site-packages/airflow/example_dags/example_time_delta_sensor_async.py took 0.053 seconds
[2024-11-08T13:42:35.633+0000] {processor.py:186} INFO - Started process (PID=298) to work on /home/airflow/.local/lib/python3.12/site-packages/airflow/example_dags/example_time_delta_sensor_async.py
[2024-11-08T13:42:35.634+0000] {processor.py:914} INFO - Processing file /home/airflow/.local/lib/python3.12/site-packages/airflow/example_dags/example_time_delta_sensor_async.py for tasks to queue
[2024-11-08T13:42:35.635+0000] {logging_mixin.py:190} INFO - [2024-11-08T13:42:35.635+0000] {dagbag.py:588} INFO - Filling up the DagBag from /home/airflow/.local/lib/python3.12/site-packages/airflow/example_dags/example_time_delta_sensor_async.py
[2024-11-08T13:42:35.640+0000] {processor.py:925} INFO - DAG(s) 'example_time_delta_sensor_async' retrieved from /home/airflow/.local/lib/python3.12/site-packages/airflow/example_dags/example_time_delta_sensor_async.py
[2024-11-08T13:42:35.653+0000] {logging_mixin.py:190} INFO - [2024-11-08T13:42:35.652+0000] {dag.py:3239} INFO - Sync 1 DAGs
[2024-11-08T13:42:35.663+0000] {logging_mixin.py:190} INFO - [2024-11-08T13:42:35.663+0000] {dag.py:4180} INFO - Setting next_dagrun for example_time_delta_sensor_async to None, run_after=None
[2024-11-08T13:42:35.679+0000] {processor.py:208} INFO - Processing /home/airflow/.local/lib/python3.12/site-packages/airflow/example_dags/example_time_delta_sensor_async.py took 0.050 seconds
[2024-11-08T13:43:06.755+0000] {processor.py:186} INFO - Started process (PID=361) to work on /home/airflow/.local/lib/python3.12/site-packages/airflow/example_dags/example_time_delta_sensor_async.py
[2024-11-08T13:43:06.755+0000] {processor.py:914} INFO - Processing file /home/airflow/.local/lib/python3.12/site-packages/airflow/example_dags/example_time_delta_sensor_async.py for tasks to queue
[2024-11-08T13:43:06.757+0000] {logging_mixin.py:190} INFO - [2024-11-08T13:43:06.756+0000] {dagbag.py:588} INFO - Filling up the DagBag from /home/airflow/.local/lib/python3.12/site-packages/airflow/example_dags/example_time_delta_sensor_async.py
[2024-11-08T13:43:06.761+0000] {processor.py:925} INFO - DAG(s) 'example_time_delta_sensor_async' retrieved from /home/airflow/.local/lib/python3.12/site-packages/airflow/example_dags/example_time_delta_sensor_async.py
[2024-11-08T13:43:06.774+0000] {logging_mixin.py:190} INFO - [2024-11-08T13:43:06.774+0000] {dag.py:3239} INFO - Sync 1 DAGs
[2024-11-08T13:43:06.785+0000] {logging_mixin.py:190} INFO - [2024-11-08T13:43:06.785+0000] {dag.py:4180} INFO - Setting next_dagrun for example_time_delta_sensor_async to None, run_after=None
[2024-11-08T13:43:06.800+0000] {processor.py:208} INFO - Processing /home/airflow/.local/lib/python3.12/site-packages/airflow/example_dags/example_time_delta_sensor_async.py took 0.049 seconds
[2024-11-08T13:43:37.385+0000] {processor.py:186} INFO - Started process (PID=424) to work on /home/airflow/.local/lib/python3.12/site-packages/airflow/example_dags/example_time_delta_sensor_async.py
[2024-11-08T13:43:37.385+0000] {processor.py:914} INFO - Processing file /home/airflow/.local/lib/python3.12/site-packages/airflow/example_dags/example_time_delta_sensor_async.py for tasks to queue
[2024-11-08T13:43:37.387+0000] {logging_mixin.py:190} INFO - [2024-11-08T13:43:37.387+0000] {dagbag.py:588} INFO - Filling up the DagBag from /home/airflow/.local/lib/python3.12/site-packages/airflow/example_dags/example_time_delta_sensor_async.py
[2024-11-08T13:43:37.391+0000] {processor.py:925} INFO - DAG(s) 'example_time_delta_sensor_async' retrieved from /home/airflow/.local/lib/python3.12/site-packages/airflow/example_dags/example_time_delta_sensor_async.py
[2024-11-08T13:43:37.407+0000] {logging_mixin.py:190} INFO - [2024-11-08T13:43:37.407+0000] {dag.py:3239} INFO - Sync 1 DAGs
[2024-11-08T13:43:37.419+0000] {logging_mixin.py:190} INFO - [2024-11-08T13:43:37.418+0000] {dag.py:4180} INFO - Setting next_dagrun for example_time_delta_sensor_async to None, run_after=None
[2024-11-08T13:43:37.433+0000] {processor.py:208} INFO - Processing /home/airflow/.local/lib/python3.12/site-packages/airflow/example_dags/example_time_delta_sensor_async.py took 0.052 seconds
[2024-11-08T13:44:08.025+0000] {processor.py:186} INFO - Started process (PID=487) to work on /home/airflow/.local/lib/python3.12/site-packages/airflow/example_dags/example_time_delta_sensor_async.py
[2024-11-08T13:44:08.026+0000] {processor.py:914} INFO - Processing file /home/airflow/.local/lib/python3.12/site-packages/airflow/example_dags/example_time_delta_sensor_async.py for tasks to queue
[2024-11-08T13:44:08.028+0000] {logging_mixin.py:190} INFO - [2024-11-08T13:44:08.027+0000] {dagbag.py:588} INFO - Filling up the DagBag from /home/airflow/.local/lib/python3.12/site-packages/airflow/example_dags/example_time_delta_sensor_async.py
[2024-11-08T13:44:08.032+0000] {processor.py:925} INFO - DAG(s) 'example_time_delta_sensor_async' retrieved from /home/airflow/.local/lib/python3.12/site-packages/airflow/example_dags/example_time_delta_sensor_async.py
[2024-11-08T13:44:08.046+0000] {logging_mixin.py:190} INFO - [2024-11-08T13:44:08.045+0000] {dag.py:3239} INFO - Sync 1 DAGs
[2024-11-08T13:44:08.057+0000] {logging_mixin.py:190} INFO - [2024-11-08T13:44:08.057+0000] {dag.py:4180} INFO - Setting next_dagrun for example_time_delta_sensor_async to None, run_after=None
[2024-11-08T13:44:08.076+0000] {processor.py:208} INFO - Processing /home/airflow/.local/lib/python3.12/site-packages/airflow/example_dags/example_time_delta_sensor_async.py took 0.054 seconds
[2024-11-08T13:44:39.579+0000] {processor.py:186} INFO - Started process (PID=550) to work on /home/airflow/.local/lib/python3.12/site-packages/airflow/example_dags/example_time_delta_sensor_async.py
[2024-11-08T13:44:39.579+0000] {processor.py:914} INFO - Processing file /home/airflow/.local/lib/python3.12/site-packages/airflow/example_dags/example_time_delta_sensor_async.py for tasks to queue
[2024-11-08T13:44:39.582+0000] {logging_mixin.py:190} INFO - [2024-11-08T13:44:39.581+0000] {dagbag.py:588} INFO - Filling up the DagBag from /home/airflow/.local/lib/python3.12/site-packages/airflow/example_dags/example_time_delta_sensor_async.py
[2024-11-08T13:44:39.589+0000] {processor.py:925} INFO - DAG(s) 'example_time_delta_sensor_async' retrieved from /home/airflow/.local/lib/python3.12/site-packages/airflow/example_dags/example_time_delta_sensor_async.py
[2024-11-08T13:44:39.603+0000] {logging_mixin.py:190} INFO - [2024-11-08T13:44:39.603+0000] {dag.py:3239} INFO - Sync 1 DAGs
[2024-11-08T13:44:39.614+0000] {logging_mixin.py:190} INFO - [2024-11-08T13:44:39.614+0000] {dag.py:4180} INFO - Setting next_dagrun for example_time_delta_sensor_async to None, run_after=None
[2024-11-08T13:44:39.629+0000] {processor.py:208} INFO - Processing /home/airflow/.local/lib/python3.12/site-packages/airflow/example_dags/example_time_delta_sensor_async.py took 0.056 seconds
[2024-11-08T13:45:11.010+0000] {processor.py:186} INFO - Started process (PID=613) to work on /home/airflow/.local/lib/python3.12/site-packages/airflow/example_dags/example_time_delta_sensor_async.py
[2024-11-08T13:45:11.011+0000] {processor.py:914} INFO - Processing file /home/airflow/.local/lib/python3.12/site-packages/airflow/example_dags/example_time_delta_sensor_async.py for tasks to queue
[2024-11-08T13:45:11.012+0000] {logging_mixin.py:190} INFO - [2024-11-08T13:45:11.012+0000] {dagbag.py:588} INFO - Filling up the DagBag from /home/airflow/.local/lib/python3.12/site-packages/airflow/example_dags/example_time_delta_sensor_async.py
[2024-11-08T13:45:11.017+0000] {processor.py:925} INFO - DAG(s) 'example_time_delta_sensor_async' retrieved from /home/airflow/.local/lib/python3.12/site-packages/airflow/example_dags/example_time_delta_sensor_async.py
[2024-11-08T13:45:11.031+0000] {logging_mixin.py:190} INFO - [2024-11-08T13:45:11.031+0000] {dag.py:3239} INFO - Sync 1 DAGs
[2024-11-08T13:45:11.042+0000] {logging_mixin.py:190} INFO - [2024-11-08T13:45:11.042+0000] {dag.py:4180} INFO - Setting next_dagrun for example_time_delta_sensor_async to None, run_after=None
[2024-11-08T13:45:11.057+0000] {processor.py:208} INFO - Processing /home/airflow/.local/lib/python3.12/site-packages/airflow/example_dags/example_time_delta_sensor_async.py took 0.051 seconds
[2024-11-08T13:45:42.051+0000] {processor.py:186} INFO - Started process (PID=676) to work on /home/airflow/.local/lib/python3.12/site-packages/airflow/example_dags/example_time_delta_sensor_async.py
[2024-11-08T13:45:42.052+0000] {processor.py:914} INFO - Processing file /home/airflow/.local/lib/python3.12/site-packages/airflow/example_dags/example_time_delta_sensor_async.py for tasks to queue
[2024-11-08T13:45:42.054+0000] {logging_mixin.py:190} INFO - [2024-11-08T13:45:42.053+0000] {dagbag.py:588} INFO - Filling up the DagBag from /home/airflow/.local/lib/python3.12/site-packages/airflow/example_dags/example_time_delta_sensor_async.py
[2024-11-08T13:45:42.058+0000] {processor.py:925} INFO - DAG(s) 'example_time_delta_sensor_async' retrieved from /home/airflow/.local/lib/python3.12/site-packages/airflow/example_dags/example_time_delta_sensor_async.py
[2024-11-08T13:45:42.071+0000] {logging_mixin.py:190} INFO - [2024-11-08T13:45:42.071+0000] {dag.py:3239} INFO - Sync 1 DAGs
[2024-11-08T13:45:42.082+0000] {logging_mixin.py:190} INFO - [2024-11-08T13:45:42.082+0000] {dag.py:4180} INFO - Setting next_dagrun for example_time_delta_sensor_async to None, run_after=None
[2024-11-08T13:45:42.098+0000] {processor.py:208} INFO - Processing /home/airflow/.local/lib/python3.12/site-packages/airflow/example_dags/example_time_delta_sensor_async.py took 0.050 seconds
[2024-11-08T13:46:12.824+0000] {processor.py:186} INFO - Started process (PID=740) to work on /home/airflow/.local/lib/python3.12/site-packages/airflow/example_dags/example_time_delta_sensor_async.py
[2024-11-08T13:46:12.825+0000] {processor.py:914} INFO - Processing file /home/airflow/.local/lib/python3.12/site-packages/airflow/example_dags/example_time_delta_sensor_async.py for tasks to queue
[2024-11-08T13:46:12.827+0000] {logging_mixin.py:190} INFO - [2024-11-08T13:46:12.826+0000] {dagbag.py:588} INFO - Filling up the DagBag from /home/airflow/.local/lib/python3.12/site-packages/airflow/example_dags/example_time_delta_sensor_async.py
[2024-11-08T13:46:12.832+0000] {processor.py:925} INFO - DAG(s) 'example_time_delta_sensor_async' retrieved from /home/airflow/.local/lib/python3.12/site-packages/airflow/example_dags/example_time_delta_sensor_async.py
[2024-11-08T13:46:12.845+0000] {logging_mixin.py:190} INFO - [2024-11-08T13:46:12.845+0000] {dag.py:3239} INFO - Sync 1 DAGs
[2024-11-08T13:46:12.856+0000] {logging_mixin.py:190} INFO - [2024-11-08T13:46:12.856+0000] {dag.py:4180} INFO - Setting next_dagrun for example_time_delta_sensor_async to None, run_after=None
[2024-11-08T13:46:12.874+0000] {processor.py:208} INFO - Processing /home/airflow/.local/lib/python3.12/site-packages/airflow/example_dags/example_time_delta_sensor_async.py took 0.053 seconds
[2024-11-08T13:46:43.415+0000] {processor.py:186} INFO - Started process (PID=804) to work on /home/airflow/.local/lib/python3.12/site-packages/airflow/example_dags/example_time_delta_sensor_async.py
[2024-11-08T13:46:43.416+0000] {processor.py:914} INFO - Processing file /home/airflow/.local/lib/python3.12/site-packages/airflow/example_dags/example_time_delta_sensor_async.py for tasks to queue
[2024-11-08T13:46:43.417+0000] {logging_mixin.py:190} INFO - [2024-11-08T13:46:43.417+0000] {dagbag.py:588} INFO - Filling up the DagBag from /home/airflow/.local/lib/python3.12/site-packages/airflow/example_dags/example_time_delta_sensor_async.py
[2024-11-08T13:46:43.422+0000] {processor.py:925} INFO - DAG(s) 'example_time_delta_sensor_async' retrieved from /home/airflow/.local/lib/python3.12/site-packages/airflow/example_dags/example_time_delta_sensor_async.py
[2024-11-08T13:46:43.435+0000] {logging_mixin.py:190} INFO - [2024-11-08T13:46:43.435+0000] {dag.py:3239} INFO - Sync 1 DAGs
[2024-11-08T13:46:43.446+0000] {logging_mixin.py:190} INFO - [2024-11-08T13:46:43.445+0000] {dag.py:4180} INFO - Setting next_dagrun for example_time_delta_sensor_async to None, run_after=None
[2024-11-08T13:46:43.459+0000] {processor.py:208} INFO - Processing /home/airflow/.local/lib/python3.12/site-packages/airflow/example_dags/example_time_delta_sensor_async.py took 0.048 seconds
[2024-11-08T13:47:14.756+0000] {processor.py:186} INFO - Started process (PID=868) to work on /home/airflow/.local/lib/python3.12/site-packages/airflow/example_dags/example_time_delta_sensor_async.py
[2024-11-08T13:47:14.757+0000] {processor.py:914} INFO - Processing file /home/airflow/.local/lib/python3.12/site-packages/airflow/example_dags/example_time_delta_sensor_async.py for tasks to queue
[2024-11-08T13:47:14.758+0000] {logging_mixin.py:190} INFO - [2024-11-08T13:47:14.758+0000] {dagbag.py:588} INFO - Filling up the DagBag from /home/airflow/.local/lib/python3.12/site-packages/airflow/example_dags/example_time_delta_sensor_async.py
[2024-11-08T13:47:14.763+0000] {processor.py:925} INFO - DAG(s) 'example_time_delta_sensor_async' retrieved from /home/airflow/.local/lib/python3.12/site-packages/airflow/example_dags/example_time_delta_sensor_async.py
[2024-11-08T13:47:14.776+0000] {logging_mixin.py:190} INFO - [2024-11-08T13:47:14.776+0000] {dag.py:3239} INFO - Sync 1 DAGs
[2024-11-08T13:47:14.786+0000] {logging_mixin.py:190} INFO - [2024-11-08T13:47:14.786+0000] {dag.py:4180} INFO - Setting next_dagrun for example_time_delta_sensor_async to None, run_after=None
[2024-11-08T13:47:14.803+0000] {processor.py:208} INFO - Processing /home/airflow/.local/lib/python3.12/site-packages/airflow/example_dags/example_time_delta_sensor_async.py took 0.051 seconds
[2024-11-08T13:47:45.649+0000] {processor.py:186} INFO - Started process (PID=932) to work on /home/airflow/.local/lib/python3.12/site-packages/airflow/example_dags/example_time_delta_sensor_async.py
[2024-11-08T13:47:45.649+0000] {processor.py:914} INFO - Processing file /home/airflow/.local/lib/python3.12/site-packages/airflow/example_dags/example_time_delta_sensor_async.py for tasks to queue
[2024-11-08T13:47:45.651+0000] {logging_mixin.py:190} INFO - [2024-11-08T13:47:45.651+0000] {dagbag.py:588} INFO - Filling up the DagBag from /home/airflow/.local/lib/python3.12/site-packages/airflow/example_dags/example_time_delta_sensor_async.py
[2024-11-08T13:47:45.656+0000] {processor.py:925} INFO - DAG(s) 'example_time_delta_sensor_async' retrieved from /home/airflow/.local/lib/python3.12/site-packages/airflow/example_dags/example_time_delta_sensor_async.py
[2024-11-08T13:47:45.669+0000] {logging_mixin.py:190} INFO - [2024-11-08T13:47:45.669+0000] {dag.py:3239} INFO - Sync 1 DAGs
[2024-11-08T13:47:45.679+0000] {logging_mixin.py:190} INFO - [2024-11-08T13:47:45.679+0000] {dag.py:4180} INFO - Setting next_dagrun for example_time_delta_sensor_async to None, run_after=None
[2024-11-08T13:47:45.698+0000] {processor.py:208} INFO - Processing /home/airflow/.local/lib/python3.12/site-packages/airflow/example_dags/example_time_delta_sensor_async.py took 0.053 seconds
[2024-11-08T13:48:16.970+0000] {processor.py:186} INFO - Started process (PID=996) to work on /home/airflow/.local/lib/python3.12/site-packages/airflow/example_dags/example_time_delta_sensor_async.py
[2024-11-08T13:48:16.971+0000] {processor.py:914} INFO - Processing file /home/airflow/.local/lib/python3.12/site-packages/airflow/example_dags/example_time_delta_sensor_async.py for tasks to queue
[2024-11-08T13:48:16.973+0000] {logging_mixin.py:190} INFO - [2024-11-08T13:48:16.973+0000] {dagbag.py:588} INFO - Filling up the DagBag from /home/airflow/.local/lib/python3.12/site-packages/airflow/example_dags/example_time_delta_sensor_async.py
[2024-11-08T13:48:16.978+0000] {processor.py:925} INFO - DAG(s) 'example_time_delta_sensor_async' retrieved from /home/airflow/.local/lib/python3.12/site-packages/airflow/example_dags/example_time_delta_sensor_async.py
[2024-11-08T13:48:16.991+0000] {logging_mixin.py:190} INFO - [2024-11-08T13:48:16.991+0000] {dag.py:3239} INFO - Sync 1 DAGs
[2024-11-08T13:48:17.001+0000] {logging_mixin.py:190} INFO - [2024-11-08T13:48:17.001+0000] {dag.py:4180} INFO - Setting next_dagrun for example_time_delta_sensor_async to None, run_after=None
[2024-11-08T13:48:17.016+0000] {processor.py:208} INFO - Processing /home/airflow/.local/lib/python3.12/site-packages/airflow/example_dags/example_time_delta_sensor_async.py took 0.050 seconds
