[2024-11-08T13:40:57.746+0000] {processor.py:186} INFO - Started process (PID=81) to work on /home/airflow/.local/lib/python3.12/site-packages/airflow/example_dags/example_display_name.py
[2024-11-08T13:40:57.746+0000] {processor.py:914} INFO - Processing file /home/airflow/.local/lib/python3.12/site-packages/airflow/example_dags/example_display_name.py for tasks to queue
[2024-11-08T13:40:57.748+0000] {logging_mixin.py:190} INFO - [2024-11-08T13:40:57.748+0000] {dagbag.py:588} INFO - Filling up the DagBag from /home/airflow/.local/lib/python3.12/site-packages/airflow/example_dags/example_display_name.py
[2024-11-08T13:40:57.753+0000] {processor.py:925} INFO - DAG(s) 'example_display_name' retrieved from /home/airflow/.local/lib/python3.12/site-packages/airflow/example_dags/example_display_name.py
[2024-11-08T13:40:57.830+0000] {logging_mixin.py:190} INFO - [2024-11-08T13:40:57.829+0000] {override.py:1911} INFO - Created Permission View: can read on DAG:example_display_name
[2024-11-08T13:40:57.840+0000] {logging_mixin.py:190} INFO - [2024-11-08T13:40:57.839+0000] {override.py:1911} INFO - Created Permission View: can edit on DAG:example_display_name
[2024-11-08T13:40:57.850+0000] {logging_mixin.py:190} INFO - [2024-11-08T13:40:57.849+0000] {override.py:1911} INFO - Created Permission View: can delete on DAG:example_display_name
[2024-11-08T13:40:57.860+0000] {logging_mixin.py:190} INFO - [2024-11-08T13:40:57.859+0000] {override.py:1911} INFO - Created Permission View: can read on DAG Run:example_display_name
[2024-11-08T13:40:57.870+0000] {logging_mixin.py:190} INFO - [2024-11-08T13:40:57.869+0000] {override.py:1911} INFO - Created Permission View: can create on DAG Run:example_display_name
[2024-11-08T13:40:57.880+0000] {logging_mixin.py:190} INFO - [2024-11-08T13:40:57.879+0000] {override.py:1911} INFO - Created Permission View: can delete on DAG Run:example_display_name
[2024-11-08T13:40:57.890+0000] {logging_mixin.py:190} INFO - [2024-11-08T13:40:57.889+0000] {override.py:1911} INFO - Created Permission View: menu access on DAG Run:example_display_name
[2024-11-08T13:40:57.890+0000] {logging_mixin.py:190} INFO - [2024-11-08T13:40:57.890+0000] {dag.py:3239} INFO - Sync 1 DAGs
[2024-11-08T13:40:57.901+0000] {logging_mixin.py:190} INFO - [2024-11-08T13:40:57.901+0000] {dag.py:3262} INFO - Creating ORM DAG for example_display_name
[2024-11-08T13:40:57.902+0000] {logging_mixin.py:190} INFO - [2024-11-08T13:40:57.902+0000] {dag.py:4180} INFO - Setting next_dagrun for example_display_name to None, run_after=None
[2024-11-08T13:40:57.921+0000] {processor.py:208} INFO - Processing /home/airflow/.local/lib/python3.12/site-packages/airflow/example_dags/example_display_name.py took 0.179 seconds
[2024-11-08T13:41:28.539+0000] {processor.py:186} INFO - Started process (PID=143) to work on /home/airflow/.local/lib/python3.12/site-packages/airflow/example_dags/example_display_name.py
[2024-11-08T13:41:28.540+0000] {processor.py:914} INFO - Processing file /home/airflow/.local/lib/python3.12/site-packages/airflow/example_dags/example_display_name.py for tasks to queue
[2024-11-08T13:41:28.541+0000] {logging_mixin.py:190} INFO - [2024-11-08T13:41:28.541+0000] {dagbag.py:588} INFO - Filling up the DagBag from /home/airflow/.local/lib/python3.12/site-packages/airflow/example_dags/example_display_name.py
[2024-11-08T13:41:28.547+0000] {processor.py:925} INFO - DAG(s) 'example_display_name' retrieved from /home/airflow/.local/lib/python3.12/site-packages/airflow/example_dags/example_display_name.py
[2024-11-08T13:41:28.560+0000] {logging_mixin.py:190} INFO - [2024-11-08T13:41:28.560+0000] {dag.py:3239} INFO - Sync 1 DAGs
[2024-11-08T13:41:28.571+0000] {logging_mixin.py:190} INFO - [2024-11-08T13:41:28.571+0000] {dag.py:4180} INFO - Setting next_dagrun for example_display_name to None, run_after=None
[2024-11-08T13:41:28.588+0000] {processor.py:208} INFO - Processing /home/airflow/.local/lib/python3.12/site-packages/airflow/example_dags/example_display_name.py took 0.052 seconds
[2024-11-08T13:41:59.368+0000] {processor.py:186} INFO - Started process (PID=207) to work on /home/airflow/.local/lib/python3.12/site-packages/airflow/example_dags/example_display_name.py
[2024-11-08T13:41:59.368+0000] {processor.py:914} INFO - Processing file /home/airflow/.local/lib/python3.12/site-packages/airflow/example_dags/example_display_name.py for tasks to queue
[2024-11-08T13:41:59.370+0000] {logging_mixin.py:190} INFO - [2024-11-08T13:41:59.370+0000] {dagbag.py:588} INFO - Filling up the DagBag from /home/airflow/.local/lib/python3.12/site-packages/airflow/example_dags/example_display_name.py
[2024-11-08T13:41:59.375+0000] {processor.py:925} INFO - DAG(s) 'example_display_name' retrieved from /home/airflow/.local/lib/python3.12/site-packages/airflow/example_dags/example_display_name.py
[2024-11-08T13:41:59.388+0000] {logging_mixin.py:190} INFO - [2024-11-08T13:41:59.388+0000] {dag.py:3239} INFO - Sync 1 DAGs
[2024-11-08T13:41:59.399+0000] {logging_mixin.py:190} INFO - [2024-11-08T13:41:59.399+0000] {dag.py:4180} INFO - Setting next_dagrun for example_display_name to None, run_after=None
[2024-11-08T13:41:59.420+0000] {processor.py:208} INFO - Processing /home/airflow/.local/lib/python3.12/site-packages/airflow/example_dags/example_display_name.py took 0.056 seconds
[2024-11-08T13:42:29.606+0000] {processor.py:186} INFO - Started process (PID=269) to work on /home/airflow/.local/lib/python3.12/site-packages/airflow/example_dags/example_display_name.py
[2024-11-08T13:42:29.607+0000] {processor.py:914} INFO - Processing file /home/airflow/.local/lib/python3.12/site-packages/airflow/example_dags/example_display_name.py for tasks to queue
[2024-11-08T13:42:29.608+0000] {logging_mixin.py:190} INFO - [2024-11-08T13:42:29.608+0000] {dagbag.py:588} INFO - Filling up the DagBag from /home/airflow/.local/lib/python3.12/site-packages/airflow/example_dags/example_display_name.py
[2024-11-08T13:42:29.613+0000] {processor.py:925} INFO - DAG(s) 'example_display_name' retrieved from /home/airflow/.local/lib/python3.12/site-packages/airflow/example_dags/example_display_name.py
[2024-11-08T13:42:29.627+0000] {logging_mixin.py:190} INFO - [2024-11-08T13:42:29.626+0000] {dag.py:3239} INFO - Sync 1 DAGs
[2024-11-08T13:42:29.637+0000] {logging_mixin.py:190} INFO - [2024-11-08T13:42:29.637+0000] {dag.py:4180} INFO - Setting next_dagrun for example_display_name to None, run_after=None
[2024-11-08T13:42:29.652+0000] {processor.py:208} INFO - Processing /home/airflow/.local/lib/python3.12/site-packages/airflow/example_dags/example_display_name.py took 0.050 seconds
[2024-11-08T13:42:59.948+0000] {processor.py:186} INFO - Started process (PID=332) to work on /home/airflow/.local/lib/python3.12/site-packages/airflow/example_dags/example_display_name.py
[2024-11-08T13:42:59.949+0000] {processor.py:914} INFO - Processing file /home/airflow/.local/lib/python3.12/site-packages/airflow/example_dags/example_display_name.py for tasks to queue
[2024-11-08T13:42:59.950+0000] {logging_mixin.py:190} INFO - [2024-11-08T13:42:59.950+0000] {dagbag.py:588} INFO - Filling up the DagBag from /home/airflow/.local/lib/python3.12/site-packages/airflow/example_dags/example_display_name.py
[2024-11-08T13:42:59.955+0000] {processor.py:925} INFO - DAG(s) 'example_display_name' retrieved from /home/airflow/.local/lib/python3.12/site-packages/airflow/example_dags/example_display_name.py
[2024-11-08T13:42:59.968+0000] {logging_mixin.py:190} INFO - [2024-11-08T13:42:59.968+0000] {dag.py:3239} INFO - Sync 1 DAGs
[2024-11-08T13:42:59.979+0000] {logging_mixin.py:190} INFO - [2024-11-08T13:42:59.979+0000] {dag.py:4180} INFO - Setting next_dagrun for example_display_name to None, run_after=None
[2024-11-08T13:42:59.994+0000] {processor.py:208} INFO - Processing /home/airflow/.local/lib/python3.12/site-packages/airflow/example_dags/example_display_name.py took 0.050 seconds
[2024-11-08T13:43:30.204+0000] {processor.py:186} INFO - Started process (PID=395) to work on /home/airflow/.local/lib/python3.12/site-packages/airflow/example_dags/example_display_name.py
[2024-11-08T13:43:30.205+0000] {processor.py:914} INFO - Processing file /home/airflow/.local/lib/python3.12/site-packages/airflow/example_dags/example_display_name.py for tasks to queue
[2024-11-08T13:43:30.206+0000] {logging_mixin.py:190} INFO - [2024-11-08T13:43:30.206+0000] {dagbag.py:588} INFO - Filling up the DagBag from /home/airflow/.local/lib/python3.12/site-packages/airflow/example_dags/example_display_name.py
[2024-11-08T13:43:30.211+0000] {processor.py:925} INFO - DAG(s) 'example_display_name' retrieved from /home/airflow/.local/lib/python3.12/site-packages/airflow/example_dags/example_display_name.py
[2024-11-08T13:43:30.226+0000] {logging_mixin.py:190} INFO - [2024-11-08T13:43:30.225+0000] {dag.py:3239} INFO - Sync 1 DAGs
[2024-11-08T13:43:30.236+0000] {logging_mixin.py:190} INFO - [2024-11-08T13:43:30.236+0000] {dag.py:4180} INFO - Setting next_dagrun for example_display_name to None, run_after=None
[2024-11-08T13:43:30.253+0000] {processor.py:208} INFO - Processing /home/airflow/.local/lib/python3.12/site-packages/airflow/example_dags/example_display_name.py took 0.053 seconds
[2024-11-08T13:44:00.798+0000] {processor.py:186} INFO - Started process (PID=458) to work on /home/airflow/.local/lib/python3.12/site-packages/airflow/example_dags/example_display_name.py
[2024-11-08T13:44:00.798+0000] {processor.py:914} INFO - Processing file /home/airflow/.local/lib/python3.12/site-packages/airflow/example_dags/example_display_name.py for tasks to queue
[2024-11-08T13:44:00.800+0000] {logging_mixin.py:190} INFO - [2024-11-08T13:44:00.800+0000] {dagbag.py:588} INFO - Filling up the DagBag from /home/airflow/.local/lib/python3.12/site-packages/airflow/example_dags/example_display_name.py
[2024-11-08T13:44:00.805+0000] {processor.py:925} INFO - DAG(s) 'example_display_name' retrieved from /home/airflow/.local/lib/python3.12/site-packages/airflow/example_dags/example_display_name.py
[2024-11-08T13:44:00.819+0000] {logging_mixin.py:190} INFO - [2024-11-08T13:44:00.819+0000] {dag.py:3239} INFO - Sync 1 DAGs
[2024-11-08T13:44:00.831+0000] {logging_mixin.py:190} INFO - [2024-11-08T13:44:00.830+0000] {dag.py:4180} INFO - Setting next_dagrun for example_display_name to None, run_after=None
[2024-11-08T13:44:00.847+0000] {processor.py:208} INFO - Processing /home/airflow/.local/lib/python3.12/site-packages/airflow/example_dags/example_display_name.py took 0.054 seconds
[2024-11-08T13:44:31.323+0000] {processor.py:186} INFO - Started process (PID=521) to work on /home/airflow/.local/lib/python3.12/site-packages/airflow/example_dags/example_display_name.py
[2024-11-08T13:44:31.323+0000] {processor.py:914} INFO - Processing file /home/airflow/.local/lib/python3.12/site-packages/airflow/example_dags/example_display_name.py for tasks to queue
[2024-11-08T13:44:31.325+0000] {logging_mixin.py:190} INFO - [2024-11-08T13:44:31.325+0000] {dagbag.py:588} INFO - Filling up the DagBag from /home/airflow/.local/lib/python3.12/site-packages/airflow/example_dags/example_display_name.py
[2024-11-08T13:44:31.330+0000] {processor.py:925} INFO - DAG(s) 'example_display_name' retrieved from /home/airflow/.local/lib/python3.12/site-packages/airflow/example_dags/example_display_name.py
[2024-11-08T13:44:31.342+0000] {logging_mixin.py:190} INFO - [2024-11-08T13:44:31.342+0000] {dag.py:3239} INFO - Sync 1 DAGs
[2024-11-08T13:44:31.352+0000] {logging_mixin.py:190} INFO - [2024-11-08T13:44:31.352+0000] {dag.py:4180} INFO - Setting next_dagrun for example_display_name to None, run_after=None
[2024-11-08T13:44:31.370+0000] {processor.py:208} INFO - Processing /home/airflow/.local/lib/python3.12/site-packages/airflow/example_dags/example_display_name.py took 0.051 seconds
[2024-11-08T13:45:01.819+0000] {processor.py:186} INFO - Started process (PID=584) to work on /home/airflow/.local/lib/python3.12/site-packages/airflow/example_dags/example_display_name.py
[2024-11-08T13:45:01.820+0000] {processor.py:914} INFO - Processing file /home/airflow/.local/lib/python3.12/site-packages/airflow/example_dags/example_display_name.py for tasks to queue
[2024-11-08T13:45:01.822+0000] {logging_mixin.py:190} INFO - [2024-11-08T13:45:01.821+0000] {dagbag.py:588} INFO - Filling up the DagBag from /home/airflow/.local/lib/python3.12/site-packages/airflow/example_dags/example_display_name.py
[2024-11-08T13:45:01.826+0000] {processor.py:925} INFO - DAG(s) 'example_display_name' retrieved from /home/airflow/.local/lib/python3.12/site-packages/airflow/example_dags/example_display_name.py
[2024-11-08T13:45:01.839+0000] {logging_mixin.py:190} INFO - [2024-11-08T13:45:01.839+0000] {dag.py:3239} INFO - Sync 1 DAGs
[2024-11-08T13:45:01.850+0000] {logging_mixin.py:190} INFO - [2024-11-08T13:45:01.850+0000] {dag.py:4180} INFO - Setting next_dagrun for example_display_name to None, run_after=None
[2024-11-08T13:45:01.866+0000] {processor.py:208} INFO - Processing /home/airflow/.local/lib/python3.12/site-packages/airflow/example_dags/example_display_name.py took 0.050 seconds
[2024-11-08T13:45:32.892+0000] {processor.py:186} INFO - Started process (PID=647) to work on /home/airflow/.local/lib/python3.12/site-packages/airflow/example_dags/example_display_name.py
[2024-11-08T13:45:32.894+0000] {processor.py:914} INFO - Processing file /home/airflow/.local/lib/python3.12/site-packages/airflow/example_dags/example_display_name.py for tasks to queue
[2024-11-08T13:45:32.896+0000] {logging_mixin.py:190} INFO - [2024-11-08T13:45:32.896+0000] {dagbag.py:588} INFO - Filling up the DagBag from /home/airflow/.local/lib/python3.12/site-packages/airflow/example_dags/example_display_name.py
[2024-11-08T13:45:32.903+0000] {processor.py:925} INFO - DAG(s) 'example_display_name' retrieved from /home/airflow/.local/lib/python3.12/site-packages/airflow/example_dags/example_display_name.py
[2024-11-08T13:45:32.917+0000] {logging_mixin.py:190} INFO - [2024-11-08T13:45:32.917+0000] {dag.py:3239} INFO - Sync 1 DAGs
[2024-11-08T13:45:32.928+0000] {logging_mixin.py:190} INFO - [2024-11-08T13:45:32.928+0000] {dag.py:4180} INFO - Setting next_dagrun for example_display_name to None, run_after=None
[2024-11-08T13:45:32.944+0000] {processor.py:208} INFO - Processing /home/airflow/.local/lib/python3.12/site-packages/airflow/example_dags/example_display_name.py took 0.057 seconds
[2024-11-08T13:46:03.526+0000] {processor.py:186} INFO - Started process (PID=711) to work on /home/airflow/.local/lib/python3.12/site-packages/airflow/example_dags/example_display_name.py
[2024-11-08T13:46:03.527+0000] {processor.py:914} INFO - Processing file /home/airflow/.local/lib/python3.12/site-packages/airflow/example_dags/example_display_name.py for tasks to queue
[2024-11-08T13:46:03.529+0000] {logging_mixin.py:190} INFO - [2024-11-08T13:46:03.529+0000] {dagbag.py:588} INFO - Filling up the DagBag from /home/airflow/.local/lib/python3.12/site-packages/airflow/example_dags/example_display_name.py
[2024-11-08T13:46:03.534+0000] {processor.py:925} INFO - DAG(s) 'example_display_name' retrieved from /home/airflow/.local/lib/python3.12/site-packages/airflow/example_dags/example_display_name.py
[2024-11-08T13:46:03.547+0000] {logging_mixin.py:190} INFO - [2024-11-08T13:46:03.547+0000] {dag.py:3239} INFO - Sync 1 DAGs
[2024-11-08T13:46:03.558+0000] {logging_mixin.py:190} INFO - [2024-11-08T13:46:03.557+0000] {dag.py:4180} INFO - Setting next_dagrun for example_display_name to None, run_after=None
[2024-11-08T13:46:03.572+0000] {processor.py:208} INFO - Processing /home/airflow/.local/lib/python3.12/site-packages/airflow/example_dags/example_display_name.py took 0.049 seconds
[2024-11-08T13:46:34.231+0000] {processor.py:186} INFO - Started process (PID=775) to work on /home/airflow/.local/lib/python3.12/site-packages/airflow/example_dags/example_display_name.py
[2024-11-08T13:46:34.231+0000] {processor.py:914} INFO - Processing file /home/airflow/.local/lib/python3.12/site-packages/airflow/example_dags/example_display_name.py for tasks to queue
[2024-11-08T13:46:34.233+0000] {logging_mixin.py:190} INFO - [2024-11-08T13:46:34.233+0000] {dagbag.py:588} INFO - Filling up the DagBag from /home/airflow/.local/lib/python3.12/site-packages/airflow/example_dags/example_display_name.py
[2024-11-08T13:46:34.239+0000] {processor.py:925} INFO - DAG(s) 'example_display_name' retrieved from /home/airflow/.local/lib/python3.12/site-packages/airflow/example_dags/example_display_name.py
[2024-11-08T13:46:34.254+0000] {logging_mixin.py:190} INFO - [2024-11-08T13:46:34.254+0000] {dag.py:3239} INFO - Sync 1 DAGs
[2024-11-08T13:46:34.265+0000] {logging_mixin.py:190} INFO - [2024-11-08T13:46:34.264+0000] {dag.py:4180} INFO - Setting next_dagrun for example_display_name to None, run_after=None
[2024-11-08T13:46:34.285+0000] {processor.py:208} INFO - Processing /home/airflow/.local/lib/python3.12/site-packages/airflow/example_dags/example_display_name.py took 0.058 seconds
[2024-11-08T13:47:04.540+0000] {processor.py:186} INFO - Started process (PID=839) to work on /home/airflow/.local/lib/python3.12/site-packages/airflow/example_dags/example_display_name.py
[2024-11-08T13:47:04.540+0000] {processor.py:914} INFO - Processing file /home/airflow/.local/lib/python3.12/site-packages/airflow/example_dags/example_display_name.py for tasks to queue
[2024-11-08T13:47:04.542+0000] {logging_mixin.py:190} INFO - [2024-11-08T13:47:04.542+0000] {dagbag.py:588} INFO - Filling up the DagBag from /home/airflow/.local/lib/python3.12/site-packages/airflow/example_dags/example_display_name.py
[2024-11-08T13:47:04.547+0000] {processor.py:925} INFO - DAG(s) 'example_display_name' retrieved from /home/airflow/.local/lib/python3.12/site-packages/airflow/example_dags/example_display_name.py
[2024-11-08T13:47:04.560+0000] {logging_mixin.py:190} INFO - [2024-11-08T13:47:04.559+0000] {dag.py:3239} INFO - Sync 1 DAGs
[2024-11-08T13:47:04.570+0000] {logging_mixin.py:190} INFO - [2024-11-08T13:47:04.570+0000] {dag.py:4180} INFO - Setting next_dagrun for example_display_name to None, run_after=None
[2024-11-08T13:47:04.586+0000] {processor.py:208} INFO - Processing /home/airflow/.local/lib/python3.12/site-packages/airflow/example_dags/example_display_name.py took 0.050 seconds
[2024-11-08T13:47:35.511+0000] {processor.py:186} INFO - Started process (PID=903) to work on /home/airflow/.local/lib/python3.12/site-packages/airflow/example_dags/example_display_name.py
[2024-11-08T13:47:35.512+0000] {processor.py:914} INFO - Processing file /home/airflow/.local/lib/python3.12/site-packages/airflow/example_dags/example_display_name.py for tasks to queue
[2024-11-08T13:47:35.513+0000] {logging_mixin.py:190} INFO - [2024-11-08T13:47:35.513+0000] {dagbag.py:588} INFO - Filling up the DagBag from /home/airflow/.local/lib/python3.12/site-packages/airflow/example_dags/example_display_name.py
[2024-11-08T13:47:35.518+0000] {processor.py:925} INFO - DAG(s) 'example_display_name' retrieved from /home/airflow/.local/lib/python3.12/site-packages/airflow/example_dags/example_display_name.py
[2024-11-08T13:47:35.531+0000] {logging_mixin.py:190} INFO - [2024-11-08T13:47:35.531+0000] {dag.py:3239} INFO - Sync 1 DAGs
[2024-11-08T13:47:35.541+0000] {logging_mixin.py:190} INFO - [2024-11-08T13:47:35.540+0000] {dag.py:4180} INFO - Setting next_dagrun for example_display_name to None, run_after=None
[2024-11-08T13:47:35.555+0000] {processor.py:208} INFO - Processing /home/airflow/.local/lib/python3.12/site-packages/airflow/example_dags/example_display_name.py took 0.047 seconds
[2024-11-08T13:48:05.813+0000] {processor.py:186} INFO - Started process (PID=967) to work on /home/airflow/.local/lib/python3.12/site-packages/airflow/example_dags/example_display_name.py
[2024-11-08T13:48:05.814+0000] {processor.py:914} INFO - Processing file /home/airflow/.local/lib/python3.12/site-packages/airflow/example_dags/example_display_name.py for tasks to queue
[2024-11-08T13:48:05.815+0000] {logging_mixin.py:190} INFO - [2024-11-08T13:48:05.815+0000] {dagbag.py:588} INFO - Filling up the DagBag from /home/airflow/.local/lib/python3.12/site-packages/airflow/example_dags/example_display_name.py
[2024-11-08T13:48:05.820+0000] {processor.py:925} INFO - DAG(s) 'example_display_name' retrieved from /home/airflow/.local/lib/python3.12/site-packages/airflow/example_dags/example_display_name.py
[2024-11-08T13:48:05.833+0000] {logging_mixin.py:190} INFO - [2024-11-08T13:48:05.833+0000] {dag.py:3239} INFO - Sync 1 DAGs
[2024-11-08T13:48:05.843+0000] {logging_mixin.py:190} INFO - [2024-11-08T13:48:05.843+0000] {dag.py:4180} INFO - Setting next_dagrun for example_display_name to None, run_after=None
[2024-11-08T13:48:05.858+0000] {processor.py:208} INFO - Processing /home/airflow/.local/lib/python3.12/site-packages/airflow/example_dags/example_display_name.py took 0.048 seconds
[2024-11-08T13:48:36.775+0000] {processor.py:186} INFO - Started process (PID=1031) to work on /home/airflow/.local/lib/python3.12/site-packages/airflow/example_dags/example_display_name.py
[2024-11-08T13:48:36.776+0000] {processor.py:914} INFO - Processing file /home/airflow/.local/lib/python3.12/site-packages/airflow/example_dags/example_display_name.py for tasks to queue
[2024-11-08T13:48:36.777+0000] {logging_mixin.py:190} INFO - [2024-11-08T13:48:36.777+0000] {dagbag.py:588} INFO - Filling up the DagBag from /home/airflow/.local/lib/python3.12/site-packages/airflow/example_dags/example_display_name.py
[2024-11-08T13:48:36.783+0000] {processor.py:925} INFO - DAG(s) 'example_display_name' retrieved from /home/airflow/.local/lib/python3.12/site-packages/airflow/example_dags/example_display_name.py
[2024-11-08T13:48:36.796+0000] {logging_mixin.py:190} INFO - [2024-11-08T13:48:36.796+0000] {dag.py:3239} INFO - Sync 1 DAGs
[2024-11-08T13:48:36.807+0000] {logging_mixin.py:190} INFO - [2024-11-08T13:48:36.807+0000] {dag.py:4180} INFO - Setting next_dagrun for example_display_name to None, run_after=None
[2024-11-08T13:48:36.823+0000] {processor.py:208} INFO - Processing /home/airflow/.local/lib/python3.12/site-packages/airflow/example_dags/example_display_name.py took 0.052 seconds
