[2024-11-08T13:40:57.106+0000] {processor.py:186} INFO - Started process (PID=78) to work on /home/airflow/.local/lib/python3.12/site-packages/airflow/example_dags/example_skip_dag.py
[2024-11-08T13:40:57.107+0000] {processor.py:914} INFO - Processing file /home/airflow/.local/lib/python3.12/site-packages/airflow/example_dags/example_skip_dag.py for tasks to queue
[2024-11-08T13:40:57.109+0000] {logging_mixin.py:190} INFO - [2024-11-08T13:40:57.109+0000] {dagbag.py:588} INFO - Filling up the DagBag from /home/airflow/.local/lib/python3.12/site-packages/airflow/example_dags/example_skip_dag.py
[2024-11-08T13:40:57.115+0000] {processor.py:925} INFO - DAG(s) 'example_skip_dag' retrieved from /home/airflow/.local/lib/python3.12/site-packages/airflow/example_dags/example_skip_dag.py
[2024-11-08T13:40:57.200+0000] {logging_mixin.py:190} INFO - [2024-11-08T13:40:57.199+0000] {override.py:1911} INFO - Created Permission View: can read on DAG:example_skip_dag
[2024-11-08T13:40:57.210+0000] {logging_mixin.py:190} INFO - [2024-11-08T13:40:57.209+0000] {override.py:1911} INFO - Created Permission View: can edit on DAG:example_skip_dag
[2024-11-08T13:40:57.219+0000] {logging_mixin.py:190} INFO - [2024-11-08T13:40:57.219+0000] {override.py:1911} INFO - Created Permission View: can delete on DAG:example_skip_dag
[2024-11-08T13:40:57.230+0000] {logging_mixin.py:190} INFO - [2024-11-08T13:40:57.229+0000] {override.py:1911} INFO - Created Permission View: can read on DAG Run:example_skip_dag
[2024-11-08T13:40:57.240+0000] {logging_mixin.py:190} INFO - [2024-11-08T13:40:57.239+0000] {override.py:1911} INFO - Created Permission View: can create on DAG Run:example_skip_dag
[2024-11-08T13:40:57.246+0000] {logging_mixin.py:190} INFO - [2024-11-08T13:40:57.246+0000] {override.py:1911} INFO - Created Permission View: can delete on DAG Run:example_skip_dag
[2024-11-08T13:40:57.255+0000] {logging_mixin.py:190} INFO - [2024-11-08T13:40:57.254+0000] {override.py:1911} INFO - Created Permission View: menu access on DAG Run:example_skip_dag
[2024-11-08T13:40:57.255+0000] {logging_mixin.py:190} INFO - [2024-11-08T13:40:57.255+0000] {dag.py:3239} INFO - Sync 1 DAGs
[2024-11-08T13:40:57.265+0000] {logging_mixin.py:190} INFO - [2024-11-08T13:40:57.265+0000] {dag.py:3262} INFO - Creating ORM DAG for example_skip_dag
[2024-11-08T13:40:57.273+0000] {logging_mixin.py:190} INFO - [2024-11-08T13:40:57.273+0000] {dag.py:4180} INFO - Setting next_dagrun for example_skip_dag to 2024-11-07 00:00:00+00:00, run_after=2024-11-08 00:00:00+00:00
[2024-11-08T13:40:57.289+0000] {processor.py:208} INFO - Processing /home/airflow/.local/lib/python3.12/site-packages/airflow/example_dags/example_skip_dag.py took 0.187 seconds
[2024-11-08T13:41:27.433+0000] {processor.py:186} INFO - Started process (PID=140) to work on /home/airflow/.local/lib/python3.12/site-packages/airflow/example_dags/example_skip_dag.py
[2024-11-08T13:41:27.433+0000] {processor.py:914} INFO - Processing file /home/airflow/.local/lib/python3.12/site-packages/airflow/example_dags/example_skip_dag.py for tasks to queue
[2024-11-08T13:41:27.435+0000] {logging_mixin.py:190} INFO - [2024-11-08T13:41:27.434+0000] {dagbag.py:588} INFO - Filling up the DagBag from /home/airflow/.local/lib/python3.12/site-packages/airflow/example_dags/example_skip_dag.py
[2024-11-08T13:41:27.440+0000] {processor.py:925} INFO - DAG(s) 'example_skip_dag' retrieved from /home/airflow/.local/lib/python3.12/site-packages/airflow/example_dags/example_skip_dag.py
[2024-11-08T13:41:27.454+0000] {logging_mixin.py:190} INFO - [2024-11-08T13:41:27.453+0000] {dag.py:3239} INFO - Sync 1 DAGs
[2024-11-08T13:41:27.470+0000] {logging_mixin.py:190} INFO - [2024-11-08T13:41:27.469+0000] {dag.py:4180} INFO - Setting next_dagrun for example_skip_dag to 2024-11-07 00:00:00+00:00, run_after=2024-11-08 00:00:00+00:00
[2024-11-08T13:41:27.487+0000] {processor.py:208} INFO - Processing /home/airflow/.local/lib/python3.12/site-packages/airflow/example_dags/example_skip_dag.py took 0.059 seconds
[2024-11-08T13:41:58.113+0000] {processor.py:186} INFO - Started process (PID=203) to work on /home/airflow/.local/lib/python3.12/site-packages/airflow/example_dags/example_skip_dag.py
[2024-11-08T13:41:58.114+0000] {processor.py:914} INFO - Processing file /home/airflow/.local/lib/python3.12/site-packages/airflow/example_dags/example_skip_dag.py for tasks to queue
[2024-11-08T13:41:58.115+0000] {logging_mixin.py:190} INFO - [2024-11-08T13:41:58.115+0000] {dagbag.py:588} INFO - Filling up the DagBag from /home/airflow/.local/lib/python3.12/site-packages/airflow/example_dags/example_skip_dag.py
[2024-11-08T13:41:58.121+0000] {processor.py:925} INFO - DAG(s) 'example_skip_dag' retrieved from /home/airflow/.local/lib/python3.12/site-packages/airflow/example_dags/example_skip_dag.py
[2024-11-08T13:41:58.138+0000] {logging_mixin.py:190} INFO - [2024-11-08T13:41:58.138+0000] {dag.py:3239} INFO - Sync 1 DAGs
[2024-11-08T13:41:58.155+0000] {logging_mixin.py:190} INFO - [2024-11-08T13:41:58.155+0000] {dag.py:4180} INFO - Setting next_dagrun for example_skip_dag to 2024-11-07 00:00:00+00:00, run_after=2024-11-08 00:00:00+00:00
[2024-11-08T13:41:58.171+0000] {processor.py:208} INFO - Processing /home/airflow/.local/lib/python3.12/site-packages/airflow/example_dags/example_skip_dag.py took 0.062 seconds
[2024-11-08T13:42:28.453+0000] {processor.py:186} INFO - Started process (PID=266) to work on /home/airflow/.local/lib/python3.12/site-packages/airflow/example_dags/example_skip_dag.py
[2024-11-08T13:42:28.454+0000] {processor.py:914} INFO - Processing file /home/airflow/.local/lib/python3.12/site-packages/airflow/example_dags/example_skip_dag.py for tasks to queue
[2024-11-08T13:42:28.456+0000] {logging_mixin.py:190} INFO - [2024-11-08T13:42:28.455+0000] {dagbag.py:588} INFO - Filling up the DagBag from /home/airflow/.local/lib/python3.12/site-packages/airflow/example_dags/example_skip_dag.py
[2024-11-08T13:42:28.461+0000] {processor.py:925} INFO - DAG(s) 'example_skip_dag' retrieved from /home/airflow/.local/lib/python3.12/site-packages/airflow/example_dags/example_skip_dag.py
[2024-11-08T13:42:28.476+0000] {logging_mixin.py:190} INFO - [2024-11-08T13:42:28.476+0000] {dag.py:3239} INFO - Sync 1 DAGs
[2024-11-08T13:42:28.493+0000] {logging_mixin.py:190} INFO - [2024-11-08T13:42:28.493+0000] {dag.py:4180} INFO - Setting next_dagrun for example_skip_dag to 2024-11-07 00:00:00+00:00, run_after=2024-11-08 00:00:00+00:00
[2024-11-08T13:42:28.507+0000] {processor.py:208} INFO - Processing /home/airflow/.local/lib/python3.12/site-packages/airflow/example_dags/example_skip_dag.py took 0.057 seconds
[2024-11-08T13:42:58.859+0000] {processor.py:186} INFO - Started process (PID=329) to work on /home/airflow/.local/lib/python3.12/site-packages/airflow/example_dags/example_skip_dag.py
[2024-11-08T13:42:58.859+0000] {processor.py:914} INFO - Processing file /home/airflow/.local/lib/python3.12/site-packages/airflow/example_dags/example_skip_dag.py for tasks to queue
[2024-11-08T13:42:58.861+0000] {logging_mixin.py:190} INFO - [2024-11-08T13:42:58.861+0000] {dagbag.py:588} INFO - Filling up the DagBag from /home/airflow/.local/lib/python3.12/site-packages/airflow/example_dags/example_skip_dag.py
[2024-11-08T13:42:58.866+0000] {processor.py:925} INFO - DAG(s) 'example_skip_dag' retrieved from /home/airflow/.local/lib/python3.12/site-packages/airflow/example_dags/example_skip_dag.py
[2024-11-08T13:42:58.881+0000] {logging_mixin.py:190} INFO - [2024-11-08T13:42:58.881+0000] {dag.py:3239} INFO - Sync 1 DAGs
[2024-11-08T13:42:58.899+0000] {logging_mixin.py:190} INFO - [2024-11-08T13:42:58.899+0000] {dag.py:4180} INFO - Setting next_dagrun for example_skip_dag to 2024-11-07 00:00:00+00:00, run_after=2024-11-08 00:00:00+00:00
[2024-11-08T13:42:58.915+0000] {processor.py:208} INFO - Processing /home/airflow/.local/lib/python3.12/site-packages/airflow/example_dags/example_skip_dag.py took 0.061 seconds
[2024-11-08T13:43:29.102+0000] {processor.py:186} INFO - Started process (PID=392) to work on /home/airflow/.local/lib/python3.12/site-packages/airflow/example_dags/example_skip_dag.py
[2024-11-08T13:43:29.103+0000] {processor.py:914} INFO - Processing file /home/airflow/.local/lib/python3.12/site-packages/airflow/example_dags/example_skip_dag.py for tasks to queue
[2024-11-08T13:43:29.104+0000] {logging_mixin.py:190} INFO - [2024-11-08T13:43:29.104+0000] {dagbag.py:588} INFO - Filling up the DagBag from /home/airflow/.local/lib/python3.12/site-packages/airflow/example_dags/example_skip_dag.py
[2024-11-08T13:43:29.110+0000] {processor.py:925} INFO - DAG(s) 'example_skip_dag' retrieved from /home/airflow/.local/lib/python3.12/site-packages/airflow/example_dags/example_skip_dag.py
[2024-11-08T13:43:29.125+0000] {logging_mixin.py:190} INFO - [2024-11-08T13:43:29.125+0000] {dag.py:3239} INFO - Sync 1 DAGs
[2024-11-08T13:43:29.144+0000] {logging_mixin.py:190} INFO - [2024-11-08T13:43:29.144+0000] {dag.py:4180} INFO - Setting next_dagrun for example_skip_dag to 2024-11-07 00:00:00+00:00, run_after=2024-11-08 00:00:00+00:00
[2024-11-08T13:43:29.161+0000] {processor.py:208} INFO - Processing /home/airflow/.local/lib/python3.12/site-packages/airflow/example_dags/example_skip_dag.py took 0.063 seconds
[2024-11-08T13:43:59.694+0000] {processor.py:186} INFO - Started process (PID=455) to work on /home/airflow/.local/lib/python3.12/site-packages/airflow/example_dags/example_skip_dag.py
[2024-11-08T13:43:59.695+0000] {processor.py:914} INFO - Processing file /home/airflow/.local/lib/python3.12/site-packages/airflow/example_dags/example_skip_dag.py for tasks to queue
[2024-11-08T13:43:59.696+0000] {logging_mixin.py:190} INFO - [2024-11-08T13:43:59.696+0000] {dagbag.py:588} INFO - Filling up the DagBag from /home/airflow/.local/lib/python3.12/site-packages/airflow/example_dags/example_skip_dag.py
[2024-11-08T13:43:59.702+0000] {processor.py:925} INFO - DAG(s) 'example_skip_dag' retrieved from /home/airflow/.local/lib/python3.12/site-packages/airflow/example_dags/example_skip_dag.py
[2024-11-08T13:43:59.718+0000] {logging_mixin.py:190} INFO - [2024-11-08T13:43:59.717+0000] {dag.py:3239} INFO - Sync 1 DAGs
[2024-11-08T13:43:59.735+0000] {logging_mixin.py:190} INFO - [2024-11-08T13:43:59.735+0000] {dag.py:4180} INFO - Setting next_dagrun for example_skip_dag to 2024-11-07 00:00:00+00:00, run_after=2024-11-08 00:00:00+00:00
[2024-11-08T13:43:59.749+0000] {processor.py:208} INFO - Processing /home/airflow/.local/lib/python3.12/site-packages/airflow/example_dags/example_skip_dag.py took 0.059 seconds
[2024-11-08T13:44:30.228+0000] {processor.py:186} INFO - Started process (PID=518) to work on /home/airflow/.local/lib/python3.12/site-packages/airflow/example_dags/example_skip_dag.py
[2024-11-08T13:44:30.229+0000] {processor.py:914} INFO - Processing file /home/airflow/.local/lib/python3.12/site-packages/airflow/example_dags/example_skip_dag.py for tasks to queue
[2024-11-08T13:44:30.230+0000] {logging_mixin.py:190} INFO - [2024-11-08T13:44:30.230+0000] {dagbag.py:588} INFO - Filling up the DagBag from /home/airflow/.local/lib/python3.12/site-packages/airflow/example_dags/example_skip_dag.py
[2024-11-08T13:44:30.235+0000] {processor.py:925} INFO - DAG(s) 'example_skip_dag' retrieved from /home/airflow/.local/lib/python3.12/site-packages/airflow/example_dags/example_skip_dag.py
[2024-11-08T13:44:30.250+0000] {logging_mixin.py:190} INFO - [2024-11-08T13:44:30.250+0000] {dag.py:3239} INFO - Sync 1 DAGs
[2024-11-08T13:44:30.267+0000] {logging_mixin.py:190} INFO - [2024-11-08T13:44:30.267+0000] {dag.py:4180} INFO - Setting next_dagrun for example_skip_dag to 2024-11-07 00:00:00+00:00, run_after=2024-11-08 00:00:00+00:00
[2024-11-08T13:44:30.285+0000] {processor.py:208} INFO - Processing /home/airflow/.local/lib/python3.12/site-packages/airflow/example_dags/example_skip_dag.py took 0.060 seconds
[2024-11-08T13:45:00.716+0000] {processor.py:186} INFO - Started process (PID=581) to work on /home/airflow/.local/lib/python3.12/site-packages/airflow/example_dags/example_skip_dag.py
[2024-11-08T13:45:00.717+0000] {processor.py:914} INFO - Processing file /home/airflow/.local/lib/python3.12/site-packages/airflow/example_dags/example_skip_dag.py for tasks to queue
[2024-11-08T13:45:00.718+0000] {logging_mixin.py:190} INFO - [2024-11-08T13:45:00.718+0000] {dagbag.py:588} INFO - Filling up the DagBag from /home/airflow/.local/lib/python3.12/site-packages/airflow/example_dags/example_skip_dag.py
[2024-11-08T13:45:00.724+0000] {processor.py:925} INFO - DAG(s) 'example_skip_dag' retrieved from /home/airflow/.local/lib/python3.12/site-packages/airflow/example_dags/example_skip_dag.py
[2024-11-08T13:45:00.737+0000] {logging_mixin.py:190} INFO - [2024-11-08T13:45:00.737+0000] {dag.py:3239} INFO - Sync 1 DAGs
[2024-11-08T13:45:00.754+0000] {logging_mixin.py:190} INFO - [2024-11-08T13:45:00.754+0000] {dag.py:4180} INFO - Setting next_dagrun for example_skip_dag to 2024-11-07 00:00:00+00:00, run_after=2024-11-08 00:00:00+00:00
[2024-11-08T13:45:00.771+0000] {processor.py:208} INFO - Processing /home/airflow/.local/lib/python3.12/site-packages/airflow/example_dags/example_skip_dag.py took 0.058 seconds
[2024-11-08T13:45:31.718+0000] {processor.py:186} INFO - Started process (PID=644) to work on /home/airflow/.local/lib/python3.12/site-packages/airflow/example_dags/example_skip_dag.py
[2024-11-08T13:45:31.719+0000] {processor.py:914} INFO - Processing file /home/airflow/.local/lib/python3.12/site-packages/airflow/example_dags/example_skip_dag.py for tasks to queue
[2024-11-08T13:45:31.720+0000] {logging_mixin.py:190} INFO - [2024-11-08T13:45:31.720+0000] {dagbag.py:588} INFO - Filling up the DagBag from /home/airflow/.local/lib/python3.12/site-packages/airflow/example_dags/example_skip_dag.py
[2024-11-08T13:45:31.726+0000] {processor.py:925} INFO - DAG(s) 'example_skip_dag' retrieved from /home/airflow/.local/lib/python3.12/site-packages/airflow/example_dags/example_skip_dag.py
[2024-11-08T13:45:31.742+0000] {logging_mixin.py:190} INFO - [2024-11-08T13:45:31.742+0000] {dag.py:3239} INFO - Sync 1 DAGs
[2024-11-08T13:45:31.761+0000] {logging_mixin.py:190} INFO - [2024-11-08T13:45:31.761+0000] {dag.py:4180} INFO - Setting next_dagrun for example_skip_dag to 2024-11-07 00:00:00+00:00, run_after=2024-11-08 00:00:00+00:00
[2024-11-08T13:45:31.779+0000] {processor.py:208} INFO - Processing /home/airflow/.local/lib/python3.12/site-packages/airflow/example_dags/example_skip_dag.py took 0.065 seconds
[2024-11-08T13:46:02.436+0000] {processor.py:186} INFO - Started process (PID=708) to work on /home/airflow/.local/lib/python3.12/site-packages/airflow/example_dags/example_skip_dag.py
[2024-11-08T13:46:02.437+0000] {processor.py:914} INFO - Processing file /home/airflow/.local/lib/python3.12/site-packages/airflow/example_dags/example_skip_dag.py for tasks to queue
[2024-11-08T13:46:02.439+0000] {logging_mixin.py:190} INFO - [2024-11-08T13:46:02.438+0000] {dagbag.py:588} INFO - Filling up the DagBag from /home/airflow/.local/lib/python3.12/site-packages/airflow/example_dags/example_skip_dag.py
[2024-11-08T13:46:02.444+0000] {processor.py:925} INFO - DAG(s) 'example_skip_dag' retrieved from /home/airflow/.local/lib/python3.12/site-packages/airflow/example_dags/example_skip_dag.py
[2024-11-08T13:46:02.459+0000] {logging_mixin.py:190} INFO - [2024-11-08T13:46:02.459+0000] {dag.py:3239} INFO - Sync 1 DAGs
[2024-11-08T13:46:02.476+0000] {logging_mixin.py:190} INFO - [2024-11-08T13:46:02.476+0000] {dag.py:4180} INFO - Setting next_dagrun for example_skip_dag to 2024-11-07 00:00:00+00:00, run_after=2024-11-08 00:00:00+00:00
[2024-11-08T13:46:02.491+0000] {processor.py:208} INFO - Processing /home/airflow/.local/lib/python3.12/site-packages/airflow/example_dags/example_skip_dag.py took 0.059 seconds
[2024-11-08T13:46:33.129+0000] {processor.py:186} INFO - Started process (PID=772) to work on /home/airflow/.local/lib/python3.12/site-packages/airflow/example_dags/example_skip_dag.py
[2024-11-08T13:46:33.130+0000] {processor.py:914} INFO - Processing file /home/airflow/.local/lib/python3.12/site-packages/airflow/example_dags/example_skip_dag.py for tasks to queue
[2024-11-08T13:46:33.132+0000] {logging_mixin.py:190} INFO - [2024-11-08T13:46:33.131+0000] {dagbag.py:588} INFO - Filling up the DagBag from /home/airflow/.local/lib/python3.12/site-packages/airflow/example_dags/example_skip_dag.py
[2024-11-08T13:46:33.137+0000] {processor.py:925} INFO - DAG(s) 'example_skip_dag' retrieved from /home/airflow/.local/lib/python3.12/site-packages/airflow/example_dags/example_skip_dag.py
[2024-11-08T13:46:33.153+0000] {logging_mixin.py:190} INFO - [2024-11-08T13:46:33.153+0000] {dag.py:3239} INFO - Sync 1 DAGs
[2024-11-08T13:46:33.170+0000] {logging_mixin.py:190} INFO - [2024-11-08T13:46:33.170+0000] {dag.py:4180} INFO - Setting next_dagrun for example_skip_dag to 2024-11-07 00:00:00+00:00, run_after=2024-11-08 00:00:00+00:00
[2024-11-08T13:46:33.187+0000] {processor.py:208} INFO - Processing /home/airflow/.local/lib/python3.12/site-packages/airflow/example_dags/example_skip_dag.py took 0.062 seconds
[2024-11-08T13:47:03.436+0000] {processor.py:186} INFO - Started process (PID=836) to work on /home/airflow/.local/lib/python3.12/site-packages/airflow/example_dags/example_skip_dag.py
[2024-11-08T13:47:03.437+0000] {processor.py:914} INFO - Processing file /home/airflow/.local/lib/python3.12/site-packages/airflow/example_dags/example_skip_dag.py for tasks to queue
[2024-11-08T13:47:03.438+0000] {logging_mixin.py:190} INFO - [2024-11-08T13:47:03.438+0000] {dagbag.py:588} INFO - Filling up the DagBag from /home/airflow/.local/lib/python3.12/site-packages/airflow/example_dags/example_skip_dag.py
[2024-11-08T13:47:03.444+0000] {processor.py:925} INFO - DAG(s) 'example_skip_dag' retrieved from /home/airflow/.local/lib/python3.12/site-packages/airflow/example_dags/example_skip_dag.py
[2024-11-08T13:47:03.458+0000] {logging_mixin.py:190} INFO - [2024-11-08T13:47:03.458+0000] {dag.py:3239} INFO - Sync 1 DAGs
[2024-11-08T13:47:03.474+0000] {logging_mixin.py:190} INFO - [2024-11-08T13:47:03.474+0000] {dag.py:4180} INFO - Setting next_dagrun for example_skip_dag to 2024-11-07 00:00:00+00:00, run_after=2024-11-08 00:00:00+00:00
[2024-11-08T13:47:03.490+0000] {processor.py:208} INFO - Processing /home/airflow/.local/lib/python3.12/site-packages/airflow/example_dags/example_skip_dag.py took 0.058 seconds
[2024-11-08T13:47:34.413+0000] {processor.py:186} INFO - Started process (PID=900) to work on /home/airflow/.local/lib/python3.12/site-packages/airflow/example_dags/example_skip_dag.py
[2024-11-08T13:47:34.414+0000] {processor.py:914} INFO - Processing file /home/airflow/.local/lib/python3.12/site-packages/airflow/example_dags/example_skip_dag.py for tasks to queue
[2024-11-08T13:47:34.415+0000] {logging_mixin.py:190} INFO - [2024-11-08T13:47:34.415+0000] {dagbag.py:588} INFO - Filling up the DagBag from /home/airflow/.local/lib/python3.12/site-packages/airflow/example_dags/example_skip_dag.py
[2024-11-08T13:47:34.420+0000] {processor.py:925} INFO - DAG(s) 'example_skip_dag' retrieved from /home/airflow/.local/lib/python3.12/site-packages/airflow/example_dags/example_skip_dag.py
[2024-11-08T13:47:34.436+0000] {logging_mixin.py:190} INFO - [2024-11-08T13:47:34.435+0000] {dag.py:3239} INFO - Sync 1 DAGs
[2024-11-08T13:47:34.452+0000] {logging_mixin.py:190} INFO - [2024-11-08T13:47:34.452+0000] {dag.py:4180} INFO - Setting next_dagrun for example_skip_dag to 2024-11-07 00:00:00+00:00, run_after=2024-11-08 00:00:00+00:00
[2024-11-08T13:47:34.468+0000] {processor.py:208} INFO - Processing /home/airflow/.local/lib/python3.12/site-packages/airflow/example_dags/example_skip_dag.py took 0.059 seconds
[2024-11-08T13:48:04.723+0000] {processor.py:186} INFO - Started process (PID=964) to work on /home/airflow/.local/lib/python3.12/site-packages/airflow/example_dags/example_skip_dag.py
[2024-11-08T13:48:04.724+0000] {processor.py:914} INFO - Processing file /home/airflow/.local/lib/python3.12/site-packages/airflow/example_dags/example_skip_dag.py for tasks to queue
[2024-11-08T13:48:04.726+0000] {logging_mixin.py:190} INFO - [2024-11-08T13:48:04.726+0000] {dagbag.py:588} INFO - Filling up the DagBag from /home/airflow/.local/lib/python3.12/site-packages/airflow/example_dags/example_skip_dag.py
[2024-11-08T13:48:04.732+0000] {processor.py:925} INFO - DAG(s) 'example_skip_dag' retrieved from /home/airflow/.local/lib/python3.12/site-packages/airflow/example_dags/example_skip_dag.py
[2024-11-08T13:48:04.752+0000] {logging_mixin.py:190} INFO - [2024-11-08T13:48:04.752+0000] {dag.py:3239} INFO - Sync 1 DAGs
[2024-11-08T13:48:04.771+0000] {logging_mixin.py:190} INFO - [2024-11-08T13:48:04.770+0000] {dag.py:4180} INFO - Setting next_dagrun for example_skip_dag to 2024-11-07 00:00:00+00:00, run_after=2024-11-08 00:00:00+00:00
[2024-11-08T13:48:04.788+0000] {processor.py:208} INFO - Processing /home/airflow/.local/lib/python3.12/site-packages/airflow/example_dags/example_skip_dag.py took 0.069 seconds
[2024-11-08T13:48:35.614+0000] {processor.py:186} INFO - Started process (PID=1028) to work on /home/airflow/.local/lib/python3.12/site-packages/airflow/example_dags/example_skip_dag.py
[2024-11-08T13:48:35.615+0000] {processor.py:914} INFO - Processing file /home/airflow/.local/lib/python3.12/site-packages/airflow/example_dags/example_skip_dag.py for tasks to queue
[2024-11-08T13:48:35.616+0000] {logging_mixin.py:190} INFO - [2024-11-08T13:48:35.616+0000] {dagbag.py:588} INFO - Filling up the DagBag from /home/airflow/.local/lib/python3.12/site-packages/airflow/example_dags/example_skip_dag.py
[2024-11-08T13:48:35.621+0000] {processor.py:925} INFO - DAG(s) 'example_skip_dag' retrieved from /home/airflow/.local/lib/python3.12/site-packages/airflow/example_dags/example_skip_dag.py
[2024-11-08T13:48:35.636+0000] {logging_mixin.py:190} INFO - [2024-11-08T13:48:35.636+0000] {dag.py:3239} INFO - Sync 1 DAGs
[2024-11-08T13:48:35.651+0000] {logging_mixin.py:190} INFO - [2024-11-08T13:48:35.651+0000] {dag.py:4180} INFO - Setting next_dagrun for example_skip_dag to 2024-11-07 00:00:00+00:00, run_after=2024-11-08 00:00:00+00:00
[2024-11-08T13:48:35.665+0000] {processor.py:208} INFO - Processing /home/airflow/.local/lib/python3.12/site-packages/airflow/example_dags/example_skip_dag.py took 0.054 seconds
