[2024-11-08T13:41:01.937+0000] {processor.py:186} INFO - Started process (PID=108) to work on /home/airflow/.local/lib/python3.12/site-packages/airflow/example_dags/example_external_task_marker_dag.py
[2024-11-08T13:41:01.938+0000] {processor.py:914} INFO - Processing file /home/airflow/.local/lib/python3.12/site-packages/airflow/example_dags/example_external_task_marker_dag.py for tasks to queue
[2024-11-08T13:41:01.940+0000] {logging_mixin.py:190} INFO - [2024-11-08T13:41:01.940+0000] {dagbag.py:588} INFO - Filling up the DagBag from /home/airflow/.local/lib/python3.12/site-packages/airflow/example_dags/example_external_task_marker_dag.py
[2024-11-08T13:41:01.946+0000] {processor.py:925} INFO - DAG(s) 'example_external_task_marker_child', 'example_external_task_marker_parent' retrieved from /home/airflow/.local/lib/python3.12/site-packages/airflow/example_dags/example_external_task_marker_dag.py
[2024-11-08T13:41:02.028+0000] {logging_mixin.py:190} INFO - [2024-11-08T13:41:02.027+0000] {override.py:1911} INFO - Created Permission View: can read on DAG:example_external_task_marker_child
[2024-11-08T13:41:02.039+0000] {logging_mixin.py:190} INFO - [2024-11-08T13:41:02.039+0000] {override.py:1911} INFO - Created Permission View: can edit on DAG:example_external_task_marker_child
[2024-11-08T13:41:02.046+0000] {logging_mixin.py:190} INFO - [2024-11-08T13:41:02.045+0000] {override.py:1911} INFO - Created Permission View: can delete on DAG:example_external_task_marker_child
[2024-11-08T13:41:02.061+0000] {logging_mixin.py:190} INFO - [2024-11-08T13:41:02.061+0000] {override.py:1911} INFO - Created Permission View: can read on DAG Run:example_external_task_marker_child
[2024-11-08T13:41:02.070+0000] {logging_mixin.py:190} INFO - [2024-11-08T13:41:02.069+0000] {override.py:1911} INFO - Created Permission View: can create on DAG Run:example_external_task_marker_child
[2024-11-08T13:41:02.080+0000] {logging_mixin.py:190} INFO - [2024-11-08T13:41:02.079+0000] {override.py:1911} INFO - Created Permission View: can delete on DAG Run:example_external_task_marker_child
[2024-11-08T13:41:02.089+0000] {logging_mixin.py:190} INFO - [2024-11-08T13:41:02.089+0000] {override.py:1911} INFO - Created Permission View: menu access on DAG Run:example_external_task_marker_child
[2024-11-08T13:41:02.101+0000] {logging_mixin.py:190} INFO - [2024-11-08T13:41:02.101+0000] {override.py:1911} INFO - Created Permission View: can read on DAG:example_external_task_marker_parent
[2024-11-08T13:41:02.110+0000] {logging_mixin.py:190} INFO - [2024-11-08T13:41:02.109+0000] {override.py:1911} INFO - Created Permission View: can edit on DAG:example_external_task_marker_parent
[2024-11-08T13:41:02.118+0000] {logging_mixin.py:190} INFO - [2024-11-08T13:41:02.118+0000] {override.py:1911} INFO - Created Permission View: can delete on DAG:example_external_task_marker_parent
[2024-11-08T13:41:02.127+0000] {logging_mixin.py:190} INFO - [2024-11-08T13:41:02.127+0000] {override.py:1911} INFO - Created Permission View: can read on DAG Run:example_external_task_marker_parent
[2024-11-08T13:41:02.134+0000] {logging_mixin.py:190} INFO - [2024-11-08T13:41:02.134+0000] {override.py:1911} INFO - Created Permission View: can create on DAG Run:example_external_task_marker_parent
[2024-11-08T13:41:02.144+0000] {logging_mixin.py:190} INFO - [2024-11-08T13:41:02.144+0000] {override.py:1911} INFO - Created Permission View: can delete on DAG Run:example_external_task_marker_parent
[2024-11-08T13:41:02.154+0000] {logging_mixin.py:190} INFO - [2024-11-08T13:41:02.154+0000] {override.py:1911} INFO - Created Permission View: menu access on DAG Run:example_external_task_marker_parent
[2024-11-08T13:41:02.155+0000] {logging_mixin.py:190} INFO - [2024-11-08T13:41:02.155+0000] {dag.py:3239} INFO - Sync 2 DAGs
[2024-11-08T13:41:02.165+0000] {logging_mixin.py:190} INFO - [2024-11-08T13:41:02.165+0000] {dag.py:3262} INFO - Creating ORM DAG for example_external_task_marker_parent
[2024-11-08T13:41:02.166+0000] {logging_mixin.py:190} INFO - [2024-11-08T13:41:02.166+0000] {dag.py:3262} INFO - Creating ORM DAG for example_external_task_marker_child
[2024-11-08T13:41:02.167+0000] {logging_mixin.py:190} INFO - [2024-11-08T13:41:02.166+0000] {dag.py:4180} INFO - Setting next_dagrun for example_external_task_marker_child to None, run_after=None
[2024-11-08T13:41:02.167+0000] {logging_mixin.py:190} INFO - [2024-11-08T13:41:02.167+0000] {dag.py:4180} INFO - Setting next_dagrun for example_external_task_marker_parent to None, run_after=None
[2024-11-08T13:41:02.184+0000] {processor.py:208} INFO - Processing /home/airflow/.local/lib/python3.12/site-packages/airflow/example_dags/example_external_task_marker_dag.py took 0.251 seconds
[2024-11-08T13:41:32.861+0000] {processor.py:186} INFO - Started process (PID=171) to work on /home/airflow/.local/lib/python3.12/site-packages/airflow/example_dags/example_external_task_marker_dag.py
[2024-11-08T13:41:32.861+0000] {processor.py:914} INFO - Processing file /home/airflow/.local/lib/python3.12/site-packages/airflow/example_dags/example_external_task_marker_dag.py for tasks to queue
[2024-11-08T13:41:32.863+0000] {logging_mixin.py:190} INFO - [2024-11-08T13:41:32.862+0000] {dagbag.py:588} INFO - Filling up the DagBag from /home/airflow/.local/lib/python3.12/site-packages/airflow/example_dags/example_external_task_marker_dag.py
[2024-11-08T13:41:32.868+0000] {processor.py:925} INFO - DAG(s) 'example_external_task_marker_child', 'example_external_task_marker_parent' retrieved from /home/airflow/.local/lib/python3.12/site-packages/airflow/example_dags/example_external_task_marker_dag.py
[2024-11-08T13:41:32.884+0000] {logging_mixin.py:190} INFO - [2024-11-08T13:41:32.884+0000] {dag.py:3239} INFO - Sync 2 DAGs
[2024-11-08T13:41:32.894+0000] {logging_mixin.py:190} INFO - [2024-11-08T13:41:32.894+0000] {dag.py:4180} INFO - Setting next_dagrun for example_external_task_marker_child to None, run_after=None
[2024-11-08T13:41:32.897+0000] {logging_mixin.py:190} INFO - [2024-11-08T13:41:32.897+0000] {dag.py:4180} INFO - Setting next_dagrun for example_external_task_marker_parent to None, run_after=None
[2024-11-08T13:41:32.915+0000] {processor.py:208} INFO - Processing /home/airflow/.local/lib/python3.12/site-packages/airflow/example_dags/example_external_task_marker_dag.py took 0.058 seconds
[2024-11-08T13:42:04.273+0000] {processor.py:186} INFO - Started process (PID=234) to work on /home/airflow/.local/lib/python3.12/site-packages/airflow/example_dags/example_external_task_marker_dag.py
[2024-11-08T13:42:04.274+0000] {processor.py:914} INFO - Processing file /home/airflow/.local/lib/python3.12/site-packages/airflow/example_dags/example_external_task_marker_dag.py for tasks to queue
[2024-11-08T13:42:04.276+0000] {logging_mixin.py:190} INFO - [2024-11-08T13:42:04.275+0000] {dagbag.py:588} INFO - Filling up the DagBag from /home/airflow/.local/lib/python3.12/site-packages/airflow/example_dags/example_external_task_marker_dag.py
[2024-11-08T13:42:04.281+0000] {processor.py:925} INFO - DAG(s) 'example_external_task_marker_child', 'example_external_task_marker_parent' retrieved from /home/airflow/.local/lib/python3.12/site-packages/airflow/example_dags/example_external_task_marker_dag.py
[2024-11-08T13:42:04.297+0000] {logging_mixin.py:190} INFO - [2024-11-08T13:42:04.297+0000] {dag.py:3239} INFO - Sync 2 DAGs
[2024-11-08T13:42:04.309+0000] {logging_mixin.py:190} INFO - [2024-11-08T13:42:04.308+0000] {dag.py:4180} INFO - Setting next_dagrun for example_external_task_marker_child to None, run_after=None
[2024-11-08T13:42:04.311+0000] {logging_mixin.py:190} INFO - [2024-11-08T13:42:04.311+0000] {dag.py:4180} INFO - Setting next_dagrun for example_external_task_marker_parent to None, run_after=None
[2024-11-08T13:42:04.325+0000] {processor.py:208} INFO - Processing /home/airflow/.local/lib/python3.12/site-packages/airflow/example_dags/example_external_task_marker_dag.py took 0.055 seconds
[2024-11-08T13:42:35.580+0000] {processor.py:186} INFO - Started process (PID=297) to work on /home/airflow/.local/lib/python3.12/site-packages/airflow/example_dags/example_external_task_marker_dag.py
[2024-11-08T13:42:35.580+0000] {processor.py:914} INFO - Processing file /home/airflow/.local/lib/python3.12/site-packages/airflow/example_dags/example_external_task_marker_dag.py for tasks to queue
[2024-11-08T13:42:35.582+0000] {logging_mixin.py:190} INFO - [2024-11-08T13:42:35.582+0000] {dagbag.py:588} INFO - Filling up the DagBag from /home/airflow/.local/lib/python3.12/site-packages/airflow/example_dags/example_external_task_marker_dag.py
[2024-11-08T13:42:35.587+0000] {processor.py:925} INFO - DAG(s) 'example_external_task_marker_child', 'example_external_task_marker_parent' retrieved from /home/airflow/.local/lib/python3.12/site-packages/airflow/example_dags/example_external_task_marker_dag.py
[2024-11-08T13:42:35.602+0000] {logging_mixin.py:190} INFO - [2024-11-08T13:42:35.602+0000] {dag.py:3239} INFO - Sync 2 DAGs
[2024-11-08T13:42:35.612+0000] {logging_mixin.py:190} INFO - [2024-11-08T13:42:35.612+0000] {dag.py:4180} INFO - Setting next_dagrun for example_external_task_marker_child to None, run_after=None
[2024-11-08T13:42:35.616+0000] {logging_mixin.py:190} INFO - [2024-11-08T13:42:35.615+0000] {dag.py:4180} INFO - Setting next_dagrun for example_external_task_marker_parent to None, run_after=None
[2024-11-08T13:42:35.629+0000] {processor.py:208} INFO - Processing /home/airflow/.local/lib/python3.12/site-packages/airflow/example_dags/example_external_task_marker_dag.py took 0.053 seconds
[2024-11-08T13:43:06.716+0000] {processor.py:186} INFO - Started process (PID=360) to work on /home/airflow/.local/lib/python3.12/site-packages/airflow/example_dags/example_external_task_marker_dag.py
[2024-11-08T13:43:06.717+0000] {processor.py:914} INFO - Processing file /home/airflow/.local/lib/python3.12/site-packages/airflow/example_dags/example_external_task_marker_dag.py for tasks to queue
[2024-11-08T13:43:06.719+0000] {logging_mixin.py:190} INFO - [2024-11-08T13:43:06.718+0000] {dagbag.py:588} INFO - Filling up the DagBag from /home/airflow/.local/lib/python3.12/site-packages/airflow/example_dags/example_external_task_marker_dag.py
[2024-11-08T13:43:06.724+0000] {processor.py:925} INFO - DAG(s) 'example_external_task_marker_child', 'example_external_task_marker_parent' retrieved from /home/airflow/.local/lib/python3.12/site-packages/airflow/example_dags/example_external_task_marker_dag.py
[2024-11-08T13:43:06.741+0000] {logging_mixin.py:190} INFO - [2024-11-08T13:43:06.741+0000] {dag.py:3239} INFO - Sync 2 DAGs
[2024-11-08T13:43:06.752+0000] {logging_mixin.py:190} INFO - [2024-11-08T13:43:06.752+0000] {dag.py:4180} INFO - Setting next_dagrun for example_external_task_marker_child to None, run_after=None
[2024-11-08T13:43:06.755+0000] {logging_mixin.py:190} INFO - [2024-11-08T13:43:06.755+0000] {dag.py:4180} INFO - Setting next_dagrun for example_external_task_marker_parent to None, run_after=None
[2024-11-08T13:43:06.769+0000] {processor.py:208} INFO - Processing /home/airflow/.local/lib/python3.12/site-packages/airflow/example_dags/example_external_task_marker_dag.py took 0.058 seconds
[2024-11-08T13:43:37.348+0000] {processor.py:186} INFO - Started process (PID=423) to work on /home/airflow/.local/lib/python3.12/site-packages/airflow/example_dags/example_external_task_marker_dag.py
[2024-11-08T13:43:37.349+0000] {processor.py:914} INFO - Processing file /home/airflow/.local/lib/python3.12/site-packages/airflow/example_dags/example_external_task_marker_dag.py for tasks to queue
[2024-11-08T13:43:37.350+0000] {logging_mixin.py:190} INFO - [2024-11-08T13:43:37.350+0000] {dagbag.py:588} INFO - Filling up the DagBag from /home/airflow/.local/lib/python3.12/site-packages/airflow/example_dags/example_external_task_marker_dag.py
[2024-11-08T13:43:37.356+0000] {processor.py:925} INFO - DAG(s) 'example_external_task_marker_parent', 'example_external_task_marker_child' retrieved from /home/airflow/.local/lib/python3.12/site-packages/airflow/example_dags/example_external_task_marker_dag.py
[2024-11-08T13:43:37.373+0000] {logging_mixin.py:190} INFO - [2024-11-08T13:43:37.373+0000] {dag.py:3239} INFO - Sync 2 DAGs
[2024-11-08T13:43:37.384+0000] {logging_mixin.py:190} INFO - [2024-11-08T13:43:37.384+0000] {dag.py:4180} INFO - Setting next_dagrun for example_external_task_marker_child to None, run_after=None
[2024-11-08T13:43:37.387+0000] {logging_mixin.py:190} INFO - [2024-11-08T13:43:37.387+0000] {dag.py:4180} INFO - Setting next_dagrun for example_external_task_marker_parent to None, run_after=None
[2024-11-08T13:43:37.403+0000] {processor.py:208} INFO - Processing /home/airflow/.local/lib/python3.12/site-packages/airflow/example_dags/example_external_task_marker_dag.py took 0.059 seconds
[2024-11-08T13:44:07.991+0000] {processor.py:186} INFO - Started process (PID=486) to work on /home/airflow/.local/lib/python3.12/site-packages/airflow/example_dags/example_external_task_marker_dag.py
[2024-11-08T13:44:07.992+0000] {processor.py:914} INFO - Processing file /home/airflow/.local/lib/python3.12/site-packages/airflow/example_dags/example_external_task_marker_dag.py for tasks to queue
[2024-11-08T13:44:07.993+0000] {logging_mixin.py:190} INFO - [2024-11-08T13:44:07.993+0000] {dagbag.py:588} INFO - Filling up the DagBag from /home/airflow/.local/lib/python3.12/site-packages/airflow/example_dags/example_external_task_marker_dag.py
[2024-11-08T13:44:07.998+0000] {processor.py:925} INFO - DAG(s) 'example_external_task_marker_parent', 'example_external_task_marker_child' retrieved from /home/airflow/.local/lib/python3.12/site-packages/airflow/example_dags/example_external_task_marker_dag.py
[2024-11-08T13:44:08.014+0000] {logging_mixin.py:190} INFO - [2024-11-08T13:44:08.014+0000] {dag.py:3239} INFO - Sync 2 DAGs
[2024-11-08T13:44:08.025+0000] {logging_mixin.py:190} INFO - [2024-11-08T13:44:08.025+0000] {dag.py:4180} INFO - Setting next_dagrun for example_external_task_marker_child to None, run_after=None
[2024-11-08T13:44:08.028+0000] {logging_mixin.py:190} INFO - [2024-11-08T13:44:08.027+0000] {dag.py:4180} INFO - Setting next_dagrun for example_external_task_marker_parent to None, run_after=None
[2024-11-08T13:44:08.040+0000] {processor.py:208} INFO - Processing /home/airflow/.local/lib/python3.12/site-packages/airflow/example_dags/example_external_task_marker_dag.py took 0.053 seconds
[2024-11-08T13:44:39.513+0000] {processor.py:186} INFO - Started process (PID=549) to work on /home/airflow/.local/lib/python3.12/site-packages/airflow/example_dags/example_external_task_marker_dag.py
[2024-11-08T13:44:39.513+0000] {processor.py:914} INFO - Processing file /home/airflow/.local/lib/python3.12/site-packages/airflow/example_dags/example_external_task_marker_dag.py for tasks to queue
[2024-11-08T13:44:39.515+0000] {logging_mixin.py:190} INFO - [2024-11-08T13:44:39.515+0000] {dagbag.py:588} INFO - Filling up the DagBag from /home/airflow/.local/lib/python3.12/site-packages/airflow/example_dags/example_external_task_marker_dag.py
[2024-11-08T13:44:39.521+0000] {processor.py:925} INFO - DAG(s) 'example_external_task_marker_parent', 'example_external_task_marker_child' retrieved from /home/airflow/.local/lib/python3.12/site-packages/airflow/example_dags/example_external_task_marker_dag.py
[2024-11-08T13:44:39.539+0000] {logging_mixin.py:190} INFO - [2024-11-08T13:44:39.539+0000] {dag.py:3239} INFO - Sync 2 DAGs
[2024-11-08T13:44:39.550+0000] {logging_mixin.py:190} INFO - [2024-11-08T13:44:39.550+0000] {dag.py:4180} INFO - Setting next_dagrun for example_external_task_marker_child to None, run_after=None
[2024-11-08T13:44:39.554+0000] {logging_mixin.py:190} INFO - [2024-11-08T13:44:39.554+0000] {dag.py:4180} INFO - Setting next_dagrun for example_external_task_marker_parent to None, run_after=None
[2024-11-08T13:44:39.574+0000] {processor.py:208} INFO - Processing /home/airflow/.local/lib/python3.12/site-packages/airflow/example_dags/example_external_task_marker_dag.py took 0.065 seconds
[2024-11-08T13:45:10.945+0000] {processor.py:186} INFO - Started process (PID=612) to work on /home/airflow/.local/lib/python3.12/site-packages/airflow/example_dags/example_external_task_marker_dag.py
[2024-11-08T13:45:10.945+0000] {processor.py:914} INFO - Processing file /home/airflow/.local/lib/python3.12/site-packages/airflow/example_dags/example_external_task_marker_dag.py for tasks to queue
[2024-11-08T13:45:10.947+0000] {logging_mixin.py:190} INFO - [2024-11-08T13:45:10.947+0000] {dagbag.py:588} INFO - Filling up the DagBag from /home/airflow/.local/lib/python3.12/site-packages/airflow/example_dags/example_external_task_marker_dag.py
[2024-11-08T13:45:10.953+0000] {processor.py:925} INFO - DAG(s) 'example_external_task_marker_child', 'example_external_task_marker_parent' retrieved from /home/airflow/.local/lib/python3.12/site-packages/airflow/example_dags/example_external_task_marker_dag.py
[2024-11-08T13:45:10.972+0000] {logging_mixin.py:190} INFO - [2024-11-08T13:45:10.971+0000] {dag.py:3239} INFO - Sync 2 DAGs
[2024-11-08T13:45:10.984+0000] {logging_mixin.py:190} INFO - [2024-11-08T13:45:10.984+0000] {dag.py:4180} INFO - Setting next_dagrun for example_external_task_marker_child to None, run_after=None
[2024-11-08T13:45:10.988+0000] {logging_mixin.py:190} INFO - [2024-11-08T13:45:10.987+0000] {dag.py:4180} INFO - Setting next_dagrun for example_external_task_marker_parent to None, run_after=None
[2024-11-08T13:45:11.002+0000] {processor.py:208} INFO - Processing /home/airflow/.local/lib/python3.12/site-packages/airflow/example_dags/example_external_task_marker_dag.py took 0.062 seconds
[2024-11-08T13:45:41.999+0000] {processor.py:186} INFO - Started process (PID=675) to work on /home/airflow/.local/lib/python3.12/site-packages/airflow/example_dags/example_external_task_marker_dag.py
[2024-11-08T13:45:42.000+0000] {processor.py:914} INFO - Processing file /home/airflow/.local/lib/python3.12/site-packages/airflow/example_dags/example_external_task_marker_dag.py for tasks to queue
[2024-11-08T13:45:42.002+0000] {logging_mixin.py:190} INFO - [2024-11-08T13:45:42.001+0000] {dagbag.py:588} INFO - Filling up the DagBag from /home/airflow/.local/lib/python3.12/site-packages/airflow/example_dags/example_external_task_marker_dag.py
[2024-11-08T13:45:42.007+0000] {processor.py:925} INFO - DAG(s) 'example_external_task_marker_parent', 'example_external_task_marker_child' retrieved from /home/airflow/.local/lib/python3.12/site-packages/airflow/example_dags/example_external_task_marker_dag.py
[2024-11-08T13:45:42.023+0000] {logging_mixin.py:190} INFO - [2024-11-08T13:45:42.022+0000] {dag.py:3239} INFO - Sync 2 DAGs
[2024-11-08T13:45:42.034+0000] {logging_mixin.py:190} INFO - [2024-11-08T13:45:42.034+0000] {dag.py:4180} INFO - Setting next_dagrun for example_external_task_marker_child to None, run_after=None
[2024-11-08T13:45:42.037+0000] {logging_mixin.py:190} INFO - [2024-11-08T13:45:42.037+0000] {dag.py:4180} INFO - Setting next_dagrun for example_external_task_marker_parent to None, run_after=None
[2024-11-08T13:45:42.053+0000] {processor.py:208} INFO - Processing /home/airflow/.local/lib/python3.12/site-packages/airflow/example_dags/example_external_task_marker_dag.py took 0.057 seconds
[2024-11-08T13:46:12.795+0000] {processor.py:186} INFO - Started process (PID=739) to work on /home/airflow/.local/lib/python3.12/site-packages/airflow/example_dags/example_external_task_marker_dag.py
[2024-11-08T13:46:12.796+0000] {processor.py:914} INFO - Processing file /home/airflow/.local/lib/python3.12/site-packages/airflow/example_dags/example_external_task_marker_dag.py for tasks to queue
[2024-11-08T13:46:12.797+0000] {logging_mixin.py:190} INFO - [2024-11-08T13:46:12.797+0000] {dagbag.py:588} INFO - Filling up the DagBag from /home/airflow/.local/lib/python3.12/site-packages/airflow/example_dags/example_external_task_marker_dag.py
[2024-11-08T13:46:12.803+0000] {processor.py:925} INFO - DAG(s) 'example_external_task_marker_child', 'example_external_task_marker_parent' retrieved from /home/airflow/.local/lib/python3.12/site-packages/airflow/example_dags/example_external_task_marker_dag.py
[2024-11-08T13:46:12.819+0000] {logging_mixin.py:190} INFO - [2024-11-08T13:46:12.819+0000] {dag.py:3239} INFO - Sync 2 DAGs
[2024-11-08T13:46:12.831+0000] {logging_mixin.py:190} INFO - [2024-11-08T13:46:12.831+0000] {dag.py:4180} INFO - Setting next_dagrun for example_external_task_marker_child to None, run_after=None
[2024-11-08T13:46:12.834+0000] {logging_mixin.py:190} INFO - [2024-11-08T13:46:12.834+0000] {dag.py:4180} INFO - Setting next_dagrun for example_external_task_marker_parent to None, run_after=None
[2024-11-08T13:46:12.848+0000] {processor.py:208} INFO - Processing /home/airflow/.local/lib/python3.12/site-packages/airflow/example_dags/example_external_task_marker_dag.py took 0.057 seconds
[2024-11-08T13:46:43.364+0000] {processor.py:186} INFO - Started process (PID=803) to work on /home/airflow/.local/lib/python3.12/site-packages/airflow/example_dags/example_external_task_marker_dag.py
[2024-11-08T13:46:43.364+0000] {processor.py:914} INFO - Processing file /home/airflow/.local/lib/python3.12/site-packages/airflow/example_dags/example_external_task_marker_dag.py for tasks to queue
[2024-11-08T13:46:43.366+0000] {logging_mixin.py:190} INFO - [2024-11-08T13:46:43.366+0000] {dagbag.py:588} INFO - Filling up the DagBag from /home/airflow/.local/lib/python3.12/site-packages/airflow/example_dags/example_external_task_marker_dag.py
[2024-11-08T13:46:43.371+0000] {processor.py:925} INFO - DAG(s) 'example_external_task_marker_child', 'example_external_task_marker_parent' retrieved from /home/airflow/.local/lib/python3.12/site-packages/airflow/example_dags/example_external_task_marker_dag.py
[2024-11-08T13:46:43.389+0000] {logging_mixin.py:190} INFO - [2024-11-08T13:46:43.389+0000] {dag.py:3239} INFO - Sync 2 DAGs
[2024-11-08T13:46:43.401+0000] {logging_mixin.py:190} INFO - [2024-11-08T13:46:43.401+0000] {dag.py:4180} INFO - Setting next_dagrun for example_external_task_marker_child to None, run_after=None
[2024-11-08T13:46:43.404+0000] {logging_mixin.py:190} INFO - [2024-11-08T13:46:43.404+0000] {dag.py:4180} INFO - Setting next_dagrun for example_external_task_marker_parent to None, run_after=None
[2024-11-08T13:46:43.419+0000] {processor.py:208} INFO - Processing /home/airflow/.local/lib/python3.12/site-packages/airflow/example_dags/example_external_task_marker_dag.py took 0.059 seconds
[2024-11-08T13:47:14.698+0000] {processor.py:186} INFO - Started process (PID=867) to work on /home/airflow/.local/lib/python3.12/site-packages/airflow/example_dags/example_external_task_marker_dag.py
[2024-11-08T13:47:14.699+0000] {processor.py:914} INFO - Processing file /home/airflow/.local/lib/python3.12/site-packages/airflow/example_dags/example_external_task_marker_dag.py for tasks to queue
[2024-11-08T13:47:14.700+0000] {logging_mixin.py:190} INFO - [2024-11-08T13:47:14.700+0000] {dagbag.py:588} INFO - Filling up the DagBag from /home/airflow/.local/lib/python3.12/site-packages/airflow/example_dags/example_external_task_marker_dag.py
[2024-11-08T13:47:14.705+0000] {processor.py:925} INFO - DAG(s) 'example_external_task_marker_parent', 'example_external_task_marker_child' retrieved from /home/airflow/.local/lib/python3.12/site-packages/airflow/example_dags/example_external_task_marker_dag.py
[2024-11-08T13:47:14.721+0000] {logging_mixin.py:190} INFO - [2024-11-08T13:47:14.721+0000] {dag.py:3239} INFO - Sync 2 DAGs
[2024-11-08T13:47:14.731+0000] {logging_mixin.py:190} INFO - [2024-11-08T13:47:14.731+0000] {dag.py:4180} INFO - Setting next_dagrun for example_external_task_marker_child to None, run_after=None
[2024-11-08T13:47:14.734+0000] {logging_mixin.py:190} INFO - [2024-11-08T13:47:14.734+0000] {dag.py:4180} INFO - Setting next_dagrun for example_external_task_marker_parent to None, run_after=None
[2024-11-08T13:47:14.746+0000] {processor.py:208} INFO - Processing /home/airflow/.local/lib/python3.12/site-packages/airflow/example_dags/example_external_task_marker_dag.py took 0.052 seconds
[2024-11-08T13:47:45.609+0000] {processor.py:186} INFO - Started process (PID=931) to work on /home/airflow/.local/lib/python3.12/site-packages/airflow/example_dags/example_external_task_marker_dag.py
[2024-11-08T13:47:45.610+0000] {processor.py:914} INFO - Processing file /home/airflow/.local/lib/python3.12/site-packages/airflow/example_dags/example_external_task_marker_dag.py for tasks to queue
[2024-11-08T13:47:45.612+0000] {logging_mixin.py:190} INFO - [2024-11-08T13:47:45.612+0000] {dagbag.py:588} INFO - Filling up the DagBag from /home/airflow/.local/lib/python3.12/site-packages/airflow/example_dags/example_external_task_marker_dag.py
[2024-11-08T13:47:45.617+0000] {processor.py:925} INFO - DAG(s) 'example_external_task_marker_child', 'example_external_task_marker_parent' retrieved from /home/airflow/.local/lib/python3.12/site-packages/airflow/example_dags/example_external_task_marker_dag.py
[2024-11-08T13:47:45.633+0000] {logging_mixin.py:190} INFO - [2024-11-08T13:47:45.633+0000] {dag.py:3239} INFO - Sync 2 DAGs
[2024-11-08T13:47:45.644+0000] {logging_mixin.py:190} INFO - [2024-11-08T13:47:45.644+0000] {dag.py:4180} INFO - Setting next_dagrun for example_external_task_marker_child to None, run_after=None
[2024-11-08T13:47:45.648+0000] {logging_mixin.py:190} INFO - [2024-11-08T13:47:45.647+0000] {dag.py:4180} INFO - Setting next_dagrun for example_external_task_marker_parent to None, run_after=None
[2024-11-08T13:47:45.663+0000] {processor.py:208} INFO - Processing /home/airflow/.local/lib/python3.12/site-packages/airflow/example_dags/example_external_task_marker_dag.py took 0.057 seconds
[2024-11-08T13:48:16.917+0000] {processor.py:186} INFO - Started process (PID=995) to work on /home/airflow/.local/lib/python3.12/site-packages/airflow/example_dags/example_external_task_marker_dag.py
[2024-11-08T13:48:16.918+0000] {processor.py:914} INFO - Processing file /home/airflow/.local/lib/python3.12/site-packages/airflow/example_dags/example_external_task_marker_dag.py for tasks to queue
[2024-11-08T13:48:16.920+0000] {logging_mixin.py:190} INFO - [2024-11-08T13:48:16.919+0000] {dagbag.py:588} INFO - Filling up the DagBag from /home/airflow/.local/lib/python3.12/site-packages/airflow/example_dags/example_external_task_marker_dag.py
[2024-11-08T13:48:16.925+0000] {processor.py:925} INFO - DAG(s) 'example_external_task_marker_child', 'example_external_task_marker_parent' retrieved from /home/airflow/.local/lib/python3.12/site-packages/airflow/example_dags/example_external_task_marker_dag.py
[2024-11-08T13:48:16.940+0000] {logging_mixin.py:190} INFO - [2024-11-08T13:48:16.940+0000] {dag.py:3239} INFO - Sync 2 DAGs
[2024-11-08T13:48:16.950+0000] {logging_mixin.py:190} INFO - [2024-11-08T13:48:16.950+0000] {dag.py:4180} INFO - Setting next_dagrun for example_external_task_marker_child to None, run_after=None
[2024-11-08T13:48:16.953+0000] {logging_mixin.py:190} INFO - [2024-11-08T13:48:16.953+0000] {dag.py:4180} INFO - Setting next_dagrun for example_external_task_marker_parent to None, run_after=None
[2024-11-08T13:48:16.966+0000] {processor.py:208} INFO - Processing /home/airflow/.local/lib/python3.12/site-packages/airflow/example_dags/example_external_task_marker_dag.py took 0.053 seconds
