[2024-11-08T13:40:55.413+0000] {processor.py:186} INFO - Started process (PID=61) to work on /home/airflow/.local/lib/python3.12/site-packages/airflow/example_dags/example_python_operator.py
[2024-11-08T13:40:55.414+0000] {processor.py:914} INFO - Processing file /home/airflow/.local/lib/python3.12/site-packages/airflow/example_dags/example_python_operator.py for tasks to queue
[2024-11-08T13:40:55.416+0000] {logging_mixin.py:190} INFO - [2024-11-08T13:40:55.415+0000] {dagbag.py:588} INFO - Filling up the DagBag from /home/airflow/.local/lib/python3.12/site-packages/airflow/example_dags/example_python_operator.py
[2024-11-08T13:40:55.436+0000] {processor.py:925} INFO - DAG(s) 'example_python_operator' retrieved from /home/airflow/.local/lib/python3.12/site-packages/airflow/example_dags/example_python_operator.py
[2024-11-08T13:40:55.620+0000] {logging_mixin.py:190} INFO - [2024-11-08T13:40:55.619+0000] {override.py:1911} INFO - Created Permission View: can read on DAG:example_python_operator
[2024-11-08T13:40:55.630+0000] {logging_mixin.py:190} INFO - [2024-11-08T13:40:55.629+0000] {override.py:1911} INFO - Created Permission View: can edit on DAG:example_python_operator
[2024-11-08T13:40:55.637+0000] {logging_mixin.py:190} INFO - [2024-11-08T13:40:55.637+0000] {override.py:1911} INFO - Created Permission View: can delete on DAG:example_python_operator
[2024-11-08T13:40:55.654+0000] {logging_mixin.py:190} INFO - [2024-11-08T13:40:55.653+0000] {override.py:1911} INFO - Created Permission View: can read on DAG Run:example_python_operator
[2024-11-08T13:40:55.665+0000] {logging_mixin.py:190} INFO - [2024-11-08T13:40:55.664+0000] {override.py:1911} INFO - Created Permission View: can create on DAG Run:example_python_operator
[2024-11-08T13:40:55.675+0000] {logging_mixin.py:190} INFO - [2024-11-08T13:40:55.674+0000] {override.py:1911} INFO - Created Permission View: can delete on DAG Run:example_python_operator
[2024-11-08T13:40:55.685+0000] {logging_mixin.py:190} INFO - [2024-11-08T13:40:55.684+0000] {override.py:1911} INFO - Created Permission View: menu access on DAG Run:example_python_operator
[2024-11-08T13:40:55.685+0000] {logging_mixin.py:190} INFO - [2024-11-08T13:40:55.685+0000] {dag.py:3239} INFO - Sync 1 DAGs
[2024-11-08T13:40:55.696+0000] {logging_mixin.py:190} INFO - [2024-11-08T13:40:55.696+0000] {dag.py:3262} INFO - Creating ORM DAG for example_python_operator
[2024-11-08T13:40:55.697+0000] {logging_mixin.py:190} INFO - [2024-11-08T13:40:55.697+0000] {dag.py:4180} INFO - Setting next_dagrun for example_python_operator to None, run_after=None
[2024-11-08T13:40:55.714+0000] {processor.py:208} INFO - Processing /home/airflow/.local/lib/python3.12/site-packages/airflow/example_dags/example_python_operator.py took 0.306 seconds
[2024-11-08T13:41:26.017+0000] {processor.py:186} INFO - Started process (PID=124) to work on /home/airflow/.local/lib/python3.12/site-packages/airflow/example_dags/example_python_operator.py
[2024-11-08T13:41:26.018+0000] {processor.py:914} INFO - Processing file /home/airflow/.local/lib/python3.12/site-packages/airflow/example_dags/example_python_operator.py for tasks to queue
[2024-11-08T13:41:26.019+0000] {logging_mixin.py:190} INFO - [2024-11-08T13:41:26.019+0000] {dagbag.py:588} INFO - Filling up the DagBag from /home/airflow/.local/lib/python3.12/site-packages/airflow/example_dags/example_python_operator.py
[2024-11-08T13:41:26.028+0000] {processor.py:925} INFO - DAG(s) 'example_python_operator' retrieved from /home/airflow/.local/lib/python3.12/site-packages/airflow/example_dags/example_python_operator.py
[2024-11-08T13:41:26.044+0000] {logging_mixin.py:190} INFO - [2024-11-08T13:41:26.043+0000] {dag.py:3239} INFO - Sync 1 DAGs
[2024-11-08T13:41:26.054+0000] {logging_mixin.py:190} INFO - [2024-11-08T13:41:26.053+0000] {dag.py:4180} INFO - Setting next_dagrun for example_python_operator to None, run_after=None
[2024-11-08T13:41:26.072+0000] {processor.py:208} INFO - Processing /home/airflow/.local/lib/python3.12/site-packages/airflow/example_dags/example_python_operator.py took 0.058 seconds
[2024-11-08T13:41:56.759+0000] {processor.py:186} INFO - Started process (PID=187) to work on /home/airflow/.local/lib/python3.12/site-packages/airflow/example_dags/example_python_operator.py
[2024-11-08T13:41:56.759+0000] {processor.py:914} INFO - Processing file /home/airflow/.local/lib/python3.12/site-packages/airflow/example_dags/example_python_operator.py for tasks to queue
[2024-11-08T13:41:56.761+0000] {logging_mixin.py:190} INFO - [2024-11-08T13:41:56.761+0000] {dagbag.py:588} INFO - Filling up the DagBag from /home/airflow/.local/lib/python3.12/site-packages/airflow/example_dags/example_python_operator.py
[2024-11-08T13:41:56.769+0000] {processor.py:925} INFO - DAG(s) 'example_python_operator' retrieved from /home/airflow/.local/lib/python3.12/site-packages/airflow/example_dags/example_python_operator.py
[2024-11-08T13:41:56.785+0000] {logging_mixin.py:190} INFO - [2024-11-08T13:41:56.785+0000] {dag.py:3239} INFO - Sync 1 DAGs
[2024-11-08T13:41:56.796+0000] {logging_mixin.py:190} INFO - [2024-11-08T13:41:56.796+0000] {dag.py:4180} INFO - Setting next_dagrun for example_python_operator to None, run_after=None
[2024-11-08T13:41:56.814+0000] {processor.py:208} INFO - Processing /home/airflow/.local/lib/python3.12/site-packages/airflow/example_dags/example_python_operator.py took 0.060 seconds
[2024-11-08T13:42:26.996+0000] {processor.py:186} INFO - Started process (PID=256) to work on /home/airflow/.local/lib/python3.12/site-packages/airflow/example_dags/example_python_operator.py
[2024-11-08T13:42:26.997+0000] {processor.py:914} INFO - Processing file /home/airflow/.local/lib/python3.12/site-packages/airflow/example_dags/example_python_operator.py for tasks to queue
[2024-11-08T13:42:26.999+0000] {logging_mixin.py:190} INFO - [2024-11-08T13:42:26.998+0000] {dagbag.py:588} INFO - Filling up the DagBag from /home/airflow/.local/lib/python3.12/site-packages/airflow/example_dags/example_python_operator.py
[2024-11-08T13:42:27.006+0000] {processor.py:925} INFO - DAG(s) 'example_python_operator' retrieved from /home/airflow/.local/lib/python3.12/site-packages/airflow/example_dags/example_python_operator.py
[2024-11-08T13:42:27.025+0000] {logging_mixin.py:190} INFO - [2024-11-08T13:42:27.025+0000] {dag.py:3239} INFO - Sync 1 DAGs
[2024-11-08T13:42:27.036+0000] {logging_mixin.py:190} INFO - [2024-11-08T13:42:27.035+0000] {dag.py:4180} INFO - Setting next_dagrun for example_python_operator to None, run_after=None
[2024-11-08T13:42:27.053+0000] {processor.py:208} INFO - Processing /home/airflow/.local/lib/python3.12/site-packages/airflow/example_dags/example_python_operator.py took 0.061 seconds
[2024-11-08T13:42:57.330+0000] {processor.py:186} INFO - Started process (PID=319) to work on /home/airflow/.local/lib/python3.12/site-packages/airflow/example_dags/example_python_operator.py
[2024-11-08T13:42:57.330+0000] {processor.py:914} INFO - Processing file /home/airflow/.local/lib/python3.12/site-packages/airflow/example_dags/example_python_operator.py for tasks to queue
[2024-11-08T13:42:57.332+0000] {logging_mixin.py:190} INFO - [2024-11-08T13:42:57.332+0000] {dagbag.py:588} INFO - Filling up the DagBag from /home/airflow/.local/lib/python3.12/site-packages/airflow/example_dags/example_python_operator.py
[2024-11-08T13:42:57.340+0000] {processor.py:925} INFO - DAG(s) 'example_python_operator' retrieved from /home/airflow/.local/lib/python3.12/site-packages/airflow/example_dags/example_python_operator.py
[2024-11-08T13:42:57.355+0000] {logging_mixin.py:190} INFO - [2024-11-08T13:42:57.354+0000] {dag.py:3239} INFO - Sync 1 DAGs
[2024-11-08T13:42:57.365+0000] {logging_mixin.py:190} INFO - [2024-11-08T13:42:57.365+0000] {dag.py:4180} INFO - Setting next_dagrun for example_python_operator to None, run_after=None
[2024-11-08T13:42:57.386+0000] {processor.py:208} INFO - Processing /home/airflow/.local/lib/python3.12/site-packages/airflow/example_dags/example_python_operator.py took 0.061 seconds
[2024-11-08T13:43:27.589+0000] {processor.py:186} INFO - Started process (PID=382) to work on /home/airflow/.local/lib/python3.12/site-packages/airflow/example_dags/example_python_operator.py
[2024-11-08T13:43:27.590+0000] {processor.py:914} INFO - Processing file /home/airflow/.local/lib/python3.12/site-packages/airflow/example_dags/example_python_operator.py for tasks to queue
[2024-11-08T13:43:27.591+0000] {logging_mixin.py:190} INFO - [2024-11-08T13:43:27.591+0000] {dagbag.py:588} INFO - Filling up the DagBag from /home/airflow/.local/lib/python3.12/site-packages/airflow/example_dags/example_python_operator.py
[2024-11-08T13:43:27.599+0000] {processor.py:925} INFO - DAG(s) 'example_python_operator' retrieved from /home/airflow/.local/lib/python3.12/site-packages/airflow/example_dags/example_python_operator.py
[2024-11-08T13:43:27.615+0000] {logging_mixin.py:190} INFO - [2024-11-08T13:43:27.615+0000] {dag.py:3239} INFO - Sync 1 DAGs
[2024-11-08T13:43:27.625+0000] {logging_mixin.py:190} INFO - [2024-11-08T13:43:27.625+0000] {dag.py:4180} INFO - Setting next_dagrun for example_python_operator to None, run_after=None
[2024-11-08T13:43:27.638+0000] {processor.py:208} INFO - Processing /home/airflow/.local/lib/python3.12/site-packages/airflow/example_dags/example_python_operator.py took 0.053 seconds
[2024-11-08T13:43:58.230+0000] {processor.py:186} INFO - Started process (PID=445) to work on /home/airflow/.local/lib/python3.12/site-packages/airflow/example_dags/example_python_operator.py
[2024-11-08T13:43:58.230+0000] {processor.py:914} INFO - Processing file /home/airflow/.local/lib/python3.12/site-packages/airflow/example_dags/example_python_operator.py for tasks to queue
[2024-11-08T13:43:58.232+0000] {logging_mixin.py:190} INFO - [2024-11-08T13:43:58.232+0000] {dagbag.py:588} INFO - Filling up the DagBag from /home/airflow/.local/lib/python3.12/site-packages/airflow/example_dags/example_python_operator.py
[2024-11-08T13:43:58.240+0000] {processor.py:925} INFO - DAG(s) 'example_python_operator' retrieved from /home/airflow/.local/lib/python3.12/site-packages/airflow/example_dags/example_python_operator.py
[2024-11-08T13:43:58.256+0000] {logging_mixin.py:190} INFO - [2024-11-08T13:43:58.255+0000] {dag.py:3239} INFO - Sync 1 DAGs
[2024-11-08T13:43:58.266+0000] {logging_mixin.py:190} INFO - [2024-11-08T13:43:58.266+0000] {dag.py:4180} INFO - Setting next_dagrun for example_python_operator to None, run_after=None
[2024-11-08T13:43:58.284+0000] {processor.py:208} INFO - Processing /home/airflow/.local/lib/python3.12/site-packages/airflow/example_dags/example_python_operator.py took 0.059 seconds
[2024-11-08T13:44:28.813+0000] {processor.py:186} INFO - Started process (PID=508) to work on /home/airflow/.local/lib/python3.12/site-packages/airflow/example_dags/example_python_operator.py
[2024-11-08T13:44:28.814+0000] {processor.py:914} INFO - Processing file /home/airflow/.local/lib/python3.12/site-packages/airflow/example_dags/example_python_operator.py for tasks to queue
[2024-11-08T13:44:28.815+0000] {logging_mixin.py:190} INFO - [2024-11-08T13:44:28.815+0000] {dagbag.py:588} INFO - Filling up the DagBag from /home/airflow/.local/lib/python3.12/site-packages/airflow/example_dags/example_python_operator.py
[2024-11-08T13:44:28.823+0000] {processor.py:925} INFO - DAG(s) 'example_python_operator' retrieved from /home/airflow/.local/lib/python3.12/site-packages/airflow/example_dags/example_python_operator.py
[2024-11-08T13:44:28.839+0000] {logging_mixin.py:190} INFO - [2024-11-08T13:44:28.838+0000] {dag.py:3239} INFO - Sync 1 DAGs
[2024-11-08T13:44:28.849+0000] {logging_mixin.py:190} INFO - [2024-11-08T13:44:28.849+0000] {dag.py:4180} INFO - Setting next_dagrun for example_python_operator to None, run_after=None
[2024-11-08T13:44:28.863+0000] {processor.py:208} INFO - Processing /home/airflow/.local/lib/python3.12/site-packages/airflow/example_dags/example_python_operator.py took 0.054 seconds
[2024-11-08T13:44:59.297+0000] {processor.py:186} INFO - Started process (PID=571) to work on /home/airflow/.local/lib/python3.12/site-packages/airflow/example_dags/example_python_operator.py
[2024-11-08T13:44:59.298+0000] {processor.py:914} INFO - Processing file /home/airflow/.local/lib/python3.12/site-packages/airflow/example_dags/example_python_operator.py for tasks to queue
[2024-11-08T13:44:59.299+0000] {logging_mixin.py:190} INFO - [2024-11-08T13:44:59.299+0000] {dagbag.py:588} INFO - Filling up the DagBag from /home/airflow/.local/lib/python3.12/site-packages/airflow/example_dags/example_python_operator.py
[2024-11-08T13:44:59.308+0000] {processor.py:925} INFO - DAG(s) 'example_python_operator' retrieved from /home/airflow/.local/lib/python3.12/site-packages/airflow/example_dags/example_python_operator.py
[2024-11-08T13:44:59.324+0000] {logging_mixin.py:190} INFO - [2024-11-08T13:44:59.324+0000] {dag.py:3239} INFO - Sync 1 DAGs
[2024-11-08T13:44:59.334+0000] {logging_mixin.py:190} INFO - [2024-11-08T13:44:59.334+0000] {dag.py:4180} INFO - Setting next_dagrun for example_python_operator to None, run_after=None
[2024-11-08T13:44:59.351+0000] {processor.py:208} INFO - Processing /home/airflow/.local/lib/python3.12/site-packages/airflow/example_dags/example_python_operator.py took 0.059 seconds
[2024-11-08T13:45:30.240+0000] {processor.py:186} INFO - Started process (PID=634) to work on /home/airflow/.local/lib/python3.12/site-packages/airflow/example_dags/example_python_operator.py
[2024-11-08T13:45:30.241+0000] {processor.py:914} INFO - Processing file /home/airflow/.local/lib/python3.12/site-packages/airflow/example_dags/example_python_operator.py for tasks to queue
[2024-11-08T13:45:30.243+0000] {logging_mixin.py:190} INFO - [2024-11-08T13:45:30.243+0000] {dagbag.py:588} INFO - Filling up the DagBag from /home/airflow/.local/lib/python3.12/site-packages/airflow/example_dags/example_python_operator.py
[2024-11-08T13:45:30.254+0000] {processor.py:925} INFO - DAG(s) 'example_python_operator' retrieved from /home/airflow/.local/lib/python3.12/site-packages/airflow/example_dags/example_python_operator.py
[2024-11-08T13:45:30.272+0000] {logging_mixin.py:190} INFO - [2024-11-08T13:45:30.271+0000] {dag.py:3239} INFO - Sync 1 DAGs
[2024-11-08T13:45:30.282+0000] {logging_mixin.py:190} INFO - [2024-11-08T13:45:30.282+0000] {dag.py:4180} INFO - Setting next_dagrun for example_python_operator to None, run_after=None
[2024-11-08T13:45:30.300+0000] {processor.py:208} INFO - Processing /home/airflow/.local/lib/python3.12/site-packages/airflow/example_dags/example_python_operator.py took 0.064 seconds
[2024-11-08T13:46:00.979+0000] {processor.py:186} INFO - Started process (PID=698) to work on /home/airflow/.local/lib/python3.12/site-packages/airflow/example_dags/example_python_operator.py
[2024-11-08T13:46:00.980+0000] {processor.py:914} INFO - Processing file /home/airflow/.local/lib/python3.12/site-packages/airflow/example_dags/example_python_operator.py for tasks to queue
[2024-11-08T13:46:00.982+0000] {logging_mixin.py:190} INFO - [2024-11-08T13:46:00.981+0000] {dagbag.py:588} INFO - Filling up the DagBag from /home/airflow/.local/lib/python3.12/site-packages/airflow/example_dags/example_python_operator.py
[2024-11-08T13:46:00.990+0000] {processor.py:925} INFO - DAG(s) 'example_python_operator' retrieved from /home/airflow/.local/lib/python3.12/site-packages/airflow/example_dags/example_python_operator.py
[2024-11-08T13:46:01.006+0000] {logging_mixin.py:190} INFO - [2024-11-08T13:46:01.006+0000] {dag.py:3239} INFO - Sync 1 DAGs
[2024-11-08T13:46:01.016+0000] {logging_mixin.py:190} INFO - [2024-11-08T13:46:01.016+0000] {dag.py:4180} INFO - Setting next_dagrun for example_python_operator to None, run_after=None
[2024-11-08T13:46:01.035+0000] {processor.py:208} INFO - Processing /home/airflow/.local/lib/python3.12/site-packages/airflow/example_dags/example_python_operator.py took 0.060 seconds
[2024-11-08T13:46:31.664+0000] {processor.py:186} INFO - Started process (PID=762) to work on /home/airflow/.local/lib/python3.12/site-packages/airflow/example_dags/example_python_operator.py
[2024-11-08T13:46:31.665+0000] {processor.py:914} INFO - Processing file /home/airflow/.local/lib/python3.12/site-packages/airflow/example_dags/example_python_operator.py for tasks to queue
[2024-11-08T13:46:31.667+0000] {logging_mixin.py:190} INFO - [2024-11-08T13:46:31.666+0000] {dagbag.py:588} INFO - Filling up the DagBag from /home/airflow/.local/lib/python3.12/site-packages/airflow/example_dags/example_python_operator.py
[2024-11-08T13:46:31.675+0000] {processor.py:925} INFO - DAG(s) 'example_python_operator' retrieved from /home/airflow/.local/lib/python3.12/site-packages/airflow/example_dags/example_python_operator.py
[2024-11-08T13:46:31.690+0000] {logging_mixin.py:190} INFO - [2024-11-08T13:46:31.690+0000] {dag.py:3239} INFO - Sync 1 DAGs
[2024-11-08T13:46:31.700+0000] {logging_mixin.py:190} INFO - [2024-11-08T13:46:31.700+0000] {dag.py:4180} INFO - Setting next_dagrun for example_python_operator to None, run_after=None
[2024-11-08T13:46:31.715+0000] {processor.py:208} INFO - Processing /home/airflow/.local/lib/python3.12/site-packages/airflow/example_dags/example_python_operator.py took 0.055 seconds
[2024-11-08T13:47:02.022+0000] {processor.py:186} INFO - Started process (PID=826) to work on /home/airflow/.local/lib/python3.12/site-packages/airflow/example_dags/example_python_operator.py
[2024-11-08T13:47:02.023+0000] {processor.py:914} INFO - Processing file /home/airflow/.local/lib/python3.12/site-packages/airflow/example_dags/example_python_operator.py for tasks to queue
[2024-11-08T13:47:02.025+0000] {logging_mixin.py:190} INFO - [2024-11-08T13:47:02.024+0000] {dagbag.py:588} INFO - Filling up the DagBag from /home/airflow/.local/lib/python3.12/site-packages/airflow/example_dags/example_python_operator.py
[2024-11-08T13:47:02.033+0000] {processor.py:925} INFO - DAG(s) 'example_python_operator' retrieved from /home/airflow/.local/lib/python3.12/site-packages/airflow/example_dags/example_python_operator.py
[2024-11-08T13:47:02.048+0000] {logging_mixin.py:190} INFO - [2024-11-08T13:47:02.048+0000] {dag.py:3239} INFO - Sync 1 DAGs
[2024-11-08T13:47:02.058+0000] {logging_mixin.py:190} INFO - [2024-11-08T13:47:02.058+0000] {dag.py:4180} INFO - Setting next_dagrun for example_python_operator to None, run_after=None
[2024-11-08T13:47:02.074+0000] {processor.py:208} INFO - Processing /home/airflow/.local/lib/python3.12/site-packages/airflow/example_dags/example_python_operator.py took 0.057 seconds
[2024-11-08T13:47:32.966+0000] {processor.py:186} INFO - Started process (PID=890) to work on /home/airflow/.local/lib/python3.12/site-packages/airflow/example_dags/example_python_operator.py
[2024-11-08T13:47:32.967+0000] {processor.py:914} INFO - Processing file /home/airflow/.local/lib/python3.12/site-packages/airflow/example_dags/example_python_operator.py for tasks to queue
[2024-11-08T13:47:32.968+0000] {logging_mixin.py:190} INFO - [2024-11-08T13:47:32.968+0000] {dagbag.py:588} INFO - Filling up the DagBag from /home/airflow/.local/lib/python3.12/site-packages/airflow/example_dags/example_python_operator.py
[2024-11-08T13:47:32.977+0000] {processor.py:925} INFO - DAG(s) 'example_python_operator' retrieved from /home/airflow/.local/lib/python3.12/site-packages/airflow/example_dags/example_python_operator.py
[2024-11-08T13:47:32.992+0000] {logging_mixin.py:190} INFO - [2024-11-08T13:47:32.992+0000] {dag.py:3239} INFO - Sync 1 DAGs
[2024-11-08T13:47:33.002+0000] {logging_mixin.py:190} INFO - [2024-11-08T13:47:33.002+0000] {dag.py:4180} INFO - Setting next_dagrun for example_python_operator to None, run_after=None
[2024-11-08T13:47:33.019+0000] {processor.py:208} INFO - Processing /home/airflow/.local/lib/python3.12/site-packages/airflow/example_dags/example_python_operator.py took 0.057 seconds
[2024-11-08T13:48:03.289+0000] {processor.py:186} INFO - Started process (PID=954) to work on /home/airflow/.local/lib/python3.12/site-packages/airflow/example_dags/example_python_operator.py
[2024-11-08T13:48:03.290+0000] {processor.py:914} INFO - Processing file /home/airflow/.local/lib/python3.12/site-packages/airflow/example_dags/example_python_operator.py for tasks to queue
[2024-11-08T13:48:03.291+0000] {logging_mixin.py:190} INFO - [2024-11-08T13:48:03.291+0000] {dagbag.py:588} INFO - Filling up the DagBag from /home/airflow/.local/lib/python3.12/site-packages/airflow/example_dags/example_python_operator.py
[2024-11-08T13:48:03.299+0000] {processor.py:925} INFO - DAG(s) 'example_python_operator' retrieved from /home/airflow/.local/lib/python3.12/site-packages/airflow/example_dags/example_python_operator.py
[2024-11-08T13:48:03.315+0000] {logging_mixin.py:190} INFO - [2024-11-08T13:48:03.315+0000] {dag.py:3239} INFO - Sync 1 DAGs
[2024-11-08T13:48:03.325+0000] {logging_mixin.py:190} INFO - [2024-11-08T13:48:03.325+0000] {dag.py:4180} INFO - Setting next_dagrun for example_python_operator to None, run_after=None
[2024-11-08T13:48:03.344+0000] {processor.py:208} INFO - Processing /home/airflow/.local/lib/python3.12/site-packages/airflow/example_dags/example_python_operator.py took 0.059 seconds
[2024-11-08T13:48:34.202+0000] {processor.py:186} INFO - Started process (PID=1018) to work on /home/airflow/.local/lib/python3.12/site-packages/airflow/example_dags/example_python_operator.py
[2024-11-08T13:48:34.203+0000] {processor.py:914} INFO - Processing file /home/airflow/.local/lib/python3.12/site-packages/airflow/example_dags/example_python_operator.py for tasks to queue
[2024-11-08T13:48:34.204+0000] {logging_mixin.py:190} INFO - [2024-11-08T13:48:34.204+0000] {dagbag.py:588} INFO - Filling up the DagBag from /home/airflow/.local/lib/python3.12/site-packages/airflow/example_dags/example_python_operator.py
[2024-11-08T13:48:34.212+0000] {processor.py:925} INFO - DAG(s) 'example_python_operator' retrieved from /home/airflow/.local/lib/python3.12/site-packages/airflow/example_dags/example_python_operator.py
[2024-11-08T13:48:34.229+0000] {logging_mixin.py:190} INFO - [2024-11-08T13:48:34.229+0000] {dag.py:3239} INFO - Sync 1 DAGs
[2024-11-08T13:48:34.240+0000] {logging_mixin.py:190} INFO - [2024-11-08T13:48:34.239+0000] {dag.py:4180} INFO - Setting next_dagrun for example_python_operator to None, run_after=None
[2024-11-08T13:48:34.260+0000] {processor.py:208} INFO - Processing /home/airflow/.local/lib/python3.12/site-packages/airflow/example_dags/example_python_operator.py took 0.061 seconds
