[2024-11-08T13:40:59.280+0000] {processor.py:186} INFO - Started process (PID=89) to work on /home/airflow/.local/lib/python3.12/site-packages/airflow/example_dags/example_xcom.py
[2024-11-08T13:40:59.281+0000] {processor.py:914} INFO - Processing file /home/airflow/.local/lib/python3.12/site-packages/airflow/example_dags/example_xcom.py for tasks to queue
[2024-11-08T13:40:59.282+0000] {logging_mixin.py:190} INFO - [2024-11-08T13:40:59.282+0000] {dagbag.py:588} INFO - Filling up the DagBag from /home/airflow/.local/lib/python3.12/site-packages/airflow/example_dags/example_xcom.py
[2024-11-08T13:40:59.289+0000] {processor.py:925} INFO - DAG(s) 'example_xcom' retrieved from /home/airflow/.local/lib/python3.12/site-packages/airflow/example_dags/example_xcom.py
[2024-11-08T13:40:59.365+0000] {logging_mixin.py:190} INFO - [2024-11-08T13:40:59.364+0000] {override.py:1911} INFO - Created Permission View: can read on DAG:example_xcom
[2024-11-08T13:40:59.374+0000] {logging_mixin.py:190} INFO - [2024-11-08T13:40:59.374+0000] {override.py:1911} INFO - Created Permission View: can edit on DAG:example_xcom
[2024-11-08T13:40:59.390+0000] {logging_mixin.py:190} INFO - [2024-11-08T13:40:59.389+0000] {override.py:1911} INFO - Created Permission View: can delete on DAG:example_xcom
[2024-11-08T13:40:59.400+0000] {logging_mixin.py:190} INFO - [2024-11-08T13:40:59.399+0000] {override.py:1911} INFO - Created Permission View: can read on DAG Run:example_xcom
[2024-11-08T13:40:59.409+0000] {logging_mixin.py:190} INFO - [2024-11-08T13:40:59.409+0000] {override.py:1911} INFO - Created Permission View: can create on DAG Run:example_xcom
[2024-11-08T13:40:59.420+0000] {logging_mixin.py:190} INFO - [2024-11-08T13:40:59.419+0000] {override.py:1911} INFO - Created Permission View: can delete on DAG Run:example_xcom
[2024-11-08T13:40:59.430+0000] {logging_mixin.py:190} INFO - [2024-11-08T13:40:59.429+0000] {override.py:1911} INFO - Created Permission View: menu access on DAG Run:example_xcom
[2024-11-08T13:40:59.430+0000] {logging_mixin.py:190} INFO - [2024-11-08T13:40:59.430+0000] {dag.py:3239} INFO - Sync 1 DAGs
[2024-11-08T13:40:59.440+0000] {logging_mixin.py:190} INFO - [2024-11-08T13:40:59.440+0000] {dag.py:3262} INFO - Creating ORM DAG for example_xcom
[2024-11-08T13:40:59.447+0000] {logging_mixin.py:190} INFO - [2024-11-08T13:40:59.447+0000] {dag.py:4180} INFO - Setting next_dagrun for example_xcom to 2021-01-01 00:00:00+00:00, run_after=2021-01-01 00:00:00+00:00
[2024-11-08T13:40:59.459+0000] {processor.py:208} INFO - Processing /home/airflow/.local/lib/python3.12/site-packages/airflow/example_dags/example_xcom.py took 0.182 seconds
[2024-11-08T13:41:29.579+0000] {processor.py:186} INFO - Started process (PID=152) to work on /home/airflow/.local/lib/python3.12/site-packages/airflow/example_dags/example_xcom.py
[2024-11-08T13:41:29.580+0000] {processor.py:914} INFO - Processing file /home/airflow/.local/lib/python3.12/site-packages/airflow/example_dags/example_xcom.py for tasks to queue
[2024-11-08T13:41:29.581+0000] {logging_mixin.py:190} INFO - [2024-11-08T13:41:29.581+0000] {dagbag.py:588} INFO - Filling up the DagBag from /home/airflow/.local/lib/python3.12/site-packages/airflow/example_dags/example_xcom.py
[2024-11-08T13:41:29.587+0000] {processor.py:925} INFO - DAG(s) 'example_xcom' retrieved from /home/airflow/.local/lib/python3.12/site-packages/airflow/example_dags/example_xcom.py
[2024-11-08T13:41:29.601+0000] {logging_mixin.py:190} INFO - [2024-11-08T13:41:29.601+0000] {dag.py:3239} INFO - Sync 1 DAGs
[2024-11-08T13:41:29.618+0000] {logging_mixin.py:190} INFO - [2024-11-08T13:41:29.617+0000] {dag.py:4180} INFO - Setting next_dagrun for example_xcom to 2021-01-01 00:00:00+00:00, run_after=2021-01-01 00:00:00+00:00
[2024-11-08T13:41:29.637+0000] {processor.py:208} INFO - Processing /home/airflow/.local/lib/python3.12/site-packages/airflow/example_dags/example_xcom.py took 0.061 seconds
[2024-11-08T13:41:59.884+0000] {processor.py:186} INFO - Started process (PID=215) to work on /home/airflow/.local/lib/python3.12/site-packages/airflow/example_dags/example_xcom.py
[2024-11-08T13:41:59.885+0000] {processor.py:914} INFO - Processing file /home/airflow/.local/lib/python3.12/site-packages/airflow/example_dags/example_xcom.py for tasks to queue
[2024-11-08T13:41:59.886+0000] {logging_mixin.py:190} INFO - [2024-11-08T13:41:59.886+0000] {dagbag.py:588} INFO - Filling up the DagBag from /home/airflow/.local/lib/python3.12/site-packages/airflow/example_dags/example_xcom.py
[2024-11-08T13:41:59.892+0000] {processor.py:925} INFO - DAG(s) 'example_xcom' retrieved from /home/airflow/.local/lib/python3.12/site-packages/airflow/example_dags/example_xcom.py
[2024-11-08T13:41:59.906+0000] {logging_mixin.py:190} INFO - [2024-11-08T13:41:59.906+0000] {dag.py:3239} INFO - Sync 1 DAGs
[2024-11-08T13:41:59.922+0000] {logging_mixin.py:190} INFO - [2024-11-08T13:41:59.922+0000] {dag.py:4180} INFO - Setting next_dagrun for example_xcom to 2021-01-01 00:00:00+00:00, run_after=2021-01-01 00:00:00+00:00
[2024-11-08T13:41:59.938+0000] {processor.py:208} INFO - Processing /home/airflow/.local/lib/python3.12/site-packages/airflow/example_dags/example_xcom.py took 0.058 seconds
[2024-11-08T13:42:30.066+0000] {processor.py:186} INFO - Started process (PID=277) to work on /home/airflow/.local/lib/python3.12/site-packages/airflow/example_dags/example_xcom.py
[2024-11-08T13:42:30.067+0000] {processor.py:914} INFO - Processing file /home/airflow/.local/lib/python3.12/site-packages/airflow/example_dags/example_xcom.py for tasks to queue
[2024-11-08T13:42:30.069+0000] {logging_mixin.py:190} INFO - [2024-11-08T13:42:30.068+0000] {dagbag.py:588} INFO - Filling up the DagBag from /home/airflow/.local/lib/python3.12/site-packages/airflow/example_dags/example_xcom.py
[2024-11-08T13:42:30.076+0000] {processor.py:925} INFO - DAG(s) 'example_xcom' retrieved from /home/airflow/.local/lib/python3.12/site-packages/airflow/example_dags/example_xcom.py
[2024-11-08T13:42:30.092+0000] {logging_mixin.py:190} INFO - [2024-11-08T13:42:30.092+0000] {dag.py:3239} INFO - Sync 1 DAGs
[2024-11-08T13:42:30.109+0000] {logging_mixin.py:190} INFO - [2024-11-08T13:42:30.109+0000] {dag.py:4180} INFO - Setting next_dagrun for example_xcom to 2021-01-01 00:00:00+00:00, run_after=2021-01-01 00:00:00+00:00
[2024-11-08T13:42:30.129+0000] {processor.py:208} INFO - Processing /home/airflow/.local/lib/python3.12/site-packages/airflow/example_dags/example_xcom.py took 0.066 seconds
[2024-11-08T13:43:00.230+0000] {processor.py:186} INFO - Started process (PID=339) to work on /home/airflow/.local/lib/python3.12/site-packages/airflow/example_dags/example_xcom.py
[2024-11-08T13:43:00.231+0000] {processor.py:914} INFO - Processing file /home/airflow/.local/lib/python3.12/site-packages/airflow/example_dags/example_xcom.py for tasks to queue
[2024-11-08T13:43:00.232+0000] {logging_mixin.py:190} INFO - [2024-11-08T13:43:00.232+0000] {dagbag.py:588} INFO - Filling up the DagBag from /home/airflow/.local/lib/python3.12/site-packages/airflow/example_dags/example_xcom.py
[2024-11-08T13:43:00.238+0000] {processor.py:925} INFO - DAG(s) 'example_xcom' retrieved from /home/airflow/.local/lib/python3.12/site-packages/airflow/example_dags/example_xcom.py
[2024-11-08T13:43:00.252+0000] {logging_mixin.py:190} INFO - [2024-11-08T13:43:00.252+0000] {dag.py:3239} INFO - Sync 1 DAGs
[2024-11-08T13:43:00.268+0000] {logging_mixin.py:190} INFO - [2024-11-08T13:43:00.267+0000] {dag.py:4180} INFO - Setting next_dagrun for example_xcom to 2021-01-01 00:00:00+00:00, run_after=2021-01-01 00:00:00+00:00
[2024-11-08T13:43:00.285+0000] {processor.py:208} INFO - Processing /home/airflow/.local/lib/python3.12/site-packages/airflow/example_dags/example_xcom.py took 0.058 seconds
[2024-11-08T13:43:30.494+0000] {processor.py:186} INFO - Started process (PID=402) to work on /home/airflow/.local/lib/python3.12/site-packages/airflow/example_dags/example_xcom.py
[2024-11-08T13:43:30.494+0000] {processor.py:914} INFO - Processing file /home/airflow/.local/lib/python3.12/site-packages/airflow/example_dags/example_xcom.py for tasks to queue
[2024-11-08T13:43:30.496+0000] {logging_mixin.py:190} INFO - [2024-11-08T13:43:30.496+0000] {dagbag.py:588} INFO - Filling up the DagBag from /home/airflow/.local/lib/python3.12/site-packages/airflow/example_dags/example_xcom.py
[2024-11-08T13:43:30.502+0000] {processor.py:925} INFO - DAG(s) 'example_xcom' retrieved from /home/airflow/.local/lib/python3.12/site-packages/airflow/example_dags/example_xcom.py
[2024-11-08T13:43:30.517+0000] {logging_mixin.py:190} INFO - [2024-11-08T13:43:30.516+0000] {dag.py:3239} INFO - Sync 1 DAGs
[2024-11-08T13:43:30.533+0000] {logging_mixin.py:190} INFO - [2024-11-08T13:43:30.532+0000] {dag.py:4180} INFO - Setting next_dagrun for example_xcom to 2021-01-01 00:00:00+00:00, run_after=2021-01-01 00:00:00+00:00
[2024-11-08T13:43:30.546+0000] {processor.py:208} INFO - Processing /home/airflow/.local/lib/python3.12/site-packages/airflow/example_dags/example_xcom.py took 0.057 seconds
[2024-11-08T13:44:01.100+0000] {processor.py:186} INFO - Started process (PID=465) to work on /home/airflow/.local/lib/python3.12/site-packages/airflow/example_dags/example_xcom.py
[2024-11-08T13:44:01.101+0000] {processor.py:914} INFO - Processing file /home/airflow/.local/lib/python3.12/site-packages/airflow/example_dags/example_xcom.py for tasks to queue
[2024-11-08T13:44:01.102+0000] {logging_mixin.py:190} INFO - [2024-11-08T13:44:01.102+0000] {dagbag.py:588} INFO - Filling up the DagBag from /home/airflow/.local/lib/python3.12/site-packages/airflow/example_dags/example_xcom.py
[2024-11-08T13:44:01.108+0000] {processor.py:925} INFO - DAG(s) 'example_xcom' retrieved from /home/airflow/.local/lib/python3.12/site-packages/airflow/example_dags/example_xcom.py
[2024-11-08T13:44:01.122+0000] {logging_mixin.py:190} INFO - [2024-11-08T13:44:01.122+0000] {dag.py:3239} INFO - Sync 1 DAGs
[2024-11-08T13:44:01.138+0000] {logging_mixin.py:190} INFO - [2024-11-08T13:44:01.138+0000] {dag.py:4180} INFO - Setting next_dagrun for example_xcom to 2021-01-01 00:00:00+00:00, run_after=2021-01-01 00:00:00+00:00
[2024-11-08T13:44:01.152+0000] {processor.py:208} INFO - Processing /home/airflow/.local/lib/python3.12/site-packages/airflow/example_dags/example_xcom.py took 0.055 seconds
[2024-11-08T13:44:31.616+0000] {processor.py:186} INFO - Started process (PID=528) to work on /home/airflow/.local/lib/python3.12/site-packages/airflow/example_dags/example_xcom.py
[2024-11-08T13:44:31.616+0000] {processor.py:914} INFO - Processing file /home/airflow/.local/lib/python3.12/site-packages/airflow/example_dags/example_xcom.py for tasks to queue
[2024-11-08T13:44:31.618+0000] {logging_mixin.py:190} INFO - [2024-11-08T13:44:31.617+0000] {dagbag.py:588} INFO - Filling up the DagBag from /home/airflow/.local/lib/python3.12/site-packages/airflow/example_dags/example_xcom.py
[2024-11-08T13:44:31.624+0000] {processor.py:925} INFO - DAG(s) 'example_xcom' retrieved from /home/airflow/.local/lib/python3.12/site-packages/airflow/example_dags/example_xcom.py
[2024-11-08T13:44:31.640+0000] {logging_mixin.py:190} INFO - [2024-11-08T13:44:31.640+0000] {dag.py:3239} INFO - Sync 1 DAGs
[2024-11-08T13:44:31.656+0000] {logging_mixin.py:190} INFO - [2024-11-08T13:44:31.656+0000] {dag.py:4180} INFO - Setting next_dagrun for example_xcom to 2021-01-01 00:00:00+00:00, run_after=2021-01-01 00:00:00+00:00
[2024-11-08T13:44:31.670+0000] {processor.py:208} INFO - Processing /home/airflow/.local/lib/python3.12/site-packages/airflow/example_dags/example_xcom.py took 0.058 seconds
[2024-11-08T13:45:02.117+0000] {processor.py:186} INFO - Started process (PID=591) to work on /home/airflow/.local/lib/python3.12/site-packages/airflow/example_dags/example_xcom.py
[2024-11-08T13:45:02.118+0000] {processor.py:914} INFO - Processing file /home/airflow/.local/lib/python3.12/site-packages/airflow/example_dags/example_xcom.py for tasks to queue
[2024-11-08T13:45:02.119+0000] {logging_mixin.py:190} INFO - [2024-11-08T13:45:02.119+0000] {dagbag.py:588} INFO - Filling up the DagBag from /home/airflow/.local/lib/python3.12/site-packages/airflow/example_dags/example_xcom.py
[2024-11-08T13:45:02.126+0000] {processor.py:925} INFO - DAG(s) 'example_xcom' retrieved from /home/airflow/.local/lib/python3.12/site-packages/airflow/example_dags/example_xcom.py
[2024-11-08T13:45:02.140+0000] {logging_mixin.py:190} INFO - [2024-11-08T13:45:02.140+0000] {dag.py:3239} INFO - Sync 1 DAGs
[2024-11-08T13:45:02.157+0000] {logging_mixin.py:190} INFO - [2024-11-08T13:45:02.157+0000] {dag.py:4180} INFO - Setting next_dagrun for example_xcom to 2021-01-01 00:00:00+00:00, run_after=2021-01-01 00:00:00+00:00
[2024-11-08T13:45:02.170+0000] {processor.py:208} INFO - Processing /home/airflow/.local/lib/python3.12/site-packages/airflow/example_dags/example_xcom.py took 0.057 seconds
[2024-11-08T13:45:33.184+0000] {processor.py:186} INFO - Started process (PID=654) to work on /home/airflow/.local/lib/python3.12/site-packages/airflow/example_dags/example_xcom.py
[2024-11-08T13:45:33.185+0000] {processor.py:914} INFO - Processing file /home/airflow/.local/lib/python3.12/site-packages/airflow/example_dags/example_xcom.py for tasks to queue
[2024-11-08T13:45:33.187+0000] {logging_mixin.py:190} INFO - [2024-11-08T13:45:33.186+0000] {dagbag.py:588} INFO - Filling up the DagBag from /home/airflow/.local/lib/python3.12/site-packages/airflow/example_dags/example_xcom.py
[2024-11-08T13:45:33.193+0000] {processor.py:925} INFO - DAG(s) 'example_xcom' retrieved from /home/airflow/.local/lib/python3.12/site-packages/airflow/example_dags/example_xcom.py
[2024-11-08T13:45:33.207+0000] {logging_mixin.py:190} INFO - [2024-11-08T13:45:33.207+0000] {dag.py:3239} INFO - Sync 1 DAGs
[2024-11-08T13:45:33.223+0000] {logging_mixin.py:190} INFO - [2024-11-08T13:45:33.223+0000] {dag.py:4180} INFO - Setting next_dagrun for example_xcom to 2021-01-01 00:00:00+00:00, run_after=2021-01-01 00:00:00+00:00
[2024-11-08T13:45:33.239+0000] {processor.py:208} INFO - Processing /home/airflow/.local/lib/python3.12/site-packages/airflow/example_dags/example_xcom.py took 0.058 seconds
[2024-11-08T13:46:03.821+0000] {processor.py:186} INFO - Started process (PID=718) to work on /home/airflow/.local/lib/python3.12/site-packages/airflow/example_dags/example_xcom.py
[2024-11-08T13:46:03.822+0000] {processor.py:914} INFO - Processing file /home/airflow/.local/lib/python3.12/site-packages/airflow/example_dags/example_xcom.py for tasks to queue
[2024-11-08T13:46:03.823+0000] {logging_mixin.py:190} INFO - [2024-11-08T13:46:03.823+0000] {dagbag.py:588} INFO - Filling up the DagBag from /home/airflow/.local/lib/python3.12/site-packages/airflow/example_dags/example_xcom.py
[2024-11-08T13:46:03.829+0000] {processor.py:925} INFO - DAG(s) 'example_xcom' retrieved from /home/airflow/.local/lib/python3.12/site-packages/airflow/example_dags/example_xcom.py
[2024-11-08T13:46:03.844+0000] {logging_mixin.py:190} INFO - [2024-11-08T13:46:03.844+0000] {dag.py:3239} INFO - Sync 1 DAGs
[2024-11-08T13:46:03.860+0000] {logging_mixin.py:190} INFO - [2024-11-08T13:46:03.860+0000] {dag.py:4180} INFO - Setting next_dagrun for example_xcom to 2021-01-01 00:00:00+00:00, run_after=2021-01-01 00:00:00+00:00
[2024-11-08T13:46:03.878+0000] {processor.py:208} INFO - Processing /home/airflow/.local/lib/python3.12/site-packages/airflow/example_dags/example_xcom.py took 0.061 seconds
[2024-11-08T13:46:34.544+0000] {processor.py:186} INFO - Started process (PID=782) to work on /home/airflow/.local/lib/python3.12/site-packages/airflow/example_dags/example_xcom.py
[2024-11-08T13:46:34.545+0000] {processor.py:914} INFO - Processing file /home/airflow/.local/lib/python3.12/site-packages/airflow/example_dags/example_xcom.py for tasks to queue
[2024-11-08T13:46:34.546+0000] {logging_mixin.py:190} INFO - [2024-11-08T13:46:34.546+0000] {dagbag.py:588} INFO - Filling up the DagBag from /home/airflow/.local/lib/python3.12/site-packages/airflow/example_dags/example_xcom.py
[2024-11-08T13:46:34.553+0000] {processor.py:925} INFO - DAG(s) 'example_xcom' retrieved from /home/airflow/.local/lib/python3.12/site-packages/airflow/example_dags/example_xcom.py
[2024-11-08T13:46:34.568+0000] {logging_mixin.py:190} INFO - [2024-11-08T13:46:34.568+0000] {dag.py:3239} INFO - Sync 1 DAGs
[2024-11-08T13:46:34.585+0000] {logging_mixin.py:190} INFO - [2024-11-08T13:46:34.585+0000] {dag.py:4180} INFO - Setting next_dagrun for example_xcom to 2021-01-01 00:00:00+00:00, run_after=2021-01-01 00:00:00+00:00
[2024-11-08T13:46:34.605+0000] {processor.py:208} INFO - Processing /home/airflow/.local/lib/python3.12/site-packages/airflow/example_dags/example_xcom.py took 0.065 seconds
[2024-11-08T13:47:04.831+0000] {processor.py:186} INFO - Started process (PID=846) to work on /home/airflow/.local/lib/python3.12/site-packages/airflow/example_dags/example_xcom.py
[2024-11-08T13:47:04.832+0000] {processor.py:914} INFO - Processing file /home/airflow/.local/lib/python3.12/site-packages/airflow/example_dags/example_xcom.py for tasks to queue
[2024-11-08T13:47:04.834+0000] {logging_mixin.py:190} INFO - [2024-11-08T13:47:04.833+0000] {dagbag.py:588} INFO - Filling up the DagBag from /home/airflow/.local/lib/python3.12/site-packages/airflow/example_dags/example_xcom.py
[2024-11-08T13:47:04.840+0000] {processor.py:925} INFO - DAG(s) 'example_xcom' retrieved from /home/airflow/.local/lib/python3.12/site-packages/airflow/example_dags/example_xcom.py
[2024-11-08T13:47:04.854+0000] {logging_mixin.py:190} INFO - [2024-11-08T13:47:04.853+0000] {dag.py:3239} INFO - Sync 1 DAGs
[2024-11-08T13:47:04.870+0000] {logging_mixin.py:190} INFO - [2024-11-08T13:47:04.870+0000] {dag.py:4180} INFO - Setting next_dagrun for example_xcom to 2021-01-01 00:00:00+00:00, run_after=2021-01-01 00:00:00+00:00
[2024-11-08T13:47:04.887+0000] {processor.py:208} INFO - Processing /home/airflow/.local/lib/python3.12/site-packages/airflow/example_dags/example_xcom.py took 0.060 seconds
[2024-11-08T13:47:35.784+0000] {processor.py:186} INFO - Started process (PID=910) to work on /home/airflow/.local/lib/python3.12/site-packages/airflow/example_dags/example_xcom.py
[2024-11-08T13:47:35.785+0000] {processor.py:914} INFO - Processing file /home/airflow/.local/lib/python3.12/site-packages/airflow/example_dags/example_xcom.py for tasks to queue
[2024-11-08T13:47:35.786+0000] {logging_mixin.py:190} INFO - [2024-11-08T13:47:35.786+0000] {dagbag.py:588} INFO - Filling up the DagBag from /home/airflow/.local/lib/python3.12/site-packages/airflow/example_dags/example_xcom.py
[2024-11-08T13:47:35.792+0000] {processor.py:925} INFO - DAG(s) 'example_xcom' retrieved from /home/airflow/.local/lib/python3.12/site-packages/airflow/example_dags/example_xcom.py
[2024-11-08T13:47:35.806+0000] {logging_mixin.py:190} INFO - [2024-11-08T13:47:35.806+0000] {dag.py:3239} INFO - Sync 1 DAGs
[2024-11-08T13:47:35.821+0000] {logging_mixin.py:190} INFO - [2024-11-08T13:47:35.821+0000] {dag.py:4180} INFO - Setting next_dagrun for example_xcom to 2021-01-01 00:00:00+00:00, run_after=2021-01-01 00:00:00+00:00
[2024-11-08T13:47:35.835+0000] {processor.py:208} INFO - Processing /home/airflow/.local/lib/python3.12/site-packages/airflow/example_dags/example_xcom.py took 0.055 seconds
[2024-11-08T13:48:06.097+0000] {processor.py:186} INFO - Started process (PID=974) to work on /home/airflow/.local/lib/python3.12/site-packages/airflow/example_dags/example_xcom.py
[2024-11-08T13:48:06.098+0000] {processor.py:914} INFO - Processing file /home/airflow/.local/lib/python3.12/site-packages/airflow/example_dags/example_xcom.py for tasks to queue
[2024-11-08T13:48:06.100+0000] {logging_mixin.py:190} INFO - [2024-11-08T13:48:06.099+0000] {dagbag.py:588} INFO - Filling up the DagBag from /home/airflow/.local/lib/python3.12/site-packages/airflow/example_dags/example_xcom.py
[2024-11-08T13:48:06.106+0000] {processor.py:925} INFO - DAG(s) 'example_xcom' retrieved from /home/airflow/.local/lib/python3.12/site-packages/airflow/example_dags/example_xcom.py
[2024-11-08T13:48:06.121+0000] {logging_mixin.py:190} INFO - [2024-11-08T13:48:06.120+0000] {dag.py:3239} INFO - Sync 1 DAGs
[2024-11-08T13:48:06.137+0000] {logging_mixin.py:190} INFO - [2024-11-08T13:48:06.137+0000] {dag.py:4180} INFO - Setting next_dagrun for example_xcom to 2021-01-01 00:00:00+00:00, run_after=2021-01-01 00:00:00+00:00
[2024-11-08T13:48:06.157+0000] {processor.py:208} INFO - Processing /home/airflow/.local/lib/python3.12/site-packages/airflow/example_dags/example_xcom.py took 0.063 seconds
[2024-11-08T13:48:37.067+0000] {processor.py:186} INFO - Started process (PID=1038) to work on /home/airflow/.local/lib/python3.12/site-packages/airflow/example_dags/example_xcom.py
[2024-11-08T13:48:37.068+0000] {processor.py:914} INFO - Processing file /home/airflow/.local/lib/python3.12/site-packages/airflow/example_dags/example_xcom.py for tasks to queue
[2024-11-08T13:48:37.069+0000] {logging_mixin.py:190} INFO - [2024-11-08T13:48:37.069+0000] {dagbag.py:588} INFO - Filling up the DagBag from /home/airflow/.local/lib/python3.12/site-packages/airflow/example_dags/example_xcom.py
[2024-11-08T13:48:37.075+0000] {processor.py:925} INFO - DAG(s) 'example_xcom' retrieved from /home/airflow/.local/lib/python3.12/site-packages/airflow/example_dags/example_xcom.py
[2024-11-08T13:48:37.089+0000] {logging_mixin.py:190} INFO - [2024-11-08T13:48:37.089+0000] {dag.py:3239} INFO - Sync 1 DAGs
[2024-11-08T13:48:37.105+0000] {logging_mixin.py:190} INFO - [2024-11-08T13:48:37.105+0000] {dag.py:4180} INFO - Setting next_dagrun for example_xcom to 2021-01-01 00:00:00+00:00, run_after=2021-01-01 00:00:00+00:00
[2024-11-08T13:48:37.119+0000] {processor.py:208} INFO - Processing /home/airflow/.local/lib/python3.12/site-packages/airflow/example_dags/example_xcom.py took 0.055 seconds
