[2024-11-08T13:41:03.679+0000] {processor.py:186} INFO - Started process (PID=118) to work on /home/airflow/.local/lib/python3.12/site-packages/airflow/example_dags/example_nested_branch_dag.py
[2024-11-08T13:41:03.680+0000] {processor.py:914} INFO - Processing file /home/airflow/.local/lib/python3.12/site-packages/airflow/example_dags/example_nested_branch_dag.py for tasks to queue
[2024-11-08T13:41:03.682+0000] {logging_mixin.py:190} INFO - [2024-11-08T13:41:03.681+0000] {dagbag.py:588} INFO - Filling up the DagBag from /home/airflow/.local/lib/python3.12/site-packages/airflow/example_dags/example_nested_branch_dag.py
[2024-11-08T13:41:03.692+0000] {processor.py:925} INFO - DAG(s) 'example_nested_branch_dag' retrieved from /home/airflow/.local/lib/python3.12/site-packages/airflow/example_dags/example_nested_branch_dag.py
[2024-11-08T13:41:03.775+0000] {logging_mixin.py:190} INFO - [2024-11-08T13:41:03.774+0000] {override.py:1911} INFO - Created Permission View: can read on DAG:example_nested_branch_dag
[2024-11-08T13:41:03.789+0000] {logging_mixin.py:190} INFO - [2024-11-08T13:41:03.789+0000] {override.py:1911} INFO - Created Permission View: can edit on DAG:example_nested_branch_dag
[2024-11-08T13:41:03.800+0000] {logging_mixin.py:190} INFO - [2024-11-08T13:41:03.799+0000] {override.py:1911} INFO - Created Permission View: can delete on DAG:example_nested_branch_dag
[2024-11-08T13:41:03.809+0000] {logging_mixin.py:190} INFO - [2024-11-08T13:41:03.809+0000] {override.py:1911} INFO - Created Permission View: can read on DAG Run:example_nested_branch_dag
[2024-11-08T13:41:03.820+0000] {logging_mixin.py:190} INFO - [2024-11-08T13:41:03.819+0000] {override.py:1911} INFO - Created Permission View: can create on DAG Run:example_nested_branch_dag
[2024-11-08T13:41:03.830+0000] {logging_mixin.py:190} INFO - [2024-11-08T13:41:03.829+0000] {override.py:1911} INFO - Created Permission View: can delete on DAG Run:example_nested_branch_dag
[2024-11-08T13:41:03.840+0000] {logging_mixin.py:190} INFO - [2024-11-08T13:41:03.839+0000] {override.py:1911} INFO - Created Permission View: menu access on DAG Run:example_nested_branch_dag
[2024-11-08T13:41:03.840+0000] {logging_mixin.py:190} INFO - [2024-11-08T13:41:03.840+0000] {dag.py:3239} INFO - Sync 1 DAGs
[2024-11-08T13:41:03.852+0000] {logging_mixin.py:190} INFO - [2024-11-08T13:41:03.851+0000] {dag.py:3262} INFO - Creating ORM DAG for example_nested_branch_dag
[2024-11-08T13:41:03.862+0000] {logging_mixin.py:190} INFO - [2024-11-08T13:41:03.862+0000] {dag.py:4180} INFO - Setting next_dagrun for example_nested_branch_dag to 2024-11-07 00:00:00+00:00, run_after=2024-11-08 00:00:00+00:00
[2024-11-08T13:41:03.881+0000] {processor.py:208} INFO - Processing /home/airflow/.local/lib/python3.12/site-packages/airflow/example_dags/example_nested_branch_dag.py took 0.206 seconds
[2024-11-08T13:41:34.372+0000] {processor.py:186} INFO - Started process (PID=181) to work on /home/airflow/.local/lib/python3.12/site-packages/airflow/example_dags/example_nested_branch_dag.py
[2024-11-08T13:41:34.372+0000] {processor.py:914} INFO - Processing file /home/airflow/.local/lib/python3.12/site-packages/airflow/example_dags/example_nested_branch_dag.py for tasks to queue
[2024-11-08T13:41:34.374+0000] {logging_mixin.py:190} INFO - [2024-11-08T13:41:34.373+0000] {dagbag.py:588} INFO - Filling up the DagBag from /home/airflow/.local/lib/python3.12/site-packages/airflow/example_dags/example_nested_branch_dag.py
[2024-11-08T13:41:34.381+0000] {processor.py:925} INFO - DAG(s) 'example_nested_branch_dag' retrieved from /home/airflow/.local/lib/python3.12/site-packages/airflow/example_dags/example_nested_branch_dag.py
[2024-11-08T13:41:34.397+0000] {logging_mixin.py:190} INFO - [2024-11-08T13:41:34.397+0000] {dag.py:3239} INFO - Sync 1 DAGs
[2024-11-08T13:41:34.415+0000] {logging_mixin.py:190} INFO - [2024-11-08T13:41:34.415+0000] {dag.py:4180} INFO - Setting next_dagrun for example_nested_branch_dag to 2024-11-07 00:00:00+00:00, run_after=2024-11-08 00:00:00+00:00
[2024-11-08T13:41:34.437+0000] {processor.py:208} INFO - Processing /home/airflow/.local/lib/python3.12/site-packages/airflow/example_dags/example_nested_branch_dag.py took 0.069 seconds
[2024-11-08T13:42:04.665+0000] {processor.py:186} INFO - Started process (PID=243) to work on /home/airflow/.local/lib/python3.12/site-packages/airflow/example_dags/example_nested_branch_dag.py
[2024-11-08T13:42:04.666+0000] {processor.py:914} INFO - Processing file /home/airflow/.local/lib/python3.12/site-packages/airflow/example_dags/example_nested_branch_dag.py for tasks to queue
[2024-11-08T13:42:04.667+0000] {logging_mixin.py:190} INFO - [2024-11-08T13:42:04.667+0000] {dagbag.py:588} INFO - Filling up the DagBag from /home/airflow/.local/lib/python3.12/site-packages/airflow/example_dags/example_nested_branch_dag.py
[2024-11-08T13:42:04.674+0000] {processor.py:925} INFO - DAG(s) 'example_nested_branch_dag' retrieved from /home/airflow/.local/lib/python3.12/site-packages/airflow/example_dags/example_nested_branch_dag.py
[2024-11-08T13:42:04.689+0000] {logging_mixin.py:190} INFO - [2024-11-08T13:42:04.689+0000] {dag.py:3239} INFO - Sync 1 DAGs
[2024-11-08T13:42:04.707+0000] {logging_mixin.py:190} INFO - [2024-11-08T13:42:04.707+0000] {dag.py:4180} INFO - Setting next_dagrun for example_nested_branch_dag to 2024-11-07 00:00:00+00:00, run_after=2024-11-08 00:00:00+00:00
[2024-11-08T13:42:04.724+0000] {processor.py:208} INFO - Processing /home/airflow/.local/lib/python3.12/site-packages/airflow/example_dags/example_nested_branch_dag.py took 0.063 seconds
[2024-11-08T13:42:35.989+0000] {processor.py:186} INFO - Started process (PID=306) to work on /home/airflow/.local/lib/python3.12/site-packages/airflow/example_dags/example_nested_branch_dag.py
[2024-11-08T13:42:35.990+0000] {processor.py:914} INFO - Processing file /home/airflow/.local/lib/python3.12/site-packages/airflow/example_dags/example_nested_branch_dag.py for tasks to queue
[2024-11-08T13:42:35.992+0000] {logging_mixin.py:190} INFO - [2024-11-08T13:42:35.991+0000] {dagbag.py:588} INFO - Filling up the DagBag from /home/airflow/.local/lib/python3.12/site-packages/airflow/example_dags/example_nested_branch_dag.py
[2024-11-08T13:42:35.999+0000] {processor.py:925} INFO - DAG(s) 'example_nested_branch_dag' retrieved from /home/airflow/.local/lib/python3.12/site-packages/airflow/example_dags/example_nested_branch_dag.py
[2024-11-08T13:42:36.014+0000] {logging_mixin.py:190} INFO - [2024-11-08T13:42:36.014+0000] {dag.py:3239} INFO - Sync 1 DAGs
[2024-11-08T13:42:36.031+0000] {logging_mixin.py:190} INFO - [2024-11-08T13:42:36.031+0000] {dag.py:4180} INFO - Setting next_dagrun for example_nested_branch_dag to 2024-11-07 00:00:00+00:00, run_after=2024-11-08 00:00:00+00:00
[2024-11-08T13:42:36.049+0000] {processor.py:208} INFO - Processing /home/airflow/.local/lib/python3.12/site-packages/airflow/example_dags/example_nested_branch_dag.py took 0.063 seconds
[2024-11-08T13:43:07.219+0000] {processor.py:186} INFO - Started process (PID=370) to work on /home/airflow/.local/lib/python3.12/site-packages/airflow/example_dags/example_nested_branch_dag.py
[2024-11-08T13:43:07.219+0000] {processor.py:914} INFO - Processing file /home/airflow/.local/lib/python3.12/site-packages/airflow/example_dags/example_nested_branch_dag.py for tasks to queue
[2024-11-08T13:43:07.221+0000] {logging_mixin.py:190} INFO - [2024-11-08T13:43:07.221+0000] {dagbag.py:588} INFO - Filling up the DagBag from /home/airflow/.local/lib/python3.12/site-packages/airflow/example_dags/example_nested_branch_dag.py
[2024-11-08T13:43:07.228+0000] {processor.py:925} INFO - DAG(s) 'example_nested_branch_dag' retrieved from /home/airflow/.local/lib/python3.12/site-packages/airflow/example_dags/example_nested_branch_dag.py
[2024-11-08T13:43:07.244+0000] {logging_mixin.py:190} INFO - [2024-11-08T13:43:07.243+0000] {dag.py:3239} INFO - Sync 1 DAGs
[2024-11-08T13:43:07.261+0000] {logging_mixin.py:190} INFO - [2024-11-08T13:43:07.260+0000] {dag.py:4180} INFO - Setting next_dagrun for example_nested_branch_dag to 2024-11-07 00:00:00+00:00, run_after=2024-11-08 00:00:00+00:00
[2024-11-08T13:43:07.279+0000] {processor.py:208} INFO - Processing /home/airflow/.local/lib/python3.12/site-packages/airflow/example_dags/example_nested_branch_dag.py took 0.064 seconds
[2024-11-08T13:43:37.830+0000] {processor.py:186} INFO - Started process (PID=433) to work on /home/airflow/.local/lib/python3.12/site-packages/airflow/example_dags/example_nested_branch_dag.py
[2024-11-08T13:43:37.831+0000] {processor.py:914} INFO - Processing file /home/airflow/.local/lib/python3.12/site-packages/airflow/example_dags/example_nested_branch_dag.py for tasks to queue
[2024-11-08T13:43:37.833+0000] {logging_mixin.py:190} INFO - [2024-11-08T13:43:37.832+0000] {dagbag.py:588} INFO - Filling up the DagBag from /home/airflow/.local/lib/python3.12/site-packages/airflow/example_dags/example_nested_branch_dag.py
[2024-11-08T13:43:37.841+0000] {processor.py:925} INFO - DAG(s) 'example_nested_branch_dag' retrieved from /home/airflow/.local/lib/python3.12/site-packages/airflow/example_dags/example_nested_branch_dag.py
[2024-11-08T13:43:37.857+0000] {logging_mixin.py:190} INFO - [2024-11-08T13:43:37.857+0000] {dag.py:3239} INFO - Sync 1 DAGs
[2024-11-08T13:43:37.879+0000] {logging_mixin.py:190} INFO - [2024-11-08T13:43:37.879+0000] {dag.py:4180} INFO - Setting next_dagrun for example_nested_branch_dag to 2024-11-07 00:00:00+00:00, run_after=2024-11-08 00:00:00+00:00
[2024-11-08T13:43:37.899+0000] {processor.py:208} INFO - Processing /home/airflow/.local/lib/python3.12/site-packages/airflow/example_dags/example_nested_branch_dag.py took 0.073 seconds
[2024-11-08T13:44:08.451+0000] {processor.py:186} INFO - Started process (PID=496) to work on /home/airflow/.local/lib/python3.12/site-packages/airflow/example_dags/example_nested_branch_dag.py
[2024-11-08T13:44:08.452+0000] {processor.py:914} INFO - Processing file /home/airflow/.local/lib/python3.12/site-packages/airflow/example_dags/example_nested_branch_dag.py for tasks to queue
[2024-11-08T13:44:08.453+0000] {logging_mixin.py:190} INFO - [2024-11-08T13:44:08.453+0000] {dagbag.py:588} INFO - Filling up the DagBag from /home/airflow/.local/lib/python3.12/site-packages/airflow/example_dags/example_nested_branch_dag.py
[2024-11-08T13:44:08.460+0000] {processor.py:925} INFO - DAG(s) 'example_nested_branch_dag' retrieved from /home/airflow/.local/lib/python3.12/site-packages/airflow/example_dags/example_nested_branch_dag.py
[2024-11-08T13:44:08.475+0000] {logging_mixin.py:190} INFO - [2024-11-08T13:44:08.475+0000] {dag.py:3239} INFO - Sync 1 DAGs
[2024-11-08T13:44:08.492+0000] {logging_mixin.py:190} INFO - [2024-11-08T13:44:08.492+0000] {dag.py:4180} INFO - Setting next_dagrun for example_nested_branch_dag to 2024-11-07 00:00:00+00:00, run_after=2024-11-08 00:00:00+00:00
[2024-11-08T13:44:08.507+0000] {processor.py:208} INFO - Processing /home/airflow/.local/lib/python3.12/site-packages/airflow/example_dags/example_nested_branch_dag.py took 0.059 seconds
[2024-11-08T13:44:39.944+0000] {processor.py:186} INFO - Started process (PID=558) to work on /home/airflow/.local/lib/python3.12/site-packages/airflow/example_dags/example_nested_branch_dag.py
[2024-11-08T13:44:39.945+0000] {processor.py:914} INFO - Processing file /home/airflow/.local/lib/python3.12/site-packages/airflow/example_dags/example_nested_branch_dag.py for tasks to queue
[2024-11-08T13:44:39.946+0000] {logging_mixin.py:190} INFO - [2024-11-08T13:44:39.946+0000] {dagbag.py:588} INFO - Filling up the DagBag from /home/airflow/.local/lib/python3.12/site-packages/airflow/example_dags/example_nested_branch_dag.py
[2024-11-08T13:44:39.955+0000] {processor.py:925} INFO - DAG(s) 'example_nested_branch_dag' retrieved from /home/airflow/.local/lib/python3.12/site-packages/airflow/example_dags/example_nested_branch_dag.py
[2024-11-08T13:44:39.971+0000] {logging_mixin.py:190} INFO - [2024-11-08T13:44:39.971+0000] {dag.py:3239} INFO - Sync 1 DAGs
[2024-11-08T13:44:39.990+0000] {logging_mixin.py:190} INFO - [2024-11-08T13:44:39.990+0000] {dag.py:4180} INFO - Setting next_dagrun for example_nested_branch_dag to 2024-11-07 00:00:00+00:00, run_after=2024-11-08 00:00:00+00:00
[2024-11-08T13:44:40.007+0000] {processor.py:208} INFO - Processing /home/airflow/.local/lib/python3.12/site-packages/airflow/example_dags/example_nested_branch_dag.py took 0.067 seconds
[2024-11-08T13:45:11.373+0000] {processor.py:186} INFO - Started process (PID=621) to work on /home/airflow/.local/lib/python3.12/site-packages/airflow/example_dags/example_nested_branch_dag.py
[2024-11-08T13:45:11.373+0000] {processor.py:914} INFO - Processing file /home/airflow/.local/lib/python3.12/site-packages/airflow/example_dags/example_nested_branch_dag.py for tasks to queue
[2024-11-08T13:45:11.375+0000] {logging_mixin.py:190} INFO - [2024-11-08T13:45:11.375+0000] {dagbag.py:588} INFO - Filling up the DagBag from /home/airflow/.local/lib/python3.12/site-packages/airflow/example_dags/example_nested_branch_dag.py
[2024-11-08T13:45:11.382+0000] {processor.py:925} INFO - DAG(s) 'example_nested_branch_dag' retrieved from /home/airflow/.local/lib/python3.12/site-packages/airflow/example_dags/example_nested_branch_dag.py
[2024-11-08T13:45:11.396+0000] {logging_mixin.py:190} INFO - [2024-11-08T13:45:11.396+0000] {dag.py:3239} INFO - Sync 1 DAGs
[2024-11-08T13:45:11.414+0000] {logging_mixin.py:190} INFO - [2024-11-08T13:45:11.414+0000] {dag.py:4180} INFO - Setting next_dagrun for example_nested_branch_dag to 2024-11-07 00:00:00+00:00, run_after=2024-11-08 00:00:00+00:00
[2024-11-08T13:45:11.432+0000] {processor.py:208} INFO - Processing /home/airflow/.local/lib/python3.12/site-packages/airflow/example_dags/example_nested_branch_dag.py took 0.063 seconds
[2024-11-08T13:45:42.602+0000] {processor.py:186} INFO - Started process (PID=685) to work on /home/airflow/.local/lib/python3.12/site-packages/airflow/example_dags/example_nested_branch_dag.py
[2024-11-08T13:45:42.603+0000] {processor.py:914} INFO - Processing file /home/airflow/.local/lib/python3.12/site-packages/airflow/example_dags/example_nested_branch_dag.py for tasks to queue
[2024-11-08T13:45:42.604+0000] {logging_mixin.py:190} INFO - [2024-11-08T13:45:42.604+0000] {dagbag.py:588} INFO - Filling up the DagBag from /home/airflow/.local/lib/python3.12/site-packages/airflow/example_dags/example_nested_branch_dag.py
[2024-11-08T13:45:42.611+0000] {processor.py:925} INFO - DAG(s) 'example_nested_branch_dag' retrieved from /home/airflow/.local/lib/python3.12/site-packages/airflow/example_dags/example_nested_branch_dag.py
[2024-11-08T13:45:42.627+0000] {logging_mixin.py:190} INFO - [2024-11-08T13:45:42.626+0000] {dag.py:3239} INFO - Sync 1 DAGs
[2024-11-08T13:45:42.643+0000] {logging_mixin.py:190} INFO - [2024-11-08T13:45:42.643+0000] {dag.py:4180} INFO - Setting next_dagrun for example_nested_branch_dag to 2024-11-07 00:00:00+00:00, run_after=2024-11-08 00:00:00+00:00
[2024-11-08T13:45:42.658+0000] {processor.py:208} INFO - Processing /home/airflow/.local/lib/python3.12/site-packages/airflow/example_dags/example_nested_branch_dag.py took 0.060 seconds
[2024-11-08T13:46:13.251+0000] {processor.py:186} INFO - Started process (PID=749) to work on /home/airflow/.local/lib/python3.12/site-packages/airflow/example_dags/example_nested_branch_dag.py
[2024-11-08T13:46:13.252+0000] {processor.py:914} INFO - Processing file /home/airflow/.local/lib/python3.12/site-packages/airflow/example_dags/example_nested_branch_dag.py for tasks to queue
[2024-11-08T13:46:13.254+0000] {logging_mixin.py:190} INFO - [2024-11-08T13:46:13.253+0000] {dagbag.py:588} INFO - Filling up the DagBag from /home/airflow/.local/lib/python3.12/site-packages/airflow/example_dags/example_nested_branch_dag.py
[2024-11-08T13:46:13.262+0000] {processor.py:925} INFO - DAG(s) 'example_nested_branch_dag' retrieved from /home/airflow/.local/lib/python3.12/site-packages/airflow/example_dags/example_nested_branch_dag.py
[2024-11-08T13:46:13.279+0000] {logging_mixin.py:190} INFO - [2024-11-08T13:46:13.279+0000] {dag.py:3239} INFO - Sync 1 DAGs
[2024-11-08T13:46:13.300+0000] {logging_mixin.py:190} INFO - [2024-11-08T13:46:13.300+0000] {dag.py:4180} INFO - Setting next_dagrun for example_nested_branch_dag to 2024-11-07 00:00:00+00:00, run_after=2024-11-08 00:00:00+00:00
[2024-11-08T13:46:13.318+0000] {processor.py:208} INFO - Processing /home/airflow/.local/lib/python3.12/site-packages/airflow/example_dags/example_nested_branch_dag.py took 0.071 seconds
[2024-11-08T13:46:43.748+0000] {processor.py:186} INFO - Started process (PID=812) to work on /home/airflow/.local/lib/python3.12/site-packages/airflow/example_dags/example_nested_branch_dag.py
[2024-11-08T13:46:43.749+0000] {processor.py:914} INFO - Processing file /home/airflow/.local/lib/python3.12/site-packages/airflow/example_dags/example_nested_branch_dag.py for tasks to queue
[2024-11-08T13:46:43.750+0000] {logging_mixin.py:190} INFO - [2024-11-08T13:46:43.750+0000] {dagbag.py:588} INFO - Filling up the DagBag from /home/airflow/.local/lib/python3.12/site-packages/airflow/example_dags/example_nested_branch_dag.py
[2024-11-08T13:46:43.758+0000] {processor.py:925} INFO - DAG(s) 'example_nested_branch_dag' retrieved from /home/airflow/.local/lib/python3.12/site-packages/airflow/example_dags/example_nested_branch_dag.py
[2024-11-08T13:46:43.772+0000] {logging_mixin.py:190} INFO - [2024-11-08T13:46:43.772+0000] {dag.py:3239} INFO - Sync 1 DAGs
[2024-11-08T13:46:43.790+0000] {logging_mixin.py:190} INFO - [2024-11-08T13:46:43.790+0000] {dag.py:4180} INFO - Setting next_dagrun for example_nested_branch_dag to 2024-11-07 00:00:00+00:00, run_after=2024-11-08 00:00:00+00:00
[2024-11-08T13:46:43.804+0000] {processor.py:208} INFO - Processing /home/airflow/.local/lib/python3.12/site-packages/airflow/example_dags/example_nested_branch_dag.py took 0.059 seconds
[2024-11-08T13:47:15.108+0000] {processor.py:186} INFO - Started process (PID=876) to work on /home/airflow/.local/lib/python3.12/site-packages/airflow/example_dags/example_nested_branch_dag.py
[2024-11-08T13:47:15.108+0000] {processor.py:914} INFO - Processing file /home/airflow/.local/lib/python3.12/site-packages/airflow/example_dags/example_nested_branch_dag.py for tasks to queue
[2024-11-08T13:47:15.110+0000] {logging_mixin.py:190} INFO - [2024-11-08T13:47:15.110+0000] {dagbag.py:588} INFO - Filling up the DagBag from /home/airflow/.local/lib/python3.12/site-packages/airflow/example_dags/example_nested_branch_dag.py
[2024-11-08T13:47:15.117+0000] {processor.py:925} INFO - DAG(s) 'example_nested_branch_dag' retrieved from /home/airflow/.local/lib/python3.12/site-packages/airflow/example_dags/example_nested_branch_dag.py
[2024-11-08T13:47:15.132+0000] {logging_mixin.py:190} INFO - [2024-11-08T13:47:15.132+0000] {dag.py:3239} INFO - Sync 1 DAGs
[2024-11-08T13:47:15.149+0000] {logging_mixin.py:190} INFO - [2024-11-08T13:47:15.149+0000] {dag.py:4180} INFO - Setting next_dagrun for example_nested_branch_dag to 2024-11-07 00:00:00+00:00, run_after=2024-11-08 00:00:00+00:00
[2024-11-08T13:47:15.167+0000] {processor.py:208} INFO - Processing /home/airflow/.local/lib/python3.12/site-packages/airflow/example_dags/example_nested_branch_dag.py took 0.063 seconds
[2024-11-08T13:47:45.989+0000] {processor.py:186} INFO - Started process (PID=940) to work on /home/airflow/.local/lib/python3.12/site-packages/airflow/example_dags/example_nested_branch_dag.py
[2024-11-08T13:47:45.989+0000] {processor.py:914} INFO - Processing file /home/airflow/.local/lib/python3.12/site-packages/airflow/example_dags/example_nested_branch_dag.py for tasks to queue
[2024-11-08T13:47:45.991+0000] {logging_mixin.py:190} INFO - [2024-11-08T13:47:45.991+0000] {dagbag.py:588} INFO - Filling up the DagBag from /home/airflow/.local/lib/python3.12/site-packages/airflow/example_dags/example_nested_branch_dag.py
[2024-11-08T13:47:45.998+0000] {processor.py:925} INFO - DAG(s) 'example_nested_branch_dag' retrieved from /home/airflow/.local/lib/python3.12/site-packages/airflow/example_dags/example_nested_branch_dag.py
[2024-11-08T13:47:46.013+0000] {logging_mixin.py:190} INFO - [2024-11-08T13:47:46.013+0000] {dag.py:3239} INFO - Sync 1 DAGs
[2024-11-08T13:47:46.030+0000] {logging_mixin.py:190} INFO - [2024-11-08T13:47:46.030+0000] {dag.py:4180} INFO - Setting next_dagrun for example_nested_branch_dag to 2024-11-07 00:00:00+00:00, run_after=2024-11-08 00:00:00+00:00
[2024-11-08T13:47:46.049+0000] {processor.py:208} INFO - Processing /home/airflow/.local/lib/python3.12/site-packages/airflow/example_dags/example_nested_branch_dag.py took 0.064 seconds
[2024-11-08T13:48:17.322+0000] {processor.py:186} INFO - Started process (PID=1004) to work on /home/airflow/.local/lib/python3.12/site-packages/airflow/example_dags/example_nested_branch_dag.py
[2024-11-08T13:48:17.323+0000] {processor.py:914} INFO - Processing file /home/airflow/.local/lib/python3.12/site-packages/airflow/example_dags/example_nested_branch_dag.py for tasks to queue
[2024-11-08T13:48:17.324+0000] {logging_mixin.py:190} INFO - [2024-11-08T13:48:17.324+0000] {dagbag.py:588} INFO - Filling up the DagBag from /home/airflow/.local/lib/python3.12/site-packages/airflow/example_dags/example_nested_branch_dag.py
[2024-11-08T13:48:17.331+0000] {processor.py:925} INFO - DAG(s) 'example_nested_branch_dag' retrieved from /home/airflow/.local/lib/python3.12/site-packages/airflow/example_dags/example_nested_branch_dag.py
[2024-11-08T13:48:17.348+0000] {logging_mixin.py:190} INFO - [2024-11-08T13:48:17.348+0000] {dag.py:3239} INFO - Sync 1 DAGs
[2024-11-08T13:48:17.365+0000] {logging_mixin.py:190} INFO - [2024-11-08T13:48:17.365+0000] {dag.py:4180} INFO - Setting next_dagrun for example_nested_branch_dag to 2024-11-07 00:00:00+00:00, run_after=2024-11-08 00:00:00+00:00
[2024-11-08T13:48:17.380+0000] {processor.py:208} INFO - Processing /home/airflow/.local/lib/python3.12/site-packages/airflow/example_dags/example_nested_branch_dag.py took 0.062 seconds
