[2024-11-08T13:40:59.065+0000] {processor.py:186} INFO - Started process (PID=87) to work on /home/airflow/.local/lib/python3.12/site-packages/airflow/example_dags/example_branch_operator.py
[2024-11-08T13:40:59.065+0000] {processor.py:914} INFO - Processing file /home/airflow/.local/lib/python3.12/site-packages/airflow/example_dags/example_branch_operator.py for tasks to queue
[2024-11-08T13:40:59.067+0000] {logging_mixin.py:190} INFO - [2024-11-08T13:40:59.067+0000] {dagbag.py:588} INFO - Filling up the DagBag from /home/airflow/.local/lib/python3.12/site-packages/airflow/example_dags/example_branch_operator.py
[2024-11-08T13:40:59.081+0000] {processor.py:925} INFO - DAG(s) 'example_branch_operator' retrieved from /home/airflow/.local/lib/python3.12/site-packages/airflow/example_dags/example_branch_operator.py
[2024-11-08T13:40:59.164+0000] {logging_mixin.py:190} INFO - [2024-11-08T13:40:59.164+0000] {override.py:1911} INFO - Created Permission View: can read on DAG:example_branch_operator
[2024-11-08T13:40:59.175+0000] {logging_mixin.py:190} INFO - [2024-11-08T13:40:59.174+0000] {override.py:1911} INFO - Created Permission View: can edit on DAG:example_branch_operator
[2024-11-08T13:40:59.184+0000] {logging_mixin.py:190} INFO - [2024-11-08T13:40:59.184+0000] {override.py:1911} INFO - Created Permission View: can delete on DAG:example_branch_operator
[2024-11-08T13:40:59.194+0000] {logging_mixin.py:190} INFO - [2024-11-08T13:40:59.194+0000] {override.py:1911} INFO - Created Permission View: can read on DAG Run:example_branch_operator
[2024-11-08T13:40:59.201+0000] {logging_mixin.py:190} INFO - [2024-11-08T13:40:59.201+0000] {override.py:1911} INFO - Created Permission View: can create on DAG Run:example_branch_operator
[2024-11-08T13:40:59.212+0000] {logging_mixin.py:190} INFO - [2024-11-08T13:40:59.212+0000] {override.py:1911} INFO - Created Permission View: can delete on DAG Run:example_branch_operator
[2024-11-08T13:40:59.221+0000] {logging_mixin.py:190} INFO - [2024-11-08T13:40:59.221+0000] {override.py:1911} INFO - Created Permission View: menu access on DAG Run:example_branch_operator
[2024-11-08T13:40:59.222+0000] {logging_mixin.py:190} INFO - [2024-11-08T13:40:59.222+0000] {dag.py:3239} INFO - Sync 1 DAGs
[2024-11-08T13:40:59.232+0000] {logging_mixin.py:190} INFO - [2024-11-08T13:40:59.232+0000] {dag.py:3262} INFO - Creating ORM DAG for example_branch_operator
[2024-11-08T13:40:59.240+0000] {logging_mixin.py:190} INFO - [2024-11-08T13:40:59.240+0000] {dag.py:4180} INFO - Setting next_dagrun for example_branch_operator to 2024-11-07 00:00:00+00:00, run_after=2024-11-08 00:00:00+00:00
[2024-11-08T13:40:59.254+0000] {processor.py:208} INFO - Processing /home/airflow/.local/lib/python3.12/site-packages/airflow/example_dags/example_branch_operator.py took 0.193 seconds
[2024-11-08T13:41:29.404+0000] {processor.py:186} INFO - Started process (PID=150) to work on /home/airflow/.local/lib/python3.12/site-packages/airflow/example_dags/example_branch_operator.py
[2024-11-08T13:41:29.405+0000] {processor.py:914} INFO - Processing file /home/airflow/.local/lib/python3.12/site-packages/airflow/example_dags/example_branch_operator.py for tasks to queue
[2024-11-08T13:41:29.406+0000] {logging_mixin.py:190} INFO - [2024-11-08T13:41:29.406+0000] {dagbag.py:588} INFO - Filling up the DagBag from /home/airflow/.local/lib/python3.12/site-packages/airflow/example_dags/example_branch_operator.py
[2024-11-08T13:41:29.418+0000] {processor.py:925} INFO - DAG(s) 'example_branch_operator' retrieved from /home/airflow/.local/lib/python3.12/site-packages/airflow/example_dags/example_branch_operator.py
[2024-11-08T13:41:29.439+0000] {logging_mixin.py:190} INFO - [2024-11-08T13:41:29.439+0000] {dag.py:3239} INFO - Sync 1 DAGs
[2024-11-08T13:41:29.458+0000] {logging_mixin.py:190} INFO - [2024-11-08T13:41:29.458+0000] {dag.py:4180} INFO - Setting next_dagrun for example_branch_operator to 2024-11-07 00:00:00+00:00, run_after=2024-11-08 00:00:00+00:00
[2024-11-08T13:41:29.474+0000] {processor.py:208} INFO - Processing /home/airflow/.local/lib/python3.12/site-packages/airflow/example_dags/example_branch_operator.py took 0.073 seconds
[2024-11-08T13:41:59.717+0000] {processor.py:186} INFO - Started process (PID=212) to work on /home/airflow/.local/lib/python3.12/site-packages/airflow/example_dags/example_branch_operator.py
[2024-11-08T13:41:59.717+0000] {processor.py:914} INFO - Processing file /home/airflow/.local/lib/python3.12/site-packages/airflow/example_dags/example_branch_operator.py for tasks to queue
[2024-11-08T13:41:59.719+0000] {logging_mixin.py:190} INFO - [2024-11-08T13:41:59.718+0000] {dagbag.py:588} INFO - Filling up the DagBag from /home/airflow/.local/lib/python3.12/site-packages/airflow/example_dags/example_branch_operator.py
[2024-11-08T13:41:59.730+0000] {processor.py:925} INFO - DAG(s) 'example_branch_operator' retrieved from /home/airflow/.local/lib/python3.12/site-packages/airflow/example_dags/example_branch_operator.py
[2024-11-08T13:41:59.750+0000] {logging_mixin.py:190} INFO - [2024-11-08T13:41:59.750+0000] {dag.py:3239} INFO - Sync 1 DAGs
[2024-11-08T13:41:59.767+0000] {logging_mixin.py:190} INFO - [2024-11-08T13:41:59.767+0000] {dag.py:4180} INFO - Setting next_dagrun for example_branch_operator to 2024-11-07 00:00:00+00:00, run_after=2024-11-08 00:00:00+00:00
[2024-11-08T13:41:59.784+0000] {processor.py:208} INFO - Processing /home/airflow/.local/lib/python3.12/site-packages/airflow/example_dags/example_branch_operator.py took 0.071 seconds
[2024-11-08T13:42:29.886+0000] {processor.py:186} INFO - Started process (PID=275) to work on /home/airflow/.local/lib/python3.12/site-packages/airflow/example_dags/example_branch_operator.py
[2024-11-08T13:42:29.886+0000] {processor.py:914} INFO - Processing file /home/airflow/.local/lib/python3.12/site-packages/airflow/example_dags/example_branch_operator.py for tasks to queue
[2024-11-08T13:42:29.888+0000] {logging_mixin.py:190} INFO - [2024-11-08T13:42:29.888+0000] {dagbag.py:588} INFO - Filling up the DagBag from /home/airflow/.local/lib/python3.12/site-packages/airflow/example_dags/example_branch_operator.py
[2024-11-08T13:42:29.900+0000] {processor.py:925} INFO - DAG(s) 'example_branch_operator' retrieved from /home/airflow/.local/lib/python3.12/site-packages/airflow/example_dags/example_branch_operator.py
[2024-11-08T13:42:29.922+0000] {logging_mixin.py:190} INFO - [2024-11-08T13:42:29.921+0000] {dag.py:3239} INFO - Sync 1 DAGs
[2024-11-08T13:42:29.940+0000] {logging_mixin.py:190} INFO - [2024-11-08T13:42:29.940+0000] {dag.py:4180} INFO - Setting next_dagrun for example_branch_operator to 2024-11-07 00:00:00+00:00, run_after=2024-11-08 00:00:00+00:00
[2024-11-08T13:42:29.959+0000] {processor.py:208} INFO - Processing /home/airflow/.local/lib/python3.12/site-packages/airflow/example_dags/example_branch_operator.py took 0.077 seconds
[2024-11-08T13:43:00.140+0000] {processor.py:186} INFO - Started process (PID=337) to work on /home/airflow/.local/lib/python3.12/site-packages/airflow/example_dags/example_branch_operator.py
[2024-11-08T13:43:00.140+0000] {processor.py:914} INFO - Processing file /home/airflow/.local/lib/python3.12/site-packages/airflow/example_dags/example_branch_operator.py for tasks to queue
[2024-11-08T13:43:00.142+0000] {logging_mixin.py:190} INFO - [2024-11-08T13:43:00.142+0000] {dagbag.py:588} INFO - Filling up the DagBag from /home/airflow/.local/lib/python3.12/site-packages/airflow/example_dags/example_branch_operator.py
[2024-11-08T13:43:00.154+0000] {processor.py:925} INFO - DAG(s) 'example_branch_operator' retrieved from /home/airflow/.local/lib/python3.12/site-packages/airflow/example_dags/example_branch_operator.py
[2024-11-08T13:43:00.174+0000] {logging_mixin.py:190} INFO - [2024-11-08T13:43:00.174+0000] {dag.py:3239} INFO - Sync 1 DAGs
[2024-11-08T13:43:00.190+0000] {logging_mixin.py:190} INFO - [2024-11-08T13:43:00.190+0000] {dag.py:4180} INFO - Setting next_dagrun for example_branch_operator to 2024-11-07 00:00:00+00:00, run_after=2024-11-08 00:00:00+00:00
[2024-11-08T13:43:00.204+0000] {processor.py:208} INFO - Processing /home/airflow/.local/lib/python3.12/site-packages/airflow/example_dags/example_branch_operator.py took 0.068 seconds
[2024-11-08T13:43:30.394+0000] {processor.py:186} INFO - Started process (PID=400) to work on /home/airflow/.local/lib/python3.12/site-packages/airflow/example_dags/example_branch_operator.py
[2024-11-08T13:43:30.395+0000] {processor.py:914} INFO - Processing file /home/airflow/.local/lib/python3.12/site-packages/airflow/example_dags/example_branch_operator.py for tasks to queue
[2024-11-08T13:43:30.396+0000] {logging_mixin.py:190} INFO - [2024-11-08T13:43:30.396+0000] {dagbag.py:588} INFO - Filling up the DagBag from /home/airflow/.local/lib/python3.12/site-packages/airflow/example_dags/example_branch_operator.py
[2024-11-08T13:43:30.409+0000] {processor.py:925} INFO - DAG(s) 'example_branch_operator' retrieved from /home/airflow/.local/lib/python3.12/site-packages/airflow/example_dags/example_branch_operator.py
[2024-11-08T13:43:30.431+0000] {logging_mixin.py:190} INFO - [2024-11-08T13:43:30.431+0000] {dag.py:3239} INFO - Sync 1 DAGs
[2024-11-08T13:43:30.448+0000] {logging_mixin.py:190} INFO - [2024-11-08T13:43:30.448+0000] {dag.py:4180} INFO - Setting next_dagrun for example_branch_operator to 2024-11-07 00:00:00+00:00, run_after=2024-11-08 00:00:00+00:00
[2024-11-08T13:43:30.467+0000] {processor.py:208} INFO - Processing /home/airflow/.local/lib/python3.12/site-packages/airflow/example_dags/example_branch_operator.py took 0.077 seconds
[2024-11-08T13:44:01.003+0000] {processor.py:186} INFO - Started process (PID=463) to work on /home/airflow/.local/lib/python3.12/site-packages/airflow/example_dags/example_branch_operator.py
[2024-11-08T13:44:01.004+0000] {processor.py:914} INFO - Processing file /home/airflow/.local/lib/python3.12/site-packages/airflow/example_dags/example_branch_operator.py for tasks to queue
[2024-11-08T13:44:01.005+0000] {logging_mixin.py:190} INFO - [2024-11-08T13:44:01.005+0000] {dagbag.py:588} INFO - Filling up the DagBag from /home/airflow/.local/lib/python3.12/site-packages/airflow/example_dags/example_branch_operator.py
[2024-11-08T13:44:01.018+0000] {processor.py:925} INFO - DAG(s) 'example_branch_operator' retrieved from /home/airflow/.local/lib/python3.12/site-packages/airflow/example_dags/example_branch_operator.py
[2024-11-08T13:44:01.038+0000] {logging_mixin.py:190} INFO - [2024-11-08T13:44:01.038+0000] {dag.py:3239} INFO - Sync 1 DAGs
[2024-11-08T13:44:01.056+0000] {logging_mixin.py:190} INFO - [2024-11-08T13:44:01.055+0000] {dag.py:4180} INFO - Setting next_dagrun for example_branch_operator to 2024-11-07 00:00:00+00:00, run_after=2024-11-08 00:00:00+00:00
[2024-11-08T13:44:01.071+0000] {processor.py:208} INFO - Processing /home/airflow/.local/lib/python3.12/site-packages/airflow/example_dags/example_branch_operator.py took 0.072 seconds
[2024-11-08T13:44:31.516+0000] {processor.py:186} INFO - Started process (PID=526) to work on /home/airflow/.local/lib/python3.12/site-packages/airflow/example_dags/example_branch_operator.py
[2024-11-08T13:44:31.516+0000] {processor.py:914} INFO - Processing file /home/airflow/.local/lib/python3.12/site-packages/airflow/example_dags/example_branch_operator.py for tasks to queue
[2024-11-08T13:44:31.518+0000] {logging_mixin.py:190} INFO - [2024-11-08T13:44:31.518+0000] {dagbag.py:588} INFO - Filling up the DagBag from /home/airflow/.local/lib/python3.12/site-packages/airflow/example_dags/example_branch_operator.py
[2024-11-08T13:44:31.530+0000] {processor.py:925} INFO - DAG(s) 'example_branch_operator' retrieved from /home/airflow/.local/lib/python3.12/site-packages/airflow/example_dags/example_branch_operator.py
[2024-11-08T13:44:31.550+0000] {logging_mixin.py:190} INFO - [2024-11-08T13:44:31.550+0000] {dag.py:3239} INFO - Sync 1 DAGs
[2024-11-08T13:44:31.567+0000] {logging_mixin.py:190} INFO - [2024-11-08T13:44:31.567+0000] {dag.py:4180} INFO - Setting next_dagrun for example_branch_operator to 2024-11-07 00:00:00+00:00, run_after=2024-11-08 00:00:00+00:00
[2024-11-08T13:44:31.580+0000] {processor.py:208} INFO - Processing /home/airflow/.local/lib/python3.12/site-packages/airflow/example_dags/example_branch_operator.py took 0.068 seconds
[2024-11-08T13:45:02.017+0000] {processor.py:186} INFO - Started process (PID=589) to work on /home/airflow/.local/lib/python3.12/site-packages/airflow/example_dags/example_branch_operator.py
[2024-11-08T13:45:02.017+0000] {processor.py:914} INFO - Processing file /home/airflow/.local/lib/python3.12/site-packages/airflow/example_dags/example_branch_operator.py for tasks to queue
[2024-11-08T13:45:02.019+0000] {logging_mixin.py:190} INFO - [2024-11-08T13:45:02.019+0000] {dagbag.py:588} INFO - Filling up the DagBag from /home/airflow/.local/lib/python3.12/site-packages/airflow/example_dags/example_branch_operator.py
[2024-11-08T13:45:02.032+0000] {processor.py:925} INFO - DAG(s) 'example_branch_operator' retrieved from /home/airflow/.local/lib/python3.12/site-packages/airflow/example_dags/example_branch_operator.py
[2024-11-08T13:45:02.053+0000] {logging_mixin.py:190} INFO - [2024-11-08T13:45:02.053+0000] {dag.py:3239} INFO - Sync 1 DAGs
[2024-11-08T13:45:02.071+0000] {logging_mixin.py:190} INFO - [2024-11-08T13:45:02.071+0000] {dag.py:4180} INFO - Setting next_dagrun for example_branch_operator to 2024-11-07 00:00:00+00:00, run_after=2024-11-08 00:00:00+00:00
[2024-11-08T13:45:02.091+0000] {processor.py:208} INFO - Processing /home/airflow/.local/lib/python3.12/site-packages/airflow/example_dags/example_branch_operator.py took 0.077 seconds
[2024-11-08T13:45:33.086+0000] {processor.py:186} INFO - Started process (PID=652) to work on /home/airflow/.local/lib/python3.12/site-packages/airflow/example_dags/example_branch_operator.py
[2024-11-08T13:45:33.087+0000] {processor.py:914} INFO - Processing file /home/airflow/.local/lib/python3.12/site-packages/airflow/example_dags/example_branch_operator.py for tasks to queue
[2024-11-08T13:45:33.089+0000] {logging_mixin.py:190} INFO - [2024-11-08T13:45:33.089+0000] {dagbag.py:588} INFO - Filling up the DagBag from /home/airflow/.local/lib/python3.12/site-packages/airflow/example_dags/example_branch_operator.py
[2024-11-08T13:45:33.101+0000] {processor.py:925} INFO - DAG(s) 'example_branch_operator' retrieved from /home/airflow/.local/lib/python3.12/site-packages/airflow/example_dags/example_branch_operator.py
[2024-11-08T13:45:33.122+0000] {logging_mixin.py:190} INFO - [2024-11-08T13:45:33.122+0000] {dag.py:3239} INFO - Sync 1 DAGs
[2024-11-08T13:45:33.141+0000] {logging_mixin.py:190} INFO - [2024-11-08T13:45:33.140+0000] {dag.py:4180} INFO - Setting next_dagrun for example_branch_operator to 2024-11-07 00:00:00+00:00, run_after=2024-11-08 00:00:00+00:00
[2024-11-08T13:45:33.159+0000] {processor.py:208} INFO - Processing /home/airflow/.local/lib/python3.12/site-packages/airflow/example_dags/example_branch_operator.py took 0.077 seconds
[2024-11-08T13:46:03.722+0000] {processor.py:186} INFO - Started process (PID=716) to work on /home/airflow/.local/lib/python3.12/site-packages/airflow/example_dags/example_branch_operator.py
[2024-11-08T13:46:03.723+0000] {processor.py:914} INFO - Processing file /home/airflow/.local/lib/python3.12/site-packages/airflow/example_dags/example_branch_operator.py for tasks to queue
[2024-11-08T13:46:03.724+0000] {logging_mixin.py:190} INFO - [2024-11-08T13:46:03.724+0000] {dagbag.py:588} INFO - Filling up the DagBag from /home/airflow/.local/lib/python3.12/site-packages/airflow/example_dags/example_branch_operator.py
[2024-11-08T13:46:03.736+0000] {processor.py:925} INFO - DAG(s) 'example_branch_operator' retrieved from /home/airflow/.local/lib/python3.12/site-packages/airflow/example_dags/example_branch_operator.py
[2024-11-08T13:46:03.757+0000] {logging_mixin.py:190} INFO - [2024-11-08T13:46:03.756+0000] {dag.py:3239} INFO - Sync 1 DAGs
[2024-11-08T13:46:03.775+0000] {logging_mixin.py:190} INFO - [2024-11-08T13:46:03.775+0000] {dag.py:4180} INFO - Setting next_dagrun for example_branch_operator to 2024-11-07 00:00:00+00:00, run_after=2024-11-08 00:00:00+00:00
[2024-11-08T13:46:03.798+0000] {processor.py:208} INFO - Processing /home/airflow/.local/lib/python3.12/site-packages/airflow/example_dags/example_branch_operator.py took 0.079 seconds
[2024-11-08T13:46:34.441+0000] {processor.py:186} INFO - Started process (PID=780) to work on /home/airflow/.local/lib/python3.12/site-packages/airflow/example_dags/example_branch_operator.py
[2024-11-08T13:46:34.442+0000] {processor.py:914} INFO - Processing file /home/airflow/.local/lib/python3.12/site-packages/airflow/example_dags/example_branch_operator.py for tasks to queue
[2024-11-08T13:46:34.443+0000] {logging_mixin.py:190} INFO - [2024-11-08T13:46:34.443+0000] {dagbag.py:588} INFO - Filling up the DagBag from /home/airflow/.local/lib/python3.12/site-packages/airflow/example_dags/example_branch_operator.py
[2024-11-08T13:46:34.456+0000] {processor.py:925} INFO - DAG(s) 'example_branch_operator' retrieved from /home/airflow/.local/lib/python3.12/site-packages/airflow/example_dags/example_branch_operator.py
[2024-11-08T13:46:34.478+0000] {logging_mixin.py:190} INFO - [2024-11-08T13:46:34.477+0000] {dag.py:3239} INFO - Sync 1 DAGs
[2024-11-08T13:46:34.497+0000] {logging_mixin.py:190} INFO - [2024-11-08T13:46:34.497+0000] {dag.py:4180} INFO - Setting next_dagrun for example_branch_operator to 2024-11-07 00:00:00+00:00, run_after=2024-11-08 00:00:00+00:00
[2024-11-08T13:46:34.514+0000] {processor.py:208} INFO - Processing /home/airflow/.local/lib/python3.12/site-packages/airflow/example_dags/example_branch_operator.py took 0.077 seconds
[2024-11-08T13:47:04.732+0000] {processor.py:186} INFO - Started process (PID=844) to work on /home/airflow/.local/lib/python3.12/site-packages/airflow/example_dags/example_branch_operator.py
[2024-11-08T13:47:04.732+0000] {processor.py:914} INFO - Processing file /home/airflow/.local/lib/python3.12/site-packages/airflow/example_dags/example_branch_operator.py for tasks to queue
[2024-11-08T13:47:04.734+0000] {logging_mixin.py:190} INFO - [2024-11-08T13:47:04.734+0000] {dagbag.py:588} INFO - Filling up the DagBag from /home/airflow/.local/lib/python3.12/site-packages/airflow/example_dags/example_branch_operator.py
[2024-11-08T13:47:04.746+0000] {processor.py:925} INFO - DAG(s) 'example_branch_operator' retrieved from /home/airflow/.local/lib/python3.12/site-packages/airflow/example_dags/example_branch_operator.py
[2024-11-08T13:47:04.766+0000] {logging_mixin.py:190} INFO - [2024-11-08T13:47:04.766+0000] {dag.py:3239} INFO - Sync 1 DAGs
[2024-11-08T13:47:04.783+0000] {logging_mixin.py:190} INFO - [2024-11-08T13:47:04.783+0000] {dag.py:4180} INFO - Setting next_dagrun for example_branch_operator to 2024-11-07 00:00:00+00:00, run_after=2024-11-08 00:00:00+00:00
[2024-11-08T13:47:04.802+0000] {processor.py:208} INFO - Processing /home/airflow/.local/lib/python3.12/site-packages/airflow/example_dags/example_branch_operator.py took 0.074 seconds
[2024-11-08T13:47:35.695+0000] {processor.py:186} INFO - Started process (PID=908) to work on /home/airflow/.local/lib/python3.12/site-packages/airflow/example_dags/example_branch_operator.py
[2024-11-08T13:47:35.696+0000] {processor.py:914} INFO - Processing file /home/airflow/.local/lib/python3.12/site-packages/airflow/example_dags/example_branch_operator.py for tasks to queue
[2024-11-08T13:47:35.697+0000] {logging_mixin.py:190} INFO - [2024-11-08T13:47:35.697+0000] {dagbag.py:588} INFO - Filling up the DagBag from /home/airflow/.local/lib/python3.12/site-packages/airflow/example_dags/example_branch_operator.py
[2024-11-08T13:47:35.709+0000] {processor.py:925} INFO - DAG(s) 'example_branch_operator' retrieved from /home/airflow/.local/lib/python3.12/site-packages/airflow/example_dags/example_branch_operator.py
[2024-11-08T13:47:35.730+0000] {logging_mixin.py:190} INFO - [2024-11-08T13:47:35.730+0000] {dag.py:3239} INFO - Sync 1 DAGs
[2024-11-08T13:47:35.746+0000] {logging_mixin.py:190} INFO - [2024-11-08T13:47:35.746+0000] {dag.py:4180} INFO - Setting next_dagrun for example_branch_operator to 2024-11-07 00:00:00+00:00, run_after=2024-11-08 00:00:00+00:00
[2024-11-08T13:47:35.760+0000] {processor.py:208} INFO - Processing /home/airflow/.local/lib/python3.12/site-packages/airflow/example_dags/example_branch_operator.py took 0.069 seconds
[2024-11-08T13:48:06.004+0000] {processor.py:186} INFO - Started process (PID=972) to work on /home/airflow/.local/lib/python3.12/site-packages/airflow/example_dags/example_branch_operator.py
[2024-11-08T13:48:06.005+0000] {processor.py:914} INFO - Processing file /home/airflow/.local/lib/python3.12/site-packages/airflow/example_dags/example_branch_operator.py for tasks to queue
[2024-11-08T13:48:06.006+0000] {logging_mixin.py:190} INFO - [2024-11-08T13:48:06.006+0000] {dagbag.py:588} INFO - Filling up the DagBag from /home/airflow/.local/lib/python3.12/site-packages/airflow/example_dags/example_branch_operator.py
[2024-11-08T13:48:06.018+0000] {processor.py:925} INFO - DAG(s) 'example_branch_operator' retrieved from /home/airflow/.local/lib/python3.12/site-packages/airflow/example_dags/example_branch_operator.py
[2024-11-08T13:48:06.039+0000] {logging_mixin.py:190} INFO - [2024-11-08T13:48:06.039+0000] {dag.py:3239} INFO - Sync 1 DAGs
[2024-11-08T13:48:06.055+0000] {logging_mixin.py:190} INFO - [2024-11-08T13:48:06.055+0000] {dag.py:4180} INFO - Setting next_dagrun for example_branch_operator to 2024-11-07 00:00:00+00:00, run_after=2024-11-08 00:00:00+00:00
[2024-11-08T13:48:06.072+0000] {processor.py:208} INFO - Processing /home/airflow/.local/lib/python3.12/site-packages/airflow/example_dags/example_branch_operator.py took 0.072 seconds
[2024-11-08T13:48:36.969+0000] {processor.py:186} INFO - Started process (PID=1036) to work on /home/airflow/.local/lib/python3.12/site-packages/airflow/example_dags/example_branch_operator.py
[2024-11-08T13:48:36.970+0000] {processor.py:914} INFO - Processing file /home/airflow/.local/lib/python3.12/site-packages/airflow/example_dags/example_branch_operator.py for tasks to queue
[2024-11-08T13:48:36.971+0000] {logging_mixin.py:190} INFO - [2024-11-08T13:48:36.971+0000] {dagbag.py:588} INFO - Filling up the DagBag from /home/airflow/.local/lib/python3.12/site-packages/airflow/example_dags/example_branch_operator.py
[2024-11-08T13:48:36.984+0000] {processor.py:925} INFO - DAG(s) 'example_branch_operator' retrieved from /home/airflow/.local/lib/python3.12/site-packages/airflow/example_dags/example_branch_operator.py
[2024-11-08T13:48:37.004+0000] {logging_mixin.py:190} INFO - [2024-11-08T13:48:37.003+0000] {dag.py:3239} INFO - Sync 1 DAGs
[2024-11-08T13:48:37.020+0000] {logging_mixin.py:190} INFO - [2024-11-08T13:48:37.020+0000] {dag.py:4180} INFO - Setting next_dagrun for example_branch_operator to 2024-11-07 00:00:00+00:00, run_after=2024-11-08 00:00:00+00:00
[2024-11-08T13:48:37.039+0000] {processor.py:208} INFO - Processing /home/airflow/.local/lib/python3.12/site-packages/airflow/example_dags/example_branch_operator.py took 0.074 seconds
