[2024-11-08T13:41:00.519+0000] {processor.py:186} INFO - Started process (PID=100) to work on /home/airflow/.local/lib/python3.12/site-packages/airflow/example_dags/tutorial.py
[2024-11-08T13:41:00.519+0000] {processor.py:914} INFO - Processing file /home/airflow/.local/lib/python3.12/site-packages/airflow/example_dags/tutorial.py for tasks to queue
[2024-11-08T13:41:00.521+0000] {logging_mixin.py:190} INFO - [2024-11-08T13:41:00.521+0000] {dagbag.py:588} INFO - Filling up the DagBag from /home/airflow/.local/lib/python3.12/site-packages/airflow/example_dags/tutorial.py
[2024-11-08T13:41:00.526+0000] {processor.py:925} INFO - DAG(s) 'tutorial' retrieved from /home/airflow/.local/lib/python3.12/site-packages/airflow/example_dags/tutorial.py
[2024-11-08T13:41:00.605+0000] {logging_mixin.py:190} INFO - [2024-11-08T13:41:00.604+0000] {override.py:1911} INFO - Created Permission View: can read on DAG:tutorial
[2024-11-08T13:41:00.614+0000] {logging_mixin.py:190} INFO - [2024-11-08T13:41:00.614+0000] {override.py:1911} INFO - Created Permission View: can edit on DAG:tutorial
[2024-11-08T13:41:00.625+0000] {logging_mixin.py:190} INFO - [2024-11-08T13:41:00.624+0000] {override.py:1911} INFO - Created Permission View: can delete on DAG:tutorial
[2024-11-08T13:41:00.640+0000] {logging_mixin.py:190} INFO - [2024-11-08T13:41:00.639+0000] {override.py:1911} INFO - Created Permission View: can read on DAG Run:tutorial
[2024-11-08T13:41:00.650+0000] {logging_mixin.py:190} INFO - [2024-11-08T13:41:00.649+0000] {override.py:1911} INFO - Created Permission View: can create on DAG Run:tutorial
[2024-11-08T13:41:00.660+0000] {logging_mixin.py:190} INFO - [2024-11-08T13:41:00.659+0000] {override.py:1911} INFO - Created Permission View: can delete on DAG Run:tutorial
[2024-11-08T13:41:00.670+0000] {logging_mixin.py:190} INFO - [2024-11-08T13:41:00.669+0000] {override.py:1911} INFO - Created Permission View: menu access on DAG Run:tutorial
[2024-11-08T13:41:00.671+0000] {logging_mixin.py:190} INFO - [2024-11-08T13:41:00.670+0000] {dag.py:3239} INFO - Sync 1 DAGs
[2024-11-08T13:41:00.682+0000] {logging_mixin.py:190} INFO - [2024-11-08T13:41:00.682+0000] {dag.py:3262} INFO - Creating ORM DAG for tutorial
[2024-11-08T13:41:00.692+0000] {logging_mixin.py:190} INFO - [2024-11-08T13:41:00.691+0000] {dag.py:4180} INFO - Setting next_dagrun for tutorial to 2024-11-07 00:00:00+00:00, run_after=2024-11-08 00:00:00+00:00
[2024-11-08T13:41:00.711+0000] {processor.py:208} INFO - Processing /home/airflow/.local/lib/python3.12/site-packages/airflow/example_dags/tutorial.py took 0.197 seconds
[2024-11-08T13:41:31.102+0000] {processor.py:186} INFO - Started process (PID=162) to work on /home/airflow/.local/lib/python3.12/site-packages/airflow/example_dags/tutorial.py
[2024-11-08T13:41:31.103+0000] {processor.py:914} INFO - Processing file /home/airflow/.local/lib/python3.12/site-packages/airflow/example_dags/tutorial.py for tasks to queue
[2024-11-08T13:41:31.104+0000] {logging_mixin.py:190} INFO - [2024-11-08T13:41:31.104+0000] {dagbag.py:588} INFO - Filling up the DagBag from /home/airflow/.local/lib/python3.12/site-packages/airflow/example_dags/tutorial.py
[2024-11-08T13:41:31.109+0000] {processor.py:925} INFO - DAG(s) 'tutorial' retrieved from /home/airflow/.local/lib/python3.12/site-packages/airflow/example_dags/tutorial.py
[2024-11-08T13:41:31.122+0000] {logging_mixin.py:190} INFO - [2024-11-08T13:41:31.122+0000] {dag.py:3239} INFO - Sync 1 DAGs
[2024-11-08T13:41:31.138+0000] {logging_mixin.py:190} INFO - [2024-11-08T13:41:31.138+0000] {dag.py:4180} INFO - Setting next_dagrun for tutorial to 2024-11-07 00:00:00+00:00, run_after=2024-11-08 00:00:00+00:00
[2024-11-08T13:41:31.154+0000] {processor.py:208} INFO - Processing /home/airflow/.local/lib/python3.12/site-packages/airflow/example_dags/tutorial.py took 0.056 seconds
[2024-11-08T13:42:01.486+0000] {processor.py:186} INFO - Started process (PID=225) to work on /home/airflow/.local/lib/python3.12/site-packages/airflow/example_dags/tutorial.py
[2024-11-08T13:42:01.487+0000] {processor.py:914} INFO - Processing file /home/airflow/.local/lib/python3.12/site-packages/airflow/example_dags/tutorial.py for tasks to queue
[2024-11-08T13:42:01.489+0000] {logging_mixin.py:190} INFO - [2024-11-08T13:42:01.488+0000] {dagbag.py:588} INFO - Filling up the DagBag from /home/airflow/.local/lib/python3.12/site-packages/airflow/example_dags/tutorial.py
[2024-11-08T13:42:01.494+0000] {processor.py:925} INFO - DAG(s) 'tutorial' retrieved from /home/airflow/.local/lib/python3.12/site-packages/airflow/example_dags/tutorial.py
[2024-11-08T13:42:01.507+0000] {logging_mixin.py:190} INFO - [2024-11-08T13:42:01.507+0000] {dag.py:3239} INFO - Sync 1 DAGs
[2024-11-08T13:42:01.523+0000] {logging_mixin.py:190} INFO - [2024-11-08T13:42:01.523+0000] {dag.py:4180} INFO - Setting next_dagrun for tutorial to 2024-11-07 00:00:00+00:00, run_after=2024-11-08 00:00:00+00:00
[2024-11-08T13:42:01.547+0000] {processor.py:208} INFO - Processing /home/airflow/.local/lib/python3.12/site-packages/airflow/example_dags/tutorial.py took 0.065 seconds
[2024-11-08T13:42:31.786+0000] {processor.py:186} INFO - Started process (PID=288) to work on /home/airflow/.local/lib/python3.12/site-packages/airflow/example_dags/tutorial.py
[2024-11-08T13:42:31.786+0000] {processor.py:914} INFO - Processing file /home/airflow/.local/lib/python3.12/site-packages/airflow/example_dags/tutorial.py for tasks to queue
[2024-11-08T13:42:31.788+0000] {logging_mixin.py:190} INFO - [2024-11-08T13:42:31.788+0000] {dagbag.py:588} INFO - Filling up the DagBag from /home/airflow/.local/lib/python3.12/site-packages/airflow/example_dags/tutorial.py
[2024-11-08T13:42:31.793+0000] {processor.py:925} INFO - DAG(s) 'tutorial' retrieved from /home/airflow/.local/lib/python3.12/site-packages/airflow/example_dags/tutorial.py
[2024-11-08T13:42:31.808+0000] {logging_mixin.py:190} INFO - [2024-11-08T13:42:31.808+0000] {dag.py:3239} INFO - Sync 1 DAGs
[2024-11-08T13:42:31.825+0000] {logging_mixin.py:190} INFO - [2024-11-08T13:42:31.825+0000] {dag.py:4180} INFO - Setting next_dagrun for tutorial to 2024-11-07 00:00:00+00:00, run_after=2024-11-08 00:00:00+00:00
[2024-11-08T13:42:31.840+0000] {processor.py:208} INFO - Processing /home/airflow/.local/lib/python3.12/site-packages/airflow/example_dags/tutorial.py took 0.058 seconds
[2024-11-08T13:43:01.902+0000] {processor.py:186} INFO - Started process (PID=351) to work on /home/airflow/.local/lib/python3.12/site-packages/airflow/example_dags/tutorial.py
[2024-11-08T13:43:01.903+0000] {processor.py:914} INFO - Processing file /home/airflow/.local/lib/python3.12/site-packages/airflow/example_dags/tutorial.py for tasks to queue
[2024-11-08T13:43:01.905+0000] {logging_mixin.py:190} INFO - [2024-11-08T13:43:01.905+0000] {dagbag.py:588} INFO - Filling up the DagBag from /home/airflow/.local/lib/python3.12/site-packages/airflow/example_dags/tutorial.py
[2024-11-08T13:43:01.910+0000] {processor.py:925} INFO - DAG(s) 'tutorial' retrieved from /home/airflow/.local/lib/python3.12/site-packages/airflow/example_dags/tutorial.py
[2024-11-08T13:43:01.924+0000] {logging_mixin.py:190} INFO - [2024-11-08T13:43:01.924+0000] {dag.py:3239} INFO - Sync 1 DAGs
[2024-11-08T13:43:01.940+0000] {logging_mixin.py:190} INFO - [2024-11-08T13:43:01.940+0000] {dag.py:4180} INFO - Setting next_dagrun for tutorial to 2024-11-07 00:00:00+00:00, run_after=2024-11-08 00:00:00+00:00
[2024-11-08T13:43:01.956+0000] {processor.py:208} INFO - Processing /home/airflow/.local/lib/python3.12/site-packages/airflow/example_dags/tutorial.py took 0.058 seconds
[2024-11-08T13:43:32.504+0000] {processor.py:186} INFO - Started process (PID=414) to work on /home/airflow/.local/lib/python3.12/site-packages/airflow/example_dags/tutorial.py
[2024-11-08T13:43:32.504+0000] {processor.py:914} INFO - Processing file /home/airflow/.local/lib/python3.12/site-packages/airflow/example_dags/tutorial.py for tasks to queue
[2024-11-08T13:43:32.506+0000] {logging_mixin.py:190} INFO - [2024-11-08T13:43:32.506+0000] {dagbag.py:588} INFO - Filling up the DagBag from /home/airflow/.local/lib/python3.12/site-packages/airflow/example_dags/tutorial.py
[2024-11-08T13:43:32.512+0000] {processor.py:925} INFO - DAG(s) 'tutorial' retrieved from /home/airflow/.local/lib/python3.12/site-packages/airflow/example_dags/tutorial.py
[2024-11-08T13:43:32.525+0000] {logging_mixin.py:190} INFO - [2024-11-08T13:43:32.525+0000] {dag.py:3239} INFO - Sync 1 DAGs
[2024-11-08T13:43:32.542+0000] {logging_mixin.py:190} INFO - [2024-11-08T13:43:32.542+0000] {dag.py:4180} INFO - Setting next_dagrun for tutorial to 2024-11-07 00:00:00+00:00, run_after=2024-11-08 00:00:00+00:00
[2024-11-08T13:43:32.558+0000] {processor.py:208} INFO - Processing /home/airflow/.local/lib/python3.12/site-packages/airflow/example_dags/tutorial.py took 0.058 seconds
[2024-11-08T13:44:03.149+0000] {processor.py:186} INFO - Started process (PID=477) to work on /home/airflow/.local/lib/python3.12/site-packages/airflow/example_dags/tutorial.py
[2024-11-08T13:44:03.150+0000] {processor.py:914} INFO - Processing file /home/airflow/.local/lib/python3.12/site-packages/airflow/example_dags/tutorial.py for tasks to queue
[2024-11-08T13:44:03.151+0000] {logging_mixin.py:190} INFO - [2024-11-08T13:44:03.151+0000] {dagbag.py:588} INFO - Filling up the DagBag from /home/airflow/.local/lib/python3.12/site-packages/airflow/example_dags/tutorial.py
[2024-11-08T13:44:03.156+0000] {processor.py:925} INFO - DAG(s) 'tutorial' retrieved from /home/airflow/.local/lib/python3.12/site-packages/airflow/example_dags/tutorial.py
[2024-11-08T13:44:03.170+0000] {logging_mixin.py:190} INFO - [2024-11-08T13:44:03.169+0000] {dag.py:3239} INFO - Sync 1 DAGs
[2024-11-08T13:44:03.186+0000] {logging_mixin.py:190} INFO - [2024-11-08T13:44:03.186+0000] {dag.py:4180} INFO - Setting next_dagrun for tutorial to 2024-11-07 00:00:00+00:00, run_after=2024-11-08 00:00:00+00:00
[2024-11-08T13:44:03.203+0000] {processor.py:208} INFO - Processing /home/airflow/.local/lib/python3.12/site-packages/airflow/example_dags/tutorial.py took 0.058 seconds
[2024-11-08T13:44:34.632+0000] {processor.py:186} INFO - Started process (PID=540) to work on /home/airflow/.local/lib/python3.12/site-packages/airflow/example_dags/tutorial.py
[2024-11-08T13:44:34.632+0000] {processor.py:914} INFO - Processing file /home/airflow/.local/lib/python3.12/site-packages/airflow/example_dags/tutorial.py for tasks to queue
[2024-11-08T13:44:34.634+0000] {logging_mixin.py:190} INFO - [2024-11-08T13:44:34.634+0000] {dagbag.py:588} INFO - Filling up the DagBag from /home/airflow/.local/lib/python3.12/site-packages/airflow/example_dags/tutorial.py
[2024-11-08T13:44:34.639+0000] {processor.py:925} INFO - DAG(s) 'tutorial' retrieved from /home/airflow/.local/lib/python3.12/site-packages/airflow/example_dags/tutorial.py
[2024-11-08T13:44:34.653+0000] {logging_mixin.py:190} INFO - [2024-11-08T13:44:34.653+0000] {dag.py:3239} INFO - Sync 1 DAGs
[2024-11-08T13:44:34.669+0000] {logging_mixin.py:190} INFO - [2024-11-08T13:44:34.669+0000] {dag.py:4180} INFO - Setting next_dagrun for tutorial to 2024-11-07 00:00:00+00:00, run_after=2024-11-08 00:00:00+00:00
[2024-11-08T13:44:34.686+0000] {processor.py:208} INFO - Processing /home/airflow/.local/lib/python3.12/site-packages/airflow/example_dags/tutorial.py took 0.059 seconds
[2024-11-08T13:45:06.127+0000] {processor.py:186} INFO - Started process (PID=603) to work on /home/airflow/.local/lib/python3.12/site-packages/airflow/example_dags/tutorial.py
[2024-11-08T13:45:06.127+0000] {processor.py:914} INFO - Processing file /home/airflow/.local/lib/python3.12/site-packages/airflow/example_dags/tutorial.py for tasks to queue
[2024-11-08T13:45:06.129+0000] {logging_mixin.py:190} INFO - [2024-11-08T13:45:06.129+0000] {dagbag.py:588} INFO - Filling up the DagBag from /home/airflow/.local/lib/python3.12/site-packages/airflow/example_dags/tutorial.py
[2024-11-08T13:45:06.134+0000] {processor.py:925} INFO - DAG(s) 'tutorial' retrieved from /home/airflow/.local/lib/python3.12/site-packages/airflow/example_dags/tutorial.py
[2024-11-08T13:45:06.148+0000] {logging_mixin.py:190} INFO - [2024-11-08T13:45:06.147+0000] {dag.py:3239} INFO - Sync 1 DAGs
[2024-11-08T13:45:06.164+0000] {logging_mixin.py:190} INFO - [2024-11-08T13:45:06.164+0000] {dag.py:4180} INFO - Setting next_dagrun for tutorial to 2024-11-07 00:00:00+00:00, run_after=2024-11-08 00:00:00+00:00
[2024-11-08T13:45:06.181+0000] {processor.py:208} INFO - Processing /home/airflow/.local/lib/python3.12/site-packages/airflow/example_dags/tutorial.py took 0.059 seconds
[2024-11-08T13:45:37.189+0000] {processor.py:186} INFO - Started process (PID=666) to work on /home/airflow/.local/lib/python3.12/site-packages/airflow/example_dags/tutorial.py
[2024-11-08T13:45:37.189+0000] {processor.py:914} INFO - Processing file /home/airflow/.local/lib/python3.12/site-packages/airflow/example_dags/tutorial.py for tasks to queue
[2024-11-08T13:45:37.191+0000] {logging_mixin.py:190} INFO - [2024-11-08T13:45:37.191+0000] {dagbag.py:588} INFO - Filling up the DagBag from /home/airflow/.local/lib/python3.12/site-packages/airflow/example_dags/tutorial.py
[2024-11-08T13:45:37.196+0000] {processor.py:925} INFO - DAG(s) 'tutorial' retrieved from /home/airflow/.local/lib/python3.12/site-packages/airflow/example_dags/tutorial.py
[2024-11-08T13:45:37.209+0000] {logging_mixin.py:190} INFO - [2024-11-08T13:45:37.208+0000] {dag.py:3239} INFO - Sync 1 DAGs
[2024-11-08T13:45:37.225+0000] {logging_mixin.py:190} INFO - [2024-11-08T13:45:37.225+0000] {dag.py:4180} INFO - Setting next_dagrun for tutorial to 2024-11-07 00:00:00+00:00, run_after=2024-11-08 00:00:00+00:00
[2024-11-08T13:45:37.237+0000] {processor.py:208} INFO - Processing /home/airflow/.local/lib/python3.12/site-packages/airflow/example_dags/tutorial.py took 0.053 seconds
[2024-11-08T13:46:07.869+0000] {processor.py:186} INFO - Started process (PID=730) to work on /home/airflow/.local/lib/python3.12/site-packages/airflow/example_dags/tutorial.py
[2024-11-08T13:46:07.871+0000] {processor.py:914} INFO - Processing file /home/airflow/.local/lib/python3.12/site-packages/airflow/example_dags/tutorial.py for tasks to queue
[2024-11-08T13:46:07.873+0000] {logging_mixin.py:190} INFO - [2024-11-08T13:46:07.873+0000] {dagbag.py:588} INFO - Filling up the DagBag from /home/airflow/.local/lib/python3.12/site-packages/airflow/example_dags/tutorial.py
[2024-11-08T13:46:07.879+0000] {processor.py:925} INFO - DAG(s) 'tutorial' retrieved from /home/airflow/.local/lib/python3.12/site-packages/airflow/example_dags/tutorial.py
[2024-11-08T13:46:07.894+0000] {logging_mixin.py:190} INFO - [2024-11-08T13:46:07.894+0000] {dag.py:3239} INFO - Sync 1 DAGs
[2024-11-08T13:46:07.914+0000] {logging_mixin.py:190} INFO - [2024-11-08T13:46:07.914+0000] {dag.py:4180} INFO - Setting next_dagrun for tutorial to 2024-11-07 00:00:00+00:00, run_after=2024-11-08 00:00:00+00:00
[2024-11-08T13:46:07.935+0000] {processor.py:208} INFO - Processing /home/airflow/.local/lib/python3.12/site-packages/airflow/example_dags/tutorial.py took 0.070 seconds
[2024-11-08T13:46:38.566+0000] {processor.py:186} INFO - Started process (PID=794) to work on /home/airflow/.local/lib/python3.12/site-packages/airflow/example_dags/tutorial.py
[2024-11-08T13:46:38.567+0000] {processor.py:914} INFO - Processing file /home/airflow/.local/lib/python3.12/site-packages/airflow/example_dags/tutorial.py for tasks to queue
[2024-11-08T13:46:38.568+0000] {logging_mixin.py:190} INFO - [2024-11-08T13:46:38.568+0000] {dagbag.py:588} INFO - Filling up the DagBag from /home/airflow/.local/lib/python3.12/site-packages/airflow/example_dags/tutorial.py
[2024-11-08T13:46:38.574+0000] {processor.py:925} INFO - DAG(s) 'tutorial' retrieved from /home/airflow/.local/lib/python3.12/site-packages/airflow/example_dags/tutorial.py
[2024-11-08T13:46:38.588+0000] {logging_mixin.py:190} INFO - [2024-11-08T13:46:38.587+0000] {dag.py:3239} INFO - Sync 1 DAGs
[2024-11-08T13:46:38.604+0000] {logging_mixin.py:190} INFO - [2024-11-08T13:46:38.603+0000] {dag.py:4180} INFO - Setting next_dagrun for tutorial to 2024-11-07 00:00:00+00:00, run_after=2024-11-08 00:00:00+00:00
[2024-11-08T13:46:38.616+0000] {processor.py:208} INFO - Processing /home/airflow/.local/lib/python3.12/site-packages/airflow/example_dags/tutorial.py took 0.054 seconds
[2024-11-08T13:47:09.861+0000] {processor.py:186} INFO - Started process (PID=858) to work on /home/airflow/.local/lib/python3.12/site-packages/airflow/example_dags/tutorial.py
[2024-11-08T13:47:09.861+0000] {processor.py:914} INFO - Processing file /home/airflow/.local/lib/python3.12/site-packages/airflow/example_dags/tutorial.py for tasks to queue
[2024-11-08T13:47:09.863+0000] {logging_mixin.py:190} INFO - [2024-11-08T13:47:09.863+0000] {dagbag.py:588} INFO - Filling up the DagBag from /home/airflow/.local/lib/python3.12/site-packages/airflow/example_dags/tutorial.py
[2024-11-08T13:47:09.868+0000] {processor.py:925} INFO - DAG(s) 'tutorial' retrieved from /home/airflow/.local/lib/python3.12/site-packages/airflow/example_dags/tutorial.py
[2024-11-08T13:47:09.881+0000] {logging_mixin.py:190} INFO - [2024-11-08T13:47:09.881+0000] {dag.py:3239} INFO - Sync 1 DAGs
[2024-11-08T13:47:09.897+0000] {logging_mixin.py:190} INFO - [2024-11-08T13:47:09.896+0000] {dag.py:4180} INFO - Setting next_dagrun for tutorial to 2024-11-07 00:00:00+00:00, run_after=2024-11-08 00:00:00+00:00
[2024-11-08T13:47:09.910+0000] {processor.py:208} INFO - Processing /home/airflow/.local/lib/python3.12/site-packages/airflow/example_dags/tutorial.py took 0.053 seconds
[2024-11-08T13:47:40.793+0000] {processor.py:186} INFO - Started process (PID=922) to work on /home/airflow/.local/lib/python3.12/site-packages/airflow/example_dags/tutorial.py
[2024-11-08T13:47:40.794+0000] {processor.py:914} INFO - Processing file /home/airflow/.local/lib/python3.12/site-packages/airflow/example_dags/tutorial.py for tasks to queue
[2024-11-08T13:47:40.795+0000] {logging_mixin.py:190} INFO - [2024-11-08T13:47:40.795+0000] {dagbag.py:588} INFO - Filling up the DagBag from /home/airflow/.local/lib/python3.12/site-packages/airflow/example_dags/tutorial.py
[2024-11-08T13:47:40.801+0000] {processor.py:925} INFO - DAG(s) 'tutorial' retrieved from /home/airflow/.local/lib/python3.12/site-packages/airflow/example_dags/tutorial.py
[2024-11-08T13:47:40.815+0000] {logging_mixin.py:190} INFO - [2024-11-08T13:47:40.814+0000] {dag.py:3239} INFO - Sync 1 DAGs
[2024-11-08T13:47:40.831+0000] {logging_mixin.py:190} INFO - [2024-11-08T13:47:40.831+0000] {dag.py:4180} INFO - Setting next_dagrun for tutorial to 2024-11-07 00:00:00+00:00, run_after=2024-11-08 00:00:00+00:00
[2024-11-08T13:47:40.851+0000] {processor.py:208} INFO - Processing /home/airflow/.local/lib/python3.12/site-packages/airflow/example_dags/tutorial.py took 0.062 seconds
[2024-11-08T13:48:12.072+0000] {processor.py:186} INFO - Started process (PID=986) to work on /home/airflow/.local/lib/python3.12/site-packages/airflow/example_dags/tutorial.py
[2024-11-08T13:48:12.073+0000] {processor.py:914} INFO - Processing file /home/airflow/.local/lib/python3.12/site-packages/airflow/example_dags/tutorial.py for tasks to queue
[2024-11-08T13:48:12.074+0000] {logging_mixin.py:190} INFO - [2024-11-08T13:48:12.074+0000] {dagbag.py:588} INFO - Filling up the DagBag from /home/airflow/.local/lib/python3.12/site-packages/airflow/example_dags/tutorial.py
[2024-11-08T13:48:12.080+0000] {processor.py:925} INFO - DAG(s) 'tutorial' retrieved from /home/airflow/.local/lib/python3.12/site-packages/airflow/example_dags/tutorial.py
[2024-11-08T13:48:12.093+0000] {logging_mixin.py:190} INFO - [2024-11-08T13:48:12.093+0000] {dag.py:3239} INFO - Sync 1 DAGs
[2024-11-08T13:48:12.110+0000] {logging_mixin.py:190} INFO - [2024-11-08T13:48:12.110+0000] {dag.py:4180} INFO - Setting next_dagrun for tutorial to 2024-11-07 00:00:00+00:00, run_after=2024-11-08 00:00:00+00:00
[2024-11-08T13:48:12.126+0000] {processor.py:208} INFO - Processing /home/airflow/.local/lib/python3.12/site-packages/airflow/example_dags/tutorial.py took 0.058 seconds
[2024-11-08T13:48:43.063+0000] {processor.py:186} INFO - Started process (PID=1050) to work on /home/airflow/.local/lib/python3.12/site-packages/airflow/example_dags/tutorial.py
[2024-11-08T13:48:43.063+0000] {processor.py:914} INFO - Processing file /home/airflow/.local/lib/python3.12/site-packages/airflow/example_dags/tutorial.py for tasks to queue
[2024-11-08T13:48:43.065+0000] {logging_mixin.py:190} INFO - [2024-11-08T13:48:43.065+0000] {dagbag.py:588} INFO - Filling up the DagBag from /home/airflow/.local/lib/python3.12/site-packages/airflow/example_dags/tutorial.py
[2024-11-08T13:48:43.070+0000] {processor.py:925} INFO - DAG(s) 'tutorial' retrieved from /home/airflow/.local/lib/python3.12/site-packages/airflow/example_dags/tutorial.py
[2024-11-08T13:48:43.083+0000] {logging_mixin.py:190} INFO - [2024-11-08T13:48:43.083+0000] {dag.py:3239} INFO - Sync 1 DAGs
[2024-11-08T13:48:43.099+0000] {logging_mixin.py:190} INFO - [2024-11-08T13:48:43.099+0000] {dag.py:4180} INFO - Setting next_dagrun for tutorial to 2024-11-07 00:00:00+00:00, run_after=2024-11-08 00:00:00+00:00
[2024-11-08T13:48:43.113+0000] {processor.py:208} INFO - Processing /home/airflow/.local/lib/python3.12/site-packages/airflow/example_dags/tutorial.py took 0.054 seconds
