[2024-11-08T13:47:53.496+0000] {local_task_job_runner.py:123} INFO - ::group::Pre task execution logs
[2024-11-08T13:47:53.512+0000] {taskinstance.py:2613} INFO - Dependencies all met for dep_context=non-requeueable deps ti=<TaskInstance: hello.hello scheduled__2024-11-07T00:00:00+00:00 [queued]>
[2024-11-08T13:47:53.519+0000] {taskinstance.py:2613} INFO - Dependencies all met for dep_context=requeueable deps ti=<TaskInstance: hello.hello scheduled__2024-11-07T00:00:00+00:00 [queued]>
[2024-11-08T13:47:53.519+0000] {taskinstance.py:2866} INFO - Starting attempt 1 of 1
[2024-11-08T13:47:53.673+0000] {taskinstance.py:2889} INFO - Executing <Task(BashOperator): hello> on 2024-11-07 00:00:00+00:00
[2024-11-08T13:47:53.681+0000] {warnings.py:112} WARNING - /home/***/.local/lib/python3.12/site-packages/***/task/task_runner/standard_task_runner.py:70: DeprecationWarning: This process (pid=160) is multi-threaded, use of fork() may lead to deadlocks in the child.
  pid = os.fork()

[2024-11-08T13:47:53.682+0000] {standard_task_runner.py:104} INFO - Running: ['***', 'tasks', 'run', 'hello', 'hello', 'scheduled__2024-11-07T00:00:00+00:00', '--job-id', '3', '--raw', '--subdir', 'DAGS_FOLDER/hello.py', '--cfg-path', '/tmp/tmp807ki4_k']
[2024-11-08T13:47:53.683+0000] {standard_task_runner.py:72} INFO - Started process 162 to run task
[2024-11-08T13:47:53.683+0000] {standard_task_runner.py:105} INFO - Job 3: Subtask hello
[2024-11-08T13:47:53.724+0000] {task_command.py:467} INFO - Running <TaskInstance: hello.hello scheduled__2024-11-07T00:00:00+00:00 [running]> on host 079abab804d2
[2024-11-08T13:47:53.794+0000] {taskinstance.py:3132} INFO - Exporting env vars: AIRFLOW_CTX_DAG_OWNER='***' AIRFLOW_CTX_DAG_ID='hello' AIRFLOW_CTX_TASK_ID='hello' AIRFLOW_CTX_EXECUTION_DATE='2024-11-07T00:00:00+00:00' AIRFLOW_CTX_TRY_NUMBER='1' AIRFLOW_CTX_DAG_RUN_ID='scheduled__2024-11-07T00:00:00+00:00'
[2024-11-08T13:47:53.795+0000] {logging_mixin.py:190} INFO - Task instance is in running state
[2024-11-08T13:47:53.795+0000] {logging_mixin.py:190} INFO -  Previous state of the Task instance: queued
[2024-11-08T13:47:53.795+0000] {logging_mixin.py:190} INFO - Current task name:hello state:running start_date:2024-11-08 13:47:53.512921+00:00
[2024-11-08T13:47:53.796+0000] {logging_mixin.py:190} INFO - Dag name:hello and current dag run status:running
[2024-11-08T13:47:53.796+0000] {taskinstance.py:731} INFO - ::endgroup::
[2024-11-08T13:47:53.797+0000] {subprocess.py:78} INFO - Tmp dir root location: /tmp
[2024-11-08T13:47:53.797+0000] {subprocess.py:88} INFO - Running command: ['/usr/bin/bash', '-c', 'echo hello']
[2024-11-08T13:47:53.810+0000] {subprocess.py:99} INFO - Output:
[2024-11-08T13:47:53.811+0000] {subprocess.py:106} INFO - hello
[2024-11-08T13:47:53.812+0000] {subprocess.py:110} INFO - Command exited with return code 0
[2024-11-08T13:47:53.836+0000] {taskinstance.py:340} INFO - ::group::Post task execution logs
[2024-11-08T13:47:53.836+0000] {taskinstance.py:352} INFO - Marking task as SUCCESS. dag_id=hello, task_id=hello, run_id=scheduled__2024-11-07T00:00:00+00:00, execution_date=20241107T000000, start_date=20241108T134753, end_date=20241108T134753
[2024-11-08T13:47:53.848+0000] {logging_mixin.py:190} INFO - Task instance in success state
[2024-11-08T13:47:53.849+0000] {logging_mixin.py:190} INFO -  Previous state of the Task instance: running
[2024-11-08T13:47:53.849+0000] {logging_mixin.py:190} INFO - Dag name:hello queued_at:2024-11-08 13:47:50.351449+00:00
[2024-11-08T13:47:53.849+0000] {logging_mixin.py:190} INFO - Task hostname:079abab804d2 operator:BashOperator
[2024-11-08T13:47:53.897+0000] {local_task_job_runner.py:266} INFO - Task exited with return code 0
[2024-11-08T13:47:53.910+0000] {taskinstance.py:3895} INFO - 0 downstream tasks scheduled from follow-on schedule check
[2024-11-08T13:47:53.914+0000] {local_task_job_runner.py:245} INFO - ::endgroup::
