[2024-11-08T13:45:55.932+0000] {processor.py:186} INFO - Started process (PID=691) to work on /opt/airflow/dags/hello.py
[2024-11-08T13:45:55.933+0000] {processor.py:914} INFO - Processing file /opt/airflow/dags/hello.py for tasks to queue
[2024-11-08T13:45:55.934+0000] {logging_mixin.py:190} INFO - [2024-11-08T13:45:55.934+0000] {dagbag.py:588} INFO - Filling up the DagBag from /opt/airflow/dags/hello.py
[2024-11-08T13:45:55.952+0000] {processor.py:925} INFO - DAG(s) 'hello' retrieved from /opt/airflow/dags/hello.py
[2024-11-08T13:45:56.024+0000] {logging_mixin.py:190} INFO - [2024-11-08T13:45:56.024+0000] {override.py:1911} INFO - Created Permission View: can read on DAG:hello
[2024-11-08T13:45:56.034+0000] {logging_mixin.py:190} INFO - [2024-11-08T13:45:56.034+0000] {override.py:1911} INFO - Created Permission View: can edit on DAG:hello
[2024-11-08T13:45:56.044+0000] {logging_mixin.py:190} INFO - [2024-11-08T13:45:56.044+0000] {override.py:1911} INFO - Created Permission View: can delete on DAG:hello
[2024-11-08T13:45:56.059+0000] {logging_mixin.py:190} INFO - [2024-11-08T13:45:56.059+0000] {override.py:1911} INFO - Created Permission View: can read on DAG Run:hello
[2024-11-08T13:45:56.069+0000] {logging_mixin.py:190} INFO - [2024-11-08T13:45:56.069+0000] {override.py:1911} INFO - Created Permission View: can create on DAG Run:hello
[2024-11-08T13:45:56.079+0000] {logging_mixin.py:190} INFO - [2024-11-08T13:45:56.079+0000] {override.py:1911} INFO - Created Permission View: can delete on DAG Run:hello
[2024-11-08T13:45:56.089+0000] {logging_mixin.py:190} INFO - [2024-11-08T13:45:56.089+0000] {override.py:1911} INFO - Created Permission View: menu access on DAG Run:hello
[2024-11-08T13:45:56.090+0000] {logging_mixin.py:190} INFO - [2024-11-08T13:45:56.090+0000] {dag.py:3239} INFO - Sync 1 DAGs
[2024-11-08T13:45:56.099+0000] {logging_mixin.py:190} INFO - [2024-11-08T13:45:56.099+0000] {dag.py:3262} INFO - Creating ORM DAG for hello
[2024-11-08T13:45:56.106+0000] {logging_mixin.py:190} INFO - [2024-11-08T13:45:56.106+0000] {dag.py:4180} INFO - Setting next_dagrun for hello to 2024-11-07 00:00:00+00:00, run_after=2024-11-08 00:00:00+00:00
[2024-11-08T13:45:56.118+0000] {processor.py:208} INFO - Processing /opt/airflow/dags/hello.py took 0.190 seconds
[2024-11-08T13:46:26.629+0000] {processor.py:186} INFO - Started process (PID=755) to work on /opt/airflow/dags/hello.py
[2024-11-08T13:46:26.630+0000] {processor.py:914} INFO - Processing file /opt/airflow/dags/hello.py for tasks to queue
[2024-11-08T13:46:26.632+0000] {logging_mixin.py:190} INFO - [2024-11-08T13:46:26.631+0000] {dagbag.py:588} INFO - Filling up the DagBag from /opt/airflow/dags/hello.py
[2024-11-08T13:46:26.648+0000] {processor.py:925} INFO - DAG(s) 'hello' retrieved from /opt/airflow/dags/hello.py
[2024-11-08T13:46:26.663+0000] {logging_mixin.py:190} INFO - [2024-11-08T13:46:26.663+0000] {dag.py:3239} INFO - Sync 1 DAGs
[2024-11-08T13:46:26.680+0000] {logging_mixin.py:190} INFO - [2024-11-08T13:46:26.680+0000] {dag.py:4180} INFO - Setting next_dagrun for hello to 2024-11-07 00:00:00+00:00, run_after=2024-11-08 00:00:00+00:00
[2024-11-08T13:46:26.696+0000] {processor.py:208} INFO - Processing /opt/airflow/dags/hello.py took 0.071 seconds
[2024-11-08T13:46:56.987+0000] {processor.py:186} INFO - Started process (PID=819) to work on /opt/airflow/dags/hello.py
[2024-11-08T13:46:56.988+0000] {processor.py:914} INFO - Processing file /opt/airflow/dags/hello.py for tasks to queue
[2024-11-08T13:46:56.989+0000] {logging_mixin.py:190} INFO - [2024-11-08T13:46:56.989+0000] {dagbag.py:588} INFO - Filling up the DagBag from /opt/airflow/dags/hello.py
[2024-11-08T13:46:57.003+0000] {processor.py:925} INFO - DAG(s) 'hello' retrieved from /opt/airflow/dags/hello.py
[2024-11-08T13:46:57.016+0000] {logging_mixin.py:190} INFO - [2024-11-08T13:46:57.016+0000] {dag.py:3239} INFO - Sync 1 DAGs
[2024-11-08T13:46:57.032+0000] {logging_mixin.py:190} INFO - [2024-11-08T13:46:57.032+0000] {dag.py:4180} INFO - Setting next_dagrun for hello to 2024-11-07 00:00:00+00:00, run_after=2024-11-08 00:00:00+00:00
[2024-11-08T13:46:57.052+0000] {processor.py:208} INFO - Processing /opt/airflow/dags/hello.py took 0.070 seconds
[2024-11-08T13:47:27.916+0000] {processor.py:186} INFO - Started process (PID=889) to work on /opt/airflow/dags/hello.py
[2024-11-08T13:47:27.917+0000] {processor.py:914} INFO - Processing file /opt/airflow/dags/hello.py for tasks to queue
[2024-11-08T13:47:27.918+0000] {logging_mixin.py:190} INFO - [2024-11-08T13:47:27.918+0000] {dagbag.py:588} INFO - Filling up the DagBag from /opt/airflow/dags/hello.py
[2024-11-08T13:47:27.931+0000] {processor.py:925} INFO - DAG(s) 'hello' retrieved from /opt/airflow/dags/hello.py
[2024-11-08T13:47:27.944+0000] {logging_mixin.py:190} INFO - [2024-11-08T13:47:27.944+0000] {dag.py:3239} INFO - Sync 1 DAGs
[2024-11-08T13:47:27.961+0000] {logging_mixin.py:190} INFO - [2024-11-08T13:47:27.961+0000] {dag.py:4180} INFO - Setting next_dagrun for hello to 2024-11-07 00:00:00+00:00, run_after=2024-11-08 00:00:00+00:00
[2024-11-08T13:47:27.981+0000] {processor.py:208} INFO - Processing /opt/airflow/dags/hello.py took 0.069 seconds
[2024-11-08T13:47:58.255+0000] {processor.py:186} INFO - Started process (PID=953) to work on /opt/airflow/dags/hello.py
[2024-11-08T13:47:58.256+0000] {processor.py:914} INFO - Processing file /opt/airflow/dags/hello.py for tasks to queue
[2024-11-08T13:47:58.257+0000] {logging_mixin.py:190} INFO - [2024-11-08T13:47:58.257+0000] {dagbag.py:588} INFO - Filling up the DagBag from /opt/airflow/dags/hello.py
[2024-11-08T13:47:58.272+0000] {processor.py:925} INFO - DAG(s) 'hello' retrieved from /opt/airflow/dags/hello.py
[2024-11-08T13:47:58.287+0000] {logging_mixin.py:190} INFO - [2024-11-08T13:47:58.286+0000] {dag.py:3239} INFO - Sync 1 DAGs
[2024-11-08T13:47:58.307+0000] {logging_mixin.py:190} INFO - [2024-11-08T13:47:58.306+0000] {dag.py:4180} INFO - Setting next_dagrun for hello to 2024-11-08 00:00:00+00:00, run_after=2024-11-09 00:00:00+00:00
[2024-11-08T13:47:58.324+0000] {processor.py:208} INFO - Processing /opt/airflow/dags/hello.py took 0.073 seconds
[2024-11-08T13:48:29.152+0000] {processor.py:186} INFO - Started process (PID=1017) to work on /opt/airflow/dags/hello.py
[2024-11-08T13:48:29.152+0000] {processor.py:914} INFO - Processing file /opt/airflow/dags/hello.py for tasks to queue
[2024-11-08T13:48:29.154+0000] {logging_mixin.py:190} INFO - [2024-11-08T13:48:29.153+0000] {dagbag.py:588} INFO - Filling up the DagBag from /opt/airflow/dags/hello.py
[2024-11-08T13:48:29.167+0000] {processor.py:925} INFO - DAG(s) 'hello' retrieved from /opt/airflow/dags/hello.py
[2024-11-08T13:48:29.179+0000] {logging_mixin.py:190} INFO - [2024-11-08T13:48:29.179+0000] {dag.py:3239} INFO - Sync 1 DAGs
[2024-11-08T13:48:29.197+0000] {logging_mixin.py:190} INFO - [2024-11-08T13:48:29.197+0000] {dag.py:4180} INFO - Setting next_dagrun for hello to 2024-11-08 00:00:00+00:00, run_after=2024-11-09 00:00:00+00:00
[2024-11-08T13:48:29.217+0000] {processor.py:208} INFO - Processing /opt/airflow/dags/hello.py took 0.070 seconds
